[0.098s] DEBUG:colcon:Command line arguments: ['/usr/bin/colcon', 'build']
[0.098s] DEBUG:colcon:Parsed command line arguments: Namespace(log_base=None, log_level=None, verb_name='build', build_base='build', install_base='install', merge_install=False, symlink_install=False, test_result_base=None, continue_on_error=False, executor='parallel', parallel_workers=8, event_handlers=None, ignore_user_meta=False, metas=['./colcon.meta'], base_paths=['.'], packages_ignore=None, packages_ignore_regex=None, paths=None, packages_up_to=None, packages_up_to_regex=None, packages_above=None, packages_above_and_dependencies=None, packages_above_depth=None, packages_select_by_dep=None, packages_skip_by_dep=None, packages_skip_up_to=None, packages_select_build_failed=False, packages_skip_build_finished=False, packages_select_test_failures=False, packages_skip_test_passed=False, packages_select=None, packages_skip=None, packages_select_regex=None, packages_skip_regex=None, packages_start=None, packages_end=None, allow_overriding=[], cmake_args=None, cmake_target=None, cmake_target_skip_unavailable=False, cmake_clean_cache=False, cmake_clean_first=False, cmake_force_configure=False, ament_cmake_args=None, catkin_cmake_args=None, catkin_skip_building_tests=False, mixin_files=None, mixin=None, verb_parser=<colcon_mixin.mixin.mixin_argument.MixinArgumentDecorator object at 0x73cdf14ef1f0>, verb_extension=<colcon_core.verb.build.BuildVerb object at 0x73cdf14eeb60>, main=<bound method BuildVerb.main of <colcon_core.verb.build.BuildVerb object at 0x73cdf14eeb60>>, mixin_verb=('build',))
[0.253s] Level 1:colcon.colcon_core.package_discovery:discover_packages(colcon_meta) check parameters
[0.253s] Level 1:colcon.colcon_core.package_discovery:discover_packages(recursive) check parameters
[0.253s] Level 1:colcon.colcon_core.package_discovery:discover_packages(ignore) check parameters
[0.253s] Level 1:colcon.colcon_core.package_discovery:discover_packages(path) check parameters
[0.253s] Level 1:colcon.colcon_core.package_discovery:discover_packages(colcon_meta) discover
[0.253s] Level 1:colcon.colcon_core.package_discovery:discover_packages(recursive) discover
[0.253s] INFO:colcon.colcon_core.package_discovery:Crawling recursively for packages in '/home/shiva/Documents/ros2_projects/robot_car_V2'
[0.253s] Level 1:colcon.colcon_core.package_identification:_identify(.) by extensions ['ignore', 'ignore_ament_install']
[0.253s] Level 1:colcon.colcon_core.package_identification:_identify(.) by extension 'ignore'
[0.253s] Level 1:colcon.colcon_core.package_identification:_identify(.) by extension 'ignore_ament_install'
[0.253s] Level 1:colcon.colcon_core.package_identification:_identify(.) by extensions ['colcon_pkg']
[0.253s] Level 1:colcon.colcon_core.package_identification:_identify(.) by extension 'colcon_pkg'
[0.254s] Level 1:colcon.colcon_core.package_identification:_identify(.) by extensions ['colcon_meta']
[0.254s] Level 1:colcon.colcon_core.package_identification:_identify(.) by extension 'colcon_meta'
[0.254s] Level 1:colcon.colcon_core.package_identification:_identify(.) by extensions ['ros']
[0.254s] Level 1:colcon.colcon_core.package_identification:_identify(.) by extension 'ros'
[0.263s] Level 1:colcon.colcon_core.package_identification:_identify(.) by extensions ['cmake', 'python']
[0.263s] Level 1:colcon.colcon_core.package_identification:_identify(.) by extension 'cmake'
[0.263s] Level 1:colcon.colcon_core.package_identification:_identify(.) by extension 'python'
[0.263s] Level 1:colcon.colcon_core.package_identification:_identify(.) by extensions ['python_setup_py']
[0.263s] Level 1:colcon.colcon_core.package_identification:_identify(.) by extension 'python_setup_py'
[0.263s] Level 1:colcon.colcon_core.package_identification:_identify(build) by extensions ['ignore', 'ignore_ament_install']
[0.263s] Level 1:colcon.colcon_core.package_identification:_identify(build) by extension 'ignore'
[0.263s] Level 1:colcon.colcon_core.package_identification:_identify(build) ignored
[0.263s] Level 1:colcon.colcon_core.package_identification:_identify(install) by extensions ['ignore', 'ignore_ament_install']
[0.263s] Level 1:colcon.colcon_core.package_identification:_identify(install) by extension 'ignore'
[0.263s] Level 1:colcon.colcon_core.package_identification:_identify(install) ignored
[0.263s] Level 1:colcon.colcon_core.package_identification:_identify(log) by extensions ['ignore', 'ignore_ament_install']
[0.263s] Level 1:colcon.colcon_core.package_identification:_identify(log) by extension 'ignore'
[0.263s] Level 1:colcon.colcon_core.package_identification:_identify(log) ignored
[0.264s] Level 1:colcon.colcon_core.package_identification:_identify(src) by extensions ['ignore', 'ignore_ament_install']
[0.264s] Level 1:colcon.colcon_core.package_identification:_identify(src) by extension 'ignore'
[0.264s] Level 1:colcon.colcon_core.package_identification:_identify(src) by extension 'ignore_ament_install'
[0.264s] Level 1:colcon.colcon_core.package_identification:_identify(src) by extensions ['colcon_pkg']
[0.264s] Level 1:colcon.colcon_core.package_identification:_identify(src) by extension 'colcon_pkg'
[0.264s] Level 1:colcon.colcon_core.package_identification:_identify(src) by extensions ['colcon_meta']
[0.264s] Level 1:colcon.colcon_core.package_identification:_identify(src) by extension 'colcon_meta'
[0.264s] Level 1:colcon.colcon_core.package_identification:_identify(src) by extensions ['ros']
[0.264s] Level 1:colcon.colcon_core.package_identification:_identify(src) by extension 'ros'
[0.264s] Level 1:colcon.colcon_core.package_identification:_identify(src) by extensions ['cmake', 'python']
[0.264s] Level 1:colcon.colcon_core.package_identification:_identify(src) by extension 'cmake'
[0.264s] Level 1:colcon.colcon_core.package_identification:_identify(src) by extension 'python'
[0.264s] Level 1:colcon.colcon_core.package_identification:_identify(src) by extensions ['python_setup_py']
[0.264s] Level 1:colcon.colcon_core.package_identification:_identify(src) by extension 'python_setup_py'
[0.264s] Level 1:colcon.colcon_core.package_identification:_identify(src/robot_car_v2_bringup) by extensions ['ignore', 'ignore_ament_install']
[0.264s] Level 1:colcon.colcon_core.package_identification:_identify(src/robot_car_v2_bringup) by extension 'ignore'
[0.264s] Level 1:colcon.colcon_core.package_identification:_identify(src/robot_car_v2_bringup) by extension 'ignore_ament_install'
[0.264s] Level 1:colcon.colcon_core.package_identification:_identify(src/robot_car_v2_bringup) by extensions ['colcon_pkg']
[0.264s] Level 1:colcon.colcon_core.package_identification:_identify(src/robot_car_v2_bringup) by extension 'colcon_pkg'
[0.264s] Level 1:colcon.colcon_core.package_identification:_identify(src/robot_car_v2_bringup) by extensions ['colcon_meta']
[0.264s] Level 1:colcon.colcon_core.package_identification:_identify(src/robot_car_v2_bringup) by extension 'colcon_meta'
[0.264s] Level 1:colcon.colcon_core.package_identification:_identify(src/robot_car_v2_bringup) by extensions ['ros']
[0.264s] Level 1:colcon.colcon_core.package_identification:_identify(src/robot_car_v2_bringup) by extension 'ros'
[0.266s] DEBUG:colcon.colcon_core.package_identification:Package 'src/robot_car_v2_bringup' with type 'ros.ament_cmake' and name 'robot_car_v2_bringup'
[0.267s] Level 1:colcon.colcon_core.package_identification:_identify(src/robot_car_v2_controller) by extensions ['ignore', 'ignore_ament_install']
[0.267s] Level 1:colcon.colcon_core.package_identification:_identify(src/robot_car_v2_controller) by extension 'ignore'
[0.267s] Level 1:colcon.colcon_core.package_identification:_identify(src/robot_car_v2_controller) by extension 'ignore_ament_install'
[0.267s] Level 1:colcon.colcon_core.package_identification:_identify(src/robot_car_v2_controller) by extensions ['colcon_pkg']
[0.267s] Level 1:colcon.colcon_core.package_identification:_identify(src/robot_car_v2_controller) by extension 'colcon_pkg'
[0.267s] Level 1:colcon.colcon_core.package_identification:_identify(src/robot_car_v2_controller) by extensions ['colcon_meta']
[0.267s] Level 1:colcon.colcon_core.package_identification:_identify(src/robot_car_v2_controller) by extension 'colcon_meta'
[0.267s] Level 1:colcon.colcon_core.package_identification:_identify(src/robot_car_v2_controller) by extensions ['ros']
[0.267s] Level 1:colcon.colcon_core.package_identification:_identify(src/robot_car_v2_controller) by extension 'ros'
[0.268s] DEBUG:colcon.colcon_core.package_identification:Package 'src/robot_car_v2_controller' with type 'ros.ament_cmake' and name 'robot_car_v2_controller'
[0.268s] Level 1:colcon.colcon_core.package_identification:_identify(src/robot_car_v2_description) by extensions ['ignore', 'ignore_ament_install']
[0.268s] Level 1:colcon.colcon_core.package_identification:_identify(src/robot_car_v2_description) by extension 'ignore'
[0.268s] Level 1:colcon.colcon_core.package_identification:_identify(src/robot_car_v2_description) by extension 'ignore_ament_install'
[0.268s] Level 1:colcon.colcon_core.package_identification:_identify(src/robot_car_v2_description) by extensions ['colcon_pkg']
[0.268s] Level 1:colcon.colcon_core.package_identification:_identify(src/robot_car_v2_description) by extension 'colcon_pkg'
[0.268s] Level 1:colcon.colcon_core.package_identification:_identify(src/robot_car_v2_description) by extensions ['colcon_meta']
[0.268s] Level 1:colcon.colcon_core.package_identification:_identify(src/robot_car_v2_description) by extension 'colcon_meta'
[0.269s] Level 1:colcon.colcon_core.package_identification:_identify(src/robot_car_v2_description) by extensions ['ros']
[0.269s] Level 1:colcon.colcon_core.package_identification:_identify(src/robot_car_v2_description) by extension 'ros'
[0.271s] DEBUG:colcon.colcon_core.package_identification:Package 'src/robot_car_v2_description' with type 'ros.ament_cmake' and name 'robot_car_v2_description'
[0.271s] Level 1:colcon.colcon_core.package_identification:_identify(src/robot_car_v2_localization_planning) by extensions ['ignore', 'ignore_ament_install']
[0.271s] Level 1:colcon.colcon_core.package_identification:_identify(src/robot_car_v2_localization_planning) by extension 'ignore'
[0.271s] Level 1:colcon.colcon_core.package_identification:_identify(src/robot_car_v2_localization_planning) by extension 'ignore_ament_install'
[0.271s] Level 1:colcon.colcon_core.package_identification:_identify(src/robot_car_v2_localization_planning) by extensions ['colcon_pkg']
[0.271s] Level 1:colcon.colcon_core.package_identification:_identify(src/robot_car_v2_localization_planning) by extension 'colcon_pkg'
[0.271s] Level 1:colcon.colcon_core.package_identification:_identify(src/robot_car_v2_localization_planning) by extensions ['colcon_meta']
[0.271s] Level 1:colcon.colcon_core.package_identification:_identify(src/robot_car_v2_localization_planning) by extension 'colcon_meta'
[0.271s] Level 1:colcon.colcon_core.package_identification:_identify(src/robot_car_v2_localization_planning) by extensions ['ros']
[0.271s] Level 1:colcon.colcon_core.package_identification:_identify(src/robot_car_v2_localization_planning) by extension 'ros'
[0.272s] DEBUG:colcon.colcon_core.package_identification:Package 'src/robot_car_v2_localization_planning' with type 'ros.ament_cmake' and name 'robot_car_v2_localization_planning'
[0.272s] Level 1:colcon.colcon_core.package_identification:_identify(src/robot_car_v2_mapping) by extensions ['ignore', 'ignore_ament_install']
[0.272s] Level 1:colcon.colcon_core.package_identification:_identify(src/robot_car_v2_mapping) by extension 'ignore'
[0.272s] Level 1:colcon.colcon_core.package_identification:_identify(src/robot_car_v2_mapping) by extension 'ignore_ament_install'
[0.272s] Level 1:colcon.colcon_core.package_identification:_identify(src/robot_car_v2_mapping) by extensions ['colcon_pkg']
[0.272s] Level 1:colcon.colcon_core.package_identification:_identify(src/robot_car_v2_mapping) by extension 'colcon_pkg'
[0.272s] Level 1:colcon.colcon_core.package_identification:_identify(src/robot_car_v2_mapping) by extensions ['colcon_meta']
[0.272s] Level 1:colcon.colcon_core.package_identification:_identify(src/robot_car_v2_mapping) by extension 'colcon_meta'
[0.272s] Level 1:colcon.colcon_core.package_identification:_identify(src/robot_car_v2_mapping) by extensions ['ros']
[0.272s] Level 1:colcon.colcon_core.package_identification:_identify(src/robot_car_v2_mapping) by extension 'ros'
[0.273s] DEBUG:colcon.colcon_core.package_identification:Package 'src/robot_car_v2_mapping' with type 'ros.ament_cmake' and name 'robot_car_v2_mapping'
[0.273s] Level 1:colcon.colcon_core.package_identification:_identify(src/robot_car_v2_utils) by extensions ['ignore', 'ignore_ament_install']
[0.274s] Level 1:colcon.colcon_core.package_identification:_identify(src/robot_car_v2_utils) by extension 'ignore'
[0.274s] Level 1:colcon.colcon_core.package_identification:_identify(src/robot_car_v2_utils) by extension 'ignore_ament_install'
[0.274s] Level 1:colcon.colcon_core.package_identification:_identify(src/robot_car_v2_utils) by extensions ['colcon_pkg']
[0.274s] Level 1:colcon.colcon_core.package_identification:_identify(src/robot_car_v2_utils) by extension 'colcon_pkg'
[0.274s] Level 1:colcon.colcon_core.package_identification:_identify(src/robot_car_v2_utils) by extensions ['colcon_meta']
[0.274s] Level 1:colcon.colcon_core.package_identification:_identify(src/robot_car_v2_utils) by extension 'colcon_meta'
[0.274s] Level 1:colcon.colcon_core.package_identification:_identify(src/robot_car_v2_utils) by extensions ['ros']
[0.274s] Level 1:colcon.colcon_core.package_identification:_identify(src/robot_car_v2_utils) by extension 'ros'
[0.275s] DEBUG:colcon.colcon_core.package_identification:Package 'src/robot_car_v2_utils' with type 'ros.ament_cmake' and name 'robot_car_v2_utils'
[0.275s] Level 1:colcon.colcon_core.package_discovery:discover_packages(recursive) using defaults
[0.275s] Level 1:colcon.colcon_core.package_discovery:discover_packages(ignore) discover
[0.275s] Level 1:colcon.colcon_core.package_discovery:discover_packages(ignore) using defaults
[0.275s] Level 1:colcon.colcon_core.package_discovery:discover_packages(path) discover
[0.275s] Level 1:colcon.colcon_core.package_discovery:discover_packages(path) using defaults
[0.301s] Level 1:colcon.colcon_core.package_discovery:discover_packages(prefix_path) check parameters
[0.301s] Level 1:colcon.colcon_core.package_discovery:discover_packages(prefix_path) discover
[0.303s] DEBUG:colcon.colcon_installed_package_information.package_discovery:Found 2 installed packages in /home/shiva/Documents/bumperbot_wrkspc/install
[0.303s] DEBUG:colcon.colcon_installed_package_information.package_discovery:Found 7 installed packages in /home/shiva/Documents/robot_arm/install
[0.304s] DEBUG:colcon.colcon_installed_package_information.package_discovery:Found 3 installed packages in /home/shiva/Documents/wrk_spc/install
[0.304s] DEBUG:colcon.colcon_installed_package_information.package_discovery:Found 6 installed packages in /home/shiva/Documents/ros2_projects/robot_car_V2/install
[0.305s] DEBUG:colcon.colcon_installed_package_information.package_discovery:Found 4 installed packages in /home/shiva/Documents/AGV_Kalman_Filter_Robot/robo_car/install
[0.306s] DEBUG:colcon.colcon_installed_package_information.package_discovery:Found 408 installed packages in /opt/ros/humble
[0.307s] Level 1:colcon.colcon_core.package_discovery:discover_packages(prefix_path) using defaults
[0.349s] Level 5:colcon.colcon_core.verb:set package 'robot_car_v2_bringup' build argument 'cmake_args' from command line to 'None'
[0.349s] Level 5:colcon.colcon_core.verb:set package 'robot_car_v2_bringup' build argument 'cmake_target' from command line to 'None'
[0.349s] Level 5:colcon.colcon_core.verb:set package 'robot_car_v2_bringup' build argument 'cmake_target_skip_unavailable' from command line to 'False'
[0.349s] Level 5:colcon.colcon_core.verb:set package 'robot_car_v2_bringup' build argument 'cmake_clean_cache' from command line to 'False'
[0.349s] Level 5:colcon.colcon_core.verb:set package 'robot_car_v2_bringup' build argument 'cmake_clean_first' from command line to 'False'
[0.349s] Level 5:colcon.colcon_core.verb:set package 'robot_car_v2_bringup' build argument 'cmake_force_configure' from command line to 'False'
[0.349s] Level 5:colcon.colcon_core.verb:set package 'robot_car_v2_bringup' build argument 'ament_cmake_args' from command line to 'None'
[0.349s] Level 5:colcon.colcon_core.verb:set package 'robot_car_v2_bringup' build argument 'catkin_cmake_args' from command line to 'None'
[0.349s] Level 5:colcon.colcon_core.verb:set package 'robot_car_v2_bringup' build argument 'catkin_skip_building_tests' from command line to 'False'
[0.350s] DEBUG:colcon.colcon_core.verb:Building package 'robot_car_v2_bringup' with the following arguments: {'ament_cmake_args': None, 'build_base': '/home/shiva/Documents/ros2_projects/robot_car_V2/build/robot_car_v2_bringup', 'catkin_cmake_args': None, 'catkin_skip_building_tests': False, 'cmake_args': None, 'cmake_clean_cache': False, 'cmake_clean_first': False, 'cmake_force_configure': False, 'cmake_target': None, 'cmake_target_skip_unavailable': False, 'install_base': '/home/shiva/Documents/ros2_projects/robot_car_V2/install/robot_car_v2_bringup', 'merge_install': False, 'path': '/home/shiva/Documents/ros2_projects/robot_car_V2/src/robot_car_v2_bringup', 'symlink_install': False, 'test_result_base': None}
[0.350s] Level 5:colcon.colcon_core.verb:set package 'robot_car_v2_controller' build argument 'cmake_args' from command line to 'None'
[0.350s] Level 5:colcon.colcon_core.verb:set package 'robot_car_v2_controller' build argument 'cmake_target' from command line to 'None'
[0.350s] Level 5:colcon.colcon_core.verb:set package 'robot_car_v2_controller' build argument 'cmake_target_skip_unavailable' from command line to 'False'
[0.350s] Level 5:colcon.colcon_core.verb:set package 'robot_car_v2_controller' build argument 'cmake_clean_cache' from command line to 'False'
[0.350s] Level 5:colcon.colcon_core.verb:set package 'robot_car_v2_controller' build argument 'cmake_clean_first' from command line to 'False'
[0.350s] Level 5:colcon.colcon_core.verb:set package 'robot_car_v2_controller' build argument 'cmake_force_configure' from command line to 'False'
[0.350s] Level 5:colcon.colcon_core.verb:set package 'robot_car_v2_controller' build argument 'ament_cmake_args' from command line to 'None'
[0.350s] Level 5:colcon.colcon_core.verb:set package 'robot_car_v2_controller' build argument 'catkin_cmake_args' from command line to 'None'
[0.350s] Level 5:colcon.colcon_core.verb:set package 'robot_car_v2_controller' build argument 'catkin_skip_building_tests' from command line to 'False'
[0.350s] DEBUG:colcon.colcon_core.verb:Building package 'robot_car_v2_controller' with the following arguments: {'ament_cmake_args': None, 'build_base': '/home/shiva/Documents/ros2_projects/robot_car_V2/build/robot_car_v2_controller', 'catkin_cmake_args': None, 'catkin_skip_building_tests': False, 'cmake_args': None, 'cmake_clean_cache': False, 'cmake_clean_first': False, 'cmake_force_configure': False, 'cmake_target': None, 'cmake_target_skip_unavailable': False, 'install_base': '/home/shiva/Documents/ros2_projects/robot_car_V2/install/robot_car_v2_controller', 'merge_install': False, 'path': '/home/shiva/Documents/ros2_projects/robot_car_V2/src/robot_car_v2_controller', 'symlink_install': False, 'test_result_base': None}
[0.350s] Level 5:colcon.colcon_core.verb:set package 'robot_car_v2_description' build argument 'cmake_args' from command line to 'None'
[0.350s] Level 5:colcon.colcon_core.verb:set package 'robot_car_v2_description' build argument 'cmake_target' from command line to 'None'
[0.350s] Level 5:colcon.colcon_core.verb:set package 'robot_car_v2_description' build argument 'cmake_target_skip_unavailable' from command line to 'False'
[0.351s] Level 5:colcon.colcon_core.verb:set package 'robot_car_v2_description' build argument 'cmake_clean_cache' from command line to 'False'
[0.351s] Level 5:colcon.colcon_core.verb:set package 'robot_car_v2_description' build argument 'cmake_clean_first' from command line to 'False'
[0.351s] Level 5:colcon.colcon_core.verb:set package 'robot_car_v2_description' build argument 'cmake_force_configure' from command line to 'False'
[0.351s] Level 5:colcon.colcon_core.verb:set package 'robot_car_v2_description' build argument 'ament_cmake_args' from command line to 'None'
[0.351s] Level 5:colcon.colcon_core.verb:set package 'robot_car_v2_description' build argument 'catkin_cmake_args' from command line to 'None'
[0.351s] Level 5:colcon.colcon_core.verb:set package 'robot_car_v2_description' build argument 'catkin_skip_building_tests' from command line to 'False'
[0.351s] DEBUG:colcon.colcon_core.verb:Building package 'robot_car_v2_description' with the following arguments: {'ament_cmake_args': None, 'build_base': '/home/shiva/Documents/ros2_projects/robot_car_V2/build/robot_car_v2_description', 'catkin_cmake_args': None, 'catkin_skip_building_tests': False, 'cmake_args': None, 'cmake_clean_cache': False, 'cmake_clean_first': False, 'cmake_force_configure': False, 'cmake_target': None, 'cmake_target_skip_unavailable': False, 'install_base': '/home/shiva/Documents/ros2_projects/robot_car_V2/install/robot_car_v2_description', 'merge_install': False, 'path': '/home/shiva/Documents/ros2_projects/robot_car_V2/src/robot_car_v2_description', 'symlink_install': False, 'test_result_base': None}
[0.351s] Level 5:colcon.colcon_core.verb:set package 'robot_car_v2_localization_planning' build argument 'cmake_args' from command line to 'None'
[0.351s] Level 5:colcon.colcon_core.verb:set package 'robot_car_v2_localization_planning' build argument 'cmake_target' from command line to 'None'
[0.351s] Level 5:colcon.colcon_core.verb:set package 'robot_car_v2_localization_planning' build argument 'cmake_target_skip_unavailable' from command line to 'False'
[0.351s] Level 5:colcon.colcon_core.verb:set package 'robot_car_v2_localization_planning' build argument 'cmake_clean_cache' from command line to 'False'
[0.351s] Level 5:colcon.colcon_core.verb:set package 'robot_car_v2_localization_planning' build argument 'cmake_clean_first' from command line to 'False'
[0.351s] Level 5:colcon.colcon_core.verb:set package 'robot_car_v2_localization_planning' build argument 'cmake_force_configure' from command line to 'False'
[0.351s] Level 5:colcon.colcon_core.verb:set package 'robot_car_v2_localization_planning' build argument 'ament_cmake_args' from command line to 'None'
[0.351s] Level 5:colcon.colcon_core.verb:set package 'robot_car_v2_localization_planning' build argument 'catkin_cmake_args' from command line to 'None'
[0.351s] Level 5:colcon.colcon_core.verb:set package 'robot_car_v2_localization_planning' build argument 'catkin_skip_building_tests' from command line to 'False'
[0.351s] DEBUG:colcon.colcon_core.verb:Building package 'robot_car_v2_localization_planning' with the following arguments: {'ament_cmake_args': None, 'build_base': '/home/shiva/Documents/ros2_projects/robot_car_V2/build/robot_car_v2_localization_planning', 'catkin_cmake_args': None, 'catkin_skip_building_tests': False, 'cmake_args': None, 'cmake_clean_cache': False, 'cmake_clean_first': False, 'cmake_force_configure': False, 'cmake_target': None, 'cmake_target_skip_unavailable': False, 'install_base': '/home/shiva/Documents/ros2_projects/robot_car_V2/install/robot_car_v2_localization_planning', 'merge_install': False, 'path': '/home/shiva/Documents/ros2_projects/robot_car_V2/src/robot_car_v2_localization_planning', 'symlink_install': False, 'test_result_base': None}
[0.351s] Level 5:colcon.colcon_core.verb:set package 'robot_car_v2_mapping' build argument 'cmake_args' from command line to 'None'
[0.352s] Level 5:colcon.colcon_core.verb:set package 'robot_car_v2_mapping' build argument 'cmake_target' from command line to 'None'
[0.352s] Level 5:colcon.colcon_core.verb:set package 'robot_car_v2_mapping' build argument 'cmake_target_skip_unavailable' from command line to 'False'
[0.352s] Level 5:colcon.colcon_core.verb:set package 'robot_car_v2_mapping' build argument 'cmake_clean_cache' from command line to 'False'
[0.352s] Level 5:colcon.colcon_core.verb:set package 'robot_car_v2_mapping' build argument 'cmake_clean_first' from command line to 'False'
[0.352s] Level 5:colcon.colcon_core.verb:set package 'robot_car_v2_mapping' build argument 'cmake_force_configure' from command line to 'False'
[0.352s] Level 5:colcon.colcon_core.verb:set package 'robot_car_v2_mapping' build argument 'ament_cmake_args' from command line to 'None'
[0.352s] Level 5:colcon.colcon_core.verb:set package 'robot_car_v2_mapping' build argument 'catkin_cmake_args' from command line to 'None'
[0.352s] Level 5:colcon.colcon_core.verb:set package 'robot_car_v2_mapping' build argument 'catkin_skip_building_tests' from command line to 'False'
[0.352s] DEBUG:colcon.colcon_core.verb:Building package 'robot_car_v2_mapping' with the following arguments: {'ament_cmake_args': None, 'build_base': '/home/shiva/Documents/ros2_projects/robot_car_V2/build/robot_car_v2_mapping', 'catkin_cmake_args': None, 'catkin_skip_building_tests': False, 'cmake_args': None, 'cmake_clean_cache': False, 'cmake_clean_first': False, 'cmake_force_configure': False, 'cmake_target': None, 'cmake_target_skip_unavailable': False, 'install_base': '/home/shiva/Documents/ros2_projects/robot_car_V2/install/robot_car_v2_mapping', 'merge_install': False, 'path': '/home/shiva/Documents/ros2_projects/robot_car_V2/src/robot_car_v2_mapping', 'symlink_install': False, 'test_result_base': None}
[0.352s] Level 5:colcon.colcon_core.verb:set package 'robot_car_v2_utils' build argument 'cmake_args' from command line to 'None'
[0.352s] Level 5:colcon.colcon_core.verb:set package 'robot_car_v2_utils' build argument 'cmake_target' from command line to 'None'
[0.352s] Level 5:colcon.colcon_core.verb:set package 'robot_car_v2_utils' build argument 'cmake_target_skip_unavailable' from command line to 'False'
[0.352s] Level 5:colcon.colcon_core.verb:set package 'robot_car_v2_utils' build argument 'cmake_clean_cache' from command line to 'False'
[0.352s] Level 5:colcon.colcon_core.verb:set package 'robot_car_v2_utils' build argument 'cmake_clean_first' from command line to 'False'
[0.352s] Level 5:colcon.colcon_core.verb:set package 'robot_car_v2_utils' build argument 'cmake_force_configure' from command line to 'False'
[0.352s] Level 5:colcon.colcon_core.verb:set package 'robot_car_v2_utils' build argument 'ament_cmake_args' from command line to 'None'
[0.352s] Level 5:colcon.colcon_core.verb:set package 'robot_car_v2_utils' build argument 'catkin_cmake_args' from command line to 'None'
[0.352s] Level 5:colcon.colcon_core.verb:set package 'robot_car_v2_utils' build argument 'catkin_skip_building_tests' from command line to 'False'
[0.352s] DEBUG:colcon.colcon_core.verb:Building package 'robot_car_v2_utils' with the following arguments: {'ament_cmake_args': None, 'build_base': '/home/shiva/Documents/ros2_projects/robot_car_V2/build/robot_car_v2_utils', 'catkin_cmake_args': None, 'catkin_skip_building_tests': False, 'cmake_args': None, 'cmake_clean_cache': False, 'cmake_clean_first': False, 'cmake_force_configure': False, 'cmake_target': None, 'cmake_target_skip_unavailable': False, 'install_base': '/home/shiva/Documents/ros2_projects/robot_car_V2/install/robot_car_v2_utils', 'merge_install': False, 'path': '/home/shiva/Documents/ros2_projects/robot_car_V2/src/robot_car_v2_utils', 'symlink_install': False, 'test_result_base': None}
[0.352s] INFO:colcon.colcon_core.executor:Executing jobs using 'parallel' executor
[0.353s] DEBUG:colcon.colcon_parallel_executor.executor.parallel:run_until_complete
[0.353s] INFO:colcon.colcon_ros.task.ament_cmake.build:Building ROS package in '/home/shiva/Documents/ros2_projects/robot_car_V2/src/robot_car_v2_bringup' with build type 'ament_cmake'
[0.354s] INFO:colcon.colcon_cmake.task.cmake.build:Building CMake package in '/home/shiva/Documents/ros2_projects/robot_car_V2/src/robot_car_v2_bringup'
[0.355s] INFO:colcon.colcon_core.plugin_system:Skipping extension 'colcon_core.shell.bat': Not used on non-Windows systems
[0.356s] INFO:colcon.colcon_core.shell:Skip shell extension 'powershell' for command environment: Not usable outside of PowerShell
[0.356s] DEBUG:colcon.colcon_core.shell:Skip shell extension 'dsv' for command environment
[0.361s] INFO:colcon.colcon_ros.task.ament_cmake.build:Building ROS package in '/home/shiva/Documents/ros2_projects/robot_car_V2/src/robot_car_v2_controller' with build type 'ament_cmake'
[0.361s] INFO:colcon.colcon_cmake.task.cmake.build:Building CMake package in '/home/shiva/Documents/ros2_projects/robot_car_V2/src/robot_car_v2_controller'
[0.361s] INFO:colcon.colcon_core.shell:Skip shell extension 'powershell' for command environment: Not usable outside of PowerShell
[0.361s] DEBUG:colcon.colcon_core.shell:Skip shell extension 'dsv' for command environment
[0.366s] INFO:colcon.colcon_ros.task.ament_cmake.build:Building ROS package in '/home/shiva/Documents/ros2_projects/robot_car_V2/src/robot_car_v2_description' with build type 'ament_cmake'
[0.366s] INFO:colcon.colcon_cmake.task.cmake.build:Building CMake package in '/home/shiva/Documents/ros2_projects/robot_car_V2/src/robot_car_v2_description'
[0.366s] INFO:colcon.colcon_core.shell:Skip shell extension 'powershell' for command environment: Not usable outside of PowerShell
[0.366s] DEBUG:colcon.colcon_core.shell:Skip shell extension 'dsv' for command environment
[0.371s] INFO:colcon.colcon_ros.task.ament_cmake.build:Building ROS package in '/home/shiva/Documents/ros2_projects/robot_car_V2/src/robot_car_v2_localization_planning' with build type 'ament_cmake'
[0.371s] INFO:colcon.colcon_cmake.task.cmake.build:Building CMake package in '/home/shiva/Documents/ros2_projects/robot_car_V2/src/robot_car_v2_localization_planning'
[0.371s] INFO:colcon.colcon_core.shell:Skip shell extension 'powershell' for command environment: Not usable outside of PowerShell
[0.371s] DEBUG:colcon.colcon_core.shell:Skip shell extension 'dsv' for command environment
[0.375s] INFO:colcon.colcon_ros.task.ament_cmake.build:Building ROS package in '/home/shiva/Documents/ros2_projects/robot_car_V2/src/robot_car_v2_mapping' with build type 'ament_cmake'
[0.376s] INFO:colcon.colcon_cmake.task.cmake.build:Building CMake package in '/home/shiva/Documents/ros2_projects/robot_car_V2/src/robot_car_v2_mapping'
[0.376s] INFO:colcon.colcon_core.shell:Skip shell extension 'powershell' for command environment: Not usable outside of PowerShell
[0.376s] DEBUG:colcon.colcon_core.shell:Skip shell extension 'dsv' for command environment
[0.381s] INFO:colcon.colcon_ros.task.ament_cmake.build:Building ROS package in '/home/shiva/Documents/ros2_projects/robot_car_V2/src/robot_car_v2_utils' with build type 'ament_cmake'
[0.381s] INFO:colcon.colcon_cmake.task.cmake.build:Building CMake package in '/home/shiva/Documents/ros2_projects/robot_car_V2/src/robot_car_v2_utils'
[0.381s] INFO:colcon.colcon_core.shell:Skip shell extension 'powershell' for command environment: Not usable outside of PowerShell
[0.381s] DEBUG:colcon.colcon_core.shell:Skip shell extension 'dsv' for command environment
[0.391s] DEBUG:colcon.colcon_core.event_handler.log_command:Invoking command in '/home/shiva/Documents/ros2_projects/robot_car_V2/build/robot_car_v2_bringup': CMAKE_PREFIX_PATH=${CMAKE_PREFIX_PATH}:/home/shiva/Documents/wrk_spc/install/my_pkg:/opt/ros/humble /usr/bin/cmake --build /home/shiva/Documents/ros2_projects/robot_car_V2/build/robot_car_v2_bringup -- -j8 -l8
[0.393s] DEBUG:colcon.colcon_core.event_handler.log_command:Invoking command in '/home/shiva/Documents/ros2_projects/robot_car_V2/build/robot_car_v2_controller': CMAKE_PREFIX_PATH=${CMAKE_PREFIX_PATH}:/home/shiva/Documents/wrk_spc/install/my_pkg:/opt/ros/humble /usr/bin/cmake --build /home/shiva/Documents/ros2_projects/robot_car_V2/build/robot_car_v2_controller -- -j8 -l8
[0.396s] DEBUG:colcon.colcon_core.event_handler.log_command:Invoking command in '/home/shiva/Documents/ros2_projects/robot_car_V2/build/robot_car_v2_description': CMAKE_PREFIX_PATH=${CMAKE_PREFIX_PATH}:/home/shiva/Documents/wrk_spc/install/my_pkg:/opt/ros/humble /usr/bin/cmake --build /home/shiva/Documents/ros2_projects/robot_car_V2/build/robot_car_v2_description -- -j8 -l8
[0.399s] DEBUG:colcon.colcon_core.event_handler.log_command:Invoking command in '/home/shiva/Documents/ros2_projects/robot_car_V2/build/robot_car_v2_localization_planning': CMAKE_PREFIX_PATH=${CMAKE_PREFIX_PATH}:/home/shiva/Documents/wrk_spc/install/my_pkg:/opt/ros/humble /usr/bin/cmake --build /home/shiva/Documents/ros2_projects/robot_car_V2/build/robot_car_v2_localization_planning -- -j8 -l8
[0.403s] DEBUG:colcon.colcon_core.event_handler.log_command:Invoking command in '/home/shiva/Documents/ros2_projects/robot_car_V2/build/robot_car_v2_mapping': CMAKE_PREFIX_PATH=${CMAKE_PREFIX_PATH}:/home/shiva/Documents/wrk_spc/install/my_pkg:/opt/ros/humble /usr/bin/cmake --build /home/shiva/Documents/ros2_projects/robot_car_V2/build/robot_car_v2_mapping -- -j8 -l8
[0.408s] DEBUG:colcon.colcon_core.event_handler.log_command:Invoking command in '/home/shiva/Documents/ros2_projects/robot_car_V2/build/robot_car_v2_utils': CMAKE_PREFIX_PATH=${CMAKE_PREFIX_PATH}:/home/shiva/Documents/wrk_spc/install/my_pkg:/opt/ros/humble /usr/bin/cmake --build /home/shiva/Documents/ros2_projects/robot_car_V2/build/robot_car_v2_utils -- -j8 -l8
[0.436s] DEBUG:colcon.colcon_core.event_handler.log_command:Invoked command in '/home/shiva/Documents/ros2_projects/robot_car_V2/build/robot_car_v2_bringup' returned '0': CMAKE_PREFIX_PATH=${CMAKE_PREFIX_PATH}:/home/shiva/Documents/wrk_spc/install/my_pkg:/opt/ros/humble /usr/bin/cmake --build /home/shiva/Documents/ros2_projects/robot_car_V2/build/robot_car_v2_bringup -- -j8 -l8
[0.479s] DEBUG:colcon.colcon_core.event_handler.log_command:Invoking command in '/home/shiva/Documents/ros2_projects/robot_car_V2/build/robot_car_v2_bringup': CMAKE_PREFIX_PATH=${CMAKE_PREFIX_PATH}:/home/shiva/Documents/wrk_spc/install/my_pkg:/opt/ros/humble /usr/bin/cmake --install /home/shiva/Documents/ros2_projects/robot_car_V2/build/robot_car_v2_bringup
[0.494s] Level 1:colcon.colcon_core.environment:create_environment_scripts_only(robot_car_v2_bringup)
[0.495s] DEBUG:colcon.colcon_core.event_handler.log_command:Invoked command in '/home/shiva/Documents/ros2_projects/robot_car_V2/build/robot_car_v2_bringup' returned '0': CMAKE_PREFIX_PATH=${CMAKE_PREFIX_PATH}:/home/shiva/Documents/wrk_spc/install/my_pkg:/opt/ros/humble /usr/bin/cmake --install /home/shiva/Documents/ros2_projects/robot_car_V2/build/robot_car_v2_bringup
[0.499s] Level 1:colcon.colcon_core.environment:checking '/home/shiva/Documents/ros2_projects/robot_car_V2/install/robot_car_v2_bringup' for CMake module files
[0.500s] Level 1:colcon.colcon_core.environment:checking '/home/shiva/Documents/ros2_projects/robot_car_V2/install/robot_car_v2_bringup' for CMake config files
[0.500s] Level 1:colcon.colcon_core.shell:create_environment_hook('robot_car_v2_bringup', 'cmake_prefix_path')
[0.501s] INFO:colcon.colcon_core.shell:Creating environment hook '/home/shiva/Documents/ros2_projects/robot_car_V2/install/robot_car_v2_bringup/share/robot_car_v2_bringup/hook/cmake_prefix_path.ps1'
[0.502s] INFO:colcon.colcon_core.shell:Creating environment descriptor '/home/shiva/Documents/ros2_projects/robot_car_V2/install/robot_car_v2_bringup/share/robot_car_v2_bringup/hook/cmake_prefix_path.dsv'
[0.503s] INFO:colcon.colcon_core.shell:Creating environment hook '/home/shiva/Documents/ros2_projects/robot_car_V2/install/robot_car_v2_bringup/share/robot_car_v2_bringup/hook/cmake_prefix_path.sh'
[0.504s] Level 1:colcon.colcon_core.environment:checking '/home/shiva/Documents/ros2_projects/robot_car_V2/install/robot_car_v2_bringup/bin'
[0.504s] Level 1:colcon.colcon_core.environment:checking '/home/shiva/Documents/ros2_projects/robot_car_V2/install/robot_car_v2_bringup/lib/pkgconfig/robot_car_v2_bringup.pc'
[0.505s] Level 1:colcon.colcon_core.environment:checking '/home/shiva/Documents/ros2_projects/robot_car_V2/install/robot_car_v2_bringup/lib/python3.10/site-packages'
[0.505s] Level 1:colcon.colcon_core.environment:checking '/home/shiva/Documents/ros2_projects/robot_car_V2/install/robot_car_v2_bringup/bin'
[0.506s] INFO:colcon.colcon_core.shell:Creating package script '/home/shiva/Documents/ros2_projects/robot_car_V2/install/robot_car_v2_bringup/share/robot_car_v2_bringup/package.ps1'
[0.508s] INFO:colcon.colcon_core.shell:Creating package descriptor '/home/shiva/Documents/ros2_projects/robot_car_V2/install/robot_car_v2_bringup/share/robot_car_v2_bringup/package.dsv'
[0.509s] INFO:colcon.colcon_core.shell:Creating package script '/home/shiva/Documents/ros2_projects/robot_car_V2/install/robot_car_v2_bringup/share/robot_car_v2_bringup/package.sh'
[0.510s] INFO:colcon.colcon_core.shell:Creating package script '/home/shiva/Documents/ros2_projects/robot_car_V2/install/robot_car_v2_bringup/share/robot_car_v2_bringup/package.bash'
[0.512s] INFO:colcon.colcon_core.shell:Creating package script '/home/shiva/Documents/ros2_projects/robot_car_V2/install/robot_car_v2_bringup/share/robot_car_v2_bringup/package.zsh'
[0.513s] Level 1:colcon.colcon_core.environment:create_file_with_runtime_dependencies(/home/shiva/Documents/ros2_projects/robot_car_V2/install/robot_car_v2_bringup/share/colcon-core/packages/robot_car_v2_bringup)
[0.547s] Level 1:colcon.colcon_core.environment:create_environment_scripts_only(robot_car_v2_bringup)
[0.547s] Level 1:colcon.colcon_core.environment:checking '/home/shiva/Documents/ros2_projects/robot_car_V2/install/robot_car_v2_bringup' for CMake module files
[0.548s] Level 1:colcon.colcon_core.environment:checking '/home/shiva/Documents/ros2_projects/robot_car_V2/install/robot_car_v2_bringup' for CMake config files
[0.549s] Level 1:colcon.colcon_core.shell:create_environment_hook('robot_car_v2_bringup', 'cmake_prefix_path')
[0.549s] INFO:colcon.colcon_core.shell:Creating environment hook '/home/shiva/Documents/ros2_projects/robot_car_V2/install/robot_car_v2_bringup/share/robot_car_v2_bringup/hook/cmake_prefix_path.ps1'
[0.550s] INFO:colcon.colcon_core.shell:Creating environment descriptor '/home/shiva/Documents/ros2_projects/robot_car_V2/install/robot_car_v2_bringup/share/robot_car_v2_bringup/hook/cmake_prefix_path.dsv'
[0.551s] INFO:colcon.colcon_core.shell:Creating environment hook '/home/shiva/Documents/ros2_projects/robot_car_V2/install/robot_car_v2_bringup/share/robot_car_v2_bringup/hook/cmake_prefix_path.sh'
[0.552s] Level 1:colcon.colcon_core.environment:checking '/home/shiva/Documents/ros2_projects/robot_car_V2/install/robot_car_v2_bringup/bin'
[0.552s] Level 1:colcon.colcon_core.environment:checking '/home/shiva/Documents/ros2_projects/robot_car_V2/install/robot_car_v2_bringup/lib/pkgconfig/robot_car_v2_bringup.pc'
[0.552s] Level 1:colcon.colcon_core.environment:checking '/home/shiva/Documents/ros2_projects/robot_car_V2/install/robot_car_v2_bringup/lib/python3.10/site-packages'
[0.553s] Level 1:colcon.colcon_core.environment:checking '/home/shiva/Documents/ros2_projects/robot_car_V2/install/robot_car_v2_bringup/bin'
[0.553s] INFO:colcon.colcon_core.shell:Creating package script '/home/shiva/Documents/ros2_projects/robot_car_V2/install/robot_car_v2_bringup/share/robot_car_v2_bringup/package.ps1'
[0.555s] INFO:colcon.colcon_core.shell:Creating package descriptor '/home/shiva/Documents/ros2_projects/robot_car_V2/install/robot_car_v2_bringup/share/robot_car_v2_bringup/package.dsv'
[0.555s] INFO:colcon.colcon_core.shell:Creating package script '/home/shiva/Documents/ros2_projects/robot_car_V2/install/robot_car_v2_bringup/share/robot_car_v2_bringup/package.sh'
[0.556s] INFO:colcon.colcon_core.shell:Creating package script '/home/shiva/Documents/ros2_projects/robot_car_V2/install/robot_car_v2_bringup/share/robot_car_v2_bringup/package.bash'
[0.557s] INFO:colcon.colcon_core.shell:Creating package script '/home/shiva/Documents/ros2_projects/robot_car_V2/install/robot_car_v2_bringup/share/robot_car_v2_bringup/package.zsh'
[0.558s] Level 1:colcon.colcon_core.environment:create_file_with_runtime_dependencies(/home/shiva/Documents/ros2_projects/robot_car_V2/install/robot_car_v2_bringup/share/colcon-core/packages/robot_car_v2_bringup)
[1.171s] DEBUG:colcon.colcon_core.event_handler.log_command:Invoked command in '/home/shiva/Documents/ros2_projects/robot_car_V2/build/robot_car_v2_localization_planning' returned '0': CMAKE_PREFIX_PATH=${CMAKE_PREFIX_PATH}:/home/shiva/Documents/wrk_spc/install/my_pkg:/opt/ros/humble /usr/bin/cmake --build /home/shiva/Documents/ros2_projects/robot_car_V2/build/robot_car_v2_localization_planning -- -j8 -l8
[1.176s] DEBUG:colcon.colcon_core.event_handler.log_command:Invoked command in '/home/shiva/Documents/ros2_projects/robot_car_V2/build/robot_car_v2_utils' returned '0': CMAKE_PREFIX_PATH=${CMAKE_PREFIX_PATH}:/home/shiva/Documents/wrk_spc/install/my_pkg:/opt/ros/humble /usr/bin/cmake --build /home/shiva/Documents/ros2_projects/robot_car_V2/build/robot_car_v2_utils -- -j8 -l8
[1.197s] DEBUG:colcon.colcon_core.event_handler.log_command:Invoked command in '/home/shiva/Documents/ros2_projects/robot_car_V2/build/robot_car_v2_description' returned '0': CMAKE_PREFIX_PATH=${CMAKE_PREFIX_PATH}:/home/shiva/Documents/wrk_spc/install/my_pkg:/opt/ros/humble /usr/bin/cmake --build /home/shiva/Documents/ros2_projects/robot_car_V2/build/robot_car_v2_description -- -j8 -l8
[1.203s] DEBUG:colcon.colcon_core.event_handler.log_command:Invoking command in '/home/shiva/Documents/ros2_projects/robot_car_V2/build/robot_car_v2_localization_planning': CMAKE_PREFIX_PATH=${CMAKE_PREFIX_PATH}:/home/shiva/Documents/wrk_spc/install/my_pkg:/opt/ros/humble /usr/bin/cmake --install /home/shiva/Documents/ros2_projects/robot_car_V2/build/robot_car_v2_localization_planning
[1.209s] DEBUG:colcon.colcon_core.event_handler.log_command:Invoking command in '/home/shiva/Documents/ros2_projects/robot_car_V2/build/robot_car_v2_utils': CMAKE_PREFIX_PATH=${CMAKE_PREFIX_PATH}:/home/shiva/Documents/wrk_spc/install/my_pkg:/opt/ros/humble /usr/bin/cmake --install /home/shiva/Documents/ros2_projects/robot_car_V2/build/robot_car_v2_utils
[1.233s] DEBUG:colcon.colcon_core.event_handler.log_command:Invoking command in '/home/shiva/Documents/ros2_projects/robot_car_V2/build/robot_car_v2_description': CMAKE_PREFIX_PATH=${CMAKE_PREFIX_PATH}:/home/shiva/Documents/wrk_spc/install/my_pkg:/opt/ros/humble /usr/bin/cmake --install /home/shiva/Documents/ros2_projects/robot_car_V2/build/robot_car_v2_description
[1.362s] DEBUG:colcon.colcon_core.event_handler.log_command:Invoked command in '/home/shiva/Documents/ros2_projects/robot_car_V2/build/robot_car_v2_controller' returned '0': CMAKE_PREFIX_PATH=${CMAKE_PREFIX_PATH}:/home/shiva/Documents/wrk_spc/install/my_pkg:/opt/ros/humble /usr/bin/cmake --build /home/shiva/Documents/ros2_projects/robot_car_V2/build/robot_car_v2_controller -- -j8 -l8
[1.403s] Level 1:colcon.colcon_core.environment:create_environment_scripts_only(robot_car_v2_localization_planning)
[1.403s] Level 1:colcon.colcon_core.environment:checking '/home/shiva/Documents/ros2_projects/robot_car_V2/install/robot_car_v2_localization_planning' for CMake module files
[1.405s] DEBUG:colcon.colcon_core.event_handler.log_command:Invoked command in '/home/shiva/Documents/ros2_projects/robot_car_V2/build/robot_car_v2_localization_planning' returned '0': CMAKE_PREFIX_PATH=${CMAKE_PREFIX_PATH}:/home/shiva/Documents/wrk_spc/install/my_pkg:/opt/ros/humble /usr/bin/cmake --install /home/shiva/Documents/ros2_projects/robot_car_V2/build/robot_car_v2_localization_planning
[1.406s] Level 1:colcon.colcon_core.environment:checking '/home/shiva/Documents/ros2_projects/robot_car_V2/install/robot_car_v2_localization_planning' for CMake config files
[1.406s] Level 1:colcon.colcon_core.shell:create_environment_hook('robot_car_v2_localization_planning', 'cmake_prefix_path')
[1.406s] INFO:colcon.colcon_core.shell:Creating environment hook '/home/shiva/Documents/ros2_projects/robot_car_V2/install/robot_car_v2_localization_planning/share/robot_car_v2_localization_planning/hook/cmake_prefix_path.ps1'
[1.407s] INFO:colcon.colcon_core.shell:Creating environment descriptor '/home/shiva/Documents/ros2_projects/robot_car_V2/install/robot_car_v2_localization_planning/share/robot_car_v2_localization_planning/hook/cmake_prefix_path.dsv'
[1.408s] INFO:colcon.colcon_core.shell:Creating environment hook '/home/shiva/Documents/ros2_projects/robot_car_V2/install/robot_car_v2_localization_planning/share/robot_car_v2_localization_planning/hook/cmake_prefix_path.sh'
[1.408s] Level 1:colcon.colcon_core.environment:checking '/home/shiva/Documents/ros2_projects/robot_car_V2/install/robot_car_v2_localization_planning/lib'
[1.409s] Level 1:colcon.colcon_core.environment:checking '/home/shiva/Documents/ros2_projects/robot_car_V2/install/robot_car_v2_localization_planning/bin'
[1.409s] Level 1:colcon.colcon_core.environment:checking '/home/shiva/Documents/ros2_projects/robot_car_V2/install/robot_car_v2_localization_planning/lib/pkgconfig/robot_car_v2_localization_planning.pc'
[1.409s] Level 1:colcon.colcon_core.environment:checking '/home/shiva/Documents/ros2_projects/robot_car_V2/install/robot_car_v2_localization_planning/lib/python3.10/site-packages'
[1.409s] Level 1:colcon.colcon_core.shell:create_environment_hook('robot_car_v2_localization_planning', 'pythonpath')
[1.410s] INFO:colcon.colcon_core.shell:Creating environment hook '/home/shiva/Documents/ros2_projects/robot_car_V2/install/robot_car_v2_localization_planning/share/robot_car_v2_localization_planning/hook/pythonpath.ps1'
[1.411s] INFO:colcon.colcon_core.shell:Creating environment descriptor '/home/shiva/Documents/ros2_projects/robot_car_V2/install/robot_car_v2_localization_planning/share/robot_car_v2_localization_planning/hook/pythonpath.dsv'
[1.412s] INFO:colcon.colcon_core.shell:Creating environment hook '/home/shiva/Documents/ros2_projects/robot_car_V2/install/robot_car_v2_localization_planning/share/robot_car_v2_localization_planning/hook/pythonpath.sh'
[1.413s] Level 1:colcon.colcon_core.environment:checking '/home/shiva/Documents/ros2_projects/robot_car_V2/install/robot_car_v2_localization_planning/bin'
[1.414s] INFO:colcon.colcon_core.shell:Creating package script '/home/shiva/Documents/ros2_projects/robot_car_V2/install/robot_car_v2_localization_planning/share/robot_car_v2_localization_planning/package.ps1'
[1.415s] INFO:colcon.colcon_core.shell:Creating package descriptor '/home/shiva/Documents/ros2_projects/robot_car_V2/install/robot_car_v2_localization_planning/share/robot_car_v2_localization_planning/package.dsv'
[1.416s] INFO:colcon.colcon_core.shell:Creating package script '/home/shiva/Documents/ros2_projects/robot_car_V2/install/robot_car_v2_localization_planning/share/robot_car_v2_localization_planning/package.sh'
[1.418s] INFO:colcon.colcon_core.shell:Creating package script '/home/shiva/Documents/ros2_projects/robot_car_V2/install/robot_car_v2_localization_planning/share/robot_car_v2_localization_planning/package.bash'
[1.419s] INFO:colcon.colcon_core.shell:Creating package script '/home/shiva/Documents/ros2_projects/robot_car_V2/install/robot_car_v2_localization_planning/share/robot_car_v2_localization_planning/package.zsh'
[1.420s] Level 1:colcon.colcon_core.environment:create_file_with_runtime_dependencies(/home/shiva/Documents/ros2_projects/robot_car_V2/install/robot_car_v2_localization_planning/share/colcon-core/packages/robot_car_v2_localization_planning)
[1.425s] DEBUG:colcon.colcon_core.event_handler.log_command:Invoking command in '/home/shiva/Documents/ros2_projects/robot_car_V2/build/robot_car_v2_controller': CMAKE_PREFIX_PATH=${CMAKE_PREFIX_PATH}:/home/shiva/Documents/wrk_spc/install/my_pkg:/opt/ros/humble /usr/bin/cmake --install /home/shiva/Documents/ros2_projects/robot_car_V2/build/robot_car_v2_controller
[1.436s] Level 1:colcon.colcon_core.environment:create_environment_scripts_only(robot_car_v2_utils)
[1.437s] Level 1:colcon.colcon_core.environment:checking '/home/shiva/Documents/ros2_projects/robot_car_V2/install/robot_car_v2_utils' for CMake module files
[1.439s] DEBUG:colcon.colcon_core.event_handler.log_command:Invoked command in '/home/shiva/Documents/ros2_projects/robot_car_V2/build/robot_car_v2_utils' returned '0': CMAKE_PREFIX_PATH=${CMAKE_PREFIX_PATH}:/home/shiva/Documents/wrk_spc/install/my_pkg:/opt/ros/humble /usr/bin/cmake --install /home/shiva/Documents/ros2_projects/robot_car_V2/build/robot_car_v2_utils
[1.440s] Level 1:colcon.colcon_core.environment:checking '/home/shiva/Documents/ros2_projects/robot_car_V2/install/robot_car_v2_utils' for CMake config files
[1.443s] Level 1:colcon.colcon_core.shell:create_environment_hook('robot_car_v2_utils', 'cmake_prefix_path')
[1.443s] INFO:colcon.colcon_core.shell:Creating environment hook '/home/shiva/Documents/ros2_projects/robot_car_V2/install/robot_car_v2_utils/share/robot_car_v2_utils/hook/cmake_prefix_path.ps1'
[1.444s] INFO:colcon.colcon_core.shell:Creating environment descriptor '/home/shiva/Documents/ros2_projects/robot_car_V2/install/robot_car_v2_utils/share/robot_car_v2_utils/hook/cmake_prefix_path.dsv'
[1.445s] INFO:colcon.colcon_core.shell:Creating environment hook '/home/shiva/Documents/ros2_projects/robot_car_V2/install/robot_car_v2_utils/share/robot_car_v2_utils/hook/cmake_prefix_path.sh'
[1.450s] Level 1:colcon.colcon_core.environment:checking '/home/shiva/Documents/ros2_projects/robot_car_V2/install/robot_car_v2_utils/lib'
[1.451s] Level 1:colcon.colcon_core.environment:checking '/home/shiva/Documents/ros2_projects/robot_car_V2/install/robot_car_v2_utils/bin'
[1.452s] Level 1:colcon.colcon_core.environment:checking '/home/shiva/Documents/ros2_projects/robot_car_V2/install/robot_car_v2_utils/lib/pkgconfig/robot_car_v2_utils.pc'
[1.453s] Level 1:colcon.colcon_core.environment:checking '/home/shiva/Documents/ros2_projects/robot_car_V2/install/robot_car_v2_utils/lib/python3.10/site-packages'
[1.454s] Level 1:colcon.colcon_core.shell:create_environment_hook('robot_car_v2_utils', 'pythonpath')
[1.455s] INFO:colcon.colcon_core.shell:Creating environment hook '/home/shiva/Documents/ros2_projects/robot_car_V2/install/robot_car_v2_utils/share/robot_car_v2_utils/hook/pythonpath.ps1'
[1.457s] INFO:colcon.colcon_core.shell:Creating environment descriptor '/home/shiva/Documents/ros2_projects/robot_car_V2/install/robot_car_v2_utils/share/robot_car_v2_utils/hook/pythonpath.dsv'
[1.459s] INFO:colcon.colcon_core.shell:Creating environment hook '/home/shiva/Documents/ros2_projects/robot_car_V2/install/robot_car_v2_utils/share/robot_car_v2_utils/hook/pythonpath.sh'
[1.461s] Level 1:colcon.colcon_core.environment:checking '/home/shiva/Documents/ros2_projects/robot_car_V2/install/robot_car_v2_utils/bin'
[1.462s] INFO:colcon.colcon_core.shell:Creating package script '/home/shiva/Documents/ros2_projects/robot_car_V2/install/robot_car_v2_utils/share/robot_car_v2_utils/package.ps1'
[1.463s] INFO:colcon.colcon_core.shell:Creating package descriptor '/home/shiva/Documents/ros2_projects/robot_car_V2/install/robot_car_v2_utils/share/robot_car_v2_utils/package.dsv'
[1.465s] INFO:colcon.colcon_core.shell:Creating package script '/home/shiva/Documents/ros2_projects/robot_car_V2/install/robot_car_v2_utils/share/robot_car_v2_utils/package.sh'
[1.466s] INFO:colcon.colcon_core.shell:Creating package script '/home/shiva/Documents/ros2_projects/robot_car_V2/install/robot_car_v2_utils/share/robot_car_v2_utils/package.bash'
[1.468s] INFO:colcon.colcon_core.shell:Creating package script '/home/shiva/Documents/ros2_projects/robot_car_V2/install/robot_car_v2_utils/share/robot_car_v2_utils/package.zsh'
[1.470s] Level 1:colcon.colcon_core.environment:create_file_with_runtime_dependencies(/home/shiva/Documents/ros2_projects/robot_car_V2/install/robot_car_v2_utils/share/colcon-core/packages/robot_car_v2_utils)
[1.478s] Level 1:colcon.colcon_core.environment:create_environment_scripts_only(robot_car_v2_localization_planning)
[1.479s] Level 1:colcon.colcon_core.environment:checking '/home/shiva/Documents/ros2_projects/robot_car_V2/install/robot_car_v2_localization_planning' for CMake module files
[1.485s] Level 1:colcon.colcon_core.environment:checking '/home/shiva/Documents/ros2_projects/robot_car_V2/install/robot_car_v2_localization_planning' for CMake config files
[1.495s] Level 1:colcon.colcon_core.shell:create_environment_hook('robot_car_v2_localization_planning', 'cmake_prefix_path')
[1.496s] INFO:colcon.colcon_core.shell:Creating environment hook '/home/shiva/Documents/ros2_projects/robot_car_V2/install/robot_car_v2_localization_planning/share/robot_car_v2_localization_planning/hook/cmake_prefix_path.ps1'
[1.499s] INFO:colcon.colcon_core.shell:Creating environment descriptor '/home/shiva/Documents/ros2_projects/robot_car_V2/install/robot_car_v2_localization_planning/share/robot_car_v2_localization_planning/hook/cmake_prefix_path.dsv'
[1.500s] INFO:colcon.colcon_core.shell:Creating environment hook '/home/shiva/Documents/ros2_projects/robot_car_V2/install/robot_car_v2_localization_planning/share/robot_car_v2_localization_planning/hook/cmake_prefix_path.sh'
[1.504s] Level 1:colcon.colcon_core.environment:checking '/home/shiva/Documents/ros2_projects/robot_car_V2/install/robot_car_v2_localization_planning/lib'
[1.505s] Level 1:colcon.colcon_core.environment:checking '/home/shiva/Documents/ros2_projects/robot_car_V2/install/robot_car_v2_localization_planning/bin'
[1.506s] Level 1:colcon.colcon_core.environment:checking '/home/shiva/Documents/ros2_projects/robot_car_V2/install/robot_car_v2_localization_planning/lib/pkgconfig/robot_car_v2_localization_planning.pc'
[1.506s] Level 1:colcon.colcon_core.environment:checking '/home/shiva/Documents/ros2_projects/robot_car_V2/install/robot_car_v2_localization_planning/lib/python3.10/site-packages'
[1.506s] Level 1:colcon.colcon_core.shell:create_environment_hook('robot_car_v2_localization_planning', 'pythonpath')
[1.507s] INFO:colcon.colcon_core.shell:Creating environment hook '/home/shiva/Documents/ros2_projects/robot_car_V2/install/robot_car_v2_localization_planning/share/robot_car_v2_localization_planning/hook/pythonpath.ps1'
[1.510s] INFO:colcon.colcon_core.shell:Creating environment descriptor '/home/shiva/Documents/ros2_projects/robot_car_V2/install/robot_car_v2_localization_planning/share/robot_car_v2_localization_planning/hook/pythonpath.dsv'
[1.513s] INFO:colcon.colcon_core.shell:Creating environment hook '/home/shiva/Documents/ros2_projects/robot_car_V2/install/robot_car_v2_localization_planning/share/robot_car_v2_localization_planning/hook/pythonpath.sh'
[1.515s] Level 1:colcon.colcon_core.environment:checking '/home/shiva/Documents/ros2_projects/robot_car_V2/install/robot_car_v2_localization_planning/bin'
[1.516s] INFO:colcon.colcon_core.shell:Creating package script '/home/shiva/Documents/ros2_projects/robot_car_V2/install/robot_car_v2_localization_planning/share/robot_car_v2_localization_planning/package.ps1'
[1.517s] INFO:colcon.colcon_core.shell:Creating package descriptor '/home/shiva/Documents/ros2_projects/robot_car_V2/install/robot_car_v2_localization_planning/share/robot_car_v2_localization_planning/package.dsv'
[1.518s] INFO:colcon.colcon_core.shell:Creating package script '/home/shiva/Documents/ros2_projects/robot_car_V2/install/robot_car_v2_localization_planning/share/robot_car_v2_localization_planning/package.sh'
[1.520s] INFO:colcon.colcon_core.shell:Creating package script '/home/shiva/Documents/ros2_projects/robot_car_V2/install/robot_car_v2_localization_planning/share/robot_car_v2_localization_planning/package.bash'
[1.521s] INFO:colcon.colcon_core.shell:Creating package script '/home/shiva/Documents/ros2_projects/robot_car_V2/install/robot_car_v2_localization_planning/share/robot_car_v2_localization_planning/package.zsh'
[1.522s] Level 1:colcon.colcon_core.environment:create_file_with_runtime_dependencies(/home/shiva/Documents/ros2_projects/robot_car_V2/install/robot_car_v2_localization_planning/share/colcon-core/packages/robot_car_v2_localization_planning)
[1.527s] Level 1:colcon.colcon_core.environment:create_environment_scripts_only(robot_car_v2_utils)
[1.527s] Level 1:colcon.colcon_core.environment:checking '/home/shiva/Documents/ros2_projects/robot_car_V2/install/robot_car_v2_utils' for CMake module files
[1.529s] Level 1:colcon.colcon_core.environment:checking '/home/shiva/Documents/ros2_projects/robot_car_V2/install/robot_car_v2_utils' for CMake config files
[1.531s] Level 1:colcon.colcon_core.shell:create_environment_hook('robot_car_v2_utils', 'cmake_prefix_path')
[1.531s] INFO:colcon.colcon_core.shell:Creating environment hook '/home/shiva/Documents/ros2_projects/robot_car_V2/install/robot_car_v2_utils/share/robot_car_v2_utils/hook/cmake_prefix_path.ps1'
[1.533s] INFO:colcon.colcon_core.shell:Creating environment descriptor '/home/shiva/Documents/ros2_projects/robot_car_V2/install/robot_car_v2_utils/share/robot_car_v2_utils/hook/cmake_prefix_path.dsv'
[1.534s] INFO:colcon.colcon_core.shell:Creating environment hook '/home/shiva/Documents/ros2_projects/robot_car_V2/install/robot_car_v2_utils/share/robot_car_v2_utils/hook/cmake_prefix_path.sh'
[1.537s] Level 1:colcon.colcon_core.environment:checking '/home/shiva/Documents/ros2_projects/robot_car_V2/install/robot_car_v2_utils/lib'
[1.538s] Level 1:colcon.colcon_core.environment:checking '/home/shiva/Documents/ros2_projects/robot_car_V2/install/robot_car_v2_utils/bin'
[1.538s] Level 1:colcon.colcon_core.environment:checking '/home/shiva/Documents/ros2_projects/robot_car_V2/install/robot_car_v2_utils/lib/pkgconfig/robot_car_v2_utils.pc'
[1.539s] Level 1:colcon.colcon_core.environment:checking '/home/shiva/Documents/ros2_projects/robot_car_V2/install/robot_car_v2_utils/lib/python3.10/site-packages'
[1.539s] Level 1:colcon.colcon_core.shell:create_environment_hook('robot_car_v2_utils', 'pythonpath')
[1.539s] INFO:colcon.colcon_core.shell:Creating environment hook '/home/shiva/Documents/ros2_projects/robot_car_V2/install/robot_car_v2_utils/share/robot_car_v2_utils/hook/pythonpath.ps1'
[1.541s] INFO:colcon.colcon_core.shell:Creating environment descriptor '/home/shiva/Documents/ros2_projects/robot_car_V2/install/robot_car_v2_utils/share/robot_car_v2_utils/hook/pythonpath.dsv'
[1.545s] INFO:colcon.colcon_core.shell:Creating environment hook '/home/shiva/Documents/ros2_projects/robot_car_V2/install/robot_car_v2_utils/share/robot_car_v2_utils/hook/pythonpath.sh'
[1.548s] Level 1:colcon.colcon_core.environment:checking '/home/shiva/Documents/ros2_projects/robot_car_V2/install/robot_car_v2_utils/bin'
[1.548s] INFO:colcon.colcon_core.shell:Creating package script '/home/shiva/Documents/ros2_projects/robot_car_V2/install/robot_car_v2_utils/share/robot_car_v2_utils/package.ps1'
[1.550s] INFO:colcon.colcon_core.shell:Creating package descriptor '/home/shiva/Documents/ros2_projects/robot_car_V2/install/robot_car_v2_utils/share/robot_car_v2_utils/package.dsv'
[1.551s] INFO:colcon.colcon_core.shell:Creating package script '/home/shiva/Documents/ros2_projects/robot_car_V2/install/robot_car_v2_utils/share/robot_car_v2_utils/package.sh'
[1.553s] INFO:colcon.colcon_core.shell:Creating package script '/home/shiva/Documents/ros2_projects/robot_car_V2/install/robot_car_v2_utils/share/robot_car_v2_utils/package.bash'
[1.554s] INFO:colcon.colcon_core.shell:Creating package script '/home/shiva/Documents/ros2_projects/robot_car_V2/install/robot_car_v2_utils/share/robot_car_v2_utils/package.zsh'
[1.555s] Level 1:colcon.colcon_core.environment:create_file_with_runtime_dependencies(/home/shiva/Documents/ros2_projects/robot_car_V2/install/robot_car_v2_utils/share/colcon-core/packages/robot_car_v2_utils)
[1.556s] Level 1:colcon.colcon_core.environment:create_environment_scripts_only(robot_car_v2_description)
[1.557s] Level 1:colcon.colcon_core.environment:checking '/home/shiva/Documents/ros2_projects/robot_car_V2/install/robot_car_v2_description' for CMake module files
[1.560s] Level 1:colcon.colcon_core.environment:checking '/home/shiva/Documents/ros2_projects/robot_car_V2/install/robot_car_v2_description' for CMake config files
[1.571s] Level 1:colcon.colcon_core.shell:create_environment_hook('robot_car_v2_description', 'cmake_prefix_path')
[1.571s] INFO:colcon.colcon_core.shell:Creating environment hook '/home/shiva/Documents/ros2_projects/robot_car_V2/install/robot_car_v2_description/share/robot_car_v2_description/hook/cmake_prefix_path.ps1'
[1.574s] INFO:colcon.colcon_core.shell:Creating environment descriptor '/home/shiva/Documents/ros2_projects/robot_car_V2/install/robot_car_v2_description/share/robot_car_v2_description/hook/cmake_prefix_path.dsv'
[1.575s] INFO:colcon.colcon_core.shell:Creating environment hook '/home/shiva/Documents/ros2_projects/robot_car_V2/install/robot_car_v2_description/share/robot_car_v2_description/hook/cmake_prefix_path.sh'
[1.577s] Level 1:colcon.colcon_core.environment:checking '/home/shiva/Documents/ros2_projects/robot_car_V2/install/robot_car_v2_description/lib'
[1.578s] Level 1:colcon.colcon_core.environment:checking '/home/shiva/Documents/ros2_projects/robot_car_V2/install/robot_car_v2_description/bin'
[1.578s] Level 1:colcon.colcon_core.environment:checking '/home/shiva/Documents/ros2_projects/robot_car_V2/install/robot_car_v2_description/lib/pkgconfig/robot_car_v2_description.pc'
[1.579s] Level 1:colcon.colcon_core.environment:checking '/home/shiva/Documents/ros2_projects/robot_car_V2/install/robot_car_v2_description/lib/python3.10/site-packages'
[1.579s] Level 1:colcon.colcon_core.shell:create_environment_hook('robot_car_v2_description', 'pythonpath')
[1.579s] INFO:colcon.colcon_core.shell:Creating environment hook '/home/shiva/Documents/ros2_projects/robot_car_V2/install/robot_car_v2_description/share/robot_car_v2_description/hook/pythonpath.ps1'
[1.581s] INFO:colcon.colcon_core.shell:Creating environment descriptor '/home/shiva/Documents/ros2_projects/robot_car_V2/install/robot_car_v2_description/share/robot_car_v2_description/hook/pythonpath.dsv'
[1.583s] INFO:colcon.colcon_core.shell:Creating environment hook '/home/shiva/Documents/ros2_projects/robot_car_V2/install/robot_car_v2_description/share/robot_car_v2_description/hook/pythonpath.sh'
[1.585s] Level 1:colcon.colcon_core.environment:checking '/home/shiva/Documents/ros2_projects/robot_car_V2/install/robot_car_v2_description/bin'
[1.586s] INFO:colcon.colcon_core.shell:Creating package script '/home/shiva/Documents/ros2_projects/robot_car_V2/install/robot_car_v2_description/share/robot_car_v2_description/package.ps1'
[1.588s] INFO:colcon.colcon_core.shell:Creating package descriptor '/home/shiva/Documents/ros2_projects/robot_car_V2/install/robot_car_v2_description/share/robot_car_v2_description/package.dsv'
[1.589s] INFO:colcon.colcon_core.shell:Creating package script '/home/shiva/Documents/ros2_projects/robot_car_V2/install/robot_car_v2_description/share/robot_car_v2_description/package.sh'
[1.592s] INFO:colcon.colcon_core.shell:Creating package script '/home/shiva/Documents/ros2_projects/robot_car_V2/install/robot_car_v2_description/share/robot_car_v2_description/package.bash'
[1.594s] INFO:colcon.colcon_core.shell:Creating package script '/home/shiva/Documents/ros2_projects/robot_car_V2/install/robot_car_v2_description/share/robot_car_v2_description/package.zsh'
[1.597s] Level 1:colcon.colcon_core.environment:create_file_with_runtime_dependencies(/home/shiva/Documents/ros2_projects/robot_car_V2/install/robot_car_v2_description/share/colcon-core/packages/robot_car_v2_description)
[1.636s] Level 1:colcon.colcon_core.environment:create_environment_scripts_only(robot_car_v2_controller)
[1.637s] Level 1:colcon.colcon_core.environment:checking '/home/shiva/Documents/ros2_projects/robot_car_V2/install/robot_car_v2_controller' for CMake module files
[1.642s] Level 1:colcon.colcon_core.environment:checking '/home/shiva/Documents/ros2_projects/robot_car_V2/install/robot_car_v2_controller' for CMake config files
[1.649s] Level 1:colcon.colcon_core.shell:create_environment_hook('robot_car_v2_controller', 'cmake_prefix_path')
[1.649s] INFO:colcon.colcon_core.shell:Creating environment hook '/home/shiva/Documents/ros2_projects/robot_car_V2/install/robot_car_v2_controller/share/robot_car_v2_controller/hook/cmake_prefix_path.ps1'
[1.650s] INFO:colcon.colcon_core.shell:Creating environment descriptor '/home/shiva/Documents/ros2_projects/robot_car_V2/install/robot_car_v2_controller/share/robot_car_v2_controller/hook/cmake_prefix_path.dsv'
[1.651s] INFO:colcon.colcon_core.shell:Creating environment hook '/home/shiva/Documents/ros2_projects/robot_car_V2/install/robot_car_v2_controller/share/robot_car_v2_controller/hook/cmake_prefix_path.sh'
[1.652s] Level 1:colcon.colcon_core.environment:checking '/home/shiva/Documents/ros2_projects/robot_car_V2/install/robot_car_v2_controller/lib'
[1.653s] Level 1:colcon.colcon_core.environment:checking '/home/shiva/Documents/ros2_projects/robot_car_V2/install/robot_car_v2_controller/bin'
[1.653s] Level 1:colcon.colcon_core.environment:checking '/home/shiva/Documents/ros2_projects/robot_car_V2/install/robot_car_v2_controller/lib/pkgconfig/robot_car_v2_controller.pc'
[1.653s] Level 1:colcon.colcon_core.environment:checking '/home/shiva/Documents/ros2_projects/robot_car_V2/install/robot_car_v2_controller/lib/python3.10/site-packages'
[1.654s] Level 1:colcon.colcon_core.shell:create_environment_hook('robot_car_v2_controller', 'pythonpath')
[1.654s] INFO:colcon.colcon_core.shell:Creating environment hook '/home/shiva/Documents/ros2_projects/robot_car_V2/install/robot_car_v2_controller/share/robot_car_v2_controller/hook/pythonpath.ps1'
[1.656s] INFO:colcon.colcon_core.shell:Creating environment descriptor '/home/shiva/Documents/ros2_projects/robot_car_V2/install/robot_car_v2_controller/share/robot_car_v2_controller/hook/pythonpath.dsv'
[1.658s] INFO:colcon.colcon_core.shell:Creating environment hook '/home/shiva/Documents/ros2_projects/robot_car_V2/install/robot_car_v2_controller/share/robot_car_v2_controller/hook/pythonpath.sh'
[1.660s] Level 1:colcon.colcon_core.environment:checking '/home/shiva/Documents/ros2_projects/robot_car_V2/install/robot_car_v2_controller/bin'
[1.660s] INFO:colcon.colcon_core.shell:Creating package script '/home/shiva/Documents/ros2_projects/robot_car_V2/install/robot_car_v2_controller/share/robot_car_v2_controller/package.ps1'
[1.663s] INFO:colcon.colcon_core.shell:Creating package descriptor '/home/shiva/Documents/ros2_projects/robot_car_V2/install/robot_car_v2_controller/share/robot_car_v2_controller/package.dsv'
[1.664s] INFO:colcon.colcon_core.shell:Creating package script '/home/shiva/Documents/ros2_projects/robot_car_V2/install/robot_car_v2_controller/share/robot_car_v2_controller/package.sh'
[1.667s] INFO:colcon.colcon_core.shell:Creating package script '/home/shiva/Documents/ros2_projects/robot_car_V2/install/robot_car_v2_controller/share/robot_car_v2_controller/package.bash'
[1.668s] INFO:colcon.colcon_core.shell:Creating package script '/home/shiva/Documents/ros2_projects/robot_car_V2/install/robot_car_v2_controller/share/robot_car_v2_controller/package.zsh'
[1.669s] Level 1:colcon.colcon_core.environment:create_file_with_runtime_dependencies(/home/shiva/Documents/ros2_projects/robot_car_V2/install/robot_car_v2_controller/share/colcon-core/packages/robot_car_v2_controller)
[1.677s] Level 1:colcon.colcon_core.environment:create_environment_scripts_only(robot_car_v2_description)
[1.678s] Level 1:colcon.colcon_core.environment:checking '/home/shiva/Documents/ros2_projects/robot_car_V2/install/robot_car_v2_description' for CMake module files
[1.681s] DEBUG:colcon.colcon_core.event_handler.log_command:Invoked command in '/home/shiva/Documents/ros2_projects/robot_car_V2/build/robot_car_v2_mapping' returned '0': CMAKE_PREFIX_PATH=${CMAKE_PREFIX_PATH}:/home/shiva/Documents/wrk_spc/install/my_pkg:/opt/ros/humble /usr/bin/cmake --build /home/shiva/Documents/ros2_projects/robot_car_V2/build/robot_car_v2_mapping -- -j8 -l8
[1.682s] Level 1:colcon.colcon_core.environment:checking '/home/shiva/Documents/ros2_projects/robot_car_V2/install/robot_car_v2_description' for CMake config files
[1.683s] DEBUG:colcon.colcon_core.event_handler.log_command:Invoked command in '/home/shiva/Documents/ros2_projects/robot_car_V2/build/robot_car_v2_description' returned '0': CMAKE_PREFIX_PATH=${CMAKE_PREFIX_PATH}:/home/shiva/Documents/wrk_spc/install/my_pkg:/opt/ros/humble /usr/bin/cmake --install /home/shiva/Documents/ros2_projects/robot_car_V2/build/robot_car_v2_description
[1.684s] DEBUG:colcon.colcon_core.event_handler.log_command:Invoking command in '/home/shiva/Documents/ros2_projects/robot_car_V2/build/robot_car_v2_mapping': CMAKE_PREFIX_PATH=${CMAKE_PREFIX_PATH}:/home/shiva/Documents/wrk_spc/install/my_pkg:/opt/ros/humble /usr/bin/cmake --install /home/shiva/Documents/ros2_projects/robot_car_V2/build/robot_car_v2_mapping
[1.689s] Level 1:colcon.colcon_core.shell:create_environment_hook('robot_car_v2_description', 'cmake_prefix_path')
[1.691s] INFO:colcon.colcon_core.shell:Creating environment hook '/home/shiva/Documents/ros2_projects/robot_car_V2/install/robot_car_v2_description/share/robot_car_v2_description/hook/cmake_prefix_path.ps1'
[1.693s] DEBUG:colcon.colcon_core.event_handler.log_command:Invoked command in '/home/shiva/Documents/ros2_projects/robot_car_V2/build/robot_car_v2_controller' returned '0': CMAKE_PREFIX_PATH=${CMAKE_PREFIX_PATH}:/home/shiva/Documents/wrk_spc/install/my_pkg:/opt/ros/humble /usr/bin/cmake --install /home/shiva/Documents/ros2_projects/robot_car_V2/build/robot_car_v2_controller
[1.693s] INFO:colcon.colcon_core.shell:Creating environment descriptor '/home/shiva/Documents/ros2_projects/robot_car_V2/install/robot_car_v2_description/share/robot_car_v2_description/hook/cmake_prefix_path.dsv'
[1.694s] INFO:colcon.colcon_core.shell:Creating environment hook '/home/shiva/Documents/ros2_projects/robot_car_V2/install/robot_car_v2_description/share/robot_car_v2_description/hook/cmake_prefix_path.sh'
[1.695s] Level 1:colcon.colcon_core.environment:checking '/home/shiva/Documents/ros2_projects/robot_car_V2/install/robot_car_v2_description/lib'
[1.696s] Level 1:colcon.colcon_core.environment:checking '/home/shiva/Documents/ros2_projects/robot_car_V2/install/robot_car_v2_description/bin'
[1.696s] Level 1:colcon.colcon_core.environment:checking '/home/shiva/Documents/ros2_projects/robot_car_V2/install/robot_car_v2_description/lib/pkgconfig/robot_car_v2_description.pc'
[1.696s] Level 1:colcon.colcon_core.environment:checking '/home/shiva/Documents/ros2_projects/robot_car_V2/install/robot_car_v2_description/lib/python3.10/site-packages'
[1.696s] Level 1:colcon.colcon_core.shell:create_environment_hook('robot_car_v2_description', 'pythonpath')
[1.697s] INFO:colcon.colcon_core.shell:Creating environment hook '/home/shiva/Documents/ros2_projects/robot_car_V2/install/robot_car_v2_description/share/robot_car_v2_description/hook/pythonpath.ps1'
[1.698s] INFO:colcon.colcon_core.shell:Creating environment descriptor '/home/shiva/Documents/ros2_projects/robot_car_V2/install/robot_car_v2_description/share/robot_car_v2_description/hook/pythonpath.dsv'
[1.699s] INFO:colcon.colcon_core.shell:Creating environment hook '/home/shiva/Documents/ros2_projects/robot_car_V2/install/robot_car_v2_description/share/robot_car_v2_description/hook/pythonpath.sh'
[1.700s] Level 1:colcon.colcon_core.environment:checking '/home/shiva/Documents/ros2_projects/robot_car_V2/install/robot_car_v2_description/bin'
[1.701s] INFO:colcon.colcon_core.shell:Creating package script '/home/shiva/Documents/ros2_projects/robot_car_V2/install/robot_car_v2_description/share/robot_car_v2_description/package.ps1'
[1.702s] INFO:colcon.colcon_core.shell:Creating package descriptor '/home/shiva/Documents/ros2_projects/robot_car_V2/install/robot_car_v2_description/share/robot_car_v2_description/package.dsv'
[1.703s] INFO:colcon.colcon_core.shell:Creating package script '/home/shiva/Documents/ros2_projects/robot_car_V2/install/robot_car_v2_description/share/robot_car_v2_description/package.sh'
[1.704s] INFO:colcon.colcon_core.shell:Creating package script '/home/shiva/Documents/ros2_projects/robot_car_V2/install/robot_car_v2_description/share/robot_car_v2_description/package.bash'
[1.705s] INFO:colcon.colcon_core.shell:Creating package script '/home/shiva/Documents/ros2_projects/robot_car_V2/install/robot_car_v2_description/share/robot_car_v2_description/package.zsh'
[1.706s] Level 1:colcon.colcon_core.environment:create_file_with_runtime_dependencies(/home/shiva/Documents/ros2_projects/robot_car_V2/install/robot_car_v2_description/share/colcon-core/packages/robot_car_v2_description)
[1.708s] Level 1:colcon.colcon_core.environment:create_environment_scripts_only(robot_car_v2_controller)
[1.708s] Level 1:colcon.colcon_core.environment:checking '/home/shiva/Documents/ros2_projects/robot_car_V2/install/robot_car_v2_controller' for CMake module files
[1.710s] Level 1:colcon.colcon_core.environment:checking '/home/shiva/Documents/ros2_projects/robot_car_V2/install/robot_car_v2_controller' for CMake config files
[1.710s] Level 1:colcon.colcon_core.shell:create_environment_hook('robot_car_v2_controller', 'cmake_prefix_path')
[1.711s] INFO:colcon.colcon_core.shell:Creating environment hook '/home/shiva/Documents/ros2_projects/robot_car_V2/install/robot_car_v2_controller/share/robot_car_v2_controller/hook/cmake_prefix_path.ps1'
[1.712s] INFO:colcon.colcon_core.shell:Creating environment descriptor '/home/shiva/Documents/ros2_projects/robot_car_V2/install/robot_car_v2_controller/share/robot_car_v2_controller/hook/cmake_prefix_path.dsv'
[1.713s] INFO:colcon.colcon_core.shell:Creating environment hook '/home/shiva/Documents/ros2_projects/robot_car_V2/install/robot_car_v2_controller/share/robot_car_v2_controller/hook/cmake_prefix_path.sh'
[1.714s] Level 1:colcon.colcon_core.environment:checking '/home/shiva/Documents/ros2_projects/robot_car_V2/install/robot_car_v2_controller/lib'
[1.714s] Level 1:colcon.colcon_core.environment:checking '/home/shiva/Documents/ros2_projects/robot_car_V2/install/robot_car_v2_controller/bin'
[1.714s] Level 1:colcon.colcon_core.environment:checking '/home/shiva/Documents/ros2_projects/robot_car_V2/install/robot_car_v2_controller/lib/pkgconfig/robot_car_v2_controller.pc'
[1.715s] Level 1:colcon.colcon_core.environment:checking '/home/shiva/Documents/ros2_projects/robot_car_V2/install/robot_car_v2_controller/lib/python3.10/site-packages'
[1.715s] Level 1:colcon.colcon_core.shell:create_environment_hook('robot_car_v2_controller', 'pythonpath')
[1.716s] INFO:colcon.colcon_core.shell:Creating environment hook '/home/shiva/Documents/ros2_projects/robot_car_V2/install/robot_car_v2_controller/share/robot_car_v2_controller/hook/pythonpath.ps1'
[1.717s] INFO:colcon.colcon_core.shell:Creating environment descriptor '/home/shiva/Documents/ros2_projects/robot_car_V2/install/robot_car_v2_controller/share/robot_car_v2_controller/hook/pythonpath.dsv'
[1.717s] INFO:colcon.colcon_core.shell:Creating environment hook '/home/shiva/Documents/ros2_projects/robot_car_V2/install/robot_car_v2_controller/share/robot_car_v2_controller/hook/pythonpath.sh'
[1.719s] Level 1:colcon.colcon_core.environment:checking '/home/shiva/Documents/ros2_projects/robot_car_V2/install/robot_car_v2_controller/bin'
[1.720s] INFO:colcon.colcon_core.shell:Creating package script '/home/shiva/Documents/ros2_projects/robot_car_V2/install/robot_car_v2_controller/share/robot_car_v2_controller/package.ps1'
[1.721s] INFO:colcon.colcon_core.shell:Creating package descriptor '/home/shiva/Documents/ros2_projects/robot_car_V2/install/robot_car_v2_controller/share/robot_car_v2_controller/package.dsv'
[1.722s] INFO:colcon.colcon_core.shell:Creating package script '/home/shiva/Documents/ros2_projects/robot_car_V2/install/robot_car_v2_controller/share/robot_car_v2_controller/package.sh'
[1.723s] INFO:colcon.colcon_core.shell:Creating package script '/home/shiva/Documents/ros2_projects/robot_car_V2/install/robot_car_v2_controller/share/robot_car_v2_controller/package.bash'
[1.724s] INFO:colcon.colcon_core.shell:Creating package script '/home/shiva/Documents/ros2_projects/robot_car_V2/install/robot_car_v2_controller/share/robot_car_v2_controller/package.zsh'
[1.725s] Level 1:colcon.colcon_core.environment:create_file_with_runtime_dependencies(/home/shiva/Documents/ros2_projects/robot_car_V2/install/robot_car_v2_controller/share/colcon-core/packages/robot_car_v2_controller)
[1.784s] Level 1:colcon.colcon_core.environment:create_environment_scripts_only(robot_car_v2_mapping)
[1.785s] Level 1:colcon.colcon_core.environment:checking '/home/shiva/Documents/ros2_projects/robot_car_V2/install/robot_car_v2_mapping' for CMake module files
[1.787s] DEBUG:colcon.colcon_core.event_handler.log_command:Invoked command in '/home/shiva/Documents/ros2_projects/robot_car_V2/build/robot_car_v2_mapping' returned '0': CMAKE_PREFIX_PATH=${CMAKE_PREFIX_PATH}:/home/shiva/Documents/wrk_spc/install/my_pkg:/opt/ros/humble /usr/bin/cmake --install /home/shiva/Documents/ros2_projects/robot_car_V2/build/robot_car_v2_mapping
[1.787s] Level 1:colcon.colcon_core.environment:checking '/home/shiva/Documents/ros2_projects/robot_car_V2/install/robot_car_v2_mapping' for CMake config files
[1.788s] Level 1:colcon.colcon_core.shell:create_environment_hook('robot_car_v2_mapping', 'cmake_prefix_path')
[1.788s] INFO:colcon.colcon_core.shell:Creating environment hook '/home/shiva/Documents/ros2_projects/robot_car_V2/install/robot_car_v2_mapping/share/robot_car_v2_mapping/hook/cmake_prefix_path.ps1'
[1.789s] INFO:colcon.colcon_core.shell:Creating environment descriptor '/home/shiva/Documents/ros2_projects/robot_car_V2/install/robot_car_v2_mapping/share/robot_car_v2_mapping/hook/cmake_prefix_path.dsv'
[1.790s] INFO:colcon.colcon_core.shell:Creating environment hook '/home/shiva/Documents/ros2_projects/robot_car_V2/install/robot_car_v2_mapping/share/robot_car_v2_mapping/hook/cmake_prefix_path.sh'
[1.791s] Level 1:colcon.colcon_core.environment:checking '/home/shiva/Documents/ros2_projects/robot_car_V2/install/robot_car_v2_mapping/lib'
[1.792s] Level 1:colcon.colcon_core.environment:checking '/home/shiva/Documents/ros2_projects/robot_car_V2/install/robot_car_v2_mapping/bin'
[1.792s] Level 1:colcon.colcon_core.environment:checking '/home/shiva/Documents/ros2_projects/robot_car_V2/install/robot_car_v2_mapping/lib/pkgconfig/robot_car_v2_mapping.pc'
[1.792s] Level 1:colcon.colcon_core.environment:checking '/home/shiva/Documents/ros2_projects/robot_car_V2/install/robot_car_v2_mapping/lib/python3.10/site-packages'
[1.792s] Level 1:colcon.colcon_core.shell:create_environment_hook('robot_car_v2_mapping', 'pythonpath')
[1.793s] INFO:colcon.colcon_core.shell:Creating environment hook '/home/shiva/Documents/ros2_projects/robot_car_V2/install/robot_car_v2_mapping/share/robot_car_v2_mapping/hook/pythonpath.ps1'
[1.794s] INFO:colcon.colcon_core.shell:Creating environment descriptor '/home/shiva/Documents/ros2_projects/robot_car_V2/install/robot_car_v2_mapping/share/robot_car_v2_mapping/hook/pythonpath.dsv'
[1.795s] INFO:colcon.colcon_core.shell:Creating environment hook '/home/shiva/Documents/ros2_projects/robot_car_V2/install/robot_car_v2_mapping/share/robot_car_v2_mapping/hook/pythonpath.sh'
[1.796s] Level 1:colcon.colcon_core.environment:checking '/home/shiva/Documents/ros2_projects/robot_car_V2/install/robot_car_v2_mapping/bin'
[1.797s] INFO:colcon.colcon_core.shell:Creating package script '/home/shiva/Documents/ros2_projects/robot_car_V2/install/robot_car_v2_mapping/share/robot_car_v2_mapping/package.ps1'
[1.798s] INFO:colcon.colcon_core.shell:Creating package descriptor '/home/shiva/Documents/ros2_projects/robot_car_V2/install/robot_car_v2_mapping/share/robot_car_v2_mapping/package.dsv'
[1.799s] INFO:colcon.colcon_core.shell:Creating package script '/home/shiva/Documents/ros2_projects/robot_car_V2/install/robot_car_v2_mapping/share/robot_car_v2_mapping/package.sh'
[1.800s] INFO:colcon.colcon_core.shell:Creating package script '/home/shiva/Documents/ros2_projects/robot_car_V2/install/robot_car_v2_mapping/share/robot_car_v2_mapping/package.bash'
[1.801s] INFO:colcon.colcon_core.shell:Creating package script '/home/shiva/Documents/ros2_projects/robot_car_V2/install/robot_car_v2_mapping/share/robot_car_v2_mapping/package.zsh'
[1.802s] Level 1:colcon.colcon_core.environment:create_file_with_runtime_dependencies(/home/shiva/Documents/ros2_projects/robot_car_V2/install/robot_car_v2_mapping/share/colcon-core/packages/robot_car_v2_mapping)
[1.857s] Level 1:colcon.colcon_core.environment:create_environment_scripts_only(robot_car_v2_mapping)
[1.857s] Level 1:colcon.colcon_core.environment:checking '/home/shiva/Documents/ros2_projects/robot_car_V2/install/robot_car_v2_mapping' for CMake module files
[1.859s] Level 1:colcon.colcon_core.environment:checking '/home/shiva/Documents/ros2_projects/robot_car_V2/install/robot_car_v2_mapping' for CMake config files
[1.859s] Level 1:colcon.colcon_core.shell:create_environment_hook('robot_car_v2_mapping', 'cmake_prefix_path')
[1.860s] INFO:colcon.colcon_core.shell:Creating environment hook '/home/shiva/Documents/ros2_projects/robot_car_V2/install/robot_car_v2_mapping/share/robot_car_v2_mapping/hook/cmake_prefix_path.ps1'
[1.861s] INFO:colcon.colcon_core.shell:Creating environment descriptor '/home/shiva/Documents/ros2_projects/robot_car_V2/install/robot_car_v2_mapping/share/robot_car_v2_mapping/hook/cmake_prefix_path.dsv'
[1.862s] INFO:colcon.colcon_core.shell:Creating environment hook '/home/shiva/Documents/ros2_projects/robot_car_V2/install/robot_car_v2_mapping/share/robot_car_v2_mapping/hook/cmake_prefix_path.sh'
[1.863s] Level 1:colcon.colcon_core.environment:checking '/home/shiva/Documents/ros2_projects/robot_car_V2/install/robot_car_v2_mapping/lib'
[1.863s] Level 1:colcon.colcon_core.environment:checking '/home/shiva/Documents/ros2_projects/robot_car_V2/install/robot_car_v2_mapping/bin'
[1.863s] Level 1:colcon.colcon_core.environment:checking '/home/shiva/Documents/ros2_projects/robot_car_V2/install/robot_car_v2_mapping/lib/pkgconfig/robot_car_v2_mapping.pc'
[1.864s] Level 1:colcon.colcon_core.environment:checking '/home/shiva/Documents/ros2_projects/robot_car_V2/install/robot_car_v2_mapping/lib/python3.10/site-packages'
[1.864s] Level 1:colcon.colcon_core.shell:create_environment_hook('robot_car_v2_mapping', 'pythonpath')
[1.865s] INFO:colcon.colcon_core.shell:Creating environment hook '/home/shiva/Documents/ros2_projects/robot_car_V2/install/robot_car_v2_mapping/share/robot_car_v2_mapping/hook/pythonpath.ps1'
[1.866s] INFO:colcon.colcon_core.shell:Creating environment descriptor '/home/shiva/Documents/ros2_projects/robot_car_V2/install/robot_car_v2_mapping/share/robot_car_v2_mapping/hook/pythonpath.dsv'
[1.867s] INFO:colcon.colcon_core.shell:Creating environment hook '/home/shiva/Documents/ros2_projects/robot_car_V2/install/robot_car_v2_mapping/share/robot_car_v2_mapping/hook/pythonpath.sh'
[1.868s] Level 1:colcon.colcon_core.environment:checking '/home/shiva/Documents/ros2_projects/robot_car_V2/install/robot_car_v2_mapping/bin'
[1.869s] INFO:colcon.colcon_core.shell:Creating package script '/home/shiva/Documents/ros2_projects/robot_car_V2/install/robot_car_v2_mapping/share/robot_car_v2_mapping/package.ps1'
[1.870s] INFO:colcon.colcon_core.shell:Creating package descriptor '/home/shiva/Documents/ros2_projects/robot_car_V2/install/robot_car_v2_mapping/share/robot_car_v2_mapping/package.dsv'
[1.871s] INFO:colcon.colcon_core.shell:Creating package script '/home/shiva/Documents/ros2_projects/robot_car_V2/install/robot_car_v2_mapping/share/robot_car_v2_mapping/package.sh'
[1.872s] INFO:colcon.colcon_core.shell:Creating package script '/home/shiva/Documents/ros2_projects/robot_car_V2/install/robot_car_v2_mapping/share/robot_car_v2_mapping/package.bash'
[1.873s] INFO:colcon.colcon_core.shell:Creating package script '/home/shiva/Documents/ros2_projects/robot_car_V2/install/robot_car_v2_mapping/share/robot_car_v2_mapping/package.zsh'
[1.874s] Level 1:colcon.colcon_core.environment:create_file_with_runtime_dependencies(/home/shiva/Documents/ros2_projects/robot_car_V2/install/robot_car_v2_mapping/share/colcon-core/packages/robot_car_v2_mapping)
[1.875s] DEBUG:colcon.colcon_parallel_executor.executor.parallel:closing loop
[1.876s] DEBUG:colcon.colcon_parallel_executor.executor.parallel:loop closed
[1.876s] DEBUG:colcon.colcon_parallel_executor.executor.parallel:run_until_complete finished with '0'
[1.876s] DEBUG:colcon.colcon_core.event_reactor:joining thread
[1.888s] INFO:colcon.colcon_core.plugin_system:Skipping extension 'colcon_notification.desktop_notification.terminal_notifier': Not used on non-Darwin systems
[1.889s] INFO:colcon.colcon_core.plugin_system:Skipping extension 'colcon_notification.desktop_notification.win32': Not used on non-Windows systems
[1.889s] INFO:colcon.colcon_notification.desktop_notification:Sending desktop notification using 'notify2'
[1.911s] DEBUG:colcon.colcon_core.event_reactor:joined thread
[1.912s] INFO:colcon.colcon_core.shell:Creating prefix script '/home/shiva/Documents/ros2_projects/robot_car_V2/install/local_setup.ps1'
[1.913s] INFO:colcon.colcon_core.shell:Creating prefix util module '/home/shiva/Documents/ros2_projects/robot_car_V2/install/_local_setup_util_ps1.py'
[1.915s] INFO:colcon.colcon_core.shell:Creating prefix chain script '/home/shiva/Documents/ros2_projects/robot_car_V2/install/setup.ps1'
[1.918s] INFO:colcon.colcon_core.shell:Creating prefix script '/home/shiva/Documents/ros2_projects/robot_car_V2/install/local_setup.sh'
[1.919s] INFO:colcon.colcon_core.shell:Creating prefix util module '/home/shiva/Documents/ros2_projects/robot_car_V2/install/_local_setup_util_sh.py'
[1.919s] INFO:colcon.colcon_core.shell:Creating prefix chain script '/home/shiva/Documents/ros2_projects/robot_car_V2/install/setup.sh'
[1.924s] INFO:colcon.colcon_core.shell:Creating prefix script '/home/shiva/Documents/ros2_projects/robot_car_V2/install/local_setup.bash'
[1.925s] INFO:colcon.colcon_core.shell:Creating prefix chain script '/home/shiva/Documents/ros2_projects/robot_car_V2/install/setup.bash'
[1.929s] INFO:colcon.colcon_core.shell:Creating prefix script '/home/shiva/Documents/ros2_projects/robot_car_V2/install/local_setup.zsh'
[1.930s] INFO:colcon.colcon_core.shell:Creating prefix chain script '/home/shiva/Documents/ros2_projects/robot_car_V2/install/setup.zsh'
