Built target ament_cmake_python_copy_robot_car_v2_mapping
running egg_info
writing robot_car_v2_mapping.egg-info/PKG-INFO
writing dependency_links to robot_car_v2_mapping.egg-info/dependency_links.txt
writing top-level names to robot_car_v2_mapping.egg-info/top_level.txt
reading manifest file 'robot_car_v2_mapping.egg-info/SOURCES.txt'
writing manifest file 'robot_car_v2_mapping.egg-info/SOURCES.txt'
Built target ament_cmake_python_build_robot_car_v2_mapping_egg
-- Install configuration: ""
-- Up-to-date: /home/shiva/Documents/ros2_projects/robot_car_V2/install/robot_car_v2_mapping/share/robot_car_v2_mapping/environment/pythonpath.sh
-- Up-to-date: /home/shiva/Documents/ros2_projects/robot_car_V2/install/robot_car_v2_mapping/share/robot_car_v2_mapping/environment/pythonpath.dsv
-- Up-to-date: /home/shiva/Documents/ros2_projects/robot_car_V2/install/robot_car_v2_mapping/lib/python3.10/site-packages/robot_car_v2_mapping-0.0.0-py3.10.egg-info
-- Installing: /home/shiva/Documents/ros2_projects/robot_car_V2/install/robot_car_v2_mapping/lib/python3.10/site-packages/robot_car_v2_mapping-0.0.0-py3.10.egg-info/PKG-INFO
-- Installing: /home/shiva/Documents/ros2_projects/robot_car_V2/install/robot_car_v2_mapping/lib/python3.10/site-packages/robot_car_v2_mapping-0.0.0-py3.10.egg-info/top_level.txt
-- Installing: /home/shiva/Documents/ros2_projects/robot_car_V2/install/robot_car_v2_mapping/lib/python3.10/site-packages/robot_car_v2_mapping-0.0.0-py3.10.egg-info/SOURCES.txt
-- Installing: /home/shiva/Documents/ros2_projects/robot_car_V2/install/robot_car_v2_mapping/lib/python3.10/site-packages/robot_car_v2_mapping-0.0.0-py3.10.egg-info/dependency_links.txt
-- Up-to-date: /home/shiva/Documents/ros2_projects/robot_car_V2/install/robot_car_v2_mapping/lib/python3.10/site-packages/robot_car_v2_mapping
-- Up-to-date: /home/shiva/Documents/ros2_projects/robot_car_V2/install/robot_car_v2_mapping/lib/python3.10/site-packages/robot_car_v2_mapping/mapping_with_known_poses.py
-- Up-to-date: /home/shiva/Documents/ros2_projects/robot_car_V2/install/robot_car_v2_mapping/lib/python3.10/site-packages/robot_car_v2_mapping/__init__.py
Listing '/home/shiva/Documents/ros2_projects/robot_car_V2/install/robot_car_v2_mapping/lib/python3.10/site-packages/robot_car_v2_mapping'...
-- Up-to-date: /home/shiva/Documents/ros2_projects/robot_car_V2/install/robot_car_v2_mapping/include/include
-- Up-to-date: /home/shiva/Documents/ros2_projects/robot_car_V2/install/robot_car_v2_mapping/include/include/robot_car_v2_mapping
-- Up-to-date: /home/shiva/Documents/ros2_projects/robot_car_V2/install/robot_car_v2_mapping/share/robot_car_v2_mapping/maps
-- Installing: /home/shiva/Documents/ros2_projects/robot_car_V2/install/robot_car_v2_mapping/share/robot_car_v2_mapping/maps/small_warehouse
-- Installing: /home/shiva/Documents/ros2_projects/robot_car_V2/install/robot_car_v2_mapping/share/robot_car_v2_mapping/maps/small_warehouse/map.pgm
-- Installing: /home/shiva/Documents/ros2_projects/robot_car_V2/install/robot_car_v2_mapping/share/robot_car_v2_mapping/maps/small_warehouse/map.yaml
-- Up-to-date: /home/shiva/Documents/ros2_projects/robot_car_V2/install/robot_car_v2_mapping/share/robot_car_v2_mapping/maps/small_house
-- Up-to-date: /home/shiva/Documents/ros2_projects/robot_car_V2/install/robot_car_v2_mapping/share/robot_car_v2_mapping/maps/small_house/map.pgm
-- Up-to-date: /home/shiva/Documents/ros2_projects/robot_car_V2/install/robot_car_v2_mapping/share/robot_car_v2_mapping/maps/small_house/map.yaml
-- Up-to-date: /home/shiva/Documents/ros2_projects/robot_car_V2/install/robot_car_v2_mapping/share/robot_car_v2_mapping/config
-- Up-to-date: /home/shiva/Documents/ros2_projects/robot_car_V2/install/robot_car_v2_mapping/share/robot_car_v2_mapping/config/slam_toobox.yaml
-- Up-to-date: /home/shiva/Documents/ros2_projects/robot_car_V2/install/robot_car_v2_mapping/share/robot_car_v2_mapping/config/slam.rviz
-- Up-to-date: /home/shiva/Documents/ros2_projects/robot_car_V2/install/robot_car_v2_mapping/share/robot_car_v2_mapping/launch
-- Up-to-date: /home/shiva/Documents/ros2_projects/robot_car_V2/install/robot_car_v2_mapping/share/robot_car_v2_mapping/launch/slam.launch.py
-- Up-to-date: /home/shiva/Documents/ros2_projects/robot_car_V2/install/robot_car_v2_mapping/lib/robot_car_v2_mapping/mapping_with_known_poses.py
-- Up-to-date: /home/shiva/Documents/ros2_projects/robot_car_V2/install/robot_car_v2_mapping/share/ament_index/resource_index/package_run_dependencies/robot_car_v2_mapping
-- Up-to-date: /home/shiva/Documents/ros2_projects/robot_car_V2/install/robot_car_v2_mapping/share/ament_index/resource_index/parent_prefix_path/robot_car_v2_mapping
-- Up-to-date: /home/shiva/Documents/ros2_projects/robot_car_V2/install/robot_car_v2_mapping/share/robot_car_v2_mapping/environment/ament_prefix_path.sh
-- Up-to-date: /home/shiva/Documents/ros2_projects/robot_car_V2/install/robot_car_v2_mapping/share/robot_car_v2_mapping/environment/ament_prefix_path.dsv
-- Up-to-date: /home/shiva/Documents/ros2_projects/robot_car_V2/install/robot_car_v2_mapping/share/robot_car_v2_mapping/environment/path.sh
-- Up-to-date: /home/shiva/Documents/ros2_projects/robot_car_V2/install/robot_car_v2_mapping/share/robot_car_v2_mapping/environment/path.dsv
-- Up-to-date: /home/shiva/Documents/ros2_projects/robot_car_V2/install/robot_car_v2_mapping/share/robot_car_v2_mapping/local_setup.bash
-- Up-to-date: /home/shiva/Documents/ros2_projects/robot_car_V2/install/robot_car_v2_mapping/share/robot_car_v2_mapping/local_setup.sh
-- Up-to-date: /home/shiva/Documents/ros2_projects/robot_car_V2/install/robot_car_v2_mapping/share/robot_car_v2_mapping/local_setup.zsh
-- Up-to-date: /home/shiva/Documents/ros2_projects/robot_car_V2/install/robot_car_v2_mapping/share/robot_car_v2_mapping/local_setup.dsv
-- Installing: /home/shiva/Documents/ros2_projects/robot_car_V2/install/robot_car_v2_mapping/share/robot_car_v2_mapping/package.dsv
-- Up-to-date: /home/shiva/Documents/ros2_projects/robot_car_V2/install/robot_car_v2_mapping/share/ament_index/resource_index/packages/robot_car_v2_mapping
-- Up-to-date: /home/shiva/Documents/ros2_projects/robot_car_V2/install/robot_car_v2_mapping/share/robot_car_v2_mapping/cmake/robot_car_v2_mappingConfig.cmake
-- Up-to-date: /home/shiva/Documents/ros2_projects/robot_car_V2/install/robot_car_v2_mapping/share/robot_car_v2_mapping/cmake/robot_car_v2_mappingConfig-version.cmake
-- Up-to-date: /home/shiva/Documents/ros2_projects/robot_car_V2/install/robot_car_v2_mapping/share/robot_car_v2_mapping/package.xml
