[0.171s] DEBUG:colcon:Command line arguments: ['/usr/bin/colcon', 'list', '-p', '--base-paths', '/home/shiva/Documents/ros2_projects/robot_car_V2']
[0.171s] DEBUG:colcon:Parsed command line arguments: Namespace(log_base=None, log_level=None, verb_name='list', build_base='build', ignore_user_meta=False, metas=['./colcon.meta'], base_paths=['/home/shiva/Documents/ros2_projects/robot_car_V2'], packages_ignore=None, packages_ignore_regex=None, paths=None, packages_up_to=None, packages_up_to_regex=None, packages_above=None, packages_above_and_dependencies=None, packages_above_depth=None, packages_select_by_dep=None, packages_skip_by_dep=None, packages_skip_up_to=None, packages_select_build_failed=False, packages_skip_build_finished=False, packages_select_test_failures=False, packages_skip_test_passed=False, packages_select=None, packages_skip=None, packages_select_regex=None, packages_skip_regex=None, packages_start=None, packages_end=None, allow_overriding=[], topological_order=False, names_only=False, paths_only=True, topological_graph=False, topological_graph_dot=False, topological_graph_density=False, topological_graph_legend=False, topological_graph_dot_cluster=False, topological_graph_dot_include_skipped=False, mixin_files=None, mixin=None, verb_parser=<colcon_mixin.mixin.mixin_argument.MixinArgumentDecorator object at 0x70efb883f370>, verb_extension=<colcon_package_information.verb.list.ListVerb object at 0x70efb883df30>, main=<bound method ListVerb.main of <colcon_package_information.verb.list.ListVerb object at 0x70efb883df30>>, mixin_verb=('list',))
[0.527s] Level 1:colcon.colcon_core.package_discovery:discover_packages(colcon_meta) check parameters
[0.527s] Level 1:colcon.colcon_core.package_discovery:discover_packages(recursive) check parameters
[0.527s] Level 1:colcon.colcon_core.package_discovery:discover_packages(ignore) check parameters
[0.527s] Level 1:colcon.colcon_core.package_discovery:discover_packages(path) check parameters
[0.528s] Level 1:colcon.colcon_core.package_discovery:discover_packages(recursive) discover
[0.528s] INFO:colcon.colcon_core.package_discovery:Crawling recursively for packages in '/home/shiva/Documents/ros2_projects/robot_car_V2'
[0.528s] Level 1:colcon.colcon_core.package_identification:_identify(/home/shiva/Documents/ros2_projects/robot_car_V2) by extensions ['ignore', 'ignore_ament_install']
[0.528s] Level 1:colcon.colcon_core.package_identification:_identify(/home/shiva/Documents/ros2_projects/robot_car_V2) by extension 'ignore'
[0.528s] Level 1:colcon.colcon_core.package_identification:_identify(/home/shiva/Documents/ros2_projects/robot_car_V2) by extension 'ignore_ament_install'
[0.528s] Level 1:colcon.colcon_core.package_identification:_identify(/home/shiva/Documents/ros2_projects/robot_car_V2) by extensions ['colcon_pkg']
[0.528s] Level 1:colcon.colcon_core.package_identification:_identify(/home/shiva/Documents/ros2_projects/robot_car_V2) by extension 'colcon_pkg'
[0.528s] Level 1:colcon.colcon_core.package_identification:_identify(/home/shiva/Documents/ros2_projects/robot_car_V2) by extensions ['colcon_meta']
[0.529s] Level 1:colcon.colcon_core.package_identification:_identify(/home/shiva/Documents/ros2_projects/robot_car_V2) by extension 'colcon_meta'
[0.529s] Level 1:colcon.colcon_core.package_identification:_identify(/home/shiva/Documents/ros2_projects/robot_car_V2) by extensions ['ros']
[0.529s] Level 1:colcon.colcon_core.package_identification:_identify(/home/shiva/Documents/ros2_projects/robot_car_V2) by extension 'ros'
[0.551s] Level 1:colcon.colcon_core.package_identification:_identify(/home/shiva/Documents/ros2_projects/robot_car_V2) by extensions ['cmake', 'python']
[0.551s] Level 1:colcon.colcon_core.package_identification:_identify(/home/shiva/Documents/ros2_projects/robot_car_V2) by extension 'cmake'
[0.551s] Level 1:colcon.colcon_core.package_identification:_identify(/home/shiva/Documents/ros2_projects/robot_car_V2) by extension 'python'
[0.551s] Level 1:colcon.colcon_core.package_identification:_identify(/home/shiva/Documents/ros2_projects/robot_car_V2) by extensions ['python_setup_py']
[0.551s] Level 1:colcon.colcon_core.package_identification:_identify(/home/shiva/Documents/ros2_projects/robot_car_V2) by extension 'python_setup_py'
[0.551s] Level 1:colcon.colcon_core.package_identification:_identify(/home/shiva/Documents/ros2_projects/robot_car_V2/build) by extensions ['ignore', 'ignore_ament_install']
[0.551s] Level 1:colcon.colcon_core.package_identification:_identify(/home/shiva/Documents/ros2_projects/robot_car_V2/build) by extension 'ignore'
[0.552s] Level 1:colcon.colcon_core.package_identification:_identify(/home/shiva/Documents/ros2_projects/robot_car_V2/build) ignored
[0.552s] Level 1:colcon.colcon_core.package_identification:_identify(/home/shiva/Documents/ros2_projects/robot_car_V2/install) by extensions ['ignore', 'ignore_ament_install']
[0.552s] Level 1:colcon.colcon_core.package_identification:_identify(/home/shiva/Documents/ros2_projects/robot_car_V2/install) by extension 'ignore'
[0.552s] Level 1:colcon.colcon_core.package_identification:_identify(/home/shiva/Documents/ros2_projects/robot_car_V2/install) ignored
[0.552s] Level 1:colcon.colcon_core.package_identification:_identify(/home/shiva/Documents/ros2_projects/robot_car_V2/log) by extensions ['ignore', 'ignore_ament_install']
[0.553s] Level 1:colcon.colcon_core.package_identification:_identify(/home/shiva/Documents/ros2_projects/robot_car_V2/log) by extension 'ignore'
[0.553s] Level 1:colcon.colcon_core.package_identification:_identify(/home/shiva/Documents/ros2_projects/robot_car_V2/log) ignored
[0.553s] Level 1:colcon.colcon_core.package_identification:_identify(/home/shiva/Documents/ros2_projects/robot_car_V2/src) by extensions ['ignore', 'ignore_ament_install']
[0.553s] Level 1:colcon.colcon_core.package_identification:_identify(/home/shiva/Documents/ros2_projects/robot_car_V2/src) by extension 'ignore'
[0.553s] Level 1:colcon.colcon_core.package_identification:_identify(/home/shiva/Documents/ros2_projects/robot_car_V2/src) by extension 'ignore_ament_install'
[0.553s] Level 1:colcon.colcon_core.package_identification:_identify(/home/shiva/Documents/ros2_projects/robot_car_V2/src) by extensions ['colcon_pkg']
[0.553s] Level 1:colcon.colcon_core.package_identification:_identify(/home/shiva/Documents/ros2_projects/robot_car_V2/src) by extension 'colcon_pkg'
[0.553s] Level 1:colcon.colcon_core.package_identification:_identify(/home/shiva/Documents/ros2_projects/robot_car_V2/src) by extensions ['colcon_meta']
[0.554s] Level 1:colcon.colcon_core.package_identification:_identify(/home/shiva/Documents/ros2_projects/robot_car_V2/src) by extension 'colcon_meta'
[0.554s] Level 1:colcon.colcon_core.package_identification:_identify(/home/shiva/Documents/ros2_projects/robot_car_V2/src) by extensions ['ros']
[0.554s] Level 1:colcon.colcon_core.package_identification:_identify(/home/shiva/Documents/ros2_projects/robot_car_V2/src) by extension 'ros'
[0.554s] Level 1:colcon.colcon_core.package_identification:_identify(/home/shiva/Documents/ros2_projects/robot_car_V2/src) by extensions ['cmake', 'python']
[0.554s] Level 1:colcon.colcon_core.package_identification:_identify(/home/shiva/Documents/ros2_projects/robot_car_V2/src) by extension 'cmake'
[0.554s] Level 1:colcon.colcon_core.package_identification:_identify(/home/shiva/Documents/ros2_projects/robot_car_V2/src) by extension 'python'
[0.554s] Level 1:colcon.colcon_core.package_identification:_identify(/home/shiva/Documents/ros2_projects/robot_car_V2/src) by extensions ['python_setup_py']
[0.554s] Level 1:colcon.colcon_core.package_identification:_identify(/home/shiva/Documents/ros2_projects/robot_car_V2/src) by extension 'python_setup_py'
[0.555s] Level 1:colcon.colcon_core.package_identification:_identify(/home/shiva/Documents/ros2_projects/robot_car_V2/src/robot_car_description) by extensions ['ignore', 'ignore_ament_install']
[0.555s] Level 1:colcon.colcon_core.package_identification:_identify(/home/shiva/Documents/ros2_projects/robot_car_V2/src/robot_car_description) by extension 'ignore'
[0.555s] Level 1:colcon.colcon_core.package_identification:_identify(/home/shiva/Documents/ros2_projects/robot_car_V2/src/robot_car_description) by extension 'ignore_ament_install'
[0.555s] Level 1:colcon.colcon_core.package_identification:_identify(/home/shiva/Documents/ros2_projects/robot_car_V2/src/robot_car_description) by extensions ['colcon_pkg']
[0.555s] Level 1:colcon.colcon_core.package_identification:_identify(/home/shiva/Documents/ros2_projects/robot_car_V2/src/robot_car_description) by extension 'colcon_pkg'
[0.555s] Level 1:colcon.colcon_core.package_identification:_identify(/home/shiva/Documents/ros2_projects/robot_car_V2/src/robot_car_description) by extensions ['colcon_meta']
[0.555s] Level 1:colcon.colcon_core.package_identification:_identify(/home/shiva/Documents/ros2_projects/robot_car_V2/src/robot_car_description) by extension 'colcon_meta'
[0.555s] Level 1:colcon.colcon_core.package_identification:_identify(/home/shiva/Documents/ros2_projects/robot_car_V2/src/robot_car_description) by extensions ['ros']
[0.555s] Level 1:colcon.colcon_core.package_identification:_identify(/home/shiva/Documents/ros2_projects/robot_car_V2/src/robot_car_description) by extension 'ros'
[0.560s] DEBUG:colcon.colcon_core.package_identification:Found ROS schema reference in package manifest in '/home/shiva/Documents/ros2_projects/robot_car_V2/src/robot_car_description'
[0.560s] WARNING:colcon.colcon_core.package_identification:Failed to parse ROS package manifest in '/home/shiva/Documents/ros2_projects/robot_car_V2/src/robot_car_description': Error(s) in package '/home/shiva/Documents/ros2_projects/robot_car_V2/src/robot_car_description/package.xml':
Invalid email "shivasamkumar1@gmail.com~" for person "shiva"
[0.561s] Level 1:colcon.colcon_core.package_identification:_identify(/home/shiva/Documents/ros2_projects/robot_car_V2/src/robot_car_description) by extensions ['cmake', 'python']
[0.561s] Level 1:colcon.colcon_core.package_identification:_identify(/home/shiva/Documents/ros2_projects/robot_car_V2/src/robot_car_description) by extension 'cmake'
[0.563s] Level 1:colcon.colcon_core.package_identification:_identify(/home/shiva/Documents/ros2_projects/robot_car_V2/src/robot_car_description) by extension 'python'
[0.563s] DEBUG:colcon.colcon_core.package_identification:Package '/home/shiva/Documents/ros2_projects/robot_car_V2/src/robot_car_description' with type 'cmake' and name 'robot_car_description'
[0.563s] Level 1:colcon.colcon_core.package_discovery:discover_packages(recursive) using defaults
