[0.026s] Invoking command in '/home/shiva/Documents/ros2_projects/robot_car_V2/build/robot_car_v2_localization_planning': CMAKE_PREFIX_PATH=${CMAKE_PREFIX_PATH}:/home/shiva/Documents/wrk_spc/install/my_pkg:/opt/ros/humble /usr/bin/cmake /home/shiva/Documents/ros2_projects/robot_car_V2/src/robot_car_v2_localization_planning -DCMAKE_INSTALL_PREFIX=/home/shiva/Documents/ros2_projects/robot_car_V2/install/robot_car_v2_localization_planning
[0.127s] -- The C compiler identification is GNU 11.4.0
[0.225s] -- The CXX compiler identification is GNU 11.4.0
[0.235s] -- Detecting C compiler ABI info
[0.352s] -- Detecting C compiler ABI info - done
[0.375s] -- Check for working C compiler: /usr/bin/cc - skipped
[0.376s] -- Detecting C compile features
[0.376s] -- Detecting C compile features - done
[0.384s] -- Detecting CXX compiler ABI info
[0.539s] -- Detecting CXX compiler ABI info - done
[0.562s] -- Check for working CXX compiler: /usr/bin/c++ - skipped
[0.563s] -- Detecting CXX compile features
[0.564s] -- Detecting CXX compile features - done
[0.570s] -- Found ament_cmake: 1.3.10 (/opt/ros/humble/share/ament_cmake/cmake)
[2.075s] -- Found Python3: /home/shiva/.pyenv/shims/python3 (found version "3.10.9") found components: Interpreter 
[2.421s] -- Found rclcpp: 16.0.10 (/opt/ros/humble/share/rclcpp/cmake)
[2.508s] -- Found rosidl_generator_c: 3.1.5 (/opt/ros/humble/share/rosidl_generator_c/cmake)
[2.519s] -- Found rosidl_adapter: 3.1.5 (/opt/ros/humble/share/rosidl_adapter/cmake)
[2.535s] -- Found rosidl_generator_cpp: 3.1.5 (/opt/ros/humble/share/rosidl_generator_cpp/cmake)
[2.560s] -- Using all available rosidl_typesupport_c: rosidl_typesupport_fastrtps_c;rosidl_typesupport_introspection_c
[2.593s] -- Using all available rosidl_typesupport_cpp: rosidl_typesupport_fastrtps_cpp;rosidl_typesupport_introspection_cpp
[2.699s] -- Found rmw_implementation_cmake: 6.1.2 (/opt/ros/humble/share/rmw_implementation_cmake/cmake)
[2.710s] -- Found rmw_cyclonedds_cpp: 1.3.4 (/opt/ros/humble/share/rmw_cyclonedds_cpp/cmake)
[2.769s] -- Using RMW implementation 'rmw_cyclonedds_cpp' as default
[2.791s] -- Looking for pthread.h
[2.922s] -- Looking for pthread.h - found
[2.922s] -- Performing Test CMAKE_HAVE_LIBC_PTHREAD
[3.070s] -- Performing Test CMAKE_HAVE_LIBC_PTHREAD - Success
[3.074s] -- Found Threads: TRUE  
[3.205s] -- Found rclpy: 3.3.14 (/opt/ros/humble/share/rclpy/cmake)
[3.210s] -- Found nav_msgs: 4.2.4 (/opt/ros/humble/share/nav_msgs/cmake)
[3.298s] -- Found sensor_msgs: 4.2.4 (/opt/ros/humble/share/sensor_msgs/cmake)
[3.338s] -- Found tf2: 0.25.8 (/opt/ros/humble/share/tf2/cmake)
[3.367s] -- Found nav2_bringup: 1.1.16 (/opt/ros/humble/share/nav2_bringup/cmake)
[3.776s] -- Found ament_lint_auto: 0.12.11 (/opt/ros/humble/share/ament_lint_auto/cmake)
[4.167s] -- Added test 'flake8' to check Python code syntax and style conventions
[4.168s] -- Added test 'lint_cmake' to check CMake code style
[4.170s] -- Added test 'pep257' to check Python code against some of the docstring style conventions in PEP 257
[4.174s] -- Added test 'xmllint' to check XML markup files
[4.179s] -- Configuring done
[4.189s] -- Generating done
[4.195s] -- Build files have been written to: /home/shiva/Documents/ros2_projects/robot_car_V2/build/robot_car_v2_localization_planning
[4.208s] Invoked command in '/home/shiva/Documents/ros2_projects/robot_car_V2/build/robot_car_v2_localization_planning' returned '0': CMAKE_PREFIX_PATH=${CMAKE_PREFIX_PATH}:/home/shiva/Documents/wrk_spc/install/my_pkg:/opt/ros/humble /usr/bin/cmake /home/shiva/Documents/ros2_projects/robot_car_V2/src/robot_car_v2_localization_planning -DCMAKE_INSTALL_PREFIX=/home/shiva/Documents/ros2_projects/robot_car_V2/install/robot_car_v2_localization_planning
[4.211s] Invoking command in '/home/shiva/Documents/ros2_projects/robot_car_V2/build/robot_car_v2_localization_planning': CMAKE_PREFIX_PATH=${CMAKE_PREFIX_PATH}:/home/shiva/Documents/wrk_spc/install/my_pkg:/opt/ros/humble /usr/bin/cmake --build /home/shiva/Documents/ros2_projects/robot_car_V2/build/robot_car_v2_localization_planning -- -j8 -l8
[4.307s] Built target ament_cmake_python_copy_robot_car_v2_localization_planning
[4.852s] running egg_info
[4.854s] creating robot_car_v2_localization_planning.egg-info
[4.878s] writing robot_car_v2_localization_planning.egg-info/PKG-INFO
[4.878s] writing dependency_links to robot_car_v2_localization_planning.egg-info/dependency_links.txt
[4.879s] writing top-level names to robot_car_v2_localization_planning.egg-info/top_level.txt
[4.879s] writing manifest file 'robot_car_v2_localization_planning.egg-info/SOURCES.txt'
[4.960s] reading manifest file 'robot_car_v2_localization_planning.egg-info/SOURCES.txt'
[4.962s] writing manifest file 'robot_car_v2_localization_planning.egg-info/SOURCES.txt'
[5.005s] Built target ament_cmake_python_build_robot_car_v2_localization_planning_egg
[5.020s] Invoked command in '/home/shiva/Documents/ros2_projects/robot_car_V2/build/robot_car_v2_localization_planning' returned '0': CMAKE_PREFIX_PATH=${CMAKE_PREFIX_PATH}:/home/shiva/Documents/wrk_spc/install/my_pkg:/opt/ros/humble /usr/bin/cmake --build /home/shiva/Documents/ros2_projects/robot_car_V2/build/robot_car_v2_localization_planning -- -j8 -l8
[5.055s] Invoking command in '/home/shiva/Documents/ros2_projects/robot_car_V2/build/robot_car_v2_localization_planning': CMAKE_PREFIX_PATH=${CMAKE_PREFIX_PATH}:/home/shiva/Documents/wrk_spc/install/my_pkg:/opt/ros/humble /usr/bin/cmake --install /home/shiva/Documents/ros2_projects/robot_car_V2/build/robot_car_v2_localization_planning
[5.065s] -- Install configuration: ""
[5.066s] -- Installing: /home/shiva/Documents/ros2_projects/robot_car_V2/install/robot_car_v2_localization_planning/share/robot_car_v2_localization_planning/environment/pythonpath.sh
[5.066s] -- Installing: /home/shiva/Documents/ros2_projects/robot_car_V2/install/robot_car_v2_localization_planning/share/robot_car_v2_localization_planning/environment/pythonpath.dsv
[5.066s] -- Installing: /home/shiva/Documents/ros2_projects/robot_car_V2/install/robot_car_v2_localization_planning/lib/python3.10/site-packages/robot_car_v2_localization_planning-0.0.0-py3.10.egg-info
[5.066s] -- Installing: /home/shiva/Documents/ros2_projects/robot_car_V2/install/robot_car_v2_localization_planning/lib/python3.10/site-packages/robot_car_v2_localization_planning-0.0.0-py3.10.egg-info/PKG-INFO
[5.067s] -- Installing: /home/shiva/Documents/ros2_projects/robot_car_V2/install/robot_car_v2_localization_planning/lib/python3.10/site-packages/robot_car_v2_localization_planning-0.0.0-py3.10.egg-info/top_level.txt
[5.067s] -- Installing: /home/shiva/Documents/ros2_projects/robot_car_V2/install/robot_car_v2_localization_planning/lib/python3.10/site-packages/robot_car_v2_localization_planning-0.0.0-py3.10.egg-info/SOURCES.txt
[5.067s] -- Installing: /home/shiva/Documents/ros2_projects/robot_car_V2/install/robot_car_v2_localization_planning/lib/python3.10/site-packages/robot_car_v2_localization_planning-0.0.0-py3.10.egg-info/dependency_links.txt
[5.067s] -- Installing: /home/shiva/Documents/ros2_projects/robot_car_V2/install/robot_car_v2_localization_planning/lib/python3.10/site-packages/robot_car_v2_localization_planning
[5.068s] -- Installing: /home/shiva/Documents/ros2_projects/robot_car_V2/install/robot_car_v2_localization_planning/lib/python3.10/site-packages/robot_car_v2_localization_planning/kalman_filter.py
[5.068s] -- Installing: /home/shiva/Documents/ros2_projects/robot_car_V2/install/robot_car_v2_localization_planning/lib/python3.10/site-packages/robot_car_v2_localization_planning/__init__.py
[5.068s] -- Installing: /home/shiva/Documents/ros2_projects/robot_car_V2/install/robot_car_v2_localization_planning/lib/python3.10/site-packages/robot_car_v2_localization_planning/imu_republisher.py
[5.068s] -- Installing: /home/shiva/Documents/ros2_projects/robot_car_V2/install/robot_car_v2_localization_planning/lib/python3.10/site-packages/robot_car_v2_localization_planning/odometry_motion_model.py
[5.214s] Listing '/home/shiva/Documents/ros2_projects/robot_car_V2/install/robot_car_v2_localization_planning/lib/python3.10/site-packages/robot_car_v2_localization_planning'...
[5.214s] Compiling '/home/shiva/Documents/ros2_projects/robot_car_V2/install/robot_car_v2_localization_planning/lib/python3.10/site-packages/robot_car_v2_localization_planning/__init__.py'...
[5.214s] Compiling '/home/shiva/Documents/ros2_projects/robot_car_V2/install/robot_car_v2_localization_planning/lib/python3.10/site-packages/robot_car_v2_localization_planning/imu_republisher.py'...
[5.214s] Compiling '/home/shiva/Documents/ros2_projects/robot_car_V2/install/robot_car_v2_localization_planning/lib/python3.10/site-packages/robot_car_v2_localization_planning/kalman_filter.py'...
[5.214s] Compiling '/home/shiva/Documents/ros2_projects/robot_car_V2/install/robot_car_v2_localization_planning/lib/python3.10/site-packages/robot_car_v2_localization_planning/odometry_motion_model.py'...
[5.224s] -- Installing: /home/shiva/Documents/ros2_projects/robot_car_V2/install/robot_car_v2_localization_planning/include/include
[5.224s] -- Installing: /home/shiva/Documents/ros2_projects/robot_car_V2/install/robot_car_v2_localization_planning/include/include/robot_car_v2_localization_planning
[5.225s] -- Installing: /home/shiva/Documents/ros2_projects/robot_car_V2/install/robot_car_v2_localization_planning/share/robot_car_v2_localization_planning/launch
[5.226s] -- Installing: /home/shiva/Documents/ros2_projects/robot_car_V2/install/robot_car_v2_localization_planning/share/robot_car_v2_localization_planning/launch/global_localization.launch.py
[5.226s] -- Installing: /home/shiva/Documents/ros2_projects/robot_car_V2/install/robot_car_v2_localization_planning/share/robot_car_v2_localization_planning/launch/local_localization.launch.py
[5.226s] -- Installing: /home/shiva/Documents/ros2_projects/robot_car_V2/install/robot_car_v2_localization_planning/share/robot_car_v2_localization_planning/config
[5.226s] -- Installing: /home/shiva/Documents/ros2_projects/robot_car_V2/install/robot_car_v2_localization_planning/share/robot_car_v2_localization_planning/config/amcl.yaml
[5.227s] -- Installing: /home/shiva/Documents/ros2_projects/robot_car_V2/install/robot_car_v2_localization_planning/share/robot_car_v2_localization_planning/config/ekf.yaml
[5.227s] -- Installing: /home/shiva/Documents/ros2_projects/robot_car_V2/install/robot_car_v2_localization_planning/share/robot_car_v2_localization_planning/rviz
[5.227s] -- Installing: /home/shiva/Documents/ros2_projects/robot_car_V2/install/robot_car_v2_localization_planning/share/robot_car_v2_localization_planning/rviz/global_localization.rviz
[5.227s] -- Installing: /home/shiva/Documents/ros2_projects/robot_car_V2/install/robot_car_v2_localization_planning/share/robot_car_v2_localization_planning/rviz/rviz_config_planning.rviz
[5.228s] -- Installing: /home/shiva/Documents/ros2_projects/robot_car_V2/install/robot_car_v2_localization_planning/share/robot_car_v2_localization_planning/rviz/odometry_motion_model_config.rviz
[5.228s] -- Installing: /home/shiva/Documents/ros2_projects/robot_car_V2/install/robot_car_v2_localization_planning/lib/robot_car_v2_localization_planning/kalman_filter.py
[5.228s] -- Installing: /home/shiva/Documents/ros2_projects/robot_car_V2/install/robot_car_v2_localization_planning/lib/robot_car_v2_localization_planning/imu_republisher.py
[5.228s] -- Installing: /home/shiva/Documents/ros2_projects/robot_car_V2/install/robot_car_v2_localization_planning/lib/robot_car_v2_localization_planning/odometry_motion_model.py
[5.229s] -- Installing: /home/shiva/Documents/ros2_projects/robot_car_V2/install/robot_car_v2_localization_planning/share/ament_index/resource_index/package_run_dependencies/robot_car_v2_localization_planning
[5.231s] -- Installing: /home/shiva/Documents/ros2_projects/robot_car_V2/install/robot_car_v2_localization_planning/share/ament_index/resource_index/parent_prefix_path/robot_car_v2_localization_planning
[5.231s] -- Installing: /home/shiva/Documents/ros2_projects/robot_car_V2/install/robot_car_v2_localization_planning/share/robot_car_v2_localization_planning/environment/ament_prefix_path.sh
[5.231s] -- Installing: /home/shiva/Documents/ros2_projects/robot_car_V2/install/robot_car_v2_localization_planning/share/robot_car_v2_localization_planning/environment/ament_prefix_path.dsv
[5.231s] -- Installing: /home/shiva/Documents/ros2_projects/robot_car_V2/install/robot_car_v2_localization_planning/share/robot_car_v2_localization_planning/environment/path.sh
[5.231s] -- Installing: /home/shiva/Documents/ros2_projects/robot_car_V2/install/robot_car_v2_localization_planning/share/robot_car_v2_localization_planning/environment/path.dsv
[5.232s] -- Installing: /home/shiva/Documents/ros2_projects/robot_car_V2/install/robot_car_v2_localization_planning/share/robot_car_v2_localization_planning/local_setup.bash
[5.232s] -- Installing: /home/shiva/Documents/ros2_projects/robot_car_V2/install/robot_car_v2_localization_planning/share/robot_car_v2_localization_planning/local_setup.sh
[5.232s] -- Installing: /home/shiva/Documents/ros2_projects/robot_car_V2/install/robot_car_v2_localization_planning/share/robot_car_v2_localization_planning/local_setup.zsh
[5.232s] -- Installing: /home/shiva/Documents/ros2_projects/robot_car_V2/install/robot_car_v2_localization_planning/share/robot_car_v2_localization_planning/local_setup.dsv
[5.232s] -- Installing: /home/shiva/Documents/ros2_projects/robot_car_V2/install/robot_car_v2_localization_planning/share/robot_car_v2_localization_planning/package.dsv
[5.232s] -- Installing: /home/shiva/Documents/ros2_projects/robot_car_V2/install/robot_car_v2_localization_planning/share/ament_index/resource_index/packages/robot_car_v2_localization_planning
[5.233s] -- Installing: /home/shiva/Documents/ros2_projects/robot_car_V2/install/robot_car_v2_localization_planning/share/robot_car_v2_localization_planning/cmake/robot_car_v2_localization_planningConfig.cmake
[5.233s] -- Installing: /home/shiva/Documents/ros2_projects/robot_car_V2/install/robot_car_v2_localization_planning/share/robot_car_v2_localization_planning/cmake/robot_car_v2_localization_planningConfig-version.cmake
[5.233s] -- Installing: /home/shiva/Documents/ros2_projects/robot_car_V2/install/robot_car_v2_localization_planning/share/robot_car_v2_localization_planning/package.xml
[5.236s] Invoked command in '/home/shiva/Documents/ros2_projects/robot_car_V2/build/robot_car_v2_localization_planning' returned '0': CMAKE_PREFIX_PATH=${CMAKE_PREFIX_PATH}:/home/shiva/Documents/wrk_spc/install/my_pkg:/opt/ros/humble /usr/bin/cmake --install /home/shiva/Documents/ros2_projects/robot_car_V2/build/robot_car_v2_localization_planning
