[0.033s] Invoking command in '/home/shiva/Documents/ros2_projects/robot_car_V2/build/robot_car_v2_controller': CMAKE_PREFIX_PATH=${CMAKE_PREFIX_PATH}:/home/shiva/Documents/wrk_spc/install/my_pkg:/opt/ros/humble /usr/bin/cmake --build /home/shiva/Documents/ros2_projects/robot_car_V2/build/robot_car_v2_controller -- -j8 -l8
[0.110s] Built target ament_cmake_python_copy_robot_car_v2_controller
[0.682s] running egg_info
[0.707s] writing robot_car_v2_controller.egg-info/PKG-INFO
[0.708s] writing dependency_links to robot_car_v2_controller.egg-info/dependency_links.txt
[0.708s] writing top-level names to robot_car_v2_controller.egg-info/top_level.txt
[0.781s] reading manifest file 'robot_car_v2_controller.egg-info/SOURCES.txt'
[0.783s] writing manifest file 'robot_car_v2_controller.egg-info/SOURCES.txt'
[0.827s] Built target ament_cmake_python_build_robot_car_v2_controller_egg
[0.846s] Invoked command in '/home/shiva/Documents/ros2_projects/robot_car_V2/build/robot_car_v2_controller' returned '0': CMAKE_PREFIX_PATH=${CMAKE_PREFIX_PATH}:/home/shiva/Documents/wrk_spc/install/my_pkg:/opt/ros/humble /usr/bin/cmake --build /home/shiva/Documents/ros2_projects/robot_car_V2/build/robot_car_v2_controller -- -j8 -l8
[0.893s] Invoking command in '/home/shiva/Documents/ros2_projects/robot_car_V2/build/robot_car_v2_controller': CMAKE_PREFIX_PATH=${CMAKE_PREFIX_PATH}:/home/shiva/Documents/wrk_spc/install/my_pkg:/opt/ros/humble /usr/bin/cmake --install /home/shiva/Documents/ros2_projects/robot_car_V2/build/robot_car_v2_controller
[0.911s] -- Install configuration: ""
[0.911s] -- Up-to-date: /home/shiva/Documents/ros2_projects/robot_car_V2/install/robot_car_v2_controller/share/robot_car_v2_controller/environment/pythonpath.sh
[0.911s] -- Up-to-date: /home/shiva/Documents/ros2_projects/robot_car_V2/install/robot_car_v2_controller/share/robot_car_v2_controller/environment/pythonpath.dsv
[0.911s] -- Up-to-date: /home/shiva/Documents/ros2_projects/robot_car_V2/install/robot_car_v2_controller/lib/python3.10/site-packages/robot_car_v2_controller-0.0.0-py3.10.egg-info
[0.912s] -- Installing: /home/shiva/Documents/ros2_projects/robot_car_V2/install/robot_car_v2_controller/lib/python3.10/site-packages/robot_car_v2_controller-0.0.0-py3.10.egg-info/PKG-INFO
[0.912s] -- Installing: /home/shiva/Documents/ros2_projects/robot_car_V2/install/robot_car_v2_controller/lib/python3.10/site-packages/robot_car_v2_controller-0.0.0-py3.10.egg-info/top_level.txt
[0.912s] -- Installing: /home/shiva/Documents/ros2_projects/robot_car_V2/install/robot_car_v2_controller/lib/python3.10/site-packages/robot_car_v2_controller-0.0.0-py3.10.egg-info/SOURCES.txt
[0.912s] -- Installing: /home/shiva/Documents/ros2_projects/robot_car_V2/install/robot_car_v2_controller/lib/python3.10/site-packages/robot_car_v2_controller-0.0.0-py3.10.egg-info/dependency_links.txt
[0.912s] -- Up-to-date: /home/shiva/Documents/ros2_projects/robot_car_V2/install/robot_car_v2_controller/lib/python3.10/site-packages/robot_car_v2_controller
[0.912s] -- Up-to-date: /home/shiva/Documents/ros2_projects/robot_car_V2/install/robot_car_v2_controller/lib/python3.10/site-packages/robot_car_v2_controller/twist_configure.py
[0.913s] -- Up-to-date: /home/shiva/Documents/ros2_projects/robot_car_V2/install/robot_car_v2_controller/lib/python3.10/site-packages/robot_car_v2_controller/noisy_controller.py
[0.913s] -- Up-to-date: /home/shiva/Documents/ros2_projects/robot_car_V2/install/robot_car_v2_controller/lib/python3.10/site-packages/robot_car_v2_controller/__init__.py
[0.913s] -- Up-to-date: /home/shiva/Documents/ros2_projects/robot_car_V2/install/robot_car_v2_controller/lib/python3.10/site-packages/robot_car_v2_controller/robot_car_v2_controller.py
[1.296s] Listing '/home/shiva/Documents/ros2_projects/robot_car_V2/install/robot_car_v2_controller/lib/python3.10/site-packages/robot_car_v2_controller'...
[1.296s] -- Up-to-date: /home/shiva/Documents/ros2_projects/robot_car_V2/install/robot_car_v2_controller/share/robot_car_v2_controller/launch
[1.296s] -- Up-to-date: /home/shiva/Documents/ros2_projects/robot_car_V2/install/robot_car_v2_controller/share/robot_car_v2_controller/launch/robot_car_controller.launch.py
[1.296s] -- Up-to-date: /home/shiva/Documents/ros2_projects/robot_car_V2/install/robot_car_v2_controller/share/robot_car_v2_controller/launch/joystick_teleop.launch.py
[1.296s] -- Up-to-date: /home/shiva/Documents/ros2_projects/robot_car_V2/install/robot_car_v2_controller/share/robot_car_v2_controller/config
[1.297s] -- Up-to-date: /home/shiva/Documents/ros2_projects/robot_car_V2/install/robot_car_v2_controller/share/robot_car_v2_controller/config/twist_mux_topics.yaml
[1.297s] -- Up-to-date: /home/shiva/Documents/ros2_projects/robot_car_V2/install/robot_car_v2_controller/share/robot_car_v2_controller/config/joy_config.yaml
[1.297s] -- Up-to-date: /home/shiva/Documents/ros2_projects/robot_car_V2/install/robot_car_v2_controller/share/robot_car_v2_controller/config/twist_mux_joy.yaml
[1.297s] -- Up-to-date: /home/shiva/Documents/ros2_projects/robot_car_V2/install/robot_car_v2_controller/share/robot_car_v2_controller/config/robot_car_v2_controllers.yaml
[1.297s] -- Up-to-date: /home/shiva/Documents/ros2_projects/robot_car_V2/install/robot_car_v2_controller/share/robot_car_v2_controller/config/joy_teleop.yaml
[1.297s] -- Up-to-date: /home/shiva/Documents/ros2_projects/robot_car_V2/install/robot_car_v2_controller/share/robot_car_v2_controller/config/twist_mux_locks.yaml
[1.298s] -- Up-to-date: /home/shiva/Documents/ros2_projects/robot_car_V2/install/robot_car_v2_controller/lib/robot_car_v2_controller/robot_car_v2_controller.py
[1.298s] -- Up-to-date: /home/shiva/Documents/ros2_projects/robot_car_V2/install/robot_car_v2_controller/lib/robot_car_v2_controller/noisy_controller.py
[1.298s] -- Up-to-date: /home/shiva/Documents/ros2_projects/robot_car_V2/install/robot_car_v2_controller/lib/robot_car_v2_controller/twist_configure.py
[1.298s] -- Up-to-date: /home/shiva/Documents/ros2_projects/robot_car_V2/install/robot_car_v2_controller/share/ament_index/resource_index/package_run_dependencies/robot_car_v2_controller
[1.299s] -- Up-to-date: /home/shiva/Documents/ros2_projects/robot_car_V2/install/robot_car_v2_controller/share/ament_index/resource_index/parent_prefix_path/robot_car_v2_controller
[1.299s] -- Up-to-date: /home/shiva/Documents/ros2_projects/robot_car_V2/install/robot_car_v2_controller/share/robot_car_v2_controller/environment/ament_prefix_path.sh
[1.299s] -- Up-to-date: /home/shiva/Documents/ros2_projects/robot_car_V2/install/robot_car_v2_controller/share/robot_car_v2_controller/environment/ament_prefix_path.dsv
[1.299s] -- Up-to-date: /home/shiva/Documents/ros2_projects/robot_car_V2/install/robot_car_v2_controller/share/robot_car_v2_controller/environment/path.sh
[1.299s] -- Up-to-date: /home/shiva/Documents/ros2_projects/robot_car_V2/install/robot_car_v2_controller/share/robot_car_v2_controller/environment/path.dsv
[1.299s] -- Up-to-date: /home/shiva/Documents/ros2_projects/robot_car_V2/install/robot_car_v2_controller/share/robot_car_v2_controller/local_setup.bash
[1.299s] -- Up-to-date: /home/shiva/Documents/ros2_projects/robot_car_V2/install/robot_car_v2_controller/share/robot_car_v2_controller/local_setup.sh
[1.299s] -- Up-to-date: /home/shiva/Documents/ros2_projects/robot_car_V2/install/robot_car_v2_controller/share/robot_car_v2_controller/local_setup.zsh
[1.300s] -- Up-to-date: /home/shiva/Documents/ros2_projects/robot_car_V2/install/robot_car_v2_controller/share/robot_car_v2_controller/local_setup.dsv
[1.300s] -- Installing: /home/shiva/Documents/ros2_projects/robot_car_V2/install/robot_car_v2_controller/share/robot_car_v2_controller/package.dsv
[1.300s] -- Up-to-date: /home/shiva/Documents/ros2_projects/robot_car_V2/install/robot_car_v2_controller/share/ament_index/resource_index/packages/robot_car_v2_controller
[1.300s] -- Up-to-date: /home/shiva/Documents/ros2_projects/robot_car_V2/install/robot_car_v2_controller/share/robot_car_v2_controller/cmake/robot_car_v2_controllerConfig.cmake
[1.300s] -- Up-to-date: /home/shiva/Documents/ros2_projects/robot_car_V2/install/robot_car_v2_controller/share/robot_car_v2_controller/cmake/robot_car_v2_controllerConfig-version.cmake
[1.301s] -- Up-to-date: /home/shiva/Documents/ros2_projects/robot_car_V2/install/robot_car_v2_controller/share/robot_car_v2_controller/package.xml
[1.301s] Invoked command in '/home/shiva/Documents/ros2_projects/robot_car_V2/build/robot_car_v2_controller' returned '0': CMAKE_PREFIX_PATH=${CMAKE_PREFIX_PATH}:/home/shiva/Documents/wrk_spc/install/my_pkg:/opt/ros/humble /usr/bin/cmake --install /home/shiva/Documents/ros2_projects/robot_car_V2/build/robot_car_v2_controller
