[0.098s] DEBUG:colcon:Command line arguments: ['/usr/bin/colcon', 'build']
[0.098s] DEBUG:colcon:Parsed command line arguments: Namespace(log_base=None, log_level=None, verb_name='build', build_base='build', install_base='install', merge_install=False, symlink_install=False, test_result_base=None, continue_on_error=False, executor='parallel', parallel_workers=8, event_handlers=None, ignore_user_meta=False, metas=['./colcon.meta'], base_paths=['.'], packages_ignore=None, packages_ignore_regex=None, paths=None, packages_up_to=None, packages_up_to_regex=None, packages_above=None, packages_above_and_dependencies=None, packages_above_depth=None, packages_select_by_dep=None, packages_skip_by_dep=None, packages_skip_up_to=None, packages_select_build_failed=False, packages_skip_build_finished=False, packages_select_test_failures=False, packages_skip_test_passed=False, packages_select=None, packages_skip=None, packages_select_regex=None, packages_skip_regex=None, packages_start=None, packages_end=None, allow_overriding=[], cmake_args=None, cmake_target=None, cmake_target_skip_unavailable=False, cmake_clean_cache=False, cmake_clean_first=False, cmake_force_configure=False, ament_cmake_args=None, catkin_cmake_args=None, catkin_skip_building_tests=False, mixin_files=None, mixin=None, verb_parser=<colcon_mixin.mixin.mixin_argument.MixinArgumentDecorator object at 0x73a8b68271f0>, verb_extension=<colcon_core.verb.build.BuildVerb object at 0x73a8b6826b60>, main=<bound method BuildVerb.main of <colcon_core.verb.build.BuildVerb object at 0x73a8b6826b60>>, mixin_verb=('build',))
[0.267s] Level 1:colcon.colcon_core.package_discovery:discover_packages(colcon_meta) check parameters
[0.268s] Level 1:colcon.colcon_core.package_discovery:discover_packages(recursive) check parameters
[0.268s] Level 1:colcon.colcon_core.package_discovery:discover_packages(ignore) check parameters
[0.268s] Level 1:colcon.colcon_core.package_discovery:discover_packages(path) check parameters
[0.268s] Level 1:colcon.colcon_core.package_discovery:discover_packages(colcon_meta) discover
[0.268s] Level 1:colcon.colcon_core.package_discovery:discover_packages(recursive) discover
[0.268s] INFO:colcon.colcon_core.package_discovery:Crawling recursively for packages in '/home/shiva/Documents/ros2_projects/robot_car_V2'
[0.268s] Level 1:colcon.colcon_core.package_identification:_identify(.) by extensions ['ignore', 'ignore_ament_install']
[0.268s] Level 1:colcon.colcon_core.package_identification:_identify(.) by extension 'ignore'
[0.268s] Level 1:colcon.colcon_core.package_identification:_identify(.) by extension 'ignore_ament_install'
[0.268s] Level 1:colcon.colcon_core.package_identification:_identify(.) by extensions ['colcon_pkg']
[0.268s] Level 1:colcon.colcon_core.package_identification:_identify(.) by extension 'colcon_pkg'
[0.268s] Level 1:colcon.colcon_core.package_identification:_identify(.) by extensions ['colcon_meta']
[0.268s] Level 1:colcon.colcon_core.package_identification:_identify(.) by extension 'colcon_meta'
[0.268s] Level 1:colcon.colcon_core.package_identification:_identify(.) by extensions ['ros']
[0.268s] Level 1:colcon.colcon_core.package_identification:_identify(.) by extension 'ros'
[0.278s] Level 1:colcon.colcon_core.package_identification:_identify(.) by extensions ['cmake', 'python']
[0.278s] Level 1:colcon.colcon_core.package_identification:_identify(.) by extension 'cmake'
[0.278s] Level 1:colcon.colcon_core.package_identification:_identify(.) by extension 'python'
[0.278s] Level 1:colcon.colcon_core.package_identification:_identify(.) by extensions ['python_setup_py']
[0.278s] Level 1:colcon.colcon_core.package_identification:_identify(.) by extension 'python_setup_py'
[0.279s] Level 1:colcon.colcon_core.package_identification:_identify(build) by extensions ['ignore', 'ignore_ament_install']
[0.279s] Level 1:colcon.colcon_core.package_identification:_identify(build) by extension 'ignore'
[0.279s] Level 1:colcon.colcon_core.package_identification:_identify(build) ignored
[0.279s] Level 1:colcon.colcon_core.package_identification:_identify(install) by extensions ['ignore', 'ignore_ament_install']
[0.279s] Level 1:colcon.colcon_core.package_identification:_identify(install) by extension 'ignore'
[0.279s] Level 1:colcon.colcon_core.package_identification:_identify(install) ignored
[0.279s] Level 1:colcon.colcon_core.package_identification:_identify(log) by extensions ['ignore', 'ignore_ament_install']
[0.279s] Level 1:colcon.colcon_core.package_identification:_identify(log) by extension 'ignore'
[0.279s] Level 1:colcon.colcon_core.package_identification:_identify(log) ignored
[0.279s] Level 1:colcon.colcon_core.package_identification:_identify(src) by extensions ['ignore', 'ignore_ament_install']
[0.279s] Level 1:colcon.colcon_core.package_identification:_identify(src) by extension 'ignore'
[0.279s] Level 1:colcon.colcon_core.package_identification:_identify(src) by extension 'ignore_ament_install'
[0.279s] Level 1:colcon.colcon_core.package_identification:_identify(src) by extensions ['colcon_pkg']
[0.279s] Level 1:colcon.colcon_core.package_identification:_identify(src) by extension 'colcon_pkg'
[0.280s] Level 1:colcon.colcon_core.package_identification:_identify(src) by extensions ['colcon_meta']
[0.280s] Level 1:colcon.colcon_core.package_identification:_identify(src) by extension 'colcon_meta'
[0.280s] Level 1:colcon.colcon_core.package_identification:_identify(src) by extensions ['ros']
[0.280s] Level 1:colcon.colcon_core.package_identification:_identify(src) by extension 'ros'
[0.280s] Level 1:colcon.colcon_core.package_identification:_identify(src) by extensions ['cmake', 'python']
[0.280s] Level 1:colcon.colcon_core.package_identification:_identify(src) by extension 'cmake'
[0.280s] Level 1:colcon.colcon_core.package_identification:_identify(src) by extension 'python'
[0.280s] Level 1:colcon.colcon_core.package_identification:_identify(src) by extensions ['python_setup_py']
[0.280s] Level 1:colcon.colcon_core.package_identification:_identify(src) by extension 'python_setup_py'
[0.280s] Level 1:colcon.colcon_core.package_identification:_identify(src/robot_car_v2_bringup) by extensions ['ignore', 'ignore_ament_install']
[0.280s] Level 1:colcon.colcon_core.package_identification:_identify(src/robot_car_v2_bringup) by extension 'ignore'
[0.280s] Level 1:colcon.colcon_core.package_identification:_identify(src/robot_car_v2_bringup) by extension 'ignore_ament_install'
[0.280s] Level 1:colcon.colcon_core.package_identification:_identify(src/robot_car_v2_bringup) by extensions ['colcon_pkg']
[0.280s] Level 1:colcon.colcon_core.package_identification:_identify(src/robot_car_v2_bringup) by extension 'colcon_pkg'
[0.280s] Level 1:colcon.colcon_core.package_identification:_identify(src/robot_car_v2_bringup) by extensions ['colcon_meta']
[0.280s] Level 1:colcon.colcon_core.package_identification:_identify(src/robot_car_v2_bringup) by extension 'colcon_meta'
[0.280s] Level 1:colcon.colcon_core.package_identification:_identify(src/robot_car_v2_bringup) by extensions ['ros']
[0.280s] Level 1:colcon.colcon_core.package_identification:_identify(src/robot_car_v2_bringup) by extension 'ros'
[0.282s] DEBUG:colcon.colcon_core.package_identification:Package 'src/robot_car_v2_bringup' with type 'ros.ament_cmake' and name 'robot_car_v2_bringup'
[0.283s] Level 1:colcon.colcon_core.package_identification:_identify(src/robot_car_v2_controller) by extensions ['ignore', 'ignore_ament_install']
[0.283s] Level 1:colcon.colcon_core.package_identification:_identify(src/robot_car_v2_controller) by extension 'ignore'
[0.283s] Level 1:colcon.colcon_core.package_identification:_identify(src/robot_car_v2_controller) by extension 'ignore_ament_install'
[0.283s] Level 1:colcon.colcon_core.package_identification:_identify(src/robot_car_v2_controller) by extensions ['colcon_pkg']
[0.283s] Level 1:colcon.colcon_core.package_identification:_identify(src/robot_car_v2_controller) by extension 'colcon_pkg'
[0.283s] Level 1:colcon.colcon_core.package_identification:_identify(src/robot_car_v2_controller) by extensions ['colcon_meta']
[0.283s] Level 1:colcon.colcon_core.package_identification:_identify(src/robot_car_v2_controller) by extension 'colcon_meta'
[0.283s] Level 1:colcon.colcon_core.package_identification:_identify(src/robot_car_v2_controller) by extensions ['ros']
[0.283s] Level 1:colcon.colcon_core.package_identification:_identify(src/robot_car_v2_controller) by extension 'ros'
[0.284s] DEBUG:colcon.colcon_core.package_identification:Package 'src/robot_car_v2_controller' with type 'ros.ament_cmake' and name 'robot_car_v2_controller'
[0.284s] Level 1:colcon.colcon_core.package_identification:_identify(src/robot_car_v2_description) by extensions ['ignore', 'ignore_ament_install']
[0.284s] Level 1:colcon.colcon_core.package_identification:_identify(src/robot_car_v2_description) by extension 'ignore'
[0.284s] Level 1:colcon.colcon_core.package_identification:_identify(src/robot_car_v2_description) by extension 'ignore_ament_install'
[0.285s] Level 1:colcon.colcon_core.package_identification:_identify(src/robot_car_v2_description) by extensions ['colcon_pkg']
[0.285s] Level 1:colcon.colcon_core.package_identification:_identify(src/robot_car_v2_description) by extension 'colcon_pkg'
[0.285s] Level 1:colcon.colcon_core.package_identification:_identify(src/robot_car_v2_description) by extensions ['colcon_meta']
[0.285s] Level 1:colcon.colcon_core.package_identification:_identify(src/robot_car_v2_description) by extension 'colcon_meta'
[0.285s] Level 1:colcon.colcon_core.package_identification:_identify(src/robot_car_v2_description) by extensions ['ros']
[0.285s] Level 1:colcon.colcon_core.package_identification:_identify(src/robot_car_v2_description) by extension 'ros'
[0.287s] DEBUG:colcon.colcon_core.package_identification:Package 'src/robot_car_v2_description' with type 'ros.ament_cmake' and name 'robot_car_v2_description'
[0.287s] Level 1:colcon.colcon_core.package_identification:_identify(src/robot_car_v2_localization_planning) by extensions ['ignore', 'ignore_ament_install']
[0.287s] Level 1:colcon.colcon_core.package_identification:_identify(src/robot_car_v2_localization_planning) by extension 'ignore'
[0.287s] Level 1:colcon.colcon_core.package_identification:_identify(src/robot_car_v2_localization_planning) by extension 'ignore_ament_install'
[0.287s] Level 1:colcon.colcon_core.package_identification:_identify(src/robot_car_v2_localization_planning) by extensions ['colcon_pkg']
[0.287s] Level 1:colcon.colcon_core.package_identification:_identify(src/robot_car_v2_localization_planning) by extension 'colcon_pkg'
[0.287s] Level 1:colcon.colcon_core.package_identification:_identify(src/robot_car_v2_localization_planning) by extensions ['colcon_meta']
[0.288s] Level 1:colcon.colcon_core.package_identification:_identify(src/robot_car_v2_localization_planning) by extension 'colcon_meta'
[0.288s] Level 1:colcon.colcon_core.package_identification:_identify(src/robot_car_v2_localization_planning) by extensions ['ros']
[0.288s] Level 1:colcon.colcon_core.package_identification:_identify(src/robot_car_v2_localization_planning) by extension 'ros'
[0.289s] DEBUG:colcon.colcon_core.package_identification:Package 'src/robot_car_v2_localization_planning' with type 'ros.ament_cmake' and name 'robot_car_v2_localization_planning'
[0.289s] Level 1:colcon.colcon_core.package_identification:_identify(src/robot_car_v2_mapping) by extensions ['ignore', 'ignore_ament_install']
[0.289s] Level 1:colcon.colcon_core.package_identification:_identify(src/robot_car_v2_mapping) by extension 'ignore'
[0.289s] Level 1:colcon.colcon_core.package_identification:_identify(src/robot_car_v2_mapping) by extension 'ignore_ament_install'
[0.289s] Level 1:colcon.colcon_core.package_identification:_identify(src/robot_car_v2_mapping) by extensions ['colcon_pkg']
[0.289s] Level 1:colcon.colcon_core.package_identification:_identify(src/robot_car_v2_mapping) by extension 'colcon_pkg'
[0.289s] Level 1:colcon.colcon_core.package_identification:_identify(src/robot_car_v2_mapping) by extensions ['colcon_meta']
[0.289s] Level 1:colcon.colcon_core.package_identification:_identify(src/robot_car_v2_mapping) by extension 'colcon_meta'
[0.289s] Level 1:colcon.colcon_core.package_identification:_identify(src/robot_car_v2_mapping) by extensions ['ros']
[0.289s] Level 1:colcon.colcon_core.package_identification:_identify(src/robot_car_v2_mapping) by extension 'ros'
[0.290s] DEBUG:colcon.colcon_core.package_identification:Package 'src/robot_car_v2_mapping' with type 'ros.ament_cmake' and name 'robot_car_v2_mapping'
[0.290s] Level 1:colcon.colcon_core.package_identification:_identify(src/robot_car_v2_utils) by extensions ['ignore', 'ignore_ament_install']
[0.290s] Level 1:colcon.colcon_core.package_identification:_identify(src/robot_car_v2_utils) by extension 'ignore'
[0.290s] Level 1:colcon.colcon_core.package_identification:_identify(src/robot_car_v2_utils) by extension 'ignore_ament_install'
[0.290s] Level 1:colcon.colcon_core.package_identification:_identify(src/robot_car_v2_utils) by extensions ['colcon_pkg']
[0.290s] Level 1:colcon.colcon_core.package_identification:_identify(src/robot_car_v2_utils) by extension 'colcon_pkg'
[0.290s] Level 1:colcon.colcon_core.package_identification:_identify(src/robot_car_v2_utils) by extensions ['colcon_meta']
[0.290s] Level 1:colcon.colcon_core.package_identification:_identify(src/robot_car_v2_utils) by extension 'colcon_meta'
[0.291s] Level 1:colcon.colcon_core.package_identification:_identify(src/robot_car_v2_utils) by extensions ['ros']
[0.291s] Level 1:colcon.colcon_core.package_identification:_identify(src/robot_car_v2_utils) by extension 'ros'
[0.292s] DEBUG:colcon.colcon_core.package_identification:Package 'src/robot_car_v2_utils' with type 'ros.ament_cmake' and name 'robot_car_v2_utils'
[0.292s] Level 1:colcon.colcon_core.package_discovery:discover_packages(recursive) using defaults
[0.292s] Level 1:colcon.colcon_core.package_discovery:discover_packages(ignore) discover
[0.292s] Level 1:colcon.colcon_core.package_discovery:discover_packages(ignore) using defaults
[0.292s] Level 1:colcon.colcon_core.package_discovery:discover_packages(path) discover
[0.292s] Level 1:colcon.colcon_core.package_discovery:discover_packages(path) using defaults
[0.320s] Level 1:colcon.colcon_core.package_discovery:discover_packages(prefix_path) check parameters
[0.320s] Level 1:colcon.colcon_core.package_discovery:discover_packages(prefix_path) discover
[0.322s] DEBUG:colcon.colcon_installed_package_information.package_discovery:Found 2 installed packages in /home/shiva/Documents/bumperbot_wrkspc/install
[0.323s] DEBUG:colcon.colcon_installed_package_information.package_discovery:Found 7 installed packages in /home/shiva/Documents/robot_arm/install
[0.323s] DEBUG:colcon.colcon_installed_package_information.package_discovery:Found 3 installed packages in /home/shiva/Documents/wrk_spc/install
[0.324s] DEBUG:colcon.colcon_installed_package_information.package_discovery:Found 6 installed packages in /home/shiva/Documents/ros2_projects/robot_car_V2/install
[0.324s] DEBUG:colcon.colcon_installed_package_information.package_discovery:Found 4 installed packages in /home/shiva/Documents/AGV_Kalman_Filter_Robot/robo_car/install
[0.326s] DEBUG:colcon.colcon_installed_package_information.package_discovery:Found 408 installed packages in /opt/ros/humble
[0.327s] Level 1:colcon.colcon_core.package_discovery:discover_packages(prefix_path) using defaults
[0.375s] Level 5:colcon.colcon_core.verb:set package 'robot_car_v2_bringup' build argument 'cmake_args' from command line to 'None'
[0.376s] Level 5:colcon.colcon_core.verb:set package 'robot_car_v2_bringup' build argument 'cmake_target' from command line to 'None'
[0.376s] Level 5:colcon.colcon_core.verb:set package 'robot_car_v2_bringup' build argument 'cmake_target_skip_unavailable' from command line to 'False'
[0.376s] Level 5:colcon.colcon_core.verb:set package 'robot_car_v2_bringup' build argument 'cmake_clean_cache' from command line to 'False'
[0.376s] Level 5:colcon.colcon_core.verb:set package 'robot_car_v2_bringup' build argument 'cmake_clean_first' from command line to 'False'
[0.376s] Level 5:colcon.colcon_core.verb:set package 'robot_car_v2_bringup' build argument 'cmake_force_configure' from command line to 'False'
[0.376s] Level 5:colcon.colcon_core.verb:set package 'robot_car_v2_bringup' build argument 'ament_cmake_args' from command line to 'None'
[0.376s] Level 5:colcon.colcon_core.verb:set package 'robot_car_v2_bringup' build argument 'catkin_cmake_args' from command line to 'None'
[0.376s] Level 5:colcon.colcon_core.verb:set package 'robot_car_v2_bringup' build argument 'catkin_skip_building_tests' from command line to 'False'
[0.376s] DEBUG:colcon.colcon_core.verb:Building package 'robot_car_v2_bringup' with the following arguments: {'ament_cmake_args': None, 'build_base': '/home/shiva/Documents/ros2_projects/robot_car_V2/build/robot_car_v2_bringup', 'catkin_cmake_args': None, 'catkin_skip_building_tests': False, 'cmake_args': None, 'cmake_clean_cache': False, 'cmake_clean_first': False, 'cmake_force_configure': False, 'cmake_target': None, 'cmake_target_skip_unavailable': False, 'install_base': '/home/shiva/Documents/ros2_projects/robot_car_V2/install/robot_car_v2_bringup', 'merge_install': False, 'path': '/home/shiva/Documents/ros2_projects/robot_car_V2/src/robot_car_v2_bringup', 'symlink_install': False, 'test_result_base': None}
[0.376s] Level 5:colcon.colcon_core.verb:set package 'robot_car_v2_controller' build argument 'cmake_args' from command line to 'None'
[0.376s] Level 5:colcon.colcon_core.verb:set package 'robot_car_v2_controller' build argument 'cmake_target' from command line to 'None'
[0.377s] Level 5:colcon.colcon_core.verb:set package 'robot_car_v2_controller' build argument 'cmake_target_skip_unavailable' from command line to 'False'
[0.377s] Level 5:colcon.colcon_core.verb:set package 'robot_car_v2_controller' build argument 'cmake_clean_cache' from command line to 'False'
[0.377s] Level 5:colcon.colcon_core.verb:set package 'robot_car_v2_controller' build argument 'cmake_clean_first' from command line to 'False'
[0.377s] Level 5:colcon.colcon_core.verb:set package 'robot_car_v2_controller' build argument 'cmake_force_configure' from command line to 'False'
[0.377s] Level 5:colcon.colcon_core.verb:set package 'robot_car_v2_controller' build argument 'ament_cmake_args' from command line to 'None'
[0.377s] Level 5:colcon.colcon_core.verb:set package 'robot_car_v2_controller' build argument 'catkin_cmake_args' from command line to 'None'
[0.377s] Level 5:colcon.colcon_core.verb:set package 'robot_car_v2_controller' build argument 'catkin_skip_building_tests' from command line to 'False'
[0.377s] DEBUG:colcon.colcon_core.verb:Building package 'robot_car_v2_controller' with the following arguments: {'ament_cmake_args': None, 'build_base': '/home/shiva/Documents/ros2_projects/robot_car_V2/build/robot_car_v2_controller', 'catkin_cmake_args': None, 'catkin_skip_building_tests': False, 'cmake_args': None, 'cmake_clean_cache': False, 'cmake_clean_first': False, 'cmake_force_configure': False, 'cmake_target': None, 'cmake_target_skip_unavailable': False, 'install_base': '/home/shiva/Documents/ros2_projects/robot_car_V2/install/robot_car_v2_controller', 'merge_install': False, 'path': '/home/shiva/Documents/ros2_projects/robot_car_V2/src/robot_car_v2_controller', 'symlink_install': False, 'test_result_base': None}
[0.377s] Level 5:colcon.colcon_core.verb:set package 'robot_car_v2_description' build argument 'cmake_args' from command line to 'None'
[0.377s] Level 5:colcon.colcon_core.verb:set package 'robot_car_v2_description' build argument 'cmake_target' from command line to 'None'
[0.377s] Level 5:colcon.colcon_core.verb:set package 'robot_car_v2_description' build argument 'cmake_target_skip_unavailable' from command line to 'False'
[0.377s] Level 5:colcon.colcon_core.verb:set package 'robot_car_v2_description' build argument 'cmake_clean_cache' from command line to 'False'
[0.377s] Level 5:colcon.colcon_core.verb:set package 'robot_car_v2_description' build argument 'cmake_clean_first' from command line to 'False'
[0.377s] Level 5:colcon.colcon_core.verb:set package 'robot_car_v2_description' build argument 'cmake_force_configure' from command line to 'False'
[0.378s] Level 5:colcon.colcon_core.verb:set package 'robot_car_v2_description' build argument 'ament_cmake_args' from command line to 'None'
[0.378s] Level 5:colcon.colcon_core.verb:set package 'robot_car_v2_description' build argument 'catkin_cmake_args' from command line to 'None'
[0.378s] Level 5:colcon.colcon_core.verb:set package 'robot_car_v2_description' build argument 'catkin_skip_building_tests' from command line to 'False'
[0.378s] DEBUG:colcon.colcon_core.verb:Building package 'robot_car_v2_description' with the following arguments: {'ament_cmake_args': None, 'build_base': '/home/shiva/Documents/ros2_projects/robot_car_V2/build/robot_car_v2_description', 'catkin_cmake_args': None, 'catkin_skip_building_tests': False, 'cmake_args': None, 'cmake_clean_cache': False, 'cmake_clean_first': False, 'cmake_force_configure': False, 'cmake_target': None, 'cmake_target_skip_unavailable': False, 'install_base': '/home/shiva/Documents/ros2_projects/robot_car_V2/install/robot_car_v2_description', 'merge_install': False, 'path': '/home/shiva/Documents/ros2_projects/robot_car_V2/src/robot_car_v2_description', 'symlink_install': False, 'test_result_base': None}
[0.378s] Level 5:colcon.colcon_core.verb:set package 'robot_car_v2_localization_planning' build argument 'cmake_args' from command line to 'None'
[0.378s] Level 5:colcon.colcon_core.verb:set package 'robot_car_v2_localization_planning' build argument 'cmake_target' from command line to 'None'
[0.378s] Level 5:colcon.colcon_core.verb:set package 'robot_car_v2_localization_planning' build argument 'cmake_target_skip_unavailable' from command line to 'False'
[0.378s] Level 5:colcon.colcon_core.verb:set package 'robot_car_v2_localization_planning' build argument 'cmake_clean_cache' from command line to 'False'
[0.378s] Level 5:colcon.colcon_core.verb:set package 'robot_car_v2_localization_planning' build argument 'cmake_clean_first' from command line to 'False'
[0.378s] Level 5:colcon.colcon_core.verb:set package 'robot_car_v2_localization_planning' build argument 'cmake_force_configure' from command line to 'False'
[0.378s] Level 5:colcon.colcon_core.verb:set package 'robot_car_v2_localization_planning' build argument 'ament_cmake_args' from command line to 'None'
[0.378s] Level 5:colcon.colcon_core.verb:set package 'robot_car_v2_localization_planning' build argument 'catkin_cmake_args' from command line to 'None'
[0.379s] Level 5:colcon.colcon_core.verb:set package 'robot_car_v2_localization_planning' build argument 'catkin_skip_building_tests' from command line to 'False'
[0.379s] DEBUG:colcon.colcon_core.verb:Building package 'robot_car_v2_localization_planning' with the following arguments: {'ament_cmake_args': None, 'build_base': '/home/shiva/Documents/ros2_projects/robot_car_V2/build/robot_car_v2_localization_planning', 'catkin_cmake_args': None, 'catkin_skip_building_tests': False, 'cmake_args': None, 'cmake_clean_cache': False, 'cmake_clean_first': False, 'cmake_force_configure': False, 'cmake_target': None, 'cmake_target_skip_unavailable': False, 'install_base': '/home/shiva/Documents/ros2_projects/robot_car_V2/install/robot_car_v2_localization_planning', 'merge_install': False, 'path': '/home/shiva/Documents/ros2_projects/robot_car_V2/src/robot_car_v2_localization_planning', 'symlink_install': False, 'test_result_base': None}
[0.379s] Level 5:colcon.colcon_core.verb:set package 'robot_car_v2_mapping' build argument 'cmake_args' from command line to 'None'
[0.379s] Level 5:colcon.colcon_core.verb:set package 'robot_car_v2_mapping' build argument 'cmake_target' from command line to 'None'
[0.379s] Level 5:colcon.colcon_core.verb:set package 'robot_car_v2_mapping' build argument 'cmake_target_skip_unavailable' from command line to 'False'
[0.379s] Level 5:colcon.colcon_core.verb:set package 'robot_car_v2_mapping' build argument 'cmake_clean_cache' from command line to 'False'
[0.379s] Level 5:colcon.colcon_core.verb:set package 'robot_car_v2_mapping' build argument 'cmake_clean_first' from command line to 'False'
[0.379s] Level 5:colcon.colcon_core.verb:set package 'robot_car_v2_mapping' build argument 'cmake_force_configure' from command line to 'False'
[0.379s] Level 5:colcon.colcon_core.verb:set package 'robot_car_v2_mapping' build argument 'ament_cmake_args' from command line to 'None'
[0.379s] Level 5:colcon.colcon_core.verb:set package 'robot_car_v2_mapping' build argument 'catkin_cmake_args' from command line to 'None'
[0.379s] Level 5:colcon.colcon_core.verb:set package 'robot_car_v2_mapping' build argument 'catkin_skip_building_tests' from command line to 'False'
[0.379s] DEBUG:colcon.colcon_core.verb:Building package 'robot_car_v2_mapping' with the following arguments: {'ament_cmake_args': None, 'build_base': '/home/shiva/Documents/ros2_projects/robot_car_V2/build/robot_car_v2_mapping', 'catkin_cmake_args': None, 'catkin_skip_building_tests': False, 'cmake_args': None, 'cmake_clean_cache': False, 'cmake_clean_first': False, 'cmake_force_configure': False, 'cmake_target': None, 'cmake_target_skip_unavailable': False, 'install_base': '/home/shiva/Documents/ros2_projects/robot_car_V2/install/robot_car_v2_mapping', 'merge_install': False, 'path': '/home/shiva/Documents/ros2_projects/robot_car_V2/src/robot_car_v2_mapping', 'symlink_install': False, 'test_result_base': None}
[0.380s] Level 5:colcon.colcon_core.verb:set package 'robot_car_v2_utils' build argument 'cmake_args' from command line to 'None'
[0.380s] Level 5:colcon.colcon_core.verb:set package 'robot_car_v2_utils' build argument 'cmake_target' from command line to 'None'
[0.380s] Level 5:colcon.colcon_core.verb:set package 'robot_car_v2_utils' build argument 'cmake_target_skip_unavailable' from command line to 'False'
[0.380s] Level 5:colcon.colcon_core.verb:set package 'robot_car_v2_utils' build argument 'cmake_clean_cache' from command line to 'False'
[0.380s] Level 5:colcon.colcon_core.verb:set package 'robot_car_v2_utils' build argument 'cmake_clean_first' from command line to 'False'
[0.380s] Level 5:colcon.colcon_core.verb:set package 'robot_car_v2_utils' build argument 'cmake_force_configure' from command line to 'False'
[0.380s] Level 5:colcon.colcon_core.verb:set package 'robot_car_v2_utils' build argument 'ament_cmake_args' from command line to 'None'
[0.380s] Level 5:colcon.colcon_core.verb:set package 'robot_car_v2_utils' build argument 'catkin_cmake_args' from command line to 'None'
[0.380s] Level 5:colcon.colcon_core.verb:set package 'robot_car_v2_utils' build argument 'catkin_skip_building_tests' from command line to 'False'
[0.380s] DEBUG:colcon.colcon_core.verb:Building package 'robot_car_v2_utils' with the following arguments: {'ament_cmake_args': None, 'build_base': '/home/shiva/Documents/ros2_projects/robot_car_V2/build/robot_car_v2_utils', 'catkin_cmake_args': None, 'catkin_skip_building_tests': False, 'cmake_args': None, 'cmake_clean_cache': False, 'cmake_clean_first': False, 'cmake_force_configure': False, 'cmake_target': None, 'cmake_target_skip_unavailable': False, 'install_base': '/home/shiva/Documents/ros2_projects/robot_car_V2/install/robot_car_v2_utils', 'merge_install': False, 'path': '/home/shiva/Documents/ros2_projects/robot_car_V2/src/robot_car_v2_utils', 'symlink_install': False, 'test_result_base': None}
[0.381s] INFO:colcon.colcon_core.executor:Executing jobs using 'parallel' executor
[0.382s] DEBUG:colcon.colcon_parallel_executor.executor.parallel:run_until_complete
[0.382s] INFO:colcon.colcon_ros.task.ament_cmake.build:Building ROS package in '/home/shiva/Documents/ros2_projects/robot_car_V2/src/robot_car_v2_bringup' with build type 'ament_cmake'
[0.382s] INFO:colcon.colcon_cmake.task.cmake.build:Building CMake package in '/home/shiva/Documents/ros2_projects/robot_car_V2/src/robot_car_v2_bringup'
[0.384s] INFO:colcon.colcon_core.plugin_system:Skipping extension 'colcon_core.shell.bat': Not used on non-Windows systems
[0.385s] INFO:colcon.colcon_core.shell:Skip shell extension 'powershell' for command environment: Not usable outside of PowerShell
[0.385s] DEBUG:colcon.colcon_core.shell:Skip shell extension 'dsv' for command environment
[0.391s] INFO:colcon.colcon_ros.task.ament_cmake.build:Building ROS package in '/home/shiva/Documents/ros2_projects/robot_car_V2/src/robot_car_v2_controller' with build type 'ament_cmake'
[0.391s] INFO:colcon.colcon_cmake.task.cmake.build:Building CMake package in '/home/shiva/Documents/ros2_projects/robot_car_V2/src/robot_car_v2_controller'
[0.391s] INFO:colcon.colcon_core.shell:Skip shell extension 'powershell' for command environment: Not usable outside of PowerShell
[0.391s] DEBUG:colcon.colcon_core.shell:Skip shell extension 'dsv' for command environment
[0.397s] INFO:colcon.colcon_ros.task.ament_cmake.build:Building ROS package in '/home/shiva/Documents/ros2_projects/robot_car_V2/src/robot_car_v2_description' with build type 'ament_cmake'
[0.397s] INFO:colcon.colcon_cmake.task.cmake.build:Building CMake package in '/home/shiva/Documents/ros2_projects/robot_car_V2/src/robot_car_v2_description'
[0.397s] INFO:colcon.colcon_core.shell:Skip shell extension 'powershell' for command environment: Not usable outside of PowerShell
[0.397s] DEBUG:colcon.colcon_core.shell:Skip shell extension 'dsv' for command environment
[0.403s] INFO:colcon.colcon_ros.task.ament_cmake.build:Building ROS package in '/home/shiva/Documents/ros2_projects/robot_car_V2/src/robot_car_v2_localization_planning' with build type 'ament_cmake'
[0.403s] INFO:colcon.colcon_cmake.task.cmake.build:Building CMake package in '/home/shiva/Documents/ros2_projects/robot_car_V2/src/robot_car_v2_localization_planning'
[0.404s] INFO:colcon.colcon_core.shell:Skip shell extension 'powershell' for command environment: Not usable outside of PowerShell
[0.404s] DEBUG:colcon.colcon_core.shell:Skip shell extension 'dsv' for command environment
[0.409s] INFO:colcon.colcon_ros.task.ament_cmake.build:Building ROS package in '/home/shiva/Documents/ros2_projects/robot_car_V2/src/robot_car_v2_mapping' with build type 'ament_cmake'
[0.409s] INFO:colcon.colcon_cmake.task.cmake.build:Building CMake package in '/home/shiva/Documents/ros2_projects/robot_car_V2/src/robot_car_v2_mapping'
[0.410s] INFO:colcon.colcon_core.shell:Skip shell extension 'powershell' for command environment: Not usable outside of PowerShell
[0.410s] DEBUG:colcon.colcon_core.shell:Skip shell extension 'dsv' for command environment
[0.415s] INFO:colcon.colcon_ros.task.ament_cmake.build:Building ROS package in '/home/shiva/Documents/ros2_projects/robot_car_V2/src/robot_car_v2_utils' with build type 'ament_cmake'
[0.416s] INFO:colcon.colcon_cmake.task.cmake.build:Building CMake package in '/home/shiva/Documents/ros2_projects/robot_car_V2/src/robot_car_v2_utils'
[0.416s] INFO:colcon.colcon_core.shell:Skip shell extension 'powershell' for command environment: Not usable outside of PowerShell
[0.416s] DEBUG:colcon.colcon_core.shell:Skip shell extension 'dsv' for command environment
[0.428s] DEBUG:colcon.colcon_core.event_handler.log_command:Invoking command in '/home/shiva/Documents/ros2_projects/robot_car_V2/build/robot_car_v2_bringup': CMAKE_PREFIX_PATH=${CMAKE_PREFIX_PATH}:/home/shiva/Documents/wrk_spc/install/my_pkg:/opt/ros/humble /usr/bin/cmake --build /home/shiva/Documents/ros2_projects/robot_car_V2/build/robot_car_v2_bringup -- -j8 -l8
[0.431s] DEBUG:colcon.colcon_core.event_handler.log_command:Invoking command in '/home/shiva/Documents/ros2_projects/robot_car_V2/build/robot_car_v2_controller': CMAKE_PREFIX_PATH=${CMAKE_PREFIX_PATH}:/home/shiva/Documents/wrk_spc/install/my_pkg:/opt/ros/humble /usr/bin/cmake --build /home/shiva/Documents/ros2_projects/robot_car_V2/build/robot_car_v2_controller -- -j8 -l8
[0.434s] DEBUG:colcon.colcon_core.event_handler.log_command:Invoking command in '/home/shiva/Documents/ros2_projects/robot_car_V2/build/robot_car_v2_description': CMAKE_PREFIX_PATH=${CMAKE_PREFIX_PATH}:/home/shiva/Documents/wrk_spc/install/my_pkg:/opt/ros/humble /usr/bin/cmake --build /home/shiva/Documents/ros2_projects/robot_car_V2/build/robot_car_v2_description -- -j8 -l8
[0.437s] DEBUG:colcon.colcon_core.event_handler.log_command:Invoking command in '/home/shiva/Documents/ros2_projects/robot_car_V2/build/robot_car_v2_localization_planning': CMAKE_PREFIX_PATH=${CMAKE_PREFIX_PATH}:/home/shiva/Documents/wrk_spc/install/my_pkg:/opt/ros/humble /usr/bin/cmake --build /home/shiva/Documents/ros2_projects/robot_car_V2/build/robot_car_v2_localization_planning -- -j8 -l8
[0.441s] DEBUG:colcon.colcon_core.event_handler.log_command:Invoking command in '/home/shiva/Documents/ros2_projects/robot_car_V2/build/robot_car_v2_mapping': CMAKE_PREFIX_PATH=${CMAKE_PREFIX_PATH}:/home/shiva/Documents/wrk_spc/install/my_pkg:/opt/ros/humble /usr/bin/cmake --build /home/shiva/Documents/ros2_projects/robot_car_V2/build/robot_car_v2_mapping -- -j8 -l8
[0.448s] DEBUG:colcon.colcon_core.event_handler.log_command:Invoking command in '/home/shiva/Documents/ros2_projects/robot_car_V2/build/robot_car_v2_utils': CMAKE_PREFIX_PATH=${CMAKE_PREFIX_PATH}:/home/shiva/Documents/wrk_spc/install/my_pkg:/opt/ros/humble /usr/bin/cmake --build /home/shiva/Documents/ros2_projects/robot_car_V2/build/robot_car_v2_utils -- -j8 -l8
[0.471s] DEBUG:colcon.colcon_core.event_handler.log_command:Invoked command in '/home/shiva/Documents/ros2_projects/robot_car_V2/build/robot_car_v2_bringup' returned '0': CMAKE_PREFIX_PATH=${CMAKE_PREFIX_PATH}:/home/shiva/Documents/wrk_spc/install/my_pkg:/opt/ros/humble /usr/bin/cmake --build /home/shiva/Documents/ros2_projects/robot_car_V2/build/robot_car_v2_bringup -- -j8 -l8
[0.518s] DEBUG:colcon.colcon_core.event_handler.log_command:Invoking command in '/home/shiva/Documents/ros2_projects/robot_car_V2/build/robot_car_v2_bringup': CMAKE_PREFIX_PATH=${CMAKE_PREFIX_PATH}:/home/shiva/Documents/wrk_spc/install/my_pkg:/opt/ros/humble /usr/bin/cmake --install /home/shiva/Documents/ros2_projects/robot_car_V2/build/robot_car_v2_bringup
[0.533s] Level 1:colcon.colcon_core.environment:create_environment_scripts_only(robot_car_v2_bringup)
[0.534s] DEBUG:colcon.colcon_core.event_handler.log_command:Invoked command in '/home/shiva/Documents/ros2_projects/robot_car_V2/build/robot_car_v2_bringup' returned '0': CMAKE_PREFIX_PATH=${CMAKE_PREFIX_PATH}:/home/shiva/Documents/wrk_spc/install/my_pkg:/opt/ros/humble /usr/bin/cmake --install /home/shiva/Documents/ros2_projects/robot_car_V2/build/robot_car_v2_bringup
[0.538s] Level 1:colcon.colcon_core.environment:checking '/home/shiva/Documents/ros2_projects/robot_car_V2/install/robot_car_v2_bringup' for CMake module files
[0.539s] Level 1:colcon.colcon_core.environment:checking '/home/shiva/Documents/ros2_projects/robot_car_V2/install/robot_car_v2_bringup' for CMake config files
[0.540s] Level 1:colcon.colcon_core.shell:create_environment_hook('robot_car_v2_bringup', 'cmake_prefix_path')
[0.540s] INFO:colcon.colcon_core.shell:Creating environment hook '/home/shiva/Documents/ros2_projects/robot_car_V2/install/robot_car_v2_bringup/share/robot_car_v2_bringup/hook/cmake_prefix_path.ps1'
[0.542s] INFO:colcon.colcon_core.shell:Creating environment descriptor '/home/shiva/Documents/ros2_projects/robot_car_V2/install/robot_car_v2_bringup/share/robot_car_v2_bringup/hook/cmake_prefix_path.dsv'
[0.542s] INFO:colcon.colcon_core.shell:Creating environment hook '/home/shiva/Documents/ros2_projects/robot_car_V2/install/robot_car_v2_bringup/share/robot_car_v2_bringup/hook/cmake_prefix_path.sh'
[0.544s] Level 1:colcon.colcon_core.environment:checking '/home/shiva/Documents/ros2_projects/robot_car_V2/install/robot_car_v2_bringup/bin'
[0.544s] Level 1:colcon.colcon_core.environment:checking '/home/shiva/Documents/ros2_projects/robot_car_V2/install/robot_car_v2_bringup/lib/pkgconfig/robot_car_v2_bringup.pc'
[0.545s] Level 1:colcon.colcon_core.environment:checking '/home/shiva/Documents/ros2_projects/robot_car_V2/install/robot_car_v2_bringup/lib/python3.10/site-packages'
[0.545s] Level 1:colcon.colcon_core.environment:checking '/home/shiva/Documents/ros2_projects/robot_car_V2/install/robot_car_v2_bringup/bin'
[0.546s] INFO:colcon.colcon_core.shell:Creating package script '/home/shiva/Documents/ros2_projects/robot_car_V2/install/robot_car_v2_bringup/share/robot_car_v2_bringup/package.ps1'
[0.548s] INFO:colcon.colcon_core.shell:Creating package descriptor '/home/shiva/Documents/ros2_projects/robot_car_V2/install/robot_car_v2_bringup/share/robot_car_v2_bringup/package.dsv'
[0.550s] INFO:colcon.colcon_core.shell:Creating package script '/home/shiva/Documents/ros2_projects/robot_car_V2/install/robot_car_v2_bringup/share/robot_car_v2_bringup/package.sh'
[0.552s] INFO:colcon.colcon_core.shell:Creating package script '/home/shiva/Documents/ros2_projects/robot_car_V2/install/robot_car_v2_bringup/share/robot_car_v2_bringup/package.bash'
[0.555s] INFO:colcon.colcon_core.shell:Creating package script '/home/shiva/Documents/ros2_projects/robot_car_V2/install/robot_car_v2_bringup/share/robot_car_v2_bringup/package.zsh'
[0.556s] Level 1:colcon.colcon_core.environment:create_file_with_runtime_dependencies(/home/shiva/Documents/ros2_projects/robot_car_V2/install/robot_car_v2_bringup/share/colcon-core/packages/robot_car_v2_bringup)
[0.587s] Level 1:colcon.colcon_core.environment:create_environment_scripts_only(robot_car_v2_bringup)
[0.588s] Level 1:colcon.colcon_core.environment:checking '/home/shiva/Documents/ros2_projects/robot_car_V2/install/robot_car_v2_bringup' for CMake module files
[0.588s] Level 1:colcon.colcon_core.environment:checking '/home/shiva/Documents/ros2_projects/robot_car_V2/install/robot_car_v2_bringup' for CMake config files
[0.589s] Level 1:colcon.colcon_core.shell:create_environment_hook('robot_car_v2_bringup', 'cmake_prefix_path')
[0.589s] INFO:colcon.colcon_core.shell:Creating environment hook '/home/shiva/Documents/ros2_projects/robot_car_V2/install/robot_car_v2_bringup/share/robot_car_v2_bringup/hook/cmake_prefix_path.ps1'
[0.590s] INFO:colcon.colcon_core.shell:Creating environment descriptor '/home/shiva/Documents/ros2_projects/robot_car_V2/install/robot_car_v2_bringup/share/robot_car_v2_bringup/hook/cmake_prefix_path.dsv'
[0.591s] INFO:colcon.colcon_core.shell:Creating environment hook '/home/shiva/Documents/ros2_projects/robot_car_V2/install/robot_car_v2_bringup/share/robot_car_v2_bringup/hook/cmake_prefix_path.sh'
[0.591s] Level 1:colcon.colcon_core.environment:checking '/home/shiva/Documents/ros2_projects/robot_car_V2/install/robot_car_v2_bringup/bin'
[0.592s] Level 1:colcon.colcon_core.environment:checking '/home/shiva/Documents/ros2_projects/robot_car_V2/install/robot_car_v2_bringup/lib/pkgconfig/robot_car_v2_bringup.pc'
[0.592s] Level 1:colcon.colcon_core.environment:checking '/home/shiva/Documents/ros2_projects/robot_car_V2/install/robot_car_v2_bringup/lib/python3.10/site-packages'
[0.592s] Level 1:colcon.colcon_core.environment:checking '/home/shiva/Documents/ros2_projects/robot_car_V2/install/robot_car_v2_bringup/bin'
[0.593s] INFO:colcon.colcon_core.shell:Creating package script '/home/shiva/Documents/ros2_projects/robot_car_V2/install/robot_car_v2_bringup/share/robot_car_v2_bringup/package.ps1'
[0.593s] INFO:colcon.colcon_core.shell:Creating package descriptor '/home/shiva/Documents/ros2_projects/robot_car_V2/install/robot_car_v2_bringup/share/robot_car_v2_bringup/package.dsv'
[0.594s] INFO:colcon.colcon_core.shell:Creating package script '/home/shiva/Documents/ros2_projects/robot_car_V2/install/robot_car_v2_bringup/share/robot_car_v2_bringup/package.sh'
[0.595s] INFO:colcon.colcon_core.shell:Creating package script '/home/shiva/Documents/ros2_projects/robot_car_V2/install/robot_car_v2_bringup/share/robot_car_v2_bringup/package.bash'
[0.596s] INFO:colcon.colcon_core.shell:Creating package script '/home/shiva/Documents/ros2_projects/robot_car_V2/install/robot_car_v2_bringup/share/robot_car_v2_bringup/package.zsh'
[0.596s] Level 1:colcon.colcon_core.environment:create_file_with_runtime_dependencies(/home/shiva/Documents/ros2_projects/robot_car_V2/install/robot_car_v2_bringup/share/colcon-core/packages/robot_car_v2_bringup)
[1.155s] DEBUG:colcon.colcon_core.event_handler.log_command:Invoked command in '/home/shiva/Documents/ros2_projects/robot_car_V2/build/robot_car_v2_mapping' returned '0': CMAKE_PREFIX_PATH=${CMAKE_PREFIX_PATH}:/home/shiva/Documents/wrk_spc/install/my_pkg:/opt/ros/humble /usr/bin/cmake --build /home/shiva/Documents/ros2_projects/robot_car_V2/build/robot_car_v2_mapping -- -j8 -l8
[1.185s] DEBUG:colcon.colcon_core.event_handler.log_command:Invoking command in '/home/shiva/Documents/ros2_projects/robot_car_V2/build/robot_car_v2_mapping': CMAKE_PREFIX_PATH=${CMAKE_PREFIX_PATH}:/home/shiva/Documents/wrk_spc/install/my_pkg:/opt/ros/humble /usr/bin/cmake --install /home/shiva/Documents/ros2_projects/robot_car_V2/build/robot_car_v2_mapping
[1.216s] DEBUG:colcon.colcon_core.event_handler.log_command:Invoked command in '/home/shiva/Documents/ros2_projects/robot_car_V2/build/robot_car_v2_utils' returned '0': CMAKE_PREFIX_PATH=${CMAKE_PREFIX_PATH}:/home/shiva/Documents/wrk_spc/install/my_pkg:/opt/ros/humble /usr/bin/cmake --build /home/shiva/Documents/ros2_projects/robot_car_V2/build/robot_car_v2_utils -- -j8 -l8
[1.218s] DEBUG:colcon.colcon_core.event_handler.log_command:Invoked command in '/home/shiva/Documents/ros2_projects/robot_car_V2/build/robot_car_v2_controller' returned '0': CMAKE_PREFIX_PATH=${CMAKE_PREFIX_PATH}:/home/shiva/Documents/wrk_spc/install/my_pkg:/opt/ros/humble /usr/bin/cmake --build /home/shiva/Documents/ros2_projects/robot_car_V2/build/robot_car_v2_controller -- -j8 -l8
[1.246s] DEBUG:colcon.colcon_core.event_handler.log_command:Invoking command in '/home/shiva/Documents/ros2_projects/robot_car_V2/build/robot_car_v2_utils': CMAKE_PREFIX_PATH=${CMAKE_PREFIX_PATH}:/home/shiva/Documents/wrk_spc/install/my_pkg:/opt/ros/humble /usr/bin/cmake --install /home/shiva/Documents/ros2_projects/robot_car_V2/build/robot_car_v2_utils
[1.250s] DEBUG:colcon.colcon_core.event_handler.log_command:Invoking command in '/home/shiva/Documents/ros2_projects/robot_car_V2/build/robot_car_v2_controller': CMAKE_PREFIX_PATH=${CMAKE_PREFIX_PATH}:/home/shiva/Documents/wrk_spc/install/my_pkg:/opt/ros/humble /usr/bin/cmake --install /home/shiva/Documents/ros2_projects/robot_car_V2/build/robot_car_v2_controller
[1.285s] DEBUG:colcon.colcon_core.event_handler.log_command:Invoked command in '/home/shiva/Documents/ros2_projects/robot_car_V2/build/robot_car_v2_localization_planning' returned '0': CMAKE_PREFIX_PATH=${CMAKE_PREFIX_PATH}:/home/shiva/Documents/wrk_spc/install/my_pkg:/opt/ros/humble /usr/bin/cmake --build /home/shiva/Documents/ros2_projects/robot_car_V2/build/robot_car_v2_localization_planning -- -j8 -l8
[1.297s] DEBUG:colcon.colcon_core.event_handler.log_command:Invoked command in '/home/shiva/Documents/ros2_projects/robot_car_V2/build/robot_car_v2_description' returned '0': CMAKE_PREFIX_PATH=${CMAKE_PREFIX_PATH}:/home/shiva/Documents/wrk_spc/install/my_pkg:/opt/ros/humble /usr/bin/cmake --build /home/shiva/Documents/ros2_projects/robot_car_V2/build/robot_car_v2_description -- -j8 -l8
[1.322s] DEBUG:colcon.colcon_core.event_handler.log_command:Invoking command in '/home/shiva/Documents/ros2_projects/robot_car_V2/build/robot_car_v2_localization_planning': CMAKE_PREFIX_PATH=${CMAKE_PREFIX_PATH}:/home/shiva/Documents/wrk_spc/install/my_pkg:/opt/ros/humble /usr/bin/cmake --install /home/shiva/Documents/ros2_projects/robot_car_V2/build/robot_car_v2_localization_planning
[1.333s] DEBUG:colcon.colcon_core.event_handler.log_command:Invoking command in '/home/shiva/Documents/ros2_projects/robot_car_V2/build/robot_car_v2_description': CMAKE_PREFIX_PATH=${CMAKE_PREFIX_PATH}:/home/shiva/Documents/wrk_spc/install/my_pkg:/opt/ros/humble /usr/bin/cmake --install /home/shiva/Documents/ros2_projects/robot_car_V2/build/robot_car_v2_description
[1.376s] Level 1:colcon.colcon_core.environment:create_environment_scripts_only(robot_car_v2_mapping)
[1.377s] Level 1:colcon.colcon_core.environment:checking '/home/shiva/Documents/ros2_projects/robot_car_V2/install/robot_car_v2_mapping' for CMake module files
[1.378s] DEBUG:colcon.colcon_core.event_handler.log_command:Invoked command in '/home/shiva/Documents/ros2_projects/robot_car_V2/build/robot_car_v2_mapping' returned '0': CMAKE_PREFIX_PATH=${CMAKE_PREFIX_PATH}:/home/shiva/Documents/wrk_spc/install/my_pkg:/opt/ros/humble /usr/bin/cmake --install /home/shiva/Documents/ros2_projects/robot_car_V2/build/robot_car_v2_mapping
[1.378s] Level 1:colcon.colcon_core.environment:checking '/home/shiva/Documents/ros2_projects/robot_car_V2/install/robot_car_v2_mapping' for CMake config files
[1.379s] Level 1:colcon.colcon_core.shell:create_environment_hook('robot_car_v2_mapping', 'cmake_prefix_path')
[1.379s] INFO:colcon.colcon_core.shell:Creating environment hook '/home/shiva/Documents/ros2_projects/robot_car_V2/install/robot_car_v2_mapping/share/robot_car_v2_mapping/hook/cmake_prefix_path.ps1'
[1.380s] INFO:colcon.colcon_core.shell:Creating environment descriptor '/home/shiva/Documents/ros2_projects/robot_car_V2/install/robot_car_v2_mapping/share/robot_car_v2_mapping/hook/cmake_prefix_path.dsv'
[1.381s] INFO:colcon.colcon_core.shell:Creating environment hook '/home/shiva/Documents/ros2_projects/robot_car_V2/install/robot_car_v2_mapping/share/robot_car_v2_mapping/hook/cmake_prefix_path.sh'
[1.382s] Level 1:colcon.colcon_core.environment:checking '/home/shiva/Documents/ros2_projects/robot_car_V2/install/robot_car_v2_mapping/lib'
[1.382s] Level 1:colcon.colcon_core.environment:checking '/home/shiva/Documents/ros2_projects/robot_car_V2/install/robot_car_v2_mapping/bin'
[1.383s] Level 1:colcon.colcon_core.environment:checking '/home/shiva/Documents/ros2_projects/robot_car_V2/install/robot_car_v2_mapping/lib/pkgconfig/robot_car_v2_mapping.pc'
[1.383s] Level 1:colcon.colcon_core.environment:checking '/home/shiva/Documents/ros2_projects/robot_car_V2/install/robot_car_v2_mapping/lib/python3.10/site-packages'
[1.383s] Level 1:colcon.colcon_core.shell:create_environment_hook('robot_car_v2_mapping', 'pythonpath')
[1.384s] INFO:colcon.colcon_core.shell:Creating environment hook '/home/shiva/Documents/ros2_projects/robot_car_V2/install/robot_car_v2_mapping/share/robot_car_v2_mapping/hook/pythonpath.ps1'
[1.385s] INFO:colcon.colcon_core.shell:Creating environment descriptor '/home/shiva/Documents/ros2_projects/robot_car_V2/install/robot_car_v2_mapping/share/robot_car_v2_mapping/hook/pythonpath.dsv'
[1.385s] INFO:colcon.colcon_core.shell:Creating environment hook '/home/shiva/Documents/ros2_projects/robot_car_V2/install/robot_car_v2_mapping/share/robot_car_v2_mapping/hook/pythonpath.sh'
[1.386s] Level 1:colcon.colcon_core.environment:checking '/home/shiva/Documents/ros2_projects/robot_car_V2/install/robot_car_v2_mapping/bin'
[1.387s] INFO:colcon.colcon_core.shell:Creating package script '/home/shiva/Documents/ros2_projects/robot_car_V2/install/robot_car_v2_mapping/share/robot_car_v2_mapping/package.ps1'
[1.388s] INFO:colcon.colcon_core.shell:Creating package descriptor '/home/shiva/Documents/ros2_projects/robot_car_V2/install/robot_car_v2_mapping/share/robot_car_v2_mapping/package.dsv'
[1.389s] INFO:colcon.colcon_core.shell:Creating package script '/home/shiva/Documents/ros2_projects/robot_car_V2/install/robot_car_v2_mapping/share/robot_car_v2_mapping/package.sh'
[1.390s] INFO:colcon.colcon_core.shell:Creating package script '/home/shiva/Documents/ros2_projects/robot_car_V2/install/robot_car_v2_mapping/share/robot_car_v2_mapping/package.bash'
[1.391s] INFO:colcon.colcon_core.shell:Creating package script '/home/shiva/Documents/ros2_projects/robot_car_V2/install/robot_car_v2_mapping/share/robot_car_v2_mapping/package.zsh'
[1.391s] Level 1:colcon.colcon_core.environment:create_file_with_runtime_dependencies(/home/shiva/Documents/ros2_projects/robot_car_V2/install/robot_car_v2_mapping/share/colcon-core/packages/robot_car_v2_mapping)
[1.429s] Level 1:colcon.colcon_core.environment:create_environment_scripts_only(robot_car_v2_utils)
[1.430s] Level 1:colcon.colcon_core.environment:checking '/home/shiva/Documents/ros2_projects/robot_car_V2/install/robot_car_v2_utils' for CMake module files
[1.431s] DEBUG:colcon.colcon_core.event_handler.log_command:Invoked command in '/home/shiva/Documents/ros2_projects/robot_car_V2/build/robot_car_v2_utils' returned '0': CMAKE_PREFIX_PATH=${CMAKE_PREFIX_PATH}:/home/shiva/Documents/wrk_spc/install/my_pkg:/opt/ros/humble /usr/bin/cmake --install /home/shiva/Documents/ros2_projects/robot_car_V2/build/robot_car_v2_utils
[1.432s] Level 1:colcon.colcon_core.environment:checking '/home/shiva/Documents/ros2_projects/robot_car_V2/install/robot_car_v2_utils' for CMake config files
[1.432s] Level 1:colcon.colcon_core.shell:create_environment_hook('robot_car_v2_utils', 'cmake_prefix_path')
[1.433s] INFO:colcon.colcon_core.shell:Creating environment hook '/home/shiva/Documents/ros2_projects/robot_car_V2/install/robot_car_v2_utils/share/robot_car_v2_utils/hook/cmake_prefix_path.ps1'
[1.434s] INFO:colcon.colcon_core.shell:Creating environment descriptor '/home/shiva/Documents/ros2_projects/robot_car_V2/install/robot_car_v2_utils/share/robot_car_v2_utils/hook/cmake_prefix_path.dsv'
[1.434s] INFO:colcon.colcon_core.shell:Creating environment hook '/home/shiva/Documents/ros2_projects/robot_car_V2/install/robot_car_v2_utils/share/robot_car_v2_utils/hook/cmake_prefix_path.sh'
[1.436s] Level 1:colcon.colcon_core.environment:checking '/home/shiva/Documents/ros2_projects/robot_car_V2/install/robot_car_v2_utils/lib'
[1.436s] Level 1:colcon.colcon_core.environment:checking '/home/shiva/Documents/ros2_projects/robot_car_V2/install/robot_car_v2_utils/bin'
[1.436s] Level 1:colcon.colcon_core.environment:checking '/home/shiva/Documents/ros2_projects/robot_car_V2/install/robot_car_v2_utils/lib/pkgconfig/robot_car_v2_utils.pc'
[1.436s] Level 1:colcon.colcon_core.environment:checking '/home/shiva/Documents/ros2_projects/robot_car_V2/install/robot_car_v2_utils/lib/python3.10/site-packages'
[1.437s] Level 1:colcon.colcon_core.shell:create_environment_hook('robot_car_v2_utils', 'pythonpath')
[1.437s] INFO:colcon.colcon_core.shell:Creating environment hook '/home/shiva/Documents/ros2_projects/robot_car_V2/install/robot_car_v2_utils/share/robot_car_v2_utils/hook/pythonpath.ps1'
[1.438s] INFO:colcon.colcon_core.shell:Creating environment descriptor '/home/shiva/Documents/ros2_projects/robot_car_V2/install/robot_car_v2_utils/share/robot_car_v2_utils/hook/pythonpath.dsv'
[1.439s] INFO:colcon.colcon_core.shell:Creating environment hook '/home/shiva/Documents/ros2_projects/robot_car_V2/install/robot_car_v2_utils/share/robot_car_v2_utils/hook/pythonpath.sh'
[1.441s] Level 1:colcon.colcon_core.environment:checking '/home/shiva/Documents/ros2_projects/robot_car_V2/install/robot_car_v2_utils/bin'
[1.442s] INFO:colcon.colcon_core.shell:Creating package script '/home/shiva/Documents/ros2_projects/robot_car_V2/install/robot_car_v2_utils/share/robot_car_v2_utils/package.ps1'
[1.444s] INFO:colcon.colcon_core.shell:Creating package descriptor '/home/shiva/Documents/ros2_projects/robot_car_V2/install/robot_car_v2_utils/share/robot_car_v2_utils/package.dsv'
[1.446s] INFO:colcon.colcon_core.shell:Creating package script '/home/shiva/Documents/ros2_projects/robot_car_V2/install/robot_car_v2_utils/share/robot_car_v2_utils/package.sh'
[1.449s] INFO:colcon.colcon_core.shell:Creating package script '/home/shiva/Documents/ros2_projects/robot_car_V2/install/robot_car_v2_utils/share/robot_car_v2_utils/package.bash'
[1.450s] INFO:colcon.colcon_core.shell:Creating package script '/home/shiva/Documents/ros2_projects/robot_car_V2/install/robot_car_v2_utils/share/robot_car_v2_utils/package.zsh'
[1.451s] Level 1:colcon.colcon_core.environment:create_file_with_runtime_dependencies(/home/shiva/Documents/ros2_projects/robot_car_V2/install/robot_car_v2_utils/share/colcon-core/packages/robot_car_v2_utils)
[1.453s] Level 1:colcon.colcon_core.environment:create_environment_scripts_only(robot_car_v2_mapping)
[1.454s] Level 1:colcon.colcon_core.environment:checking '/home/shiva/Documents/ros2_projects/robot_car_V2/install/robot_car_v2_mapping' for CMake module files
[1.455s] Level 1:colcon.colcon_core.environment:checking '/home/shiva/Documents/ros2_projects/robot_car_V2/install/robot_car_v2_mapping' for CMake config files
[1.456s] Level 1:colcon.colcon_core.shell:create_environment_hook('robot_car_v2_mapping', 'cmake_prefix_path')
[1.456s] INFO:colcon.colcon_core.shell:Creating environment hook '/home/shiva/Documents/ros2_projects/robot_car_V2/install/robot_car_v2_mapping/share/robot_car_v2_mapping/hook/cmake_prefix_path.ps1'
[1.457s] INFO:colcon.colcon_core.shell:Creating environment descriptor '/home/shiva/Documents/ros2_projects/robot_car_V2/install/robot_car_v2_mapping/share/robot_car_v2_mapping/hook/cmake_prefix_path.dsv'
[1.458s] INFO:colcon.colcon_core.shell:Creating environment hook '/home/shiva/Documents/ros2_projects/robot_car_V2/install/robot_car_v2_mapping/share/robot_car_v2_mapping/hook/cmake_prefix_path.sh'
[1.459s] Level 1:colcon.colcon_core.environment:checking '/home/shiva/Documents/ros2_projects/robot_car_V2/install/robot_car_v2_mapping/lib'
[1.459s] Level 1:colcon.colcon_core.environment:checking '/home/shiva/Documents/ros2_projects/robot_car_V2/install/robot_car_v2_mapping/bin'
[1.459s] Level 1:colcon.colcon_core.environment:checking '/home/shiva/Documents/ros2_projects/robot_car_V2/install/robot_car_v2_mapping/lib/pkgconfig/robot_car_v2_mapping.pc'
[1.460s] Level 1:colcon.colcon_core.environment:checking '/home/shiva/Documents/ros2_projects/robot_car_V2/install/robot_car_v2_mapping/lib/python3.10/site-packages'
[1.460s] Level 1:colcon.colcon_core.shell:create_environment_hook('robot_car_v2_mapping', 'pythonpath')
[1.460s] INFO:colcon.colcon_core.shell:Creating environment hook '/home/shiva/Documents/ros2_projects/robot_car_V2/install/robot_car_v2_mapping/share/robot_car_v2_mapping/hook/pythonpath.ps1'
[1.461s] INFO:colcon.colcon_core.shell:Creating environment descriptor '/home/shiva/Documents/ros2_projects/robot_car_V2/install/robot_car_v2_mapping/share/robot_car_v2_mapping/hook/pythonpath.dsv'
[1.462s] INFO:colcon.colcon_core.shell:Creating environment hook '/home/shiva/Documents/ros2_projects/robot_car_V2/install/robot_car_v2_mapping/share/robot_car_v2_mapping/hook/pythonpath.sh'
[1.463s] Level 1:colcon.colcon_core.environment:checking '/home/shiva/Documents/ros2_projects/robot_car_V2/install/robot_car_v2_mapping/bin'
[1.464s] INFO:colcon.colcon_core.shell:Creating package script '/home/shiva/Documents/ros2_projects/robot_car_V2/install/robot_car_v2_mapping/share/robot_car_v2_mapping/package.ps1'
[1.465s] INFO:colcon.colcon_core.shell:Creating package descriptor '/home/shiva/Documents/ros2_projects/robot_car_V2/install/robot_car_v2_mapping/share/robot_car_v2_mapping/package.dsv'
[1.466s] INFO:colcon.colcon_core.shell:Creating package script '/home/shiva/Documents/ros2_projects/robot_car_V2/install/robot_car_v2_mapping/share/robot_car_v2_mapping/package.sh'
[1.467s] INFO:colcon.colcon_core.shell:Creating package script '/home/shiva/Documents/ros2_projects/robot_car_V2/install/robot_car_v2_mapping/share/robot_car_v2_mapping/package.bash'
[1.468s] INFO:colcon.colcon_core.shell:Creating package script '/home/shiva/Documents/ros2_projects/robot_car_V2/install/robot_car_v2_mapping/share/robot_car_v2_mapping/package.zsh'
[1.469s] Level 1:colcon.colcon_core.environment:create_file_with_runtime_dependencies(/home/shiva/Documents/ros2_projects/robot_car_V2/install/robot_car_v2_mapping/share/colcon-core/packages/robot_car_v2_mapping)
[1.470s] Level 1:colcon.colcon_core.environment:create_environment_scripts_only(robot_car_v2_controller)
[1.470s] Level 1:colcon.colcon_core.environment:checking '/home/shiva/Documents/ros2_projects/robot_car_V2/install/robot_car_v2_controller' for CMake module files
[1.472s] Level 1:colcon.colcon_core.environment:checking '/home/shiva/Documents/ros2_projects/robot_car_V2/install/robot_car_v2_controller' for CMake config files
[1.472s] Level 1:colcon.colcon_core.shell:create_environment_hook('robot_car_v2_controller', 'cmake_prefix_path')
[1.473s] INFO:colcon.colcon_core.shell:Creating environment hook '/home/shiva/Documents/ros2_projects/robot_car_V2/install/robot_car_v2_controller/share/robot_car_v2_controller/hook/cmake_prefix_path.ps1'
[1.474s] INFO:colcon.colcon_core.shell:Creating environment descriptor '/home/shiva/Documents/ros2_projects/robot_car_V2/install/robot_car_v2_controller/share/robot_car_v2_controller/hook/cmake_prefix_path.dsv'
[1.475s] INFO:colcon.colcon_core.shell:Creating environment hook '/home/shiva/Documents/ros2_projects/robot_car_V2/install/robot_car_v2_controller/share/robot_car_v2_controller/hook/cmake_prefix_path.sh'
[1.476s] DEBUG:colcon.colcon_core.event_handler.log_command:Invoked command in '/home/shiva/Documents/ros2_projects/robot_car_V2/build/robot_car_v2_controller' returned '0': CMAKE_PREFIX_PATH=${CMAKE_PREFIX_PATH}:/home/shiva/Documents/wrk_spc/install/my_pkg:/opt/ros/humble /usr/bin/cmake --install /home/shiva/Documents/ros2_projects/robot_car_V2/build/robot_car_v2_controller
[1.477s] Level 1:colcon.colcon_core.environment:checking '/home/shiva/Documents/ros2_projects/robot_car_V2/install/robot_car_v2_controller/lib'
[1.477s] Level 1:colcon.colcon_core.environment:checking '/home/shiva/Documents/ros2_projects/robot_car_V2/install/robot_car_v2_controller/bin'
[1.477s] Level 1:colcon.colcon_core.environment:checking '/home/shiva/Documents/ros2_projects/robot_car_V2/install/robot_car_v2_controller/lib/pkgconfig/robot_car_v2_controller.pc'
[1.477s] Level 1:colcon.colcon_core.environment:checking '/home/shiva/Documents/ros2_projects/robot_car_V2/install/robot_car_v2_controller/lib/python3.10/site-packages'
[1.478s] Level 1:colcon.colcon_core.shell:create_environment_hook('robot_car_v2_controller', 'pythonpath')
[1.478s] INFO:colcon.colcon_core.shell:Creating environment hook '/home/shiva/Documents/ros2_projects/robot_car_V2/install/robot_car_v2_controller/share/robot_car_v2_controller/hook/pythonpath.ps1'
[1.479s] INFO:colcon.colcon_core.shell:Creating environment descriptor '/home/shiva/Documents/ros2_projects/robot_car_V2/install/robot_car_v2_controller/share/robot_car_v2_controller/hook/pythonpath.dsv'
[1.480s] INFO:colcon.colcon_core.shell:Creating environment hook '/home/shiva/Documents/ros2_projects/robot_car_V2/install/robot_car_v2_controller/share/robot_car_v2_controller/hook/pythonpath.sh'
[1.481s] Level 1:colcon.colcon_core.environment:checking '/home/shiva/Documents/ros2_projects/robot_car_V2/install/robot_car_v2_controller/bin'
[1.482s] INFO:colcon.colcon_core.shell:Creating package script '/home/shiva/Documents/ros2_projects/robot_car_V2/install/robot_car_v2_controller/share/robot_car_v2_controller/package.ps1'
[1.483s] INFO:colcon.colcon_core.shell:Creating package descriptor '/home/shiva/Documents/ros2_projects/robot_car_V2/install/robot_car_v2_controller/share/robot_car_v2_controller/package.dsv'
[1.484s] INFO:colcon.colcon_core.shell:Creating package script '/home/shiva/Documents/ros2_projects/robot_car_V2/install/robot_car_v2_controller/share/robot_car_v2_controller/package.sh'
[1.485s] INFO:colcon.colcon_core.shell:Creating package script '/home/shiva/Documents/ros2_projects/robot_car_V2/install/robot_car_v2_controller/share/robot_car_v2_controller/package.bash'
[1.486s] INFO:colcon.colcon_core.shell:Creating package script '/home/shiva/Documents/ros2_projects/robot_car_V2/install/robot_car_v2_controller/share/robot_car_v2_controller/package.zsh'
[1.487s] Level 1:colcon.colcon_core.environment:create_file_with_runtime_dependencies(/home/shiva/Documents/ros2_projects/robot_car_V2/install/robot_car_v2_controller/share/colcon-core/packages/robot_car_v2_controller)
[1.490s] Level 1:colcon.colcon_core.environment:create_environment_scripts_only(robot_car_v2_utils)
[1.490s] Level 1:colcon.colcon_core.environment:checking '/home/shiva/Documents/ros2_projects/robot_car_V2/install/robot_car_v2_utils' for CMake module files
[1.491s] Level 1:colcon.colcon_core.environment:checking '/home/shiva/Documents/ros2_projects/robot_car_V2/install/robot_car_v2_utils' for CMake config files
[1.492s] Level 1:colcon.colcon_core.shell:create_environment_hook('robot_car_v2_utils', 'cmake_prefix_path')
[1.492s] INFO:colcon.colcon_core.shell:Creating environment hook '/home/shiva/Documents/ros2_projects/robot_car_V2/install/robot_car_v2_utils/share/robot_car_v2_utils/hook/cmake_prefix_path.ps1'
[1.493s] INFO:colcon.colcon_core.shell:Creating environment descriptor '/home/shiva/Documents/ros2_projects/robot_car_V2/install/robot_car_v2_utils/share/robot_car_v2_utils/hook/cmake_prefix_path.dsv'
[1.494s] INFO:colcon.colcon_core.shell:Creating environment hook '/home/shiva/Documents/ros2_projects/robot_car_V2/install/robot_car_v2_utils/share/robot_car_v2_utils/hook/cmake_prefix_path.sh'
[1.495s] Level 1:colcon.colcon_core.environment:checking '/home/shiva/Documents/ros2_projects/robot_car_V2/install/robot_car_v2_utils/lib'
[1.495s] Level 1:colcon.colcon_core.environment:checking '/home/shiva/Documents/ros2_projects/robot_car_V2/install/robot_car_v2_utils/bin'
[1.495s] Level 1:colcon.colcon_core.environment:checking '/home/shiva/Documents/ros2_projects/robot_car_V2/install/robot_car_v2_utils/lib/pkgconfig/robot_car_v2_utils.pc'
[1.496s] Level 1:colcon.colcon_core.environment:checking '/home/shiva/Documents/ros2_projects/robot_car_V2/install/robot_car_v2_utils/lib/python3.10/site-packages'
[1.496s] Level 1:colcon.colcon_core.shell:create_environment_hook('robot_car_v2_utils', 'pythonpath')
[1.496s] INFO:colcon.colcon_core.shell:Creating environment hook '/home/shiva/Documents/ros2_projects/robot_car_V2/install/robot_car_v2_utils/share/robot_car_v2_utils/hook/pythonpath.ps1'
[1.497s] INFO:colcon.colcon_core.shell:Creating environment descriptor '/home/shiva/Documents/ros2_projects/robot_car_V2/install/robot_car_v2_utils/share/robot_car_v2_utils/hook/pythonpath.dsv'
[1.498s] INFO:colcon.colcon_core.shell:Creating environment hook '/home/shiva/Documents/ros2_projects/robot_car_V2/install/robot_car_v2_utils/share/robot_car_v2_utils/hook/pythonpath.sh'
[1.499s] Level 1:colcon.colcon_core.environment:checking '/home/shiva/Documents/ros2_projects/robot_car_V2/install/robot_car_v2_utils/bin'
[1.500s] INFO:colcon.colcon_core.shell:Creating package script '/home/shiva/Documents/ros2_projects/robot_car_V2/install/robot_car_v2_utils/share/robot_car_v2_utils/package.ps1'
[1.501s] INFO:colcon.colcon_core.shell:Creating package descriptor '/home/shiva/Documents/ros2_projects/robot_car_V2/install/robot_car_v2_utils/share/robot_car_v2_utils/package.dsv'
[1.502s] INFO:colcon.colcon_core.shell:Creating package script '/home/shiva/Documents/ros2_projects/robot_car_V2/install/robot_car_v2_utils/share/robot_car_v2_utils/package.sh'
[1.504s] INFO:colcon.colcon_core.shell:Creating package script '/home/shiva/Documents/ros2_projects/robot_car_V2/install/robot_car_v2_utils/share/robot_car_v2_utils/package.bash'
[1.504s] INFO:colcon.colcon_core.shell:Creating package script '/home/shiva/Documents/ros2_projects/robot_car_V2/install/robot_car_v2_utils/share/robot_car_v2_utils/package.zsh'
[1.505s] Level 1:colcon.colcon_core.environment:create_file_with_runtime_dependencies(/home/shiva/Documents/ros2_projects/robot_car_V2/install/robot_car_v2_utils/share/colcon-core/packages/robot_car_v2_utils)
[1.521s] Level 1:colcon.colcon_core.environment:create_environment_scripts_only(robot_car_v2_controller)
[1.521s] Level 1:colcon.colcon_core.environment:checking '/home/shiva/Documents/ros2_projects/robot_car_V2/install/robot_car_v2_controller' for CMake module files
[1.525s] Level 1:colcon.colcon_core.environment:checking '/home/shiva/Documents/ros2_projects/robot_car_V2/install/robot_car_v2_controller' for CMake config files
[1.532s] Level 1:colcon.colcon_core.shell:create_environment_hook('robot_car_v2_controller', 'cmake_prefix_path')
[1.532s] INFO:colcon.colcon_core.shell:Creating environment hook '/home/shiva/Documents/ros2_projects/robot_car_V2/install/robot_car_v2_controller/share/robot_car_v2_controller/hook/cmake_prefix_path.ps1'
[1.534s] INFO:colcon.colcon_core.shell:Creating environment descriptor '/home/shiva/Documents/ros2_projects/robot_car_V2/install/robot_car_v2_controller/share/robot_car_v2_controller/hook/cmake_prefix_path.dsv'
[1.535s] INFO:colcon.colcon_core.shell:Creating environment hook '/home/shiva/Documents/ros2_projects/robot_car_V2/install/robot_car_v2_controller/share/robot_car_v2_controller/hook/cmake_prefix_path.sh'
[1.537s] Level 1:colcon.colcon_core.environment:checking '/home/shiva/Documents/ros2_projects/robot_car_V2/install/robot_car_v2_controller/lib'
[1.537s] Level 1:colcon.colcon_core.environment:checking '/home/shiva/Documents/ros2_projects/robot_car_V2/install/robot_car_v2_controller/bin'
[1.537s] Level 1:colcon.colcon_core.environment:checking '/home/shiva/Documents/ros2_projects/robot_car_V2/install/robot_car_v2_controller/lib/pkgconfig/robot_car_v2_controller.pc'
[1.538s] Level 1:colcon.colcon_core.environment:checking '/home/shiva/Documents/ros2_projects/robot_car_V2/install/robot_car_v2_controller/lib/python3.10/site-packages'
[1.538s] Level 1:colcon.colcon_core.shell:create_environment_hook('robot_car_v2_controller', 'pythonpath')
[1.538s] INFO:colcon.colcon_core.shell:Creating environment hook '/home/shiva/Documents/ros2_projects/robot_car_V2/install/robot_car_v2_controller/share/robot_car_v2_controller/hook/pythonpath.ps1'
[1.540s] INFO:colcon.colcon_core.shell:Creating environment descriptor '/home/shiva/Documents/ros2_projects/robot_car_V2/install/robot_car_v2_controller/share/robot_car_v2_controller/hook/pythonpath.dsv'
[1.541s] INFO:colcon.colcon_core.shell:Creating environment hook '/home/shiva/Documents/ros2_projects/robot_car_V2/install/robot_car_v2_controller/share/robot_car_v2_controller/hook/pythonpath.sh'
[1.542s] Level 1:colcon.colcon_core.environment:checking '/home/shiva/Documents/ros2_projects/robot_car_V2/install/robot_car_v2_controller/bin'
[1.542s] INFO:colcon.colcon_core.shell:Creating package script '/home/shiva/Documents/ros2_projects/robot_car_V2/install/robot_car_v2_controller/share/robot_car_v2_controller/package.ps1'
[1.544s] INFO:colcon.colcon_core.shell:Creating package descriptor '/home/shiva/Documents/ros2_projects/robot_car_V2/install/robot_car_v2_controller/share/robot_car_v2_controller/package.dsv'
[1.546s] INFO:colcon.colcon_core.shell:Creating package script '/home/shiva/Documents/ros2_projects/robot_car_V2/install/robot_car_v2_controller/share/robot_car_v2_controller/package.sh'
[1.548s] INFO:colcon.colcon_core.shell:Creating package script '/home/shiva/Documents/ros2_projects/robot_car_V2/install/robot_car_v2_controller/share/robot_car_v2_controller/package.bash'
[1.550s] INFO:colcon.colcon_core.shell:Creating package script '/home/shiva/Documents/ros2_projects/robot_car_V2/install/robot_car_v2_controller/share/robot_car_v2_controller/package.zsh'
[1.552s] Level 1:colcon.colcon_core.environment:create_file_with_runtime_dependencies(/home/shiva/Documents/ros2_projects/robot_car_V2/install/robot_car_v2_controller/share/colcon-core/packages/robot_car_v2_controller)
[1.554s] Level 1:colcon.colcon_core.environment:create_environment_scripts_only(robot_car_v2_localization_planning)
[1.555s] Level 1:colcon.colcon_core.environment:checking '/home/shiva/Documents/ros2_projects/robot_car_V2/install/robot_car_v2_localization_planning' for CMake module files
[1.558s] Level 1:colcon.colcon_core.environment:checking '/home/shiva/Documents/ros2_projects/robot_car_V2/install/robot_car_v2_localization_planning' for CMake config files
[1.563s] Level 1:colcon.colcon_core.shell:create_environment_hook('robot_car_v2_localization_planning', 'cmake_prefix_path')
[1.564s] INFO:colcon.colcon_core.shell:Creating environment hook '/home/shiva/Documents/ros2_projects/robot_car_V2/install/robot_car_v2_localization_planning/share/robot_car_v2_localization_planning/hook/cmake_prefix_path.ps1'
[1.566s] INFO:colcon.colcon_core.shell:Creating environment descriptor '/home/shiva/Documents/ros2_projects/robot_car_V2/install/robot_car_v2_localization_planning/share/robot_car_v2_localization_planning/hook/cmake_prefix_path.dsv'
[1.567s] INFO:colcon.colcon_core.shell:Creating environment hook '/home/shiva/Documents/ros2_projects/robot_car_V2/install/robot_car_v2_localization_planning/share/robot_car_v2_localization_planning/hook/cmake_prefix_path.sh'
[1.570s] Level 1:colcon.colcon_core.environment:checking '/home/shiva/Documents/ros2_projects/robot_car_V2/install/robot_car_v2_localization_planning/lib'
[1.571s] Level 1:colcon.colcon_core.environment:checking '/home/shiva/Documents/ros2_projects/robot_car_V2/install/robot_car_v2_localization_planning/bin'
[1.571s] Level 1:colcon.colcon_core.environment:checking '/home/shiva/Documents/ros2_projects/robot_car_V2/install/robot_car_v2_localization_planning/lib/pkgconfig/robot_car_v2_localization_planning.pc'
[1.572s] Level 1:colcon.colcon_core.environment:checking '/home/shiva/Documents/ros2_projects/robot_car_V2/install/robot_car_v2_localization_planning/lib/python3.10/site-packages'
[1.572s] Level 1:colcon.colcon_core.shell:create_environment_hook('robot_car_v2_localization_planning', 'pythonpath')
[1.572s] INFO:colcon.colcon_core.shell:Creating environment hook '/home/shiva/Documents/ros2_projects/robot_car_V2/install/robot_car_v2_localization_planning/share/robot_car_v2_localization_planning/hook/pythonpath.ps1'
[1.573s] INFO:colcon.colcon_core.shell:Creating environment descriptor '/home/shiva/Documents/ros2_projects/robot_car_V2/install/robot_car_v2_localization_planning/share/robot_car_v2_localization_planning/hook/pythonpath.dsv'
[1.574s] INFO:colcon.colcon_core.shell:Creating environment hook '/home/shiva/Documents/ros2_projects/robot_car_V2/install/robot_car_v2_localization_planning/share/robot_car_v2_localization_planning/hook/pythonpath.sh'
[1.576s] Level 1:colcon.colcon_core.environment:checking '/home/shiva/Documents/ros2_projects/robot_car_V2/install/robot_car_v2_localization_planning/bin'
[1.576s] INFO:colcon.colcon_core.shell:Creating package script '/home/shiva/Documents/ros2_projects/robot_car_V2/install/robot_car_v2_localization_planning/share/robot_car_v2_localization_planning/package.ps1'
[1.577s] INFO:colcon.colcon_core.shell:Creating package descriptor '/home/shiva/Documents/ros2_projects/robot_car_V2/install/robot_car_v2_localization_planning/share/robot_car_v2_localization_planning/package.dsv'
[1.579s] INFO:colcon.colcon_core.shell:Creating package script '/home/shiva/Documents/ros2_projects/robot_car_V2/install/robot_car_v2_localization_planning/share/robot_car_v2_localization_planning/package.sh'
[1.580s] INFO:colcon.colcon_core.shell:Creating package script '/home/shiva/Documents/ros2_projects/robot_car_V2/install/robot_car_v2_localization_planning/share/robot_car_v2_localization_planning/package.bash'
[1.582s] INFO:colcon.colcon_core.shell:Creating package script '/home/shiva/Documents/ros2_projects/robot_car_V2/install/robot_car_v2_localization_planning/share/robot_car_v2_localization_planning/package.zsh'
[1.583s] Level 1:colcon.colcon_core.environment:create_file_with_runtime_dependencies(/home/shiva/Documents/ros2_projects/robot_car_V2/install/robot_car_v2_localization_planning/share/colcon-core/packages/robot_car_v2_localization_planning)
[1.585s] Level 1:colcon.colcon_core.environment:create_environment_scripts_only(robot_car_v2_description)
[1.586s] Level 1:colcon.colcon_core.environment:checking '/home/shiva/Documents/ros2_projects/robot_car_V2/install/robot_car_v2_description' for CMake module files
[1.588s] Level 1:colcon.colcon_core.environment:checking '/home/shiva/Documents/ros2_projects/robot_car_V2/install/robot_car_v2_description' for CMake config files
[1.590s] Level 1:colcon.colcon_core.shell:create_environment_hook('robot_car_v2_description', 'cmake_prefix_path')
[1.590s] INFO:colcon.colcon_core.shell:Creating environment hook '/home/shiva/Documents/ros2_projects/robot_car_V2/install/robot_car_v2_description/share/robot_car_v2_description/hook/cmake_prefix_path.ps1'
[1.591s] INFO:colcon.colcon_core.shell:Creating environment descriptor '/home/shiva/Documents/ros2_projects/robot_car_V2/install/robot_car_v2_description/share/robot_car_v2_description/hook/cmake_prefix_path.dsv'
[1.592s] INFO:colcon.colcon_core.shell:Creating environment hook '/home/shiva/Documents/ros2_projects/robot_car_V2/install/robot_car_v2_description/share/robot_car_v2_description/hook/cmake_prefix_path.sh'
[1.594s] Level 1:colcon.colcon_core.environment:checking '/home/shiva/Documents/ros2_projects/robot_car_V2/install/robot_car_v2_description/lib'
[1.594s] Level 1:colcon.colcon_core.environment:checking '/home/shiva/Documents/ros2_projects/robot_car_V2/install/robot_car_v2_description/bin'
[1.594s] Level 1:colcon.colcon_core.environment:checking '/home/shiva/Documents/ros2_projects/robot_car_V2/install/robot_car_v2_description/lib/pkgconfig/robot_car_v2_description.pc'
[1.594s] Level 1:colcon.colcon_core.environment:checking '/home/shiva/Documents/ros2_projects/robot_car_V2/install/robot_car_v2_description/lib/python3.10/site-packages'
[1.594s] Level 1:colcon.colcon_core.shell:create_environment_hook('robot_car_v2_description', 'pythonpath')
[1.595s] INFO:colcon.colcon_core.shell:Creating environment hook '/home/shiva/Documents/ros2_projects/robot_car_V2/install/robot_car_v2_description/share/robot_car_v2_description/hook/pythonpath.ps1'
[1.596s] INFO:colcon.colcon_core.shell:Creating environment descriptor '/home/shiva/Documents/ros2_projects/robot_car_V2/install/robot_car_v2_description/share/robot_car_v2_description/hook/pythonpath.dsv'
[1.597s] INFO:colcon.colcon_core.shell:Creating environment hook '/home/shiva/Documents/ros2_projects/robot_car_V2/install/robot_car_v2_description/share/robot_car_v2_description/hook/pythonpath.sh'
[1.598s] Level 1:colcon.colcon_core.environment:checking '/home/shiva/Documents/ros2_projects/robot_car_V2/install/robot_car_v2_description/bin'
[1.598s] INFO:colcon.colcon_core.shell:Creating package script '/home/shiva/Documents/ros2_projects/robot_car_V2/install/robot_car_v2_description/share/robot_car_v2_description/package.ps1'
[1.601s] INFO:colcon.colcon_core.shell:Creating package descriptor '/home/shiva/Documents/ros2_projects/robot_car_V2/install/robot_car_v2_description/share/robot_car_v2_description/package.dsv'
[1.602s] INFO:colcon.colcon_core.shell:Creating package script '/home/shiva/Documents/ros2_projects/robot_car_V2/install/robot_car_v2_description/share/robot_car_v2_description/package.sh'
[1.604s] INFO:colcon.colcon_core.shell:Creating package script '/home/shiva/Documents/ros2_projects/robot_car_V2/install/robot_car_v2_description/share/robot_car_v2_description/package.bash'
[1.605s] INFO:colcon.colcon_core.shell:Creating package script '/home/shiva/Documents/ros2_projects/robot_car_V2/install/robot_car_v2_description/share/robot_car_v2_description/package.zsh'
[1.609s] Level 1:colcon.colcon_core.environment:create_file_with_runtime_dependencies(/home/shiva/Documents/ros2_projects/robot_car_V2/install/robot_car_v2_description/share/colcon-core/packages/robot_car_v2_description)
[1.617s] Level 1:colcon.colcon_core.environment:create_environment_scripts_only(robot_car_v2_localization_planning)
[1.618s] Level 1:colcon.colcon_core.environment:checking '/home/shiva/Documents/ros2_projects/robot_car_V2/install/robot_car_v2_localization_planning' for CMake module files
[1.624s] Level 1:colcon.colcon_core.environment:checking '/home/shiva/Documents/ros2_projects/robot_car_V2/install/robot_car_v2_localization_planning' for CMake config files
[1.628s] Level 1:colcon.colcon_core.shell:create_environment_hook('robot_car_v2_localization_planning', 'cmake_prefix_path')
[1.628s] INFO:colcon.colcon_core.shell:Creating environment hook '/home/shiva/Documents/ros2_projects/robot_car_V2/install/robot_car_v2_localization_planning/share/robot_car_v2_localization_planning/hook/cmake_prefix_path.ps1'
[1.630s] INFO:colcon.colcon_core.shell:Creating environment descriptor '/home/shiva/Documents/ros2_projects/robot_car_V2/install/robot_car_v2_localization_planning/share/robot_car_v2_localization_planning/hook/cmake_prefix_path.dsv'
[1.632s] INFO:colcon.colcon_core.shell:Creating environment hook '/home/shiva/Documents/ros2_projects/robot_car_V2/install/robot_car_v2_localization_planning/share/robot_car_v2_localization_planning/hook/cmake_prefix_path.sh'
[1.635s] Level 1:colcon.colcon_core.environment:checking '/home/shiva/Documents/ros2_projects/robot_car_V2/install/robot_car_v2_localization_planning/lib'
[1.635s] Level 1:colcon.colcon_core.environment:checking '/home/shiva/Documents/ros2_projects/robot_car_V2/install/robot_car_v2_localization_planning/bin'
[1.635s] Level 1:colcon.colcon_core.environment:checking '/home/shiva/Documents/ros2_projects/robot_car_V2/install/robot_car_v2_localization_planning/lib/pkgconfig/robot_car_v2_localization_planning.pc'
[1.636s] Level 1:colcon.colcon_core.environment:checking '/home/shiva/Documents/ros2_projects/robot_car_V2/install/robot_car_v2_localization_planning/lib/python3.10/site-packages'
[1.636s] Level 1:colcon.colcon_core.shell:create_environment_hook('robot_car_v2_localization_planning', 'pythonpath')
[1.636s] INFO:colcon.colcon_core.shell:Creating environment hook '/home/shiva/Documents/ros2_projects/robot_car_V2/install/robot_car_v2_localization_planning/share/robot_car_v2_localization_planning/hook/pythonpath.ps1'
[1.639s] INFO:colcon.colcon_core.shell:Creating environment descriptor '/home/shiva/Documents/ros2_projects/robot_car_V2/install/robot_car_v2_localization_planning/share/robot_car_v2_localization_planning/hook/pythonpath.dsv'
[1.641s] INFO:colcon.colcon_core.shell:Creating environment hook '/home/shiva/Documents/ros2_projects/robot_car_V2/install/robot_car_v2_localization_planning/share/robot_car_v2_localization_planning/hook/pythonpath.sh'
[1.645s] Level 1:colcon.colcon_core.environment:checking '/home/shiva/Documents/ros2_projects/robot_car_V2/install/robot_car_v2_localization_planning/bin'
[1.646s] INFO:colcon.colcon_core.shell:Creating package script '/home/shiva/Documents/ros2_projects/robot_car_V2/install/robot_car_v2_localization_planning/share/robot_car_v2_localization_planning/package.ps1'
[1.648s] INFO:colcon.colcon_core.shell:Creating package descriptor '/home/shiva/Documents/ros2_projects/robot_car_V2/install/robot_car_v2_localization_planning/share/robot_car_v2_localization_planning/package.dsv'
[1.650s] INFO:colcon.colcon_core.shell:Creating package script '/home/shiva/Documents/ros2_projects/robot_car_V2/install/robot_car_v2_localization_planning/share/robot_car_v2_localization_planning/package.sh'
[1.653s] INFO:colcon.colcon_core.shell:Creating package script '/home/shiva/Documents/ros2_projects/robot_car_V2/install/robot_car_v2_localization_planning/share/robot_car_v2_localization_planning/package.bash'
[1.655s] INFO:colcon.colcon_core.shell:Creating package script '/home/shiva/Documents/ros2_projects/robot_car_V2/install/robot_car_v2_localization_planning/share/robot_car_v2_localization_planning/package.zsh'
[1.658s] Level 1:colcon.colcon_core.environment:create_file_with_runtime_dependencies(/home/shiva/Documents/ros2_projects/robot_car_V2/install/robot_car_v2_localization_planning/share/colcon-core/packages/robot_car_v2_localization_planning)
[1.661s] Level 1:colcon.colcon_core.environment:create_environment_scripts_only(robot_car_v2_description)
[1.662s] Level 1:colcon.colcon_core.environment:checking '/home/shiva/Documents/ros2_projects/robot_car_V2/install/robot_car_v2_description' for CMake module files
[1.665s] Level 1:colcon.colcon_core.environment:checking '/home/shiva/Documents/ros2_projects/robot_car_V2/install/robot_car_v2_description' for CMake config files
[1.675s] Level 1:colcon.colcon_core.shell:create_environment_hook('robot_car_v2_description', 'cmake_prefix_path')
[1.676s] INFO:colcon.colcon_core.shell:Creating environment hook '/home/shiva/Documents/ros2_projects/robot_car_V2/install/robot_car_v2_description/share/robot_car_v2_description/hook/cmake_prefix_path.ps1'
[1.678s] INFO:colcon.colcon_core.shell:Creating environment descriptor '/home/shiva/Documents/ros2_projects/robot_car_V2/install/robot_car_v2_description/share/robot_car_v2_description/hook/cmake_prefix_path.dsv'
[1.679s] INFO:colcon.colcon_core.shell:Creating environment hook '/home/shiva/Documents/ros2_projects/robot_car_V2/install/robot_car_v2_description/share/robot_car_v2_description/hook/cmake_prefix_path.sh'
[1.682s] Level 1:colcon.colcon_core.environment:checking '/home/shiva/Documents/ros2_projects/robot_car_V2/install/robot_car_v2_description/lib'
[1.683s] Level 1:colcon.colcon_core.environment:checking '/home/shiva/Documents/ros2_projects/robot_car_V2/install/robot_car_v2_description/bin'
[1.683s] Level 1:colcon.colcon_core.environment:checking '/home/shiva/Documents/ros2_projects/robot_car_V2/install/robot_car_v2_description/lib/pkgconfig/robot_car_v2_description.pc'
[1.683s] Level 1:colcon.colcon_core.environment:checking '/home/shiva/Documents/ros2_projects/robot_car_V2/install/robot_car_v2_description/lib/python3.10/site-packages'
[1.683s] Level 1:colcon.colcon_core.shell:create_environment_hook('robot_car_v2_description', 'pythonpath')
[1.684s] INFO:colcon.colcon_core.shell:Creating environment hook '/home/shiva/Documents/ros2_projects/robot_car_V2/install/robot_car_v2_description/share/robot_car_v2_description/hook/pythonpath.ps1'
[1.685s] INFO:colcon.colcon_core.shell:Creating environment descriptor '/home/shiva/Documents/ros2_projects/robot_car_V2/install/robot_car_v2_description/share/robot_car_v2_description/hook/pythonpath.dsv'
[1.688s] INFO:colcon.colcon_core.shell:Creating environment hook '/home/shiva/Documents/ros2_projects/robot_car_V2/install/robot_car_v2_description/share/robot_car_v2_description/hook/pythonpath.sh'
[1.690s] Level 1:colcon.colcon_core.environment:checking '/home/shiva/Documents/ros2_projects/robot_car_V2/install/robot_car_v2_description/bin'
[1.690s] INFO:colcon.colcon_core.shell:Creating package script '/home/shiva/Documents/ros2_projects/robot_car_V2/install/robot_car_v2_description/share/robot_car_v2_description/package.ps1'
[1.692s] INFO:colcon.colcon_core.shell:Creating package descriptor '/home/shiva/Documents/ros2_projects/robot_car_V2/install/robot_car_v2_description/share/robot_car_v2_description/package.dsv'
[1.694s] INFO:colcon.colcon_core.shell:Creating package script '/home/shiva/Documents/ros2_projects/robot_car_V2/install/robot_car_v2_description/share/robot_car_v2_description/package.sh'
[1.694s] DEBUG:colcon.colcon_core.event_handler.log_command:Invoked command in '/home/shiva/Documents/ros2_projects/robot_car_V2/build/robot_car_v2_localization_planning' returned '0': CMAKE_PREFIX_PATH=${CMAKE_PREFIX_PATH}:/home/shiva/Documents/wrk_spc/install/my_pkg:/opt/ros/humble /usr/bin/cmake --install /home/shiva/Documents/ros2_projects/robot_car_V2/build/robot_car_v2_localization_planning
[1.695s] DEBUG:colcon.colcon_core.event_handler.log_command:Invoked command in '/home/shiva/Documents/ros2_projects/robot_car_V2/build/robot_car_v2_description' returned '0': CMAKE_PREFIX_PATH=${CMAKE_PREFIX_PATH}:/home/shiva/Documents/wrk_spc/install/my_pkg:/opt/ros/humble /usr/bin/cmake --install /home/shiva/Documents/ros2_projects/robot_car_V2/build/robot_car_v2_description
[1.695s] INFO:colcon.colcon_core.shell:Creating package script '/home/shiva/Documents/ros2_projects/robot_car_V2/install/robot_car_v2_description/share/robot_car_v2_description/package.bash'
[1.696s] INFO:colcon.colcon_core.shell:Creating package script '/home/shiva/Documents/ros2_projects/robot_car_V2/install/robot_car_v2_description/share/robot_car_v2_description/package.zsh'
[1.697s] Level 1:colcon.colcon_core.environment:create_file_with_runtime_dependencies(/home/shiva/Documents/ros2_projects/robot_car_V2/install/robot_car_v2_description/share/colcon-core/packages/robot_car_v2_description)
[1.697s] DEBUG:colcon.colcon_parallel_executor.executor.parallel:closing loop
[1.697s] DEBUG:colcon.colcon_parallel_executor.executor.parallel:loop closed
[1.697s] DEBUG:colcon.colcon_parallel_executor.executor.parallel:run_until_complete finished with '0'
[1.697s] DEBUG:colcon.colcon_core.event_reactor:joining thread
[1.707s] INFO:colcon.colcon_core.plugin_system:Skipping extension 'colcon_notification.desktop_notification.terminal_notifier': Not used on non-Darwin systems
[1.707s] INFO:colcon.colcon_core.plugin_system:Skipping extension 'colcon_notification.desktop_notification.win32': Not used on non-Windows systems
[1.707s] INFO:colcon.colcon_notification.desktop_notification:Sending desktop notification using 'notify2'
[1.720s] DEBUG:colcon.colcon_core.event_reactor:joined thread
[1.721s] INFO:colcon.colcon_core.shell:Creating prefix script '/home/shiva/Documents/ros2_projects/robot_car_V2/install/local_setup.ps1'
[1.722s] INFO:colcon.colcon_core.shell:Creating prefix util module '/home/shiva/Documents/ros2_projects/robot_car_V2/install/_local_setup_util_ps1.py'
[1.724s] INFO:colcon.colcon_core.shell:Creating prefix chain script '/home/shiva/Documents/ros2_projects/robot_car_V2/install/setup.ps1'
[1.726s] INFO:colcon.colcon_core.shell:Creating prefix script '/home/shiva/Documents/ros2_projects/robot_car_V2/install/local_setup.sh'
[1.727s] INFO:colcon.colcon_core.shell:Creating prefix util module '/home/shiva/Documents/ros2_projects/robot_car_V2/install/_local_setup_util_sh.py'
[1.728s] INFO:colcon.colcon_core.shell:Creating prefix chain script '/home/shiva/Documents/ros2_projects/robot_car_V2/install/setup.sh'
[1.730s] INFO:colcon.colcon_core.shell:Creating prefix script '/home/shiva/Documents/ros2_projects/robot_car_V2/install/local_setup.bash'
[1.731s] INFO:colcon.colcon_core.shell:Creating prefix chain script '/home/shiva/Documents/ros2_projects/robot_car_V2/install/setup.bash'
[1.734s] INFO:colcon.colcon_core.shell:Creating prefix script '/home/shiva/Documents/ros2_projects/robot_car_V2/install/local_setup.zsh'
[1.735s] INFO:colcon.colcon_core.shell:Creating prefix chain script '/home/shiva/Documents/ros2_projects/robot_car_V2/install/setup.zsh'
