[0.028s] Invoking command in '/home/shiva/Documents/ros2_projects/robot_car_V2/build/robot_car_v2_localization': CMAKE_PREFIX_PATH=${CMAKE_PREFIX_PATH}:/home/shiva/Documents/wrk_spc/install/my_pkg:/opt/ros/humble /usr/bin/cmake --build /home/shiva/Documents/ros2_projects/robot_car_V2/build/robot_car_v2_localization -- -j8 -l8
[0.105s] Built target ament_cmake_python_copy_robot_car_v2_localization
[0.801s] running egg_info
[0.845s] writing robot_car_v2_localization.egg-info/PKG-INFO
[0.846s] writing dependency_links to robot_car_v2_localization.egg-info/dependency_links.txt
[0.847s] writing top-level names to robot_car_v2_localization.egg-info/top_level.txt
[0.989s] reading manifest file 'robot_car_v2_localization.egg-info/SOURCES.txt'
[0.990s] writing manifest file 'robot_car_v2_localization.egg-info/SOURCES.txt'
[0.999s] Built target ament_cmake_python_build_robot_car_v2_localization_egg
[1.023s] Invoked command in '/home/shiva/Documents/ros2_projects/robot_car_V2/build/robot_car_v2_localization' returned '0': CMAKE_PREFIX_PATH=${CMAKE_PREFIX_PATH}:/home/shiva/Documents/wrk_spc/install/my_pkg:/opt/ros/humble /usr/bin/cmake --build /home/shiva/Documents/ros2_projects/robot_car_V2/build/robot_car_v2_localization -- -j8 -l8
[1.049s] Invoking command in '/home/shiva/Documents/ros2_projects/robot_car_V2/build/robot_car_v2_localization': CMAKE_PREFIX_PATH=${CMAKE_PREFIX_PATH}:/home/shiva/Documents/wrk_spc/install/my_pkg:/opt/ros/humble /usr/bin/cmake --install /home/shiva/Documents/ros2_projects/robot_car_V2/build/robot_car_v2_localization
[1.058s] -- Install configuration: ""
[1.059s] -- Up-to-date: /home/shiva/Documents/ros2_projects/robot_car_V2/install/robot_car_v2_localization/share/robot_car_v2_localization/environment/pythonpath.sh
[1.059s] -- Up-to-date: /home/shiva/Documents/ros2_projects/robot_car_V2/install/robot_car_v2_localization/share/robot_car_v2_localization/environment/pythonpath.dsv
[1.059s] -- Up-to-date: /home/shiva/Documents/ros2_projects/robot_car_V2/install/robot_car_v2_localization/lib/python3.10/site-packages/robot_car_v2_localization-0.0.0-py3.10.egg-info
[1.059s] -- Installing: /home/shiva/Documents/ros2_projects/robot_car_V2/install/robot_car_v2_localization/lib/python3.10/site-packages/robot_car_v2_localization-0.0.0-py3.10.egg-info/PKG-INFO
[1.060s] -- Installing: /home/shiva/Documents/ros2_projects/robot_car_V2/install/robot_car_v2_localization/lib/python3.10/site-packages/robot_car_v2_localization-0.0.0-py3.10.egg-info/top_level.txt
[1.060s] -- Installing: /home/shiva/Documents/ros2_projects/robot_car_V2/install/robot_car_v2_localization/lib/python3.10/site-packages/robot_car_v2_localization-0.0.0-py3.10.egg-info/SOURCES.txt
[1.060s] -- Installing: /home/shiva/Documents/ros2_projects/robot_car_V2/install/robot_car_v2_localization/lib/python3.10/site-packages/robot_car_v2_localization-0.0.0-py3.10.egg-info/dependency_links.txt
[1.060s] -- Up-to-date: /home/shiva/Documents/ros2_projects/robot_car_V2/install/robot_car_v2_localization/lib/python3.10/site-packages/robot_car_v2_localization
[1.060s] -- Up-to-date: /home/shiva/Documents/ros2_projects/robot_car_V2/install/robot_car_v2_localization/lib/python3.10/site-packages/robot_car_v2_localization/kalman_filter.py
[1.060s] -- Up-to-date: /home/shiva/Documents/ros2_projects/robot_car_V2/install/robot_car_v2_localization/lib/python3.10/site-packages/robot_car_v2_localization/__init__.py
[1.060s] -- Up-to-date: /home/shiva/Documents/ros2_projects/robot_car_V2/install/robot_car_v2_localization/lib/python3.10/site-packages/robot_car_v2_localization/imu_republisher.py
[1.060s] -- Up-to-date: /home/shiva/Documents/ros2_projects/robot_car_V2/install/robot_car_v2_localization/lib/python3.10/site-packages/robot_car_v2_localization/odometry_motion_model.py
[1.178s] Listing '/home/shiva/Documents/ros2_projects/robot_car_V2/install/robot_car_v2_localization/lib/python3.10/site-packages/robot_car_v2_localization'...
[1.184s] -- Up-to-date: /home/shiva/Documents/ros2_projects/robot_car_V2/install/robot_car_v2_localization/include/include
[1.185s] -- Up-to-date: /home/shiva/Documents/ros2_projects/robot_car_V2/install/robot_car_v2_localization/include/include/robot_car_v2_localization
[1.185s] -- Up-to-date: /home/shiva/Documents/ros2_projects/robot_car_V2/install/robot_car_v2_localization/share/robot_car_v2_localization/launch
[1.185s] -- Up-to-date: /home/shiva/Documents/ros2_projects/robot_car_V2/install/robot_car_v2_localization/share/robot_car_v2_localization/launch/global_localization.launch.py
[1.185s] -- Up-to-date: /home/shiva/Documents/ros2_projects/robot_car_V2/install/robot_car_v2_localization/share/robot_car_v2_localization/launch/local_localization.launch.py
[1.185s] -- Up-to-date: /home/shiva/Documents/ros2_projects/robot_car_V2/install/robot_car_v2_localization/share/robot_car_v2_localization/config
[1.186s] -- Up-to-date: /home/shiva/Documents/ros2_projects/robot_car_V2/install/robot_car_v2_localization/share/robot_car_v2_localization/config/amcl.yaml
[1.186s] -- Up-to-date: /home/shiva/Documents/ros2_projects/robot_car_V2/install/robot_car_v2_localization/share/robot_car_v2_localization/config/ekf.yaml
[1.186s] -- Up-to-date: /home/shiva/Documents/ros2_projects/robot_car_V2/install/robot_car_v2_localization/lib/robot_car_v2_localization/kalman_filter.py
[1.186s] -- Up-to-date: /home/shiva/Documents/ros2_projects/robot_car_V2/install/robot_car_v2_localization/lib/robot_car_v2_localization/imu_republisher.py
[1.186s] -- Up-to-date: /home/shiva/Documents/ros2_projects/robot_car_V2/install/robot_car_v2_localization/lib/robot_car_v2_localization/odometry_motion_model.py
[1.186s] -- Up-to-date: /home/shiva/Documents/ros2_projects/robot_car_V2/install/robot_car_v2_localization/share/ament_index/resource_index/package_run_dependencies/robot_car_v2_localization
[1.186s] -- Up-to-date: /home/shiva/Documents/ros2_projects/robot_car_V2/install/robot_car_v2_localization/share/ament_index/resource_index/parent_prefix_path/robot_car_v2_localization
[1.186s] -- Up-to-date: /home/shiva/Documents/ros2_projects/robot_car_V2/install/robot_car_v2_localization/share/robot_car_v2_localization/environment/ament_prefix_path.sh
[1.187s] -- Up-to-date: /home/shiva/Documents/ros2_projects/robot_car_V2/install/robot_car_v2_localization/share/robot_car_v2_localization/environment/ament_prefix_path.dsv
[1.187s] -- Up-to-date: /home/shiva/Documents/ros2_projects/robot_car_V2/install/robot_car_v2_localization/share/robot_car_v2_localization/environment/path.sh
[1.187s] -- Up-to-date: /home/shiva/Documents/ros2_projects/robot_car_V2/install/robot_car_v2_localization/share/robot_car_v2_localization/environment/path.dsv
[1.187s] -- Up-to-date: /home/shiva/Documents/ros2_projects/robot_car_V2/install/robot_car_v2_localization/share/robot_car_v2_localization/local_setup.bash
[1.187s] -- Up-to-date: /home/shiva/Documents/ros2_projects/robot_car_V2/install/robot_car_v2_localization/share/robot_car_v2_localization/local_setup.sh
[1.188s] -- Up-to-date: /home/shiva/Documents/ros2_projects/robot_car_V2/install/robot_car_v2_localization/share/robot_car_v2_localization/local_setup.zsh
[1.189s] -- Up-to-date: /home/shiva/Documents/ros2_projects/robot_car_V2/install/robot_car_v2_localization/share/robot_car_v2_localization/local_setup.dsv
[1.189s] -- Installing: /home/shiva/Documents/ros2_projects/robot_car_V2/install/robot_car_v2_localization/share/robot_car_v2_localization/package.dsv
[1.189s] -- Up-to-date: /home/shiva/Documents/ros2_projects/robot_car_V2/install/robot_car_v2_localization/share/ament_index/resource_index/packages/robot_car_v2_localization
[1.189s] -- Up-to-date: /home/shiva/Documents/ros2_projects/robot_car_V2/install/robot_car_v2_localization/share/robot_car_v2_localization/cmake/robot_car_v2_localizationConfig.cmake
[1.190s] -- Up-to-date: /home/shiva/Documents/ros2_projects/robot_car_V2/install/robot_car_v2_localization/share/robot_car_v2_localization/cmake/robot_car_v2_localizationConfig-version.cmake
[1.190s] -- Up-to-date: /home/shiva/Documents/ros2_projects/robot_car_V2/install/robot_car_v2_localization/share/robot_car_v2_localization/package.xml
[1.192s] Invoked command in '/home/shiva/Documents/ros2_projects/robot_car_V2/build/robot_car_v2_localization' returned '0': CMAKE_PREFIX_PATH=${CMAKE_PREFIX_PATH}:/home/shiva/Documents/wrk_spc/install/my_pkg:/opt/ros/humble /usr/bin/cmake --install /home/shiva/Documents/ros2_projects/robot_car_V2/build/robot_car_v2_localization
