-- Install configuration: ""
-- Up-to-date: /home/shiva/Documents/ros2_projects/robot_car_V2/install/robot_car_v2_description/share/robot_car_v2_description/launch
-- Up-to-date: /home/shiva/Documents/ros2_projects/robot_car_V2/install/robot_car_v2_description/share/robot_car_v2_description/launch/display.launch.py
-- Up-to-date: /home/shiva/Documents/ros2_projects/robot_car_V2/install/robot_car_v2_description/share/robot_car_v2_description/launch/gazebo.launch.py
-- Up-to-date: /home/shiva/Documents/ros2_projects/robot_car_V2/install/robot_car_v2_description/share/robot_car_v2_description/meshes
-- Up-to-date: /home/shiva/Documents/ros2_projects/robot_car_V2/install/robot_car_v2_description/share/robot_car_v2_description/meshes/imu_link.STL
-- Up-to-date: /home/shiva/Documents/ros2_projects/robot_car_V2/install/robot_car_v2_description/share/robot_car_v2_description/meshes/wheel_left_link.STL
-- Up-to-date: /home/shiva/Documents/ros2_projects/robot_car_V2/install/robot_car_v2_description/share/robot_car_v2_description/meshes/base_link.STL
-- Up-to-date: /home/shiva/Documents/ros2_projects/robot_car_V2/install/robot_car_v2_description/share/robot_car_v2_description/meshes/wheel_right_link.STL
-- Up-to-date: /home/shiva/Documents/ros2_projects/robot_car_V2/install/robot_car_v2_description/share/robot_car_v2_description/meshes/caster_rear_link.STL
-- Up-to-date: /home/shiva/Documents/ros2_projects/robot_car_V2/install/robot_car_v2_description/share/robot_car_v2_description/meshes/caster_front_link.STL
-- Up-to-date: /home/shiva/Documents/ros2_projects/robot_car_V2/install/robot_car_v2_description/share/robot_car_v2_description/urdf
-- Up-to-date: /home/shiva/Documents/ros2_projects/robot_car_V2/install/robot_car_v2_description/share/robot_car_v2_description/urdf/robot_car_v2_gazebo.xacro
-- Up-to-date: /home/shiva/Documents/ros2_projects/robot_car_V2/install/robot_car_v2_description/share/robot_car_v2_description/urdf/robot_car_v2_ros2_control.xacro
-- Up-to-date: /home/shiva/Documents/ros2_projects/robot_car_V2/install/robot_car_v2_description/share/robot_car_v2_description/urdf/robot_car_v2_urdf.urdf.xacro
-- Up-to-date: /home/shiva/Documents/ros2_projects/robot_car_V2/install/robot_car_v2_description/share/robot_car_v2_description/rviz
-- Up-to-date: /home/shiva/Documents/ros2_projects/robot_car_V2/install/robot_car_v2_description/share/robot_car_v2_description/rviz/urdf_config.rviz
-- Up-to-date: /home/shiva/Documents/ros2_projects/robot_car_V2/install/robot_car_v2_description/share/ament_index/resource_index/package_run_dependencies/robot_car_v2_description
-- Up-to-date: /home/shiva/Documents/ros2_projects/robot_car_V2/install/robot_car_v2_description/share/ament_index/resource_index/parent_prefix_path/robot_car_v2_description
-- Up-to-date: /home/shiva/Documents/ros2_projects/robot_car_V2/install/robot_car_v2_description/share/robot_car_v2_description/environment/ament_prefix_path.sh
-- Up-to-date: /home/shiva/Documents/ros2_projects/robot_car_V2/install/robot_car_v2_description/share/robot_car_v2_description/environment/ament_prefix_path.dsv
-- Up-to-date: /home/shiva/Documents/ros2_projects/robot_car_V2/install/robot_car_v2_description/share/robot_car_v2_description/environment/path.sh
-- Up-to-date: /home/shiva/Documents/ros2_projects/robot_car_V2/install/robot_car_v2_description/share/robot_car_v2_description/environment/path.dsv
-- Up-to-date: /home/shiva/Documents/ros2_projects/robot_car_V2/install/robot_car_v2_description/share/robot_car_v2_description/local_setup.bash
-- Up-to-date: /home/shiva/Documents/ros2_projects/robot_car_V2/install/robot_car_v2_description/share/robot_car_v2_description/local_setup.sh
-- Up-to-date: /home/shiva/Documents/ros2_projects/robot_car_V2/install/robot_car_v2_description/share/robot_car_v2_description/local_setup.zsh
-- Up-to-date: /home/shiva/Documents/ros2_projects/robot_car_V2/install/robot_car_v2_description/share/robot_car_v2_description/local_setup.dsv
-- Installing: /home/shiva/Documents/ros2_projects/robot_car_V2/install/robot_car_v2_description/share/robot_car_v2_description/package.dsv
-- Up-to-date: /home/shiva/Documents/ros2_projects/robot_car_V2/install/robot_car_v2_description/share/ament_index/resource_index/packages/robot_car_v2_description
-- Up-to-date: /home/shiva/Documents/ros2_projects/robot_car_V2/install/robot_car_v2_description/share/robot_car_v2_description/cmake/robot_car_v2_descriptionConfig.cmake
-- Up-to-date: /home/shiva/Documents/ros2_projects/robot_car_V2/install/robot_car_v2_description/share/robot_car_v2_description/cmake/robot_car_v2_descriptionConfig-version.cmake
-- Up-to-date: /home/shiva/Documents/ros2_projects/robot_car_V2/install/robot_car_v2_description/share/robot_car_v2_description/package.xml
