[0.024s] Invoking command in '/home/shiva/Documents/ros2_projects/robot_car_V2/build/robot_car_v2_bringup': CMAKE_PREFIX_PATH=${CMAKE_PREFIX_PATH}:/home/shiva/Documents/wrk_spc/install/my_pkg:/opt/ros/humble /usr/bin/cmake /home/shiva/Documents/ros2_projects/robot_car_V2/src/robot_car_v2_bringup -DCMAKE_INSTALL_PREFIX=/home/shiva/Documents/ros2_projects/robot_car_V2/install/robot_car_v2_bringup
[0.070s] -- The C compiler identification is GNU 11.4.0
[0.125s] -- The CXX compiler identification is GNU 11.4.0
[0.133s] -- Detecting C compiler ABI info
[0.197s] -- Detecting C compiler ABI info - done
[0.206s] -- Check for working C compiler: /usr/bin/cc - skipped
[0.206s] -- Detecting C compile features
[0.206s] -- Detecting C compile features - done
[0.210s] -- Detecting CXX compiler ABI info
[0.285s] -- Detecting CXX compiler ABI info - done
[0.294s] -- Check for working CXX compiler: /usr/bin/c++ - skipped
[0.294s] -- Detecting CXX compile features
[0.295s] -- Detecting CXX compile features - done
[0.299s] -- Found ament_cmake: 1.3.10 (/opt/ros/humble/share/ament_cmake/cmake)
[1.035s] -- Found Python3: /home/shiva/.pyenv/shims/python3 (found version "3.10.9") found components: Interpreter 
[1.179s] -- Found ament_lint_auto: 0.12.11 (/opt/ros/humble/share/ament_lint_auto/cmake)
[1.330s] -- Added test 'lint_cmake' to check CMake code style
[1.331s] -- Added test 'xmllint' to check XML markup files
[1.333s] -- Configuring done
[1.335s] -- Generating done
[1.336s] -- Build files have been written to: /home/shiva/Documents/ros2_projects/robot_car_V2/build/robot_car_v2_bringup
[1.340s] Invoked command in '/home/shiva/Documents/ros2_projects/robot_car_V2/build/robot_car_v2_bringup' returned '0': CMAKE_PREFIX_PATH=${CMAKE_PREFIX_PATH}:/home/shiva/Documents/wrk_spc/install/my_pkg:/opt/ros/humble /usr/bin/cmake /home/shiva/Documents/ros2_projects/robot_car_V2/src/robot_car_v2_bringup -DCMAKE_INSTALL_PREFIX=/home/shiva/Documents/ros2_projects/robot_car_V2/install/robot_car_v2_bringup
[1.341s] Invoking command in '/home/shiva/Documents/ros2_projects/robot_car_V2/build/robot_car_v2_bringup': CMAKE_PREFIX_PATH=${CMAKE_PREFIX_PATH}:/home/shiva/Documents/wrk_spc/install/my_pkg:/opt/ros/humble /usr/bin/cmake --build /home/shiva/Documents/ros2_projects/robot_car_V2/build/robot_car_v2_bringup -- -j8 -l8
[1.370s] Invoked command in '/home/shiva/Documents/ros2_projects/robot_car_V2/build/robot_car_v2_bringup' returned '0': CMAKE_PREFIX_PATH=${CMAKE_PREFIX_PATH}:/home/shiva/Documents/wrk_spc/install/my_pkg:/opt/ros/humble /usr/bin/cmake --build /home/shiva/Documents/ros2_projects/robot_car_V2/build/robot_car_v2_bringup -- -j8 -l8
[1.386s] Invoking command in '/home/shiva/Documents/ros2_projects/robot_car_V2/build/robot_car_v2_bringup': CMAKE_PREFIX_PATH=${CMAKE_PREFIX_PATH}:/home/shiva/Documents/wrk_spc/install/my_pkg:/opt/ros/humble /usr/bin/cmake --install /home/shiva/Documents/ros2_projects/robot_car_V2/build/robot_car_v2_bringup
[1.391s] -- Install configuration: ""
[1.391s] -- Installing: /home/shiva/Documents/ros2_projects/robot_car_V2/install/robot_car_v2_bringup/share/ament_index/resource_index/package_run_dependencies/robot_car_v2_bringup
[1.391s] -- Installing: /home/shiva/Documents/ros2_projects/robot_car_V2/install/robot_car_v2_bringup/share/ament_index/resource_index/parent_prefix_path/robot_car_v2_bringup
[1.391s] -- Installing: /home/shiva/Documents/ros2_projects/robot_car_V2/install/robot_car_v2_bringup/share/robot_car_v2_bringup/environment/ament_prefix_path.sh
[1.392s] -- Installing: /home/shiva/Documents/ros2_projects/robot_car_V2/install/robot_car_v2_bringup/share/robot_car_v2_bringup/environment/ament_prefix_path.dsv
[1.392s] -- Installing: /home/shiva/Documents/ros2_projects/robot_car_V2/install/robot_car_v2_bringup/share/robot_car_v2_bringup/environment/path.sh
[1.392s] -- Installing: /home/shiva/Documents/ros2_projects/robot_car_V2/install/robot_car_v2_bringup/share/robot_car_v2_bringup/environment/path.dsv
[1.392s] -- Installing: /home/shiva/Documents/ros2_projects/robot_car_V2/install/robot_car_v2_bringup/share/robot_car_v2_bringup/local_setup.bash
[1.392s] -- Installing: /home/shiva/Documents/ros2_projects/robot_car_V2/install/robot_car_v2_bringup/share/robot_car_v2_bringup/local_setup.sh
[1.392s] -- Installing: /home/shiva/Documents/ros2_projects/robot_car_V2/install/robot_car_v2_bringup/share/robot_car_v2_bringup/local_setup.zsh
[1.392s] -- Installing: /home/shiva/Documents/ros2_projects/robot_car_V2/install/robot_car_v2_bringup/share/robot_car_v2_bringup/local_setup.dsv
[1.392s] -- Installing: /home/shiva/Documents/ros2_projects/robot_car_V2/install/robot_car_v2_bringup/share/robot_car_v2_bringup/package.dsv
[1.392s] -- Installing: /home/shiva/Documents/ros2_projects/robot_car_V2/install/robot_car_v2_bringup/share/ament_index/resource_index/packages/robot_car_v2_bringup
[1.392s] -- Installing: /home/shiva/Documents/ros2_projects/robot_car_V2/install/robot_car_v2_bringup/share/robot_car_v2_bringup/cmake/robot_car_v2_bringupConfig.cmake
[1.393s] -- Installing: /home/shiva/Documents/ros2_projects/robot_car_V2/install/robot_car_v2_bringup/share/robot_car_v2_bringup/cmake/robot_car_v2_bringupConfig-version.cmake
[1.393s] -- Installing: /home/shiva/Documents/ros2_projects/robot_car_V2/install/robot_car_v2_bringup/share/robot_car_v2_bringup/package.xml
[1.394s] Invoked command in '/home/shiva/Documents/ros2_projects/robot_car_V2/build/robot_car_v2_bringup' returned '0': CMAKE_PREFIX_PATH=${CMAKE_PREFIX_PATH}:/home/shiva/Documents/wrk_spc/install/my_pkg:/opt/ros/humble /usr/bin/cmake --install /home/shiva/Documents/ros2_projects/robot_car_V2/build/robot_car_v2_bringup
