[0.034s] Invoking command in '/home/shiva/Documents/ros2_projects/robot_car_V2/build/robot_car_v2_utils': CMAKE_PREFIX_PATH=${CMAKE_PREFIX_PATH}:/home/shiva/Documents/wrk_spc/install/my_pkg:/opt/ros/humble /usr/bin/cmake --build /home/shiva/Documents/ros2_projects/robot_car_V2/build/robot_car_v2_utils -- -j8 -l8
[0.107s] Built target ament_cmake_python_copy_robot_car_v2_utils
[0.490s] running egg_info
[0.512s] writing robot_car_v2_utils.egg-info/PKG-INFO
[0.512s] writing dependency_links to robot_car_v2_utils.egg-info/dependency_links.txt
[0.513s] writing top-level names to robot_car_v2_utils.egg-info/top_level.txt
[0.574s] reading manifest file 'robot_car_v2_utils.egg-info/SOURCES.txt'
[0.576s] writing manifest file 'robot_car_v2_utils.egg-info/SOURCES.txt'
[0.617s] Built target ament_cmake_python_build_robot_car_v2_utils_egg
[0.638s] Invoked command in '/home/shiva/Documents/ros2_projects/robot_car_V2/build/robot_car_v2_utils' returned '0': CMAKE_PREFIX_PATH=${CMAKE_PREFIX_PATH}:/home/shiva/Documents/wrk_spc/install/my_pkg:/opt/ros/humble /usr/bin/cmake --build /home/shiva/Documents/ros2_projects/robot_car_V2/build/robot_car_v2_utils -- -j8 -l8
[0.676s] Invoking command in '/home/shiva/Documents/ros2_projects/robot_car_V2/build/robot_car_v2_utils': CMAKE_PREFIX_PATH=${CMAKE_PREFIX_PATH}:/home/shiva/Documents/wrk_spc/install/my_pkg:/opt/ros/humble /usr/bin/cmake --install /home/shiva/Documents/ros2_projects/robot_car_V2/build/robot_car_v2_utils
[0.686s] -- Install configuration: ""
[0.687s] -- Up-to-date: /home/shiva/Documents/ros2_projects/robot_car_V2/install/robot_car_v2_utils/share/robot_car_v2_utils/environment/pythonpath.sh
[0.687s] -- Up-to-date: /home/shiva/Documents/ros2_projects/robot_car_V2/install/robot_car_v2_utils/share/robot_car_v2_utils/environment/pythonpath.dsv
[0.687s] -- Up-to-date: /home/shiva/Documents/ros2_projects/robot_car_V2/install/robot_car_v2_utils/lib/python3.10/site-packages/robot_car_v2_utils-0.0.0-py3.10.egg-info
[0.687s] -- Installing: /home/shiva/Documents/ros2_projects/robot_car_V2/install/robot_car_v2_utils/lib/python3.10/site-packages/robot_car_v2_utils-0.0.0-py3.10.egg-info/PKG-INFO
[0.687s] -- Installing: /home/shiva/Documents/ros2_projects/robot_car_V2/install/robot_car_v2_utils/lib/python3.10/site-packages/robot_car_v2_utils-0.0.0-py3.10.egg-info/top_level.txt
[0.687s] -- Installing: /home/shiva/Documents/ros2_projects/robot_car_V2/install/robot_car_v2_utils/lib/python3.10/site-packages/robot_car_v2_utils-0.0.0-py3.10.egg-info/SOURCES.txt
[0.687s] -- Installing: /home/shiva/Documents/ros2_projects/robot_car_V2/install/robot_car_v2_utils/lib/python3.10/site-packages/robot_car_v2_utils-0.0.0-py3.10.egg-info/dependency_links.txt
[0.688s] -- Up-to-date: /home/shiva/Documents/ros2_projects/robot_car_V2/install/robot_car_v2_utils/lib/python3.10/site-packages/robot_car_v2_utils
[0.688s] -- Up-to-date: /home/shiva/Documents/ros2_projects/robot_car_V2/install/robot_car_v2_utils/lib/python3.10/site-packages/robot_car_v2_utils/__init__.py
[0.688s] -- Up-to-date: /home/shiva/Documents/ros2_projects/robot_car_V2/install/robot_car_v2_utils/lib/python3.10/site-packages/robot_car_v2_utils/safety_stop.py
[0.843s] Listing '/home/shiva/Documents/ros2_projects/robot_car_V2/install/robot_car_v2_utils/lib/python3.10/site-packages/robot_car_v2_utils'...
[0.862s] -- Up-to-date: /home/shiva/Documents/ros2_projects/robot_car_V2/install/robot_car_v2_utils/lib/robot_car_v2_utils/safety_stop.py
[0.863s] -- Up-to-date: /home/shiva/Documents/ros2_projects/robot_car_V2/install/robot_car_v2_utils/share/ament_index/resource_index/package_run_dependencies/robot_car_v2_utils
[0.863s] -- Up-to-date: /home/shiva/Documents/ros2_projects/robot_car_V2/install/robot_car_v2_utils/share/ament_index/resource_index/parent_prefix_path/robot_car_v2_utils
[0.864s] -- Up-to-date: /home/shiva/Documents/ros2_projects/robot_car_V2/install/robot_car_v2_utils/share/robot_car_v2_utils/environment/ament_prefix_path.sh
[0.864s] -- Up-to-date: /home/shiva/Documents/ros2_projects/robot_car_V2/install/robot_car_v2_utils/share/robot_car_v2_utils/environment/ament_prefix_path.dsv
[0.864s] -- Up-to-date: /home/shiva/Documents/ros2_projects/robot_car_V2/install/robot_car_v2_utils/share/robot_car_v2_utils/environment/path.sh
[0.864s] -- Up-to-date: /home/shiva/Documents/ros2_projects/robot_car_V2/install/robot_car_v2_utils/share/robot_car_v2_utils/environment/path.dsv
[0.865s] -- Up-to-date: /home/shiva/Documents/ros2_projects/robot_car_V2/install/robot_car_v2_utils/share/robot_car_v2_utils/local_setup.bash
[0.865s] -- Up-to-date: /home/shiva/Documents/ros2_projects/robot_car_V2/install/robot_car_v2_utils/share/robot_car_v2_utils/local_setup.sh
[0.866s] -- Up-to-date: /home/shiva/Documents/ros2_projects/robot_car_V2/install/robot_car_v2_utils/share/robot_car_v2_utils/local_setup.zsh
[0.866s] -- Up-to-date: /home/shiva/Documents/ros2_projects/robot_car_V2/install/robot_car_v2_utils/share/robot_car_v2_utils/local_setup.dsv
[0.866s] -- Installing: /home/shiva/Documents/ros2_projects/robot_car_V2/install/robot_car_v2_utils/share/robot_car_v2_utils/package.dsv
[0.866s] -- Up-to-date: /home/shiva/Documents/ros2_projects/robot_car_V2/install/robot_car_v2_utils/share/ament_index/resource_index/packages/robot_car_v2_utils
[0.866s] -- Up-to-date: /home/shiva/Documents/ros2_projects/robot_car_V2/install/robot_car_v2_utils/share/robot_car_v2_utils/cmake/robot_car_v2_utilsConfig.cmake
[0.866s] -- Up-to-date: /home/shiva/Documents/ros2_projects/robot_car_V2/install/robot_car_v2_utils/share/robot_car_v2_utils/cmake/robot_car_v2_utilsConfig-version.cmake
[0.866s] -- Up-to-date: /home/shiva/Documents/ros2_projects/robot_car_V2/install/robot_car_v2_utils/share/robot_car_v2_utils/package.xml
[0.910s] Invoked command in '/home/shiva/Documents/ros2_projects/robot_car_V2/build/robot_car_v2_utils' returned '0': CMAKE_PREFIX_PATH=${CMAKE_PREFIX_PATH}:/home/shiva/Documents/wrk_spc/install/my_pkg:/opt/ros/humble /usr/bin/cmake --install /home/shiva/Documents/ros2_projects/robot_car_V2/build/robot_car_v2_utils
