[0.095s] DEBUG:colcon:Command line arguments: ['/usr/bin/colcon', 'build']
[0.096s] DEBUG:colcon:Parsed command line arguments: Namespace(log_base=None, log_level=None, verb_name='build', build_base='build', install_base='install', merge_install=False, symlink_install=False, test_result_base=None, continue_on_error=False, executor='parallel', parallel_workers=8, event_handlers=None, ignore_user_meta=False, metas=['./colcon.meta'], base_paths=['.'], packages_ignore=None, packages_ignore_regex=None, paths=None, packages_up_to=None, packages_up_to_regex=None, packages_above=None, packages_above_and_dependencies=None, packages_above_depth=None, packages_select_by_dep=None, packages_skip_by_dep=None, packages_skip_up_to=None, packages_select_build_failed=False, packages_skip_build_finished=False, packages_select_test_failures=False, packages_skip_test_passed=False, packages_select=None, packages_skip=None, packages_select_regex=None, packages_skip_regex=None, packages_start=None, packages_end=None, allow_overriding=[], cmake_args=None, cmake_target=None, cmake_target_skip_unavailable=False, cmake_clean_cache=False, cmake_clean_first=False, cmake_force_configure=False, ament_cmake_args=None, catkin_cmake_args=None, catkin_skip_building_tests=False, mixin_files=None, mixin=None, verb_parser=<colcon_mixin.mixin.mixin_argument.MixinArgumentDecorator object at 0x7bfb9f9d6140>, verb_extension=<colcon_core.verb.build.BuildVerb object at 0x7bfb9f9d5ab0>, main=<bound method BuildVerb.main of <colcon_core.verb.build.BuildVerb object at 0x7bfb9f9d5ab0>>, mixin_verb=('build',))
[0.242s] Level 1:colcon.colcon_core.package_discovery:discover_packages(colcon_meta) check parameters
[0.242s] Level 1:colcon.colcon_core.package_discovery:discover_packages(recursive) check parameters
[0.242s] Level 1:colcon.colcon_core.package_discovery:discover_packages(ignore) check parameters
[0.242s] Level 1:colcon.colcon_core.package_discovery:discover_packages(path) check parameters
[0.242s] Level 1:colcon.colcon_core.package_discovery:discover_packages(colcon_meta) discover
[0.242s] Level 1:colcon.colcon_core.package_discovery:discover_packages(recursive) discover
[0.242s] INFO:colcon.colcon_core.package_discovery:Crawling recursively for packages in '/home/shiva/Documents/ros2_projects/robot_car_V2'
[0.242s] Level 1:colcon.colcon_core.package_identification:_identify(.) by extensions ['ignore', 'ignore_ament_install']
[0.242s] Level 1:colcon.colcon_core.package_identification:_identify(.) by extension 'ignore'
[0.242s] Level 1:colcon.colcon_core.package_identification:_identify(.) by extension 'ignore_ament_install'
[0.242s] Level 1:colcon.colcon_core.package_identification:_identify(.) by extensions ['colcon_pkg']
[0.242s] Level 1:colcon.colcon_core.package_identification:_identify(.) by extension 'colcon_pkg'
[0.242s] Level 1:colcon.colcon_core.package_identification:_identify(.) by extensions ['colcon_meta']
[0.242s] Level 1:colcon.colcon_core.package_identification:_identify(.) by extension 'colcon_meta'
[0.242s] Level 1:colcon.colcon_core.package_identification:_identify(.) by extensions ['ros']
[0.242s] Level 1:colcon.colcon_core.package_identification:_identify(.) by extension 'ros'
[0.251s] Level 1:colcon.colcon_core.package_identification:_identify(.) by extensions ['cmake', 'python']
[0.251s] Level 1:colcon.colcon_core.package_identification:_identify(.) by extension 'cmake'
[0.251s] Level 1:colcon.colcon_core.package_identification:_identify(.) by extension 'python'
[0.251s] Level 1:colcon.colcon_core.package_identification:_identify(.) by extensions ['python_setup_py']
[0.251s] Level 1:colcon.colcon_core.package_identification:_identify(.) by extension 'python_setup_py'
[0.251s] Level 1:colcon.colcon_core.package_identification:_identify(build) by extensions ['ignore', 'ignore_ament_install']
[0.252s] Level 1:colcon.colcon_core.package_identification:_identify(build) by extension 'ignore'
[0.252s] Level 1:colcon.colcon_core.package_identification:_identify(build) ignored
[0.252s] Level 1:colcon.colcon_core.package_identification:_identify(install) by extensions ['ignore', 'ignore_ament_install']
[0.252s] Level 1:colcon.colcon_core.package_identification:_identify(install) by extension 'ignore'
[0.252s] Level 1:colcon.colcon_core.package_identification:_identify(install) ignored
[0.252s] Level 1:colcon.colcon_core.package_identification:_identify(log) by extensions ['ignore', 'ignore_ament_install']
[0.252s] Level 1:colcon.colcon_core.package_identification:_identify(log) by extension 'ignore'
[0.252s] Level 1:colcon.colcon_core.package_identification:_identify(log) ignored
[0.252s] Level 1:colcon.colcon_core.package_identification:_identify(src) by extensions ['ignore', 'ignore_ament_install']
[0.252s] Level 1:colcon.colcon_core.package_identification:_identify(src) by extension 'ignore'
[0.252s] Level 1:colcon.colcon_core.package_identification:_identify(src) by extension 'ignore_ament_install'
[0.252s] Level 1:colcon.colcon_core.package_identification:_identify(src) by extensions ['colcon_pkg']
[0.252s] Level 1:colcon.colcon_core.package_identification:_identify(src) by extension 'colcon_pkg'
[0.252s] Level 1:colcon.colcon_core.package_identification:_identify(src) by extensions ['colcon_meta']
[0.252s] Level 1:colcon.colcon_core.package_identification:_identify(src) by extension 'colcon_meta'
[0.253s] Level 1:colcon.colcon_core.package_identification:_identify(src) by extensions ['ros']
[0.253s] Level 1:colcon.colcon_core.package_identification:_identify(src) by extension 'ros'
[0.253s] Level 1:colcon.colcon_core.package_identification:_identify(src) by extensions ['cmake', 'python']
[0.253s] Level 1:colcon.colcon_core.package_identification:_identify(src) by extension 'cmake'
[0.253s] Level 1:colcon.colcon_core.package_identification:_identify(src) by extension 'python'
[0.253s] Level 1:colcon.colcon_core.package_identification:_identify(src) by extensions ['python_setup_py']
[0.253s] Level 1:colcon.colcon_core.package_identification:_identify(src) by extension 'python_setup_py'
[0.253s] Level 1:colcon.colcon_core.package_identification:_identify(src/robot_car_v2_controller) by extensions ['ignore', 'ignore_ament_install']
[0.253s] Level 1:colcon.colcon_core.package_identification:_identify(src/robot_car_v2_controller) by extension 'ignore'
[0.253s] Level 1:colcon.colcon_core.package_identification:_identify(src/robot_car_v2_controller) by extension 'ignore_ament_install'
[0.253s] Level 1:colcon.colcon_core.package_identification:_identify(src/robot_car_v2_controller) by extensions ['colcon_pkg']
[0.253s] Level 1:colcon.colcon_core.package_identification:_identify(src/robot_car_v2_controller) by extension 'colcon_pkg'
[0.253s] Level 1:colcon.colcon_core.package_identification:_identify(src/robot_car_v2_controller) by extensions ['colcon_meta']
[0.253s] Level 1:colcon.colcon_core.package_identification:_identify(src/robot_car_v2_controller) by extension 'colcon_meta'
[0.253s] Level 1:colcon.colcon_core.package_identification:_identify(src/robot_car_v2_controller) by extensions ['ros']
[0.253s] Level 1:colcon.colcon_core.package_identification:_identify(src/robot_car_v2_controller) by extension 'ros'
[0.256s] DEBUG:colcon.colcon_core.package_identification:Package 'src/robot_car_v2_controller' with type 'ros.ament_cmake' and name 'robot_car_v2_controller'
[0.256s] Level 1:colcon.colcon_core.package_identification:_identify(src/robot_car_v2_description) by extensions ['ignore', 'ignore_ament_install']
[0.256s] Level 1:colcon.colcon_core.package_identification:_identify(src/robot_car_v2_description) by extension 'ignore'
[0.256s] Level 1:colcon.colcon_core.package_identification:_identify(src/robot_car_v2_description) by extension 'ignore_ament_install'
[0.256s] Level 1:colcon.colcon_core.package_identification:_identify(src/robot_car_v2_description) by extensions ['colcon_pkg']
[0.256s] Level 1:colcon.colcon_core.package_identification:_identify(src/robot_car_v2_description) by extension 'colcon_pkg'
[0.256s] Level 1:colcon.colcon_core.package_identification:_identify(src/robot_car_v2_description) by extensions ['colcon_meta']
[0.256s] Level 1:colcon.colcon_core.package_identification:_identify(src/robot_car_v2_description) by extension 'colcon_meta'
[0.256s] Level 1:colcon.colcon_core.package_identification:_identify(src/robot_car_v2_description) by extensions ['ros']
[0.256s] Level 1:colcon.colcon_core.package_identification:_identify(src/robot_car_v2_description) by extension 'ros'
[0.258s] DEBUG:colcon.colcon_core.package_identification:Package 'src/robot_car_v2_description' with type 'ros.ament_cmake' and name 'robot_car_v2_description'
[0.258s] Level 1:colcon.colcon_core.package_discovery:discover_packages(recursive) using defaults
[0.258s] Level 1:colcon.colcon_core.package_discovery:discover_packages(ignore) discover
[0.258s] Level 1:colcon.colcon_core.package_discovery:discover_packages(ignore) using defaults
[0.258s] Level 1:colcon.colcon_core.package_discovery:discover_packages(path) discover
[0.259s] Level 1:colcon.colcon_core.package_discovery:discover_packages(path) using defaults
[0.283s] Level 1:colcon.colcon_core.package_discovery:discover_packages(prefix_path) check parameters
[0.283s] Level 1:colcon.colcon_core.package_discovery:discover_packages(prefix_path) discover
[0.285s] DEBUG:colcon.colcon_installed_package_information.package_discovery:Found 2 installed packages in /home/shiva/Documents/ros2_projects/robot_car_V2/install
[0.285s] DEBUG:colcon.colcon_installed_package_information.package_discovery:Found 2 installed packages in /home/shiva/Documents/bumperbot_wrkspc/install
[0.286s] DEBUG:colcon.colcon_installed_package_information.package_discovery:Found 7 installed packages in /home/shiva/Documents/robot_arm/install
[0.286s] DEBUG:colcon.colcon_installed_package_information.package_discovery:Found 3 installed packages in /home/shiva/Documents/wrk_spc/install
[0.287s] DEBUG:colcon.colcon_installed_package_information.package_discovery:Found 4 installed packages in /home/shiva/Documents/AGV_Kalman_Filter_Robot/robo_car/install
[0.288s] DEBUG:colcon.colcon_installed_package_information.package_discovery:Found 333 installed packages in /opt/ros/humble
[0.289s] Level 1:colcon.colcon_core.package_discovery:discover_packages(prefix_path) using defaults
[0.324s] Level 5:colcon.colcon_core.verb:set package 'robot_car_v2_controller' build argument 'cmake_args' from command line to 'None'
[0.324s] Level 5:colcon.colcon_core.verb:set package 'robot_car_v2_controller' build argument 'cmake_target' from command line to 'None'
[0.324s] Level 5:colcon.colcon_core.verb:set package 'robot_car_v2_controller' build argument 'cmake_target_skip_unavailable' from command line to 'False'
[0.324s] Level 5:colcon.colcon_core.verb:set package 'robot_car_v2_controller' build argument 'cmake_clean_cache' from command line to 'False'
[0.324s] Level 5:colcon.colcon_core.verb:set package 'robot_car_v2_controller' build argument 'cmake_clean_first' from command line to 'False'
[0.324s] Level 5:colcon.colcon_core.verb:set package 'robot_car_v2_controller' build argument 'cmake_force_configure' from command line to 'False'
[0.324s] Level 5:colcon.colcon_core.verb:set package 'robot_car_v2_controller' build argument 'ament_cmake_args' from command line to 'None'
[0.324s] Level 5:colcon.colcon_core.verb:set package 'robot_car_v2_controller' build argument 'catkin_cmake_args' from command line to 'None'
[0.324s] Level 5:colcon.colcon_core.verb:set package 'robot_car_v2_controller' build argument 'catkin_skip_building_tests' from command line to 'False'
[0.324s] DEBUG:colcon.colcon_core.verb:Building package 'robot_car_v2_controller' with the following arguments: {'ament_cmake_args': None, 'build_base': '/home/shiva/Documents/ros2_projects/robot_car_V2/build/robot_car_v2_controller', 'catkin_cmake_args': None, 'catkin_skip_building_tests': False, 'cmake_args': None, 'cmake_clean_cache': False, 'cmake_clean_first': False, 'cmake_force_configure': False, 'cmake_target': None, 'cmake_target_skip_unavailable': False, 'install_base': '/home/shiva/Documents/ros2_projects/robot_car_V2/install/robot_car_v2_controller', 'merge_install': False, 'path': '/home/shiva/Documents/ros2_projects/robot_car_V2/src/robot_car_v2_controller', 'symlink_install': False, 'test_result_base': None}
[0.324s] Level 5:colcon.colcon_core.verb:set package 'robot_car_v2_description' build argument 'cmake_args' from command line to 'None'
[0.324s] Level 5:colcon.colcon_core.verb:set package 'robot_car_v2_description' build argument 'cmake_target' from command line to 'None'
[0.324s] Level 5:colcon.colcon_core.verb:set package 'robot_car_v2_description' build argument 'cmake_target_skip_unavailable' from command line to 'False'
[0.324s] Level 5:colcon.colcon_core.verb:set package 'robot_car_v2_description' build argument 'cmake_clean_cache' from command line to 'False'
[0.324s] Level 5:colcon.colcon_core.verb:set package 'robot_car_v2_description' build argument 'cmake_clean_first' from command line to 'False'
[0.324s] Level 5:colcon.colcon_core.verb:set package 'robot_car_v2_description' build argument 'cmake_force_configure' from command line to 'False'
[0.324s] Level 5:colcon.colcon_core.verb:set package 'robot_car_v2_description' build argument 'ament_cmake_args' from command line to 'None'
[0.324s] Level 5:colcon.colcon_core.verb:set package 'robot_car_v2_description' build argument 'catkin_cmake_args' from command line to 'None'
[0.324s] Level 5:colcon.colcon_core.verb:set package 'robot_car_v2_description' build argument 'catkin_skip_building_tests' from command line to 'False'
[0.324s] DEBUG:colcon.colcon_core.verb:Building package 'robot_car_v2_description' with the following arguments: {'ament_cmake_args': None, 'build_base': '/home/shiva/Documents/ros2_projects/robot_car_V2/build/robot_car_v2_description', 'catkin_cmake_args': None, 'catkin_skip_building_tests': False, 'cmake_args': None, 'cmake_clean_cache': False, 'cmake_clean_first': False, 'cmake_force_configure': False, 'cmake_target': None, 'cmake_target_skip_unavailable': False, 'install_base': '/home/shiva/Documents/ros2_projects/robot_car_V2/install/robot_car_v2_description', 'merge_install': False, 'path': '/home/shiva/Documents/ros2_projects/robot_car_V2/src/robot_car_v2_description', 'symlink_install': False, 'test_result_base': None}
[0.324s] INFO:colcon.colcon_core.executor:Executing jobs using 'parallel' executor
[0.325s] DEBUG:colcon.colcon_parallel_executor.executor.parallel:run_until_complete
[0.325s] INFO:colcon.colcon_ros.task.ament_cmake.build:Building ROS package in '/home/shiva/Documents/ros2_projects/robot_car_V2/src/robot_car_v2_controller' with build type 'ament_cmake'
[0.326s] INFO:colcon.colcon_cmake.task.cmake.build:Building CMake package in '/home/shiva/Documents/ros2_projects/robot_car_V2/src/robot_car_v2_controller'
[0.327s] INFO:colcon.colcon_core.plugin_system:Skipping extension 'colcon_core.shell.bat': Not used on non-Windows systems
[0.328s] INFO:colcon.colcon_core.shell:Skip shell extension 'powershell' for command environment: Not usable outside of PowerShell
[0.328s] DEBUG:colcon.colcon_core.shell:Skip shell extension 'dsv' for command environment
[0.332s] INFO:colcon.colcon_ros.task.ament_cmake.build:Building ROS package in '/home/shiva/Documents/ros2_projects/robot_car_V2/src/robot_car_v2_description' with build type 'ament_cmake'
[0.332s] INFO:colcon.colcon_cmake.task.cmake.build:Building CMake package in '/home/shiva/Documents/ros2_projects/robot_car_V2/src/robot_car_v2_description'
[0.332s] INFO:colcon.colcon_core.shell:Skip shell extension 'powershell' for command environment: Not usable outside of PowerShell
[0.332s] DEBUG:colcon.colcon_core.shell:Skip shell extension 'dsv' for command environment
[0.341s] DEBUG:colcon.colcon_core.event_handler.log_command:Invoking command in '/home/shiva/Documents/ros2_projects/robot_car_V2/build/robot_car_v2_controller': CMAKE_PREFIX_PATH=${CMAKE_PREFIX_PATH}:/home/shiva/Documents/wrk_spc/install/my_pkg:/opt/ros/humble /usr/bin/cmake --build /home/shiva/Documents/ros2_projects/robot_car_V2/build/robot_car_v2_controller -- -j8 -l8
[0.344s] DEBUG:colcon.colcon_core.event_handler.log_command:Invoking command in '/home/shiva/Documents/ros2_projects/robot_car_V2/build/robot_car_v2_description': CMAKE_PREFIX_PATH=${CMAKE_PREFIX_PATH}:/home/shiva/Documents/wrk_spc/install/my_pkg:/opt/ros/humble /usr/bin/cmake --build /home/shiva/Documents/ros2_projects/robot_car_V2/build/robot_car_v2_description -- -j8 -l8
[0.374s] DEBUG:colcon.colcon_core.event_handler.log_command:Invoked command in '/home/shiva/Documents/ros2_projects/robot_car_V2/build/robot_car_v2_description' returned '0': CMAKE_PREFIX_PATH=${CMAKE_PREFIX_PATH}:/home/shiva/Documents/wrk_spc/install/my_pkg:/opt/ros/humble /usr/bin/cmake --build /home/shiva/Documents/ros2_projects/robot_car_V2/build/robot_car_v2_description -- -j8 -l8
[0.397s] DEBUG:colcon.colcon_core.event_handler.log_command:Invoking command in '/home/shiva/Documents/ros2_projects/robot_car_V2/build/robot_car_v2_description': CMAKE_PREFIX_PATH=${CMAKE_PREFIX_PATH}:/home/shiva/Documents/wrk_spc/install/my_pkg:/opt/ros/humble /usr/bin/cmake --install /home/shiva/Documents/ros2_projects/robot_car_V2/build/robot_car_v2_description
[0.406s] Level 1:colcon.colcon_core.environment:create_environment_scripts_only(robot_car_v2_description)
[0.407s] DEBUG:colcon.colcon_core.event_handler.log_command:Invoked command in '/home/shiva/Documents/ros2_projects/robot_car_V2/build/robot_car_v2_description' returned '0': CMAKE_PREFIX_PATH=${CMAKE_PREFIX_PATH}:/home/shiva/Documents/wrk_spc/install/my_pkg:/opt/ros/humble /usr/bin/cmake --install /home/shiva/Documents/ros2_projects/robot_car_V2/build/robot_car_v2_description
[0.408s] Level 1:colcon.colcon_core.environment:checking '/home/shiva/Documents/ros2_projects/robot_car_V2/install/robot_car_v2_description' for CMake module files
[0.409s] Level 1:colcon.colcon_core.environment:checking '/home/shiva/Documents/ros2_projects/robot_car_V2/install/robot_car_v2_description' for CMake config files
[0.409s] Level 1:colcon.colcon_core.shell:create_environment_hook('robot_car_v2_description', 'cmake_prefix_path')
[0.409s] INFO:colcon.colcon_core.shell:Creating environment hook '/home/shiva/Documents/ros2_projects/robot_car_V2/install/robot_car_v2_description/share/robot_car_v2_description/hook/cmake_prefix_path.ps1'
[0.410s] INFO:colcon.colcon_core.shell:Creating environment descriptor '/home/shiva/Documents/ros2_projects/robot_car_V2/install/robot_car_v2_description/share/robot_car_v2_description/hook/cmake_prefix_path.dsv'
[0.410s] INFO:colcon.colcon_core.shell:Creating environment hook '/home/shiva/Documents/ros2_projects/robot_car_V2/install/robot_car_v2_description/share/robot_car_v2_description/hook/cmake_prefix_path.sh'
[0.411s] Level 1:colcon.colcon_core.environment:checking '/home/shiva/Documents/ros2_projects/robot_car_V2/install/robot_car_v2_description/bin'
[0.411s] Level 1:colcon.colcon_core.environment:checking '/home/shiva/Documents/ros2_projects/robot_car_V2/install/robot_car_v2_description/lib/pkgconfig/robot_car_v2_description.pc'
[0.411s] Level 1:colcon.colcon_core.environment:checking '/home/shiva/Documents/ros2_projects/robot_car_V2/install/robot_car_v2_description/lib/python3.10/site-packages'
[0.411s] Level 1:colcon.colcon_core.environment:checking '/home/shiva/Documents/ros2_projects/robot_car_V2/install/robot_car_v2_description/bin'
[0.411s] INFO:colcon.colcon_core.shell:Creating package script '/home/shiva/Documents/ros2_projects/robot_car_V2/install/robot_car_v2_description/share/robot_car_v2_description/package.ps1'
[0.412s] INFO:colcon.colcon_core.shell:Creating package descriptor '/home/shiva/Documents/ros2_projects/robot_car_V2/install/robot_car_v2_description/share/robot_car_v2_description/package.dsv'
[0.412s] INFO:colcon.colcon_core.shell:Creating package script '/home/shiva/Documents/ros2_projects/robot_car_V2/install/robot_car_v2_description/share/robot_car_v2_description/package.sh'
[0.413s] INFO:colcon.colcon_core.shell:Creating package script '/home/shiva/Documents/ros2_projects/robot_car_V2/install/robot_car_v2_description/share/robot_car_v2_description/package.bash'
[0.414s] INFO:colcon.colcon_core.shell:Creating package script '/home/shiva/Documents/ros2_projects/robot_car_V2/install/robot_car_v2_description/share/robot_car_v2_description/package.zsh'
[0.414s] Level 1:colcon.colcon_core.environment:create_file_with_runtime_dependencies(/home/shiva/Documents/ros2_projects/robot_car_V2/install/robot_car_v2_description/share/colcon-core/packages/robot_car_v2_description)
[0.430s] Level 1:colcon.colcon_core.environment:create_environment_scripts_only(robot_car_v2_description)
[0.430s] Level 1:colcon.colcon_core.environment:checking '/home/shiva/Documents/ros2_projects/robot_car_V2/install/robot_car_v2_description' for CMake module files
[0.431s] Level 1:colcon.colcon_core.environment:checking '/home/shiva/Documents/ros2_projects/robot_car_V2/install/robot_car_v2_description' for CMake config files
[0.431s] Level 1:colcon.colcon_core.shell:create_environment_hook('robot_car_v2_description', 'cmake_prefix_path')
[0.431s] INFO:colcon.colcon_core.shell:Creating environment hook '/home/shiva/Documents/ros2_projects/robot_car_V2/install/robot_car_v2_description/share/robot_car_v2_description/hook/cmake_prefix_path.ps1'
[0.432s] INFO:colcon.colcon_core.shell:Creating environment descriptor '/home/shiva/Documents/ros2_projects/robot_car_V2/install/robot_car_v2_description/share/robot_car_v2_description/hook/cmake_prefix_path.dsv'
[0.432s] INFO:colcon.colcon_core.shell:Creating environment hook '/home/shiva/Documents/ros2_projects/robot_car_V2/install/robot_car_v2_description/share/robot_car_v2_description/hook/cmake_prefix_path.sh'
[0.432s] Level 1:colcon.colcon_core.environment:checking '/home/shiva/Documents/ros2_projects/robot_car_V2/install/robot_car_v2_description/bin'
[0.432s] Level 1:colcon.colcon_core.environment:checking '/home/shiva/Documents/ros2_projects/robot_car_V2/install/robot_car_v2_description/lib/pkgconfig/robot_car_v2_description.pc'
[0.433s] Level 1:colcon.colcon_core.environment:checking '/home/shiva/Documents/ros2_projects/robot_car_V2/install/robot_car_v2_description/lib/python3.10/site-packages'
[0.433s] Level 1:colcon.colcon_core.environment:checking '/home/shiva/Documents/ros2_projects/robot_car_V2/install/robot_car_v2_description/bin'
[0.433s] INFO:colcon.colcon_core.shell:Creating package script '/home/shiva/Documents/ros2_projects/robot_car_V2/install/robot_car_v2_description/share/robot_car_v2_description/package.ps1'
[0.433s] INFO:colcon.colcon_core.shell:Creating package descriptor '/home/shiva/Documents/ros2_projects/robot_car_V2/install/robot_car_v2_description/share/robot_car_v2_description/package.dsv'
[0.434s] INFO:colcon.colcon_core.shell:Creating package script '/home/shiva/Documents/ros2_projects/robot_car_V2/install/robot_car_v2_description/share/robot_car_v2_description/package.sh'
[0.434s] INFO:colcon.colcon_core.shell:Creating package script '/home/shiva/Documents/ros2_projects/robot_car_V2/install/robot_car_v2_description/share/robot_car_v2_description/package.bash'
[0.434s] INFO:colcon.colcon_core.shell:Creating package script '/home/shiva/Documents/ros2_projects/robot_car_V2/install/robot_car_v2_description/share/robot_car_v2_description/package.zsh'
[0.435s] Level 1:colcon.colcon_core.environment:create_file_with_runtime_dependencies(/home/shiva/Documents/ros2_projects/robot_car_V2/install/robot_car_v2_description/share/colcon-core/packages/robot_car_v2_description)
[0.715s] DEBUG:colcon.colcon_core.event_handler.log_command:Invoked command in '/home/shiva/Documents/ros2_projects/robot_car_V2/build/robot_car_v2_controller' returned '0': CMAKE_PREFIX_PATH=${CMAKE_PREFIX_PATH}:/home/shiva/Documents/wrk_spc/install/my_pkg:/opt/ros/humble /usr/bin/cmake --build /home/shiva/Documents/ros2_projects/robot_car_V2/build/robot_car_v2_controller -- -j8 -l8
[0.733s] DEBUG:colcon.colcon_core.event_handler.log_command:Invoking command in '/home/shiva/Documents/ros2_projects/robot_car_V2/build/robot_car_v2_controller': CMAKE_PREFIX_PATH=${CMAKE_PREFIX_PATH}:/home/shiva/Documents/wrk_spc/install/my_pkg:/opt/ros/humble /usr/bin/cmake --install /home/shiva/Documents/ros2_projects/robot_car_V2/build/robot_car_v2_controller
[0.817s] Level 1:colcon.colcon_core.environment:create_environment_scripts_only(robot_car_v2_controller)
[0.818s] Level 1:colcon.colcon_core.environment:checking '/home/shiva/Documents/ros2_projects/robot_car_V2/install/robot_car_v2_controller' for CMake module files
[0.818s] DEBUG:colcon.colcon_core.event_handler.log_command:Invoked command in '/home/shiva/Documents/ros2_projects/robot_car_V2/build/robot_car_v2_controller' returned '0': CMAKE_PREFIX_PATH=${CMAKE_PREFIX_PATH}:/home/shiva/Documents/wrk_spc/install/my_pkg:/opt/ros/humble /usr/bin/cmake --install /home/shiva/Documents/ros2_projects/robot_car_V2/build/robot_car_v2_controller
[0.818s] Level 1:colcon.colcon_core.environment:checking '/home/shiva/Documents/ros2_projects/robot_car_V2/install/robot_car_v2_controller' for CMake config files
[0.819s] Level 1:colcon.colcon_core.shell:create_environment_hook('robot_car_v2_controller', 'cmake_prefix_path')
[0.819s] INFO:colcon.colcon_core.shell:Creating environment hook '/home/shiva/Documents/ros2_projects/robot_car_V2/install/robot_car_v2_controller/share/robot_car_v2_controller/hook/cmake_prefix_path.ps1'
[0.819s] INFO:colcon.colcon_core.shell:Creating environment descriptor '/home/shiva/Documents/ros2_projects/robot_car_V2/install/robot_car_v2_controller/share/robot_car_v2_controller/hook/cmake_prefix_path.dsv'
[0.819s] INFO:colcon.colcon_core.shell:Creating environment hook '/home/shiva/Documents/ros2_projects/robot_car_V2/install/robot_car_v2_controller/share/robot_car_v2_controller/hook/cmake_prefix_path.sh'
[0.820s] Level 1:colcon.colcon_core.environment:checking '/home/shiva/Documents/ros2_projects/robot_car_V2/install/robot_car_v2_controller/lib'
[0.820s] Level 1:colcon.colcon_core.environment:checking '/home/shiva/Documents/ros2_projects/robot_car_V2/install/robot_car_v2_controller/bin'
[0.820s] Level 1:colcon.colcon_core.environment:checking '/home/shiva/Documents/ros2_projects/robot_car_V2/install/robot_car_v2_controller/lib/pkgconfig/robot_car_v2_controller.pc'
[0.820s] Level 1:colcon.colcon_core.environment:checking '/home/shiva/Documents/ros2_projects/robot_car_V2/install/robot_car_v2_controller/lib/python3.10/site-packages'
[0.820s] Level 1:colcon.colcon_core.shell:create_environment_hook('robot_car_v2_controller', 'pythonpath')
[0.820s] INFO:colcon.colcon_core.shell:Creating environment hook '/home/shiva/Documents/ros2_projects/robot_car_V2/install/robot_car_v2_controller/share/robot_car_v2_controller/hook/pythonpath.ps1'
[0.821s] INFO:colcon.colcon_core.shell:Creating environment descriptor '/home/shiva/Documents/ros2_projects/robot_car_V2/install/robot_car_v2_controller/share/robot_car_v2_controller/hook/pythonpath.dsv'
[0.821s] INFO:colcon.colcon_core.shell:Creating environment hook '/home/shiva/Documents/ros2_projects/robot_car_V2/install/robot_car_v2_controller/share/robot_car_v2_controller/hook/pythonpath.sh'
[0.821s] Level 1:colcon.colcon_core.environment:checking '/home/shiva/Documents/ros2_projects/robot_car_V2/install/robot_car_v2_controller/bin'
[0.822s] INFO:colcon.colcon_core.shell:Creating package script '/home/shiva/Documents/ros2_projects/robot_car_V2/install/robot_car_v2_controller/share/robot_car_v2_controller/package.ps1'
[0.822s] INFO:colcon.colcon_core.shell:Creating package descriptor '/home/shiva/Documents/ros2_projects/robot_car_V2/install/robot_car_v2_controller/share/robot_car_v2_controller/package.dsv'
[0.822s] INFO:colcon.colcon_core.shell:Creating package script '/home/shiva/Documents/ros2_projects/robot_car_V2/install/robot_car_v2_controller/share/robot_car_v2_controller/package.sh'
[0.823s] INFO:colcon.colcon_core.shell:Creating package script '/home/shiva/Documents/ros2_projects/robot_car_V2/install/robot_car_v2_controller/share/robot_car_v2_controller/package.bash'
[0.823s] INFO:colcon.colcon_core.shell:Creating package script '/home/shiva/Documents/ros2_projects/robot_car_V2/install/robot_car_v2_controller/share/robot_car_v2_controller/package.zsh'
[0.823s] Level 1:colcon.colcon_core.environment:create_file_with_runtime_dependencies(/home/shiva/Documents/ros2_projects/robot_car_V2/install/robot_car_v2_controller/share/colcon-core/packages/robot_car_v2_controller)
[0.841s] Level 1:colcon.colcon_core.environment:create_environment_scripts_only(robot_car_v2_controller)
[0.841s] Level 1:colcon.colcon_core.environment:checking '/home/shiva/Documents/ros2_projects/robot_car_V2/install/robot_car_v2_controller' for CMake module files
[0.841s] Level 1:colcon.colcon_core.environment:checking '/home/shiva/Documents/ros2_projects/robot_car_V2/install/robot_car_v2_controller' for CMake config files
[0.842s] Level 1:colcon.colcon_core.shell:create_environment_hook('robot_car_v2_controller', 'cmake_prefix_path')
[0.842s] INFO:colcon.colcon_core.shell:Creating environment hook '/home/shiva/Documents/ros2_projects/robot_car_V2/install/robot_car_v2_controller/share/robot_car_v2_controller/hook/cmake_prefix_path.ps1'
[0.842s] INFO:colcon.colcon_core.shell:Creating environment descriptor '/home/shiva/Documents/ros2_projects/robot_car_V2/install/robot_car_v2_controller/share/robot_car_v2_controller/hook/cmake_prefix_path.dsv'
[0.843s] INFO:colcon.colcon_core.shell:Creating environment hook '/home/shiva/Documents/ros2_projects/robot_car_V2/install/robot_car_v2_controller/share/robot_car_v2_controller/hook/cmake_prefix_path.sh'
[0.843s] Level 1:colcon.colcon_core.environment:checking '/home/shiva/Documents/ros2_projects/robot_car_V2/install/robot_car_v2_controller/lib'
[0.843s] Level 1:colcon.colcon_core.environment:checking '/home/shiva/Documents/ros2_projects/robot_car_V2/install/robot_car_v2_controller/bin'
[0.843s] Level 1:colcon.colcon_core.environment:checking '/home/shiva/Documents/ros2_projects/robot_car_V2/install/robot_car_v2_controller/lib/pkgconfig/robot_car_v2_controller.pc'
[0.843s] Level 1:colcon.colcon_core.environment:checking '/home/shiva/Documents/ros2_projects/robot_car_V2/install/robot_car_v2_controller/lib/python3.10/site-packages'
[0.843s] Level 1:colcon.colcon_core.shell:create_environment_hook('robot_car_v2_controller', 'pythonpath')
[0.844s] INFO:colcon.colcon_core.shell:Creating environment hook '/home/shiva/Documents/ros2_projects/robot_car_V2/install/robot_car_v2_controller/share/robot_car_v2_controller/hook/pythonpath.ps1'
[0.844s] INFO:colcon.colcon_core.shell:Creating environment descriptor '/home/shiva/Documents/ros2_projects/robot_car_V2/install/robot_car_v2_controller/share/robot_car_v2_controller/hook/pythonpath.dsv'
[0.844s] INFO:colcon.colcon_core.shell:Creating environment hook '/home/shiva/Documents/ros2_projects/robot_car_V2/install/robot_car_v2_controller/share/robot_car_v2_controller/hook/pythonpath.sh'
[0.845s] Level 1:colcon.colcon_core.environment:checking '/home/shiva/Documents/ros2_projects/robot_car_V2/install/robot_car_v2_controller/bin'
[0.845s] INFO:colcon.colcon_core.shell:Creating package script '/home/shiva/Documents/ros2_projects/robot_car_V2/install/robot_car_v2_controller/share/robot_car_v2_controller/package.ps1'
[0.845s] INFO:colcon.colcon_core.shell:Creating package descriptor '/home/shiva/Documents/ros2_projects/robot_car_V2/install/robot_car_v2_controller/share/robot_car_v2_controller/package.dsv'
[0.846s] INFO:colcon.colcon_core.shell:Creating package script '/home/shiva/Documents/ros2_projects/robot_car_V2/install/robot_car_v2_controller/share/robot_car_v2_controller/package.sh'
[0.846s] INFO:colcon.colcon_core.shell:Creating package script '/home/shiva/Documents/ros2_projects/robot_car_V2/install/robot_car_v2_controller/share/robot_car_v2_controller/package.bash'
[0.846s] INFO:colcon.colcon_core.shell:Creating package script '/home/shiva/Documents/ros2_projects/robot_car_V2/install/robot_car_v2_controller/share/robot_car_v2_controller/package.zsh'
[0.847s] Level 1:colcon.colcon_core.environment:create_file_with_runtime_dependencies(/home/shiva/Documents/ros2_projects/robot_car_V2/install/robot_car_v2_controller/share/colcon-core/packages/robot_car_v2_controller)
[0.847s] DEBUG:colcon.colcon_parallel_executor.executor.parallel:closing loop
[0.847s] DEBUG:colcon.colcon_parallel_executor.executor.parallel:loop closed
[0.847s] DEBUG:colcon.colcon_parallel_executor.executor.parallel:run_until_complete finished with '0'
[0.848s] DEBUG:colcon.colcon_core.event_reactor:joining thread
[0.851s] INFO:colcon.colcon_core.plugin_system:Skipping extension 'colcon_notification.desktop_notification.terminal_notifier': Not used on non-Darwin systems
[0.852s] INFO:colcon.colcon_core.plugin_system:Skipping extension 'colcon_notification.desktop_notification.win32': Not used on non-Windows systems
[0.852s] INFO:colcon.colcon_notification.desktop_notification:Sending desktop notification using 'notify2'
[0.863s] DEBUG:colcon.colcon_core.event_reactor:joined thread
[0.863s] INFO:colcon.colcon_core.shell:Creating prefix script '/home/shiva/Documents/ros2_projects/robot_car_V2/install/local_setup.ps1'
[0.864s] INFO:colcon.colcon_core.shell:Creating prefix util module '/home/shiva/Documents/ros2_projects/robot_car_V2/install/_local_setup_util_ps1.py'
[0.865s] INFO:colcon.colcon_core.shell:Creating prefix chain script '/home/shiva/Documents/ros2_projects/robot_car_V2/install/setup.ps1'
[0.866s] INFO:colcon.colcon_core.shell:Creating prefix script '/home/shiva/Documents/ros2_projects/robot_car_V2/install/local_setup.sh'
[0.867s] INFO:colcon.colcon_core.shell:Creating prefix util module '/home/shiva/Documents/ros2_projects/robot_car_V2/install/_local_setup_util_sh.py'
[0.867s] INFO:colcon.colcon_core.shell:Creating prefix chain script '/home/shiva/Documents/ros2_projects/robot_car_V2/install/setup.sh'
[0.869s] INFO:colcon.colcon_core.shell:Creating prefix script '/home/shiva/Documents/ros2_projects/robot_car_V2/install/local_setup.bash'
[0.869s] INFO:colcon.colcon_core.shell:Creating prefix chain script '/home/shiva/Documents/ros2_projects/robot_car_V2/install/setup.bash'
[0.871s] INFO:colcon.colcon_core.shell:Creating prefix script '/home/shiva/Documents/ros2_projects/robot_car_V2/install/local_setup.zsh'
[0.871s] INFO:colcon.colcon_core.shell:Creating prefix chain script '/home/shiva/Documents/ros2_projects/robot_car_V2/install/setup.zsh'
