[0.033s] Invoking command in '/home/shiva/Documents/ros2_projects/robot_car_V2/build/robot_car_v2_localization_planning': CMAKE_PREFIX_PATH=${CMAKE_PREFIX_PATH}:/home/shiva/Documents/wrk_spc/install/my_pkg:/opt/ros/humble /usr/bin/cmake --build /home/shiva/Documents/ros2_projects/robot_car_V2/build/robot_car_v2_localization_planning -- -j8 -l8
[0.124s] Built target ament_cmake_python_copy_robot_car_v2_localization_planning
[0.757s] running egg_info
[0.797s] writing robot_car_v2_localization_planning.egg-info/PKG-INFO
[0.798s] writing dependency_links to robot_car_v2_localization_planning.egg-info/dependency_links.txt
[0.798s] writing top-level names to robot_car_v2_localization_planning.egg-info/top_level.txt
[0.912s] reading manifest file 'robot_car_v2_localization_planning.egg-info/SOURCES.txt'
[0.915s] writing manifest file 'robot_car_v2_localization_planning.egg-info/SOURCES.txt'
[1.005s] Built target ament_cmake_python_build_robot_car_v2_localization_planning_egg
[1.105s] Invoked command in '/home/shiva/Documents/ros2_projects/robot_car_V2/build/robot_car_v2_localization_planning' returned '0': CMAKE_PREFIX_PATH=${CMAKE_PREFIX_PATH}:/home/shiva/Documents/wrk_spc/install/my_pkg:/opt/ros/humble /usr/bin/cmake --build /home/shiva/Documents/ros2_projects/robot_car_V2/build/robot_car_v2_localization_planning -- -j8 -l8
[1.201s] Invoking command in '/home/shiva/Documents/ros2_projects/robot_car_V2/build/robot_car_v2_localization_planning': CMAKE_PREFIX_PATH=${CMAKE_PREFIX_PATH}:/home/shiva/Documents/wrk_spc/install/my_pkg:/opt/ros/humble /usr/bin/cmake --install /home/shiva/Documents/ros2_projects/robot_car_V2/build/robot_car_v2_localization_planning
[1.202s] -- Install configuration: ""
[1.202s] -- Up-to-date: /home/shiva/Documents/ros2_projects/robot_car_V2/install/robot_car_v2_localization_planning/share/robot_car_v2_localization_planning/environment/pythonpath.sh
[1.202s] -- Up-to-date: /home/shiva/Documents/ros2_projects/robot_car_V2/install/robot_car_v2_localization_planning/share/robot_car_v2_localization_planning/environment/pythonpath.dsv
[1.202s] -- Up-to-date: /home/shiva/Documents/ros2_projects/robot_car_V2/install/robot_car_v2_localization_planning/lib/python3.10/site-packages/robot_car_v2_localization_planning-0.0.0-py3.10.egg-info
[1.202s] -- Installing: /home/shiva/Documents/ros2_projects/robot_car_V2/install/robot_car_v2_localization_planning/lib/python3.10/site-packages/robot_car_v2_localization_planning-0.0.0-py3.10.egg-info/PKG-INFO
[1.202s] -- Installing: /home/shiva/Documents/ros2_projects/robot_car_V2/install/robot_car_v2_localization_planning/lib/python3.10/site-packages/robot_car_v2_localization_planning-0.0.0-py3.10.egg-info/top_level.txt
[1.203s] -- Installing: /home/shiva/Documents/ros2_projects/robot_car_V2/install/robot_car_v2_localization_planning/lib/python3.10/site-packages/robot_car_v2_localization_planning-0.0.0-py3.10.egg-info/SOURCES.txt
[1.203s] -- Installing: /home/shiva/Documents/ros2_projects/robot_car_V2/install/robot_car_v2_localization_planning/lib/python3.10/site-packages/robot_car_v2_localization_planning-0.0.0-py3.10.egg-info/dependency_links.txt
[1.203s] -- Up-to-date: /home/shiva/Documents/ros2_projects/robot_car_V2/install/robot_car_v2_localization_planning/lib/python3.10/site-packages/robot_car_v2_localization_planning
[1.203s] -- Up-to-date: /home/shiva/Documents/ros2_projects/robot_car_V2/install/robot_car_v2_localization_planning/lib/python3.10/site-packages/robot_car_v2_localization_planning/kalman_filter.py
[1.203s] -- Up-to-date: /home/shiva/Documents/ros2_projects/robot_car_V2/install/robot_car_v2_localization_planning/lib/python3.10/site-packages/robot_car_v2_localization_planning/__init__.py
[1.203s] -- Up-to-date: /home/shiva/Documents/ros2_projects/robot_car_V2/install/robot_car_v2_localization_planning/lib/python3.10/site-packages/robot_car_v2_localization_planning/imu_republisher.py
[1.203s] -- Up-to-date: /home/shiva/Documents/ros2_projects/robot_car_V2/install/robot_car_v2_localization_planning/lib/python3.10/site-packages/robot_car_v2_localization_planning/odometry_motion_model.py
[1.287s] Listing '/home/shiva/Documents/ros2_projects/robot_car_V2/install/robot_car_v2_localization_planning/lib/python3.10/site-packages/robot_car_v2_localization_planning'...
[1.300s] -- Up-to-date: /home/shiva/Documents/ros2_projects/robot_car_V2/install/robot_car_v2_localization_planning/include/include
[1.301s] -- Up-to-date: /home/shiva/Documents/ros2_projects/robot_car_V2/install/robot_car_v2_localization_planning/include/include/robot_car_v2_localization_planning
[1.301s] -- Up-to-date: /home/shiva/Documents/ros2_projects/robot_car_V2/install/robot_car_v2_localization_planning/share/robot_car_v2_localization_planning/launch
[1.301s] -- Up-to-date: /home/shiva/Documents/ros2_projects/robot_car_V2/install/robot_car_v2_localization_planning/share/robot_car_v2_localization_planning/launch/global_localization.launch.py
[1.301s] -- Up-to-date: /home/shiva/Documents/ros2_projects/robot_car_V2/install/robot_car_v2_localization_planning/share/robot_car_v2_localization_planning/launch/local_localization.launch.py
[1.301s] -- Up-to-date: /home/shiva/Documents/ros2_projects/robot_car_V2/install/robot_car_v2_localization_planning/share/robot_car_v2_localization_planning/config
[1.302s] -- Up-to-date: /home/shiva/Documents/ros2_projects/robot_car_V2/install/robot_car_v2_localization_planning/share/robot_car_v2_localization_planning/config/amcl.yaml
[1.302s] -- Up-to-date: /home/shiva/Documents/ros2_projects/robot_car_V2/install/robot_car_v2_localization_planning/share/robot_car_v2_localization_planning/config/ekf.yaml
[1.302s] -- Up-to-date: /home/shiva/Documents/ros2_projects/robot_car_V2/install/robot_car_v2_localization_planning/share/robot_car_v2_localization_planning/rviz
[1.302s] -- Up-to-date: /home/shiva/Documents/ros2_projects/robot_car_V2/install/robot_car_v2_localization_planning/share/robot_car_v2_localization_planning/rviz/global_localization.rviz
[1.302s] -- Up-to-date: /home/shiva/Documents/ros2_projects/robot_car_V2/install/robot_car_v2_localization_planning/share/robot_car_v2_localization_planning/rviz/rviz_config_planning.rviz
[1.302s] -- Up-to-date: /home/shiva/Documents/ros2_projects/robot_car_V2/install/robot_car_v2_localization_planning/share/robot_car_v2_localization_planning/rviz/odometry_motion_model_config.rviz
[1.303s] -- Up-to-date: /home/shiva/Documents/ros2_projects/robot_car_V2/install/robot_car_v2_localization_planning/lib/robot_car_v2_localization_planning/kalman_filter.py
[1.303s] -- Up-to-date: /home/shiva/Documents/ros2_projects/robot_car_V2/install/robot_car_v2_localization_planning/lib/robot_car_v2_localization_planning/imu_republisher.py
[1.303s] -- Up-to-date: /home/shiva/Documents/ros2_projects/robot_car_V2/install/robot_car_v2_localization_planning/lib/robot_car_v2_localization_planning/odometry_motion_model.py
[1.303s] -- Up-to-date: /home/shiva/Documents/ros2_projects/robot_car_V2/install/robot_car_v2_localization_planning/share/ament_index/resource_index/package_run_dependencies/robot_car_v2_localization_planning
[1.303s] -- Up-to-date: /home/shiva/Documents/ros2_projects/robot_car_V2/install/robot_car_v2_localization_planning/share/ament_index/resource_index/parent_prefix_path/robot_car_v2_localization_planning
[1.303s] -- Up-to-date: /home/shiva/Documents/ros2_projects/robot_car_V2/install/robot_car_v2_localization_planning/share/robot_car_v2_localization_planning/environment/ament_prefix_path.sh
[1.304s] -- Up-to-date: /home/shiva/Documents/ros2_projects/robot_car_V2/install/robot_car_v2_localization_planning/share/robot_car_v2_localization_planning/environment/ament_prefix_path.dsv
[1.304s] -- Up-to-date: /home/shiva/Documents/ros2_projects/robot_car_V2/install/robot_car_v2_localization_planning/share/robot_car_v2_localization_planning/environment/path.sh
[1.304s] -- Up-to-date: /home/shiva/Documents/ros2_projects/robot_car_V2/install/robot_car_v2_localization_planning/share/robot_car_v2_localization_planning/environment/path.dsv
[1.304s] -- Up-to-date: /home/shiva/Documents/ros2_projects/robot_car_V2/install/robot_car_v2_localization_planning/share/robot_car_v2_localization_planning/local_setup.bash
[1.304s] -- Up-to-date: /home/shiva/Documents/ros2_projects/robot_car_V2/install/robot_car_v2_localization_planning/share/robot_car_v2_localization_planning/local_setup.sh
[1.304s] -- Up-to-date: /home/shiva/Documents/ros2_projects/robot_car_V2/install/robot_car_v2_localization_planning/share/robot_car_v2_localization_planning/local_setup.zsh
[1.305s] -- Up-to-date: /home/shiva/Documents/ros2_projects/robot_car_V2/install/robot_car_v2_localization_planning/share/robot_car_v2_localization_planning/local_setup.dsv
[1.305s] -- Installing: /home/shiva/Documents/ros2_projects/robot_car_V2/install/robot_car_v2_localization_planning/share/robot_car_v2_localization_planning/package.dsv
[1.305s] -- Up-to-date: /home/shiva/Documents/ros2_projects/robot_car_V2/install/robot_car_v2_localization_planning/share/ament_index/resource_index/packages/robot_car_v2_localization_planning
[1.305s] -- Up-to-date: /home/shiva/Documents/ros2_projects/robot_car_V2/install/robot_car_v2_localization_planning/share/robot_car_v2_localization_planning/cmake/robot_car_v2_localization_planningConfig.cmake
[1.305s] -- Up-to-date: /home/shiva/Documents/ros2_projects/robot_car_V2/install/robot_car_v2_localization_planning/share/robot_car_v2_localization_planning/cmake/robot_car_v2_localization_planningConfig-version.cmake
[1.305s] -- Up-to-date: /home/shiva/Documents/ros2_projects/robot_car_V2/install/robot_car_v2_localization_planning/share/robot_car_v2_localization_planning/package.xml
[1.309s] Invoked command in '/home/shiva/Documents/ros2_projects/robot_car_V2/build/robot_car_v2_localization_planning' returned '0': CMAKE_PREFIX_PATH=${CMAKE_PREFIX_PATH}:/home/shiva/Documents/wrk_spc/install/my_pkg:/opt/ros/humble /usr/bin/cmake --install /home/shiva/Documents/ros2_projects/robot_car_V2/build/robot_car_v2_localization_planning
