[0.027s] Invoking command in '/home/shiva/Documents/ros2_projects/robot_car_V2/build/robot_car_v2_utils': CMAKE_PREFIX_PATH=${CMAKE_PREFIX_PATH}:/home/shiva/Documents/wrk_spc/install/my_pkg:/opt/ros/humble /usr/bin/cmake --build /home/shiva/Documents/ros2_projects/robot_car_V2/build/robot_car_v2_utils -- -j8 -l8
[0.053s] -- Found ament_cmake: 1.3.10 (/opt/ros/humble/share/ament_cmake/cmake)
[0.495s] -- Found rclcpp: 16.0.10 (/opt/ros/humble/share/rclcpp/cmake)
[0.559s] -- Found rosidl_generator_c: 3.1.5 (/opt/ros/humble/share/rosidl_generator_c/cmake)
[0.565s] -- Found rosidl_adapter: 3.1.5 (/opt/ros/humble/share/rosidl_adapter/cmake)
[0.577s] -- Found rosidl_generator_cpp: 3.1.5 (/opt/ros/humble/share/rosidl_generator_cpp/cmake)
[0.600s] -- Using all available rosidl_typesupport_c: rosidl_typesupport_fastrtps_c;rosidl_typesupport_introspection_c
[0.630s] -- Using all available rosidl_typesupport_cpp: rosidl_typesupport_fastrtps_cpp;rosidl_typesupport_introspection_cpp
[0.707s] -- Found rmw_implementation_cmake: 6.1.2 (/opt/ros/humble/share/rmw_implementation_cmake/cmake)
[0.712s] -- Found rmw_cyclonedds_cpp: 1.3.4 (/opt/ros/humble/share/rmw_cyclonedds_cpp/cmake)
[0.744s] -- Using RMW implementation 'rmw_cyclonedds_cpp' as default
[0.862s] -- Found rclpy: 3.3.14 (/opt/ros/humble/share/rclpy/cmake)
[0.863s] -- Found geometry_msgs: 4.2.4 (/opt/ros/humble/share/geometry_msgs/cmake)
[0.894s] -- Found sensor_msgs: 4.2.4 (/opt/ros/humble/share/sensor_msgs/cmake)
[0.939s] -- Found twist_mux_msgs: 3.0.1 (/opt/ros/humble/share/twist_mux_msgs/cmake)
[1.119s] -- Found rclcpp_action: 16.0.10 (/opt/ros/humble/share/rclcpp_action/cmake)
[1.119s] -- Found visualization_msgs: 4.2.4 (/opt/ros/humble/share/visualization_msgs/cmake)
[1.119s] -- Found tf2: 0.25.8 (/opt/ros/humble/share/tf2/cmake)
[1.119s] [31mCMake Error at CMakeLists.txt:21 (find_package):
[1.119s]   By not providing "Findnav2_simple_commander.cmake" in CMAKE_MODULE_PATH
[1.119s]   this project has asked CMake to find a package configuration file provided
[1.119s]   by "nav2_simple_commander", but CMake did not find one.
[1.119s] 
[1.120s]   Could not find a package configuration file provided by
[1.120s]   "nav2_simple_commander" with any of the following names:
[1.120s] 
[1.120s]     nav2_simple_commanderConfig.cmake
[1.120s]     nav2_simple_commander-config.cmake
[1.120s] 
[1.120s]   Add the installation prefix of "nav2_simple_commander" to CMAKE_PREFIX_PATH
[1.120s]   or set "nav2_simple_commander_DIR" to a directory containing one of the
[1.120s]   above files.  If "nav2_simple_commander" provides a separate development
[1.120s]   package or SDK, be sure it has been installed.
[1.120s] 
[1.120s] [0m
[1.120s] -- Configuring incomplete, errors occurred!
[1.121s] See also "/home/shiva/Documents/ros2_projects/robot_car_V2/build/robot_car_v2_utils/CMakeFiles/CMakeOutput.log".
[1.121s] gmake: *** [Makefile:254: cmake_check_build_system] Error 1
[1.132s] Invoked command in '/home/shiva/Documents/ros2_projects/robot_car_V2/build/robot_car_v2_utils' returned '2': CMAKE_PREFIX_PATH=${CMAKE_PREFIX_PATH}:/home/shiva/Documents/wrk_spc/install/my_pkg:/opt/ros/humble /usr/bin/cmake --build /home/shiva/Documents/ros2_projects/robot_car_V2/build/robot_car_v2_utils -- -j8 -l8
