[0.029s] Invoking command in '/home/shiva/Documents/ros2_projects/robot_car_V2/build/robot_car_v2_localization_planning': CMAKE_PREFIX_PATH=${CMAKE_PREFIX_PATH}:/home/shiva/Documents/wrk_spc/install/my_pkg:/opt/ros/humble /usr/bin/cmake --build /home/shiva/Documents/ros2_projects/robot_car_V2/build/robot_car_v2_localization_planning -- -j8 -l8
[0.109s] Built target ament_cmake_python_copy_robot_car_v2_localization_planning
[0.664s] running egg_info
[0.696s] writing robot_car_v2_localization_planning.egg-info/PKG-INFO
[0.697s] writing dependency_links to robot_car_v2_localization_planning.egg-info/dependency_links.txt
[0.697s] writing top-level names to robot_car_v2_localization_planning.egg-info/top_level.txt
[0.772s] reading manifest file 'robot_car_v2_localization_planning.egg-info/SOURCES.txt'
[0.774s] writing manifest file 'robot_car_v2_localization_planning.egg-info/SOURCES.txt'
[0.819s] Built target ament_cmake_python_build_robot_car_v2_localization_planning_egg
[0.834s] Invoked command in '/home/shiva/Documents/ros2_projects/robot_car_V2/build/robot_car_v2_localization_planning' returned '0': CMAKE_PREFIX_PATH=${CMAKE_PREFIX_PATH}:/home/shiva/Documents/wrk_spc/install/my_pkg:/opt/ros/humble /usr/bin/cmake --build /home/shiva/Documents/ros2_projects/robot_car_V2/build/robot_car_v2_localization_planning -- -j8 -l8
[0.884s] Invoking command in '/home/shiva/Documents/ros2_projects/robot_car_V2/build/robot_car_v2_localization_planning': CMAKE_PREFIX_PATH=${CMAKE_PREFIX_PATH}:/home/shiva/Documents/wrk_spc/install/my_pkg:/opt/ros/humble /usr/bin/cmake --install /home/shiva/Documents/ros2_projects/robot_car_V2/build/robot_car_v2_localization_planning
[0.898s] -- Install configuration: ""
[0.902s] -- Up-to-date: /home/shiva/Documents/ros2_projects/robot_car_V2/install/robot_car_v2_localization_planning/share/robot_car_v2_localization_planning/environment/pythonpath.sh
[0.903s] -- Up-to-date: /home/shiva/Documents/ros2_projects/robot_car_V2/install/robot_car_v2_localization_planning/share/robot_car_v2_localization_planning/environment/pythonpath.dsv
[0.905s] -- Up-to-date: /home/shiva/Documents/ros2_projects/robot_car_V2/install/robot_car_v2_localization_planning/lib/python3.10/site-packages/robot_car_v2_localization_planning-0.0.0-py3.10.egg-info
[0.906s] -- Installing: /home/shiva/Documents/ros2_projects/robot_car_V2/install/robot_car_v2_localization_planning/lib/python3.10/site-packages/robot_car_v2_localization_planning-0.0.0-py3.10.egg-info/PKG-INFO
[0.906s] -- Installing: /home/shiva/Documents/ros2_projects/robot_car_V2/install/robot_car_v2_localization_planning/lib/python3.10/site-packages/robot_car_v2_localization_planning-0.0.0-py3.10.egg-info/top_level.txt
[0.906s] -- Installing: /home/shiva/Documents/ros2_projects/robot_car_V2/install/robot_car_v2_localization_planning/lib/python3.10/site-packages/robot_car_v2_localization_planning-0.0.0-py3.10.egg-info/SOURCES.txt
[0.906s] -- Installing: /home/shiva/Documents/ros2_projects/robot_car_V2/install/robot_car_v2_localization_planning/lib/python3.10/site-packages/robot_car_v2_localization_planning-0.0.0-py3.10.egg-info/dependency_links.txt
[0.906s] -- Up-to-date: /home/shiva/Documents/ros2_projects/robot_car_V2/install/robot_car_v2_localization_planning/lib/python3.10/site-packages/robot_car_v2_localization_planning
[0.906s] -- Up-to-date: /home/shiva/Documents/ros2_projects/robot_car_V2/install/robot_car_v2_localization_planning/lib/python3.10/site-packages/robot_car_v2_localization_planning/kalman_filter.py
[0.906s] -- Up-to-date: /home/shiva/Documents/ros2_projects/robot_car_V2/install/robot_car_v2_localization_planning/lib/python3.10/site-packages/robot_car_v2_localization_planning/__init__.py
[0.907s] -- Up-to-date: /home/shiva/Documents/ros2_projects/robot_car_V2/install/robot_car_v2_localization_planning/lib/python3.10/site-packages/robot_car_v2_localization_planning/imu_republisher.py
[0.907s] -- Up-to-date: /home/shiva/Documents/ros2_projects/robot_car_V2/install/robot_car_v2_localization_planning/lib/python3.10/site-packages/robot_car_v2_localization_planning/odometry_motion_model.py
[1.145s] Listing '/home/shiva/Documents/ros2_projects/robot_car_V2/install/robot_car_v2_localization_planning/lib/python3.10/site-packages/robot_car_v2_localization_planning'...
[1.192s] -- Up-to-date: /home/shiva/Documents/ros2_projects/robot_car_V2/install/robot_car_v2_localization_planning/include/include
[1.192s] -- Up-to-date: /home/shiva/Documents/ros2_projects/robot_car_V2/install/robot_car_v2_localization_planning/include/include/robot_car_v2_localization_planning
[1.193s] -- Up-to-date: /home/shiva/Documents/ros2_projects/robot_car_V2/install/robot_car_v2_localization_planning/share/robot_car_v2_localization_planning/launch
[1.193s] -- Up-to-date: /home/shiva/Documents/ros2_projects/robot_car_V2/install/robot_car_v2_localization_planning/share/robot_car_v2_localization_planning/launch/global_localization.launch.py
[1.193s] -- Up-to-date: /home/shiva/Documents/ros2_projects/robot_car_V2/install/robot_car_v2_localization_planning/share/robot_car_v2_localization_planning/launch/local_localization.launch.py
[1.193s] -- Up-to-date: /home/shiva/Documents/ros2_projects/robot_car_V2/install/robot_car_v2_localization_planning/share/robot_car_v2_localization_planning/config
[1.196s] -- Up-to-date: /home/shiva/Documents/ros2_projects/robot_car_V2/install/robot_car_v2_localization_planning/share/robot_car_v2_localization_planning/config/amcl.yaml
[1.197s] -- Up-to-date: /home/shiva/Documents/ros2_projects/robot_car_V2/install/robot_car_v2_localization_planning/share/robot_car_v2_localization_planning/config/ekf.yaml
[1.197s] -- Up-to-date: /home/shiva/Documents/ros2_projects/robot_car_V2/install/robot_car_v2_localization_planning/share/robot_car_v2_localization_planning/rviz
[1.197s] -- Up-to-date: /home/shiva/Documents/ros2_projects/robot_car_V2/install/robot_car_v2_localization_planning/share/robot_car_v2_localization_planning/rviz/global_localization.rviz
[1.198s] -- Up-to-date: /home/shiva/Documents/ros2_projects/robot_car_V2/install/robot_car_v2_localization_planning/share/robot_car_v2_localization_planning/rviz/rviz_config_planning.rviz
[1.198s] -- Up-to-date: /home/shiva/Documents/ros2_projects/robot_car_V2/install/robot_car_v2_localization_planning/share/robot_car_v2_localization_planning/rviz/odometry_motion_model_config.rviz
[1.198s] -- Up-to-date: /home/shiva/Documents/ros2_projects/robot_car_V2/install/robot_car_v2_localization_planning/lib/robot_car_v2_localization_planning/kalman_filter.py
[1.198s] -- Up-to-date: /home/shiva/Documents/ros2_projects/robot_car_V2/install/robot_car_v2_localization_planning/lib/robot_car_v2_localization_planning/imu_republisher.py
[1.198s] -- Up-to-date: /home/shiva/Documents/ros2_projects/robot_car_V2/install/robot_car_v2_localization_planning/lib/robot_car_v2_localization_planning/odometry_motion_model.py
[1.198s] -- Up-to-date: /home/shiva/Documents/ros2_projects/robot_car_V2/install/robot_car_v2_localization_planning/share/ament_index/resource_index/package_run_dependencies/robot_car_v2_localization_planning
[1.199s] -- Up-to-date: /home/shiva/Documents/ros2_projects/robot_car_V2/install/robot_car_v2_localization_planning/share/ament_index/resource_index/parent_prefix_path/robot_car_v2_localization_planning
[1.199s] -- Up-to-date: /home/shiva/Documents/ros2_projects/robot_car_V2/install/robot_car_v2_localization_planning/share/robot_car_v2_localization_planning/environment/ament_prefix_path.sh
[1.199s] -- Up-to-date: /home/shiva/Documents/ros2_projects/robot_car_V2/install/robot_car_v2_localization_planning/share/robot_car_v2_localization_planning/environment/ament_prefix_path.dsv
[1.199s] -- Up-to-date: /home/shiva/Documents/ros2_projects/robot_car_V2/install/robot_car_v2_localization_planning/share/robot_car_v2_localization_planning/environment/path.sh
[1.199s] -- Up-to-date: /home/shiva/Documents/ros2_projects/robot_car_V2/install/robot_car_v2_localization_planning/share/robot_car_v2_localization_planning/environment/path.dsv
[1.199s] -- Up-to-date: /home/shiva/Documents/ros2_projects/robot_car_V2/install/robot_car_v2_localization_planning/share/robot_car_v2_localization_planning/local_setup.bash
[1.200s] -- Up-to-date: /home/shiva/Documents/ros2_projects/robot_car_V2/install/robot_car_v2_localization_planning/share/robot_car_v2_localization_planning/local_setup.sh
[1.200s] -- Up-to-date: /home/shiva/Documents/ros2_projects/robot_car_V2/install/robot_car_v2_localization_planning/share/robot_car_v2_localization_planning/local_setup.zsh
[1.200s] -- Up-to-date: /home/shiva/Documents/ros2_projects/robot_car_V2/install/robot_car_v2_localization_planning/share/robot_car_v2_localization_planning/local_setup.dsv
[1.201s] -- Installing: /home/shiva/Documents/ros2_projects/robot_car_V2/install/robot_car_v2_localization_planning/share/robot_car_v2_localization_planning/package.dsv
[1.202s] -- Up-to-date: /home/shiva/Documents/ros2_projects/robot_car_V2/install/robot_car_v2_localization_planning/share/ament_index/resource_index/packages/robot_car_v2_localization_planning
[1.206s] -- Up-to-date: /home/shiva/Documents/ros2_projects/robot_car_V2/install/robot_car_v2_localization_planning/share/robot_car_v2_localization_planning/cmake/robot_car_v2_localization_planningConfig.cmake
[1.206s] -- Up-to-date: /home/shiva/Documents/ros2_projects/robot_car_V2/install/robot_car_v2_localization_planning/share/robot_car_v2_localization_planning/cmake/robot_car_v2_localization_planningConfig-version.cmake
[1.207s] -- Up-to-date: /home/shiva/Documents/ros2_projects/robot_car_V2/install/robot_car_v2_localization_planning/share/robot_car_v2_localization_planning/package.xml
[1.254s] Invoked command in '/home/shiva/Documents/ros2_projects/robot_car_V2/build/robot_car_v2_localization_planning' returned '0': CMAKE_PREFIX_PATH=${CMAKE_PREFIX_PATH}:/home/shiva/Documents/wrk_spc/install/my_pkg:/opt/ros/humble /usr/bin/cmake --install /home/shiva/Documents/ros2_projects/robot_car_V2/build/robot_car_v2_localization_planning
