[0.096s] DEBUG:colcon:Command line arguments: ['/usr/bin/colcon', 'build']
[0.096s] DEBUG:colcon:Parsed command line arguments: Namespace(log_base=None, log_level=None, verb_name='build', build_base='build', install_base='install', merge_install=False, symlink_install=False, test_result_base=None, continue_on_error=False, executor='parallel', parallel_workers=8, event_handlers=None, ignore_user_meta=False, metas=['./colcon.meta'], base_paths=['.'], packages_ignore=None, packages_ignore_regex=None, paths=None, packages_up_to=None, packages_up_to_regex=None, packages_above=None, packages_above_and_dependencies=None, packages_above_depth=None, packages_select_by_dep=None, packages_skip_by_dep=None, packages_skip_up_to=None, packages_select_build_failed=False, packages_skip_build_finished=False, packages_select_test_failures=False, packages_skip_test_passed=False, packages_select=None, packages_skip=None, packages_select_regex=None, packages_skip_regex=None, packages_start=None, packages_end=None, allow_overriding=[], cmake_args=None, cmake_target=None, cmake_target_skip_unavailable=False, cmake_clean_cache=False, cmake_clean_first=False, cmake_force_configure=False, ament_cmake_args=None, catkin_cmake_args=None, catkin_skip_building_tests=False, mixin_files=None, mixin=None, verb_parser=<colcon_mixin.mixin.mixin_argument.MixinArgumentDecorator object at 0x73a338f32620>, verb_extension=<colcon_core.verb.build.BuildVerb object at 0x73a338f31f90>, main=<bound method BuildVerb.main of <colcon_core.verb.build.BuildVerb object at 0x73a338f31f90>>, mixin_verb=('build',))
[0.254s] Level 1:colcon.colcon_core.package_discovery:discover_packages(colcon_meta) check parameters
[0.254s] Level 1:colcon.colcon_core.package_discovery:discover_packages(recursive) check parameters
[0.254s] Level 1:colcon.colcon_core.package_discovery:discover_packages(ignore) check parameters
[0.254s] Level 1:colcon.colcon_core.package_discovery:discover_packages(path) check parameters
[0.254s] Level 1:colcon.colcon_core.package_discovery:discover_packages(colcon_meta) discover
[0.254s] Level 1:colcon.colcon_core.package_discovery:discover_packages(recursive) discover
[0.254s] INFO:colcon.colcon_core.package_discovery:Crawling recursively for packages in '/home/shiva/Documents/ros2_projects/robot_car_V2'
[0.254s] Level 1:colcon.colcon_core.package_identification:_identify(.) by extensions ['ignore', 'ignore_ament_install']
[0.254s] Level 1:colcon.colcon_core.package_identification:_identify(.) by extension 'ignore'
[0.254s] Level 1:colcon.colcon_core.package_identification:_identify(.) by extension 'ignore_ament_install'
[0.255s] Level 1:colcon.colcon_core.package_identification:_identify(.) by extensions ['colcon_pkg']
[0.255s] Level 1:colcon.colcon_core.package_identification:_identify(.) by extension 'colcon_pkg'
[0.255s] Level 1:colcon.colcon_core.package_identification:_identify(.) by extensions ['colcon_meta']
[0.255s] Level 1:colcon.colcon_core.package_identification:_identify(.) by extension 'colcon_meta'
[0.255s] Level 1:colcon.colcon_core.package_identification:_identify(.) by extensions ['ros']
[0.255s] Level 1:colcon.colcon_core.package_identification:_identify(.) by extension 'ros'
[0.265s] Level 1:colcon.colcon_core.package_identification:_identify(.) by extensions ['cmake', 'python']
[0.265s] Level 1:colcon.colcon_core.package_identification:_identify(.) by extension 'cmake'
[0.265s] Level 1:colcon.colcon_core.package_identification:_identify(.) by extension 'python'
[0.265s] Level 1:colcon.colcon_core.package_identification:_identify(.) by extensions ['python_setup_py']
[0.265s] Level 1:colcon.colcon_core.package_identification:_identify(.) by extension 'python_setup_py'
[0.265s] Level 1:colcon.colcon_core.package_identification:_identify(build) by extensions ['ignore', 'ignore_ament_install']
[0.265s] Level 1:colcon.colcon_core.package_identification:_identify(build) by extension 'ignore'
[0.265s] Level 1:colcon.colcon_core.package_identification:_identify(build) ignored
[0.266s] Level 1:colcon.colcon_core.package_identification:_identify(install) by extensions ['ignore', 'ignore_ament_install']
[0.266s] Level 1:colcon.colcon_core.package_identification:_identify(install) by extension 'ignore'
[0.266s] Level 1:colcon.colcon_core.package_identification:_identify(install) ignored
[0.266s] Level 1:colcon.colcon_core.package_identification:_identify(log) by extensions ['ignore', 'ignore_ament_install']
[0.266s] Level 1:colcon.colcon_core.package_identification:_identify(log) by extension 'ignore'
[0.266s] Level 1:colcon.colcon_core.package_identification:_identify(log) ignored
[0.266s] Level 1:colcon.colcon_core.package_identification:_identify(src) by extensions ['ignore', 'ignore_ament_install']
[0.266s] Level 1:colcon.colcon_core.package_identification:_identify(src) by extension 'ignore'
[0.266s] Level 1:colcon.colcon_core.package_identification:_identify(src) by extension 'ignore_ament_install'
[0.267s] Level 1:colcon.colcon_core.package_identification:_identify(src) by extensions ['colcon_pkg']
[0.267s] Level 1:colcon.colcon_core.package_identification:_identify(src) by extension 'colcon_pkg'
[0.267s] Level 1:colcon.colcon_core.package_identification:_identify(src) by extensions ['colcon_meta']
[0.267s] Level 1:colcon.colcon_core.package_identification:_identify(src) by extension 'colcon_meta'
[0.267s] Level 1:colcon.colcon_core.package_identification:_identify(src) by extensions ['ros']
[0.267s] Level 1:colcon.colcon_core.package_identification:_identify(src) by extension 'ros'
[0.267s] Level 1:colcon.colcon_core.package_identification:_identify(src) by extensions ['cmake', 'python']
[0.267s] Level 1:colcon.colcon_core.package_identification:_identify(src) by extension 'cmake'
[0.267s] Level 1:colcon.colcon_core.package_identification:_identify(src) by extension 'python'
[0.267s] Level 1:colcon.colcon_core.package_identification:_identify(src) by extensions ['python_setup_py']
[0.267s] Level 1:colcon.colcon_core.package_identification:_identify(src) by extension 'python_setup_py'
[0.267s] Level 1:colcon.colcon_core.package_identification:_identify(src/robot_car_v2_bringup) by extensions ['ignore', 'ignore_ament_install']
[0.267s] Level 1:colcon.colcon_core.package_identification:_identify(src/robot_car_v2_bringup) by extension 'ignore'
[0.267s] Level 1:colcon.colcon_core.package_identification:_identify(src/robot_car_v2_bringup) by extension 'ignore_ament_install'
[0.268s] Level 1:colcon.colcon_core.package_identification:_identify(src/robot_car_v2_bringup) by extensions ['colcon_pkg']
[0.268s] Level 1:colcon.colcon_core.package_identification:_identify(src/robot_car_v2_bringup) by extension 'colcon_pkg'
[0.268s] Level 1:colcon.colcon_core.package_identification:_identify(src/robot_car_v2_bringup) by extensions ['colcon_meta']
[0.268s] Level 1:colcon.colcon_core.package_identification:_identify(src/robot_car_v2_bringup) by extension 'colcon_meta'
[0.268s] Level 1:colcon.colcon_core.package_identification:_identify(src/robot_car_v2_bringup) by extensions ['ros']
[0.268s] Level 1:colcon.colcon_core.package_identification:_identify(src/robot_car_v2_bringup) by extension 'ros'
[0.270s] DEBUG:colcon.colcon_core.package_identification:Package 'src/robot_car_v2_bringup' with type 'ros.ament_cmake' and name 'robot_car_v2_bringup'
[0.270s] Level 1:colcon.colcon_core.package_identification:_identify(src/robot_car_v2_controller) by extensions ['ignore', 'ignore_ament_install']
[0.270s] Level 1:colcon.colcon_core.package_identification:_identify(src/robot_car_v2_controller) by extension 'ignore'
[0.270s] Level 1:colcon.colcon_core.package_identification:_identify(src/robot_car_v2_controller) by extension 'ignore_ament_install'
[0.271s] Level 1:colcon.colcon_core.package_identification:_identify(src/robot_car_v2_controller) by extensions ['colcon_pkg']
[0.271s] Level 1:colcon.colcon_core.package_identification:_identify(src/robot_car_v2_controller) by extension 'colcon_pkg'
[0.271s] Level 1:colcon.colcon_core.package_identification:_identify(src/robot_car_v2_controller) by extensions ['colcon_meta']
[0.271s] Level 1:colcon.colcon_core.package_identification:_identify(src/robot_car_v2_controller) by extension 'colcon_meta'
[0.271s] Level 1:colcon.colcon_core.package_identification:_identify(src/robot_car_v2_controller) by extensions ['ros']
[0.271s] Level 1:colcon.colcon_core.package_identification:_identify(src/robot_car_v2_controller) by extension 'ros'
[0.272s] DEBUG:colcon.colcon_core.package_identification:Package 'src/robot_car_v2_controller' with type 'ros.ament_cmake' and name 'robot_car_v2_controller'
[0.272s] Level 1:colcon.colcon_core.package_identification:_identify(src/robot_car_v2_description) by extensions ['ignore', 'ignore_ament_install']
[0.272s] Level 1:colcon.colcon_core.package_identification:_identify(src/robot_car_v2_description) by extension 'ignore'
[0.272s] Level 1:colcon.colcon_core.package_identification:_identify(src/robot_car_v2_description) by extension 'ignore_ament_install'
[0.273s] Level 1:colcon.colcon_core.package_identification:_identify(src/robot_car_v2_description) by extensions ['colcon_pkg']
[0.273s] Level 1:colcon.colcon_core.package_identification:_identify(src/robot_car_v2_description) by extension 'colcon_pkg'
[0.273s] Level 1:colcon.colcon_core.package_identification:_identify(src/robot_car_v2_description) by extensions ['colcon_meta']
[0.273s] Level 1:colcon.colcon_core.package_identification:_identify(src/robot_car_v2_description) by extension 'colcon_meta'
[0.273s] Level 1:colcon.colcon_core.package_identification:_identify(src/robot_car_v2_description) by extensions ['ros']
[0.273s] Level 1:colcon.colcon_core.package_identification:_identify(src/robot_car_v2_description) by extension 'ros'
[0.275s] DEBUG:colcon.colcon_core.package_identification:Package 'src/robot_car_v2_description' with type 'ros.ament_cmake' and name 'robot_car_v2_description'
[0.275s] Level 1:colcon.colcon_core.package_identification:_identify(src/robot_car_v2_localization) by extensions ['ignore', 'ignore_ament_install']
[0.276s] Level 1:colcon.colcon_core.package_identification:_identify(src/robot_car_v2_localization) by extension 'ignore'
[0.276s] Level 1:colcon.colcon_core.package_identification:_identify(src/robot_car_v2_localization) by extension 'ignore_ament_install'
[0.276s] Level 1:colcon.colcon_core.package_identification:_identify(src/robot_car_v2_localization) by extensions ['colcon_pkg']
[0.276s] Level 1:colcon.colcon_core.package_identification:_identify(src/robot_car_v2_localization) by extension 'colcon_pkg'
[0.276s] Level 1:colcon.colcon_core.package_identification:_identify(src/robot_car_v2_localization) by extensions ['colcon_meta']
[0.276s] Level 1:colcon.colcon_core.package_identification:_identify(src/robot_car_v2_localization) by extension 'colcon_meta'
[0.276s] Level 1:colcon.colcon_core.package_identification:_identify(src/robot_car_v2_localization) by extensions ['ros']
[0.276s] Level 1:colcon.colcon_core.package_identification:_identify(src/robot_car_v2_localization) by extension 'ros'
[0.277s] DEBUG:colcon.colcon_core.package_identification:Package 'src/robot_car_v2_localization' with type 'ros.ament_cmake' and name 'robot_car_v2_localization'
[0.277s] Level 1:colcon.colcon_core.package_discovery:discover_packages(recursive) using defaults
[0.277s] Level 1:colcon.colcon_core.package_discovery:discover_packages(ignore) discover
[0.277s] Level 1:colcon.colcon_core.package_discovery:discover_packages(ignore) using defaults
[0.277s] Level 1:colcon.colcon_core.package_discovery:discover_packages(path) discover
[0.277s] Level 1:colcon.colcon_core.package_discovery:discover_packages(path) using defaults
[0.304s] Level 1:colcon.colcon_core.package_discovery:discover_packages(prefix_path) check parameters
[0.304s] Level 1:colcon.colcon_core.package_discovery:discover_packages(prefix_path) discover
[0.306s] DEBUG:colcon.colcon_installed_package_information.package_discovery:Found 2 installed packages in /home/shiva/Documents/bumperbot_wrkspc/install
[0.307s] DEBUG:colcon.colcon_installed_package_information.package_discovery:Found 7 installed packages in /home/shiva/Documents/robot_arm/install
[0.307s] DEBUG:colcon.colcon_installed_package_information.package_discovery:Found 3 installed packages in /home/shiva/Documents/wrk_spc/install
[0.308s] DEBUG:colcon.colcon_installed_package_information.package_discovery:Found 4 installed packages in /home/shiva/Documents/ros2_projects/robot_car_V2/install
[0.308s] DEBUG:colcon.colcon_installed_package_information.package_discovery:Found 4 installed packages in /home/shiva/Documents/AGV_Kalman_Filter_Robot/robo_car/install
[0.309s] DEBUG:colcon.colcon_installed_package_information.package_discovery:Found 333 installed packages in /opt/ros/humble
[0.311s] Level 1:colcon.colcon_core.package_discovery:discover_packages(prefix_path) using defaults
[0.350s] Level 5:colcon.colcon_core.verb:set package 'robot_car_v2_bringup' build argument 'cmake_args' from command line to 'None'
[0.350s] Level 5:colcon.colcon_core.verb:set package 'robot_car_v2_bringup' build argument 'cmake_target' from command line to 'None'
[0.350s] Level 5:colcon.colcon_core.verb:set package 'robot_car_v2_bringup' build argument 'cmake_target_skip_unavailable' from command line to 'False'
[0.350s] Level 5:colcon.colcon_core.verb:set package 'robot_car_v2_bringup' build argument 'cmake_clean_cache' from command line to 'False'
[0.350s] Level 5:colcon.colcon_core.verb:set package 'robot_car_v2_bringup' build argument 'cmake_clean_first' from command line to 'False'
[0.350s] Level 5:colcon.colcon_core.verb:set package 'robot_car_v2_bringup' build argument 'cmake_force_configure' from command line to 'False'
[0.350s] Level 5:colcon.colcon_core.verb:set package 'robot_car_v2_bringup' build argument 'ament_cmake_args' from command line to 'None'
[0.350s] Level 5:colcon.colcon_core.verb:set package 'robot_car_v2_bringup' build argument 'catkin_cmake_args' from command line to 'None'
[0.350s] Level 5:colcon.colcon_core.verb:set package 'robot_car_v2_bringup' build argument 'catkin_skip_building_tests' from command line to 'False'
[0.350s] DEBUG:colcon.colcon_core.verb:Building package 'robot_car_v2_bringup' with the following arguments: {'ament_cmake_args': None, 'build_base': '/home/shiva/Documents/ros2_projects/robot_car_V2/build/robot_car_v2_bringup', 'catkin_cmake_args': None, 'catkin_skip_building_tests': False, 'cmake_args': None, 'cmake_clean_cache': False, 'cmake_clean_first': False, 'cmake_force_configure': False, 'cmake_target': None, 'cmake_target_skip_unavailable': False, 'install_base': '/home/shiva/Documents/ros2_projects/robot_car_V2/install/robot_car_v2_bringup', 'merge_install': False, 'path': '/home/shiva/Documents/ros2_projects/robot_car_V2/src/robot_car_v2_bringup', 'symlink_install': False, 'test_result_base': None}
[0.350s] Level 5:colcon.colcon_core.verb:set package 'robot_car_v2_controller' build argument 'cmake_args' from command line to 'None'
[0.350s] Level 5:colcon.colcon_core.verb:set package 'robot_car_v2_controller' build argument 'cmake_target' from command line to 'None'
[0.351s] Level 5:colcon.colcon_core.verb:set package 'robot_car_v2_controller' build argument 'cmake_target_skip_unavailable' from command line to 'False'
[0.351s] Level 5:colcon.colcon_core.verb:set package 'robot_car_v2_controller' build argument 'cmake_clean_cache' from command line to 'False'
[0.351s] Level 5:colcon.colcon_core.verb:set package 'robot_car_v2_controller' build argument 'cmake_clean_first' from command line to 'False'
[0.351s] Level 5:colcon.colcon_core.verb:set package 'robot_car_v2_controller' build argument 'cmake_force_configure' from command line to 'False'
[0.351s] Level 5:colcon.colcon_core.verb:set package 'robot_car_v2_controller' build argument 'ament_cmake_args' from command line to 'None'
[0.351s] Level 5:colcon.colcon_core.verb:set package 'robot_car_v2_controller' build argument 'catkin_cmake_args' from command line to 'None'
[0.351s] Level 5:colcon.colcon_core.verb:set package 'robot_car_v2_controller' build argument 'catkin_skip_building_tests' from command line to 'False'
[0.351s] DEBUG:colcon.colcon_core.verb:Building package 'robot_car_v2_controller' with the following arguments: {'ament_cmake_args': None, 'build_base': '/home/shiva/Documents/ros2_projects/robot_car_V2/build/robot_car_v2_controller', 'catkin_cmake_args': None, 'catkin_skip_building_tests': False, 'cmake_args': None, 'cmake_clean_cache': False, 'cmake_clean_first': False, 'cmake_force_configure': False, 'cmake_target': None, 'cmake_target_skip_unavailable': False, 'install_base': '/home/shiva/Documents/ros2_projects/robot_car_V2/install/robot_car_v2_controller', 'merge_install': False, 'path': '/home/shiva/Documents/ros2_projects/robot_car_V2/src/robot_car_v2_controller', 'symlink_install': False, 'test_result_base': None}
[0.351s] Level 5:colcon.colcon_core.verb:set package 'robot_car_v2_description' build argument 'cmake_args' from command line to 'None'
[0.351s] Level 5:colcon.colcon_core.verb:set package 'robot_car_v2_description' build argument 'cmake_target' from command line to 'None'
[0.351s] Level 5:colcon.colcon_core.verb:set package 'robot_car_v2_description' build argument 'cmake_target_skip_unavailable' from command line to 'False'
[0.351s] Level 5:colcon.colcon_core.verb:set package 'robot_car_v2_description' build argument 'cmake_clean_cache' from command line to 'False'
[0.351s] Level 5:colcon.colcon_core.verb:set package 'robot_car_v2_description' build argument 'cmake_clean_first' from command line to 'False'
[0.351s] Level 5:colcon.colcon_core.verb:set package 'robot_car_v2_description' build argument 'cmake_force_configure' from command line to 'False'
[0.352s] Level 5:colcon.colcon_core.verb:set package 'robot_car_v2_description' build argument 'ament_cmake_args' from command line to 'None'
[0.352s] Level 5:colcon.colcon_core.verb:set package 'robot_car_v2_description' build argument 'catkin_cmake_args' from command line to 'None'
[0.352s] Level 5:colcon.colcon_core.verb:set package 'robot_car_v2_description' build argument 'catkin_skip_building_tests' from command line to 'False'
[0.352s] DEBUG:colcon.colcon_core.verb:Building package 'robot_car_v2_description' with the following arguments: {'ament_cmake_args': None, 'build_base': '/home/shiva/Documents/ros2_projects/robot_car_V2/build/robot_car_v2_description', 'catkin_cmake_args': None, 'catkin_skip_building_tests': False, 'cmake_args': None, 'cmake_clean_cache': False, 'cmake_clean_first': False, 'cmake_force_configure': False, 'cmake_target': None, 'cmake_target_skip_unavailable': False, 'install_base': '/home/shiva/Documents/ros2_projects/robot_car_V2/install/robot_car_v2_description', 'merge_install': False, 'path': '/home/shiva/Documents/ros2_projects/robot_car_V2/src/robot_car_v2_description', 'symlink_install': False, 'test_result_base': None}
[0.352s] Level 5:colcon.colcon_core.verb:set package 'robot_car_v2_localization' build argument 'cmake_args' from command line to 'None'
[0.352s] Level 5:colcon.colcon_core.verb:set package 'robot_car_v2_localization' build argument 'cmake_target' from command line to 'None'
[0.352s] Level 5:colcon.colcon_core.verb:set package 'robot_car_v2_localization' build argument 'cmake_target_skip_unavailable' from command line to 'False'
[0.352s] Level 5:colcon.colcon_core.verb:set package 'robot_car_v2_localization' build argument 'cmake_clean_cache' from command line to 'False'
[0.352s] Level 5:colcon.colcon_core.verb:set package 'robot_car_v2_localization' build argument 'cmake_clean_first' from command line to 'False'
[0.352s] Level 5:colcon.colcon_core.verb:set package 'robot_car_v2_localization' build argument 'cmake_force_configure' from command line to 'False'
[0.352s] Level 5:colcon.colcon_core.verb:set package 'robot_car_v2_localization' build argument 'ament_cmake_args' from command line to 'None'
[0.352s] Level 5:colcon.colcon_core.verb:set package 'robot_car_v2_localization' build argument 'catkin_cmake_args' from command line to 'None'
[0.352s] Level 5:colcon.colcon_core.verb:set package 'robot_car_v2_localization' build argument 'catkin_skip_building_tests' from command line to 'False'
[0.352s] DEBUG:colcon.colcon_core.verb:Building package 'robot_car_v2_localization' with the following arguments: {'ament_cmake_args': None, 'build_base': '/home/shiva/Documents/ros2_projects/robot_car_V2/build/robot_car_v2_localization', 'catkin_cmake_args': None, 'catkin_skip_building_tests': False, 'cmake_args': None, 'cmake_clean_cache': False, 'cmake_clean_first': False, 'cmake_force_configure': False, 'cmake_target': None, 'cmake_target_skip_unavailable': False, 'install_base': '/home/shiva/Documents/ros2_projects/robot_car_V2/install/robot_car_v2_localization', 'merge_install': False, 'path': '/home/shiva/Documents/ros2_projects/robot_car_V2/src/robot_car_v2_localization', 'symlink_install': False, 'test_result_base': None}
[0.353s] INFO:colcon.colcon_core.executor:Executing jobs using 'parallel' executor
[0.354s] DEBUG:colcon.colcon_parallel_executor.executor.parallel:run_until_complete
[0.354s] INFO:colcon.colcon_ros.task.ament_cmake.build:Building ROS package in '/home/shiva/Documents/ros2_projects/robot_car_V2/src/robot_car_v2_bringup' with build type 'ament_cmake'
[0.354s] INFO:colcon.colcon_cmake.task.cmake.build:Building CMake package in '/home/shiva/Documents/ros2_projects/robot_car_V2/src/robot_car_v2_bringup'
[0.356s] INFO:colcon.colcon_core.plugin_system:Skipping extension 'colcon_core.shell.bat': Not used on non-Windows systems
[0.356s] INFO:colcon.colcon_core.shell:Skip shell extension 'powershell' for command environment: Not usable outside of PowerShell
[0.356s] DEBUG:colcon.colcon_core.shell:Skip shell extension 'dsv' for command environment
[0.361s] INFO:colcon.colcon_ros.task.ament_cmake.build:Building ROS package in '/home/shiva/Documents/ros2_projects/robot_car_V2/src/robot_car_v2_controller' with build type 'ament_cmake'
[0.361s] INFO:colcon.colcon_cmake.task.cmake.build:Building CMake package in '/home/shiva/Documents/ros2_projects/robot_car_V2/src/robot_car_v2_controller'
[0.361s] INFO:colcon.colcon_core.shell:Skip shell extension 'powershell' for command environment: Not usable outside of PowerShell
[0.361s] DEBUG:colcon.colcon_core.shell:Skip shell extension 'dsv' for command environment
[0.367s] INFO:colcon.colcon_ros.task.ament_cmake.build:Building ROS package in '/home/shiva/Documents/ros2_projects/robot_car_V2/src/robot_car_v2_description' with build type 'ament_cmake'
[0.367s] INFO:colcon.colcon_cmake.task.cmake.build:Building CMake package in '/home/shiva/Documents/ros2_projects/robot_car_V2/src/robot_car_v2_description'
[0.367s] INFO:colcon.colcon_core.shell:Skip shell extension 'powershell' for command environment: Not usable outside of PowerShell
[0.367s] DEBUG:colcon.colcon_core.shell:Skip shell extension 'dsv' for command environment
[0.372s] INFO:colcon.colcon_ros.task.ament_cmake.build:Building ROS package in '/home/shiva/Documents/ros2_projects/robot_car_V2/src/robot_car_v2_localization' with build type 'ament_cmake'
[0.372s] INFO:colcon.colcon_cmake.task.cmake.build:Building CMake package in '/home/shiva/Documents/ros2_projects/robot_car_V2/src/robot_car_v2_localization'
[0.373s] INFO:colcon.colcon_core.shell:Skip shell extension 'powershell' for command environment: Not usable outside of PowerShell
[0.373s] DEBUG:colcon.colcon_core.shell:Skip shell extension 'dsv' for command environment
[0.381s] DEBUG:colcon.colcon_core.event_handler.log_command:Invoking command in '/home/shiva/Documents/ros2_projects/robot_car_V2/build/robot_car_v2_bringup': CMAKE_PREFIX_PATH=${CMAKE_PREFIX_PATH}:/home/shiva/Documents/wrk_spc/install/my_pkg:/opt/ros/humble /usr/bin/cmake --build /home/shiva/Documents/ros2_projects/robot_car_V2/build/robot_car_v2_bringup -- -j8 -l8
[0.387s] DEBUG:colcon.colcon_core.event_handler.log_command:Invoking command in '/home/shiva/Documents/ros2_projects/robot_car_V2/build/robot_car_v2_controller': CMAKE_PREFIX_PATH=${CMAKE_PREFIX_PATH}:/home/shiva/Documents/wrk_spc/install/my_pkg:/opt/ros/humble /usr/bin/cmake --build /home/shiva/Documents/ros2_projects/robot_car_V2/build/robot_car_v2_controller -- -j8 -l8
[0.390s] DEBUG:colcon.colcon_core.event_handler.log_command:Invoking command in '/home/shiva/Documents/ros2_projects/robot_car_V2/build/robot_car_v2_description': CMAKE_PREFIX_PATH=${CMAKE_PREFIX_PATH}:/home/shiva/Documents/wrk_spc/install/my_pkg:/opt/ros/humble /usr/bin/cmake --build /home/shiva/Documents/ros2_projects/robot_car_V2/build/robot_car_v2_description -- -j8 -l8
[0.395s] DEBUG:colcon.colcon_core.event_handler.log_command:Invoking command in '/home/shiva/Documents/ros2_projects/robot_car_V2/build/robot_car_v2_localization': CMAKE_PREFIX_PATH=${CMAKE_PREFIX_PATH}:/home/shiva/Documents/wrk_spc/install/my_pkg:/opt/ros/humble /usr/bin/cmake --build /home/shiva/Documents/ros2_projects/robot_car_V2/build/robot_car_v2_localization -- -j8 -l8
[0.415s] DEBUG:colcon.colcon_core.event_handler.log_command:Invoked command in '/home/shiva/Documents/ros2_projects/robot_car_V2/build/robot_car_v2_bringup' returned '0': CMAKE_PREFIX_PATH=${CMAKE_PREFIX_PATH}:/home/shiva/Documents/wrk_spc/install/my_pkg:/opt/ros/humble /usr/bin/cmake --build /home/shiva/Documents/ros2_projects/robot_car_V2/build/robot_car_v2_bringup -- -j8 -l8
[0.422s] DEBUG:colcon.colcon_core.event_handler.log_command:Invoked command in '/home/shiva/Documents/ros2_projects/robot_car_V2/build/robot_car_v2_description' returned '0': CMAKE_PREFIX_PATH=${CMAKE_PREFIX_PATH}:/home/shiva/Documents/wrk_spc/install/my_pkg:/opt/ros/humble /usr/bin/cmake --build /home/shiva/Documents/ros2_projects/robot_car_V2/build/robot_car_v2_description -- -j8 -l8
[0.443s] DEBUG:colcon.colcon_core.event_handler.log_command:Invoking command in '/home/shiva/Documents/ros2_projects/robot_car_V2/build/robot_car_v2_bringup': CMAKE_PREFIX_PATH=${CMAKE_PREFIX_PATH}:/home/shiva/Documents/wrk_spc/install/my_pkg:/opt/ros/humble /usr/bin/cmake --install /home/shiva/Documents/ros2_projects/robot_car_V2/build/robot_car_v2_bringup
[0.446s] DEBUG:colcon.colcon_core.event_handler.log_command:Invoking command in '/home/shiva/Documents/ros2_projects/robot_car_V2/build/robot_car_v2_description': CMAKE_PREFIX_PATH=${CMAKE_PREFIX_PATH}:/home/shiva/Documents/wrk_spc/install/my_pkg:/opt/ros/humble /usr/bin/cmake --install /home/shiva/Documents/ros2_projects/robot_car_V2/build/robot_car_v2_description
[0.453s] Level 1:colcon.colcon_core.environment:create_environment_scripts_only(robot_car_v2_bringup)
[0.461s] DEBUG:colcon.colcon_core.event_handler.log_command:Invoked command in '/home/shiva/Documents/ros2_projects/robot_car_V2/build/robot_car_v2_bringup' returned '0': CMAKE_PREFIX_PATH=${CMAKE_PREFIX_PATH}:/home/shiva/Documents/wrk_spc/install/my_pkg:/opt/ros/humble /usr/bin/cmake --install /home/shiva/Documents/ros2_projects/robot_car_V2/build/robot_car_v2_bringup
[0.464s] Level 1:colcon.colcon_core.environment:checking '/home/shiva/Documents/ros2_projects/robot_car_V2/install/robot_car_v2_bringup' for CMake module files
[0.466s] Level 1:colcon.colcon_core.environment:checking '/home/shiva/Documents/ros2_projects/robot_car_V2/install/robot_car_v2_bringup' for CMake config files
[0.473s] Level 1:colcon.colcon_core.shell:create_environment_hook('robot_car_v2_bringup', 'cmake_prefix_path')
[0.473s] INFO:colcon.colcon_core.shell:Creating environment hook '/home/shiva/Documents/ros2_projects/robot_car_V2/install/robot_car_v2_bringup/share/robot_car_v2_bringup/hook/cmake_prefix_path.ps1'
[0.475s] INFO:colcon.colcon_core.shell:Creating environment descriptor '/home/shiva/Documents/ros2_projects/robot_car_V2/install/robot_car_v2_bringup/share/robot_car_v2_bringup/hook/cmake_prefix_path.dsv'
[0.477s] INFO:colcon.colcon_core.shell:Creating environment hook '/home/shiva/Documents/ros2_projects/robot_car_V2/install/robot_car_v2_bringup/share/robot_car_v2_bringup/hook/cmake_prefix_path.sh'
[0.480s] Level 1:colcon.colcon_core.environment:checking '/home/shiva/Documents/ros2_projects/robot_car_V2/install/robot_car_v2_bringup/bin'
[0.480s] Level 1:colcon.colcon_core.environment:checking '/home/shiva/Documents/ros2_projects/robot_car_V2/install/robot_car_v2_bringup/lib/pkgconfig/robot_car_v2_bringup.pc'
[0.480s] Level 1:colcon.colcon_core.environment:checking '/home/shiva/Documents/ros2_projects/robot_car_V2/install/robot_car_v2_bringup/lib/python3.10/site-packages'
[0.480s] Level 1:colcon.colcon_core.environment:checking '/home/shiva/Documents/ros2_projects/robot_car_V2/install/robot_car_v2_bringup/bin'
[0.481s] INFO:colcon.colcon_core.shell:Creating package script '/home/shiva/Documents/ros2_projects/robot_car_V2/install/robot_car_v2_bringup/share/robot_car_v2_bringup/package.ps1'
[0.482s] INFO:colcon.colcon_core.shell:Creating package descriptor '/home/shiva/Documents/ros2_projects/robot_car_V2/install/robot_car_v2_bringup/share/robot_car_v2_bringup/package.dsv'
[0.483s] INFO:colcon.colcon_core.shell:Creating package script '/home/shiva/Documents/ros2_projects/robot_car_V2/install/robot_car_v2_bringup/share/robot_car_v2_bringup/package.sh'
[0.485s] INFO:colcon.colcon_core.shell:Creating package script '/home/shiva/Documents/ros2_projects/robot_car_V2/install/robot_car_v2_bringup/share/robot_car_v2_bringup/package.bash'
[0.487s] INFO:colcon.colcon_core.shell:Creating package script '/home/shiva/Documents/ros2_projects/robot_car_V2/install/robot_car_v2_bringup/share/robot_car_v2_bringup/package.zsh'
[0.490s] Level 1:colcon.colcon_core.environment:create_file_with_runtime_dependencies(/home/shiva/Documents/ros2_projects/robot_car_V2/install/robot_car_v2_bringup/share/colcon-core/packages/robot_car_v2_bringup)
[0.494s] Level 1:colcon.colcon_core.environment:create_environment_scripts_only(robot_car_v2_description)
[0.495s] Level 1:colcon.colcon_core.environment:checking '/home/shiva/Documents/ros2_projects/robot_car_V2/install/robot_car_v2_description' for CMake module files
[0.496s] Level 1:colcon.colcon_core.environment:checking '/home/shiva/Documents/ros2_projects/robot_car_V2/install/robot_car_v2_description' for CMake config files
[0.500s] Level 1:colcon.colcon_core.shell:create_environment_hook('robot_car_v2_description', 'cmake_prefix_path')
[0.500s] INFO:colcon.colcon_core.shell:Creating environment hook '/home/shiva/Documents/ros2_projects/robot_car_V2/install/robot_car_v2_description/share/robot_car_v2_description/hook/cmake_prefix_path.ps1'
[0.501s] INFO:colcon.colcon_core.shell:Creating environment descriptor '/home/shiva/Documents/ros2_projects/robot_car_V2/install/robot_car_v2_description/share/robot_car_v2_description/hook/cmake_prefix_path.dsv'
[0.503s] INFO:colcon.colcon_core.shell:Creating environment hook '/home/shiva/Documents/ros2_projects/robot_car_V2/install/robot_car_v2_description/share/robot_car_v2_description/hook/cmake_prefix_path.sh'
[0.506s] Level 1:colcon.colcon_core.environment:checking '/home/shiva/Documents/ros2_projects/robot_car_V2/install/robot_car_v2_description/bin'
[0.506s] Level 1:colcon.colcon_core.environment:checking '/home/shiva/Documents/ros2_projects/robot_car_V2/install/robot_car_v2_description/lib/pkgconfig/robot_car_v2_description.pc'
[0.506s] Level 1:colcon.colcon_core.environment:checking '/home/shiva/Documents/ros2_projects/robot_car_V2/install/robot_car_v2_description/lib/python3.10/site-packages'
[0.506s] Level 1:colcon.colcon_core.environment:checking '/home/shiva/Documents/ros2_projects/robot_car_V2/install/robot_car_v2_description/bin'
[0.507s] INFO:colcon.colcon_core.shell:Creating package script '/home/shiva/Documents/ros2_projects/robot_car_V2/install/robot_car_v2_description/share/robot_car_v2_description/package.ps1'
[0.509s] INFO:colcon.colcon_core.shell:Creating package descriptor '/home/shiva/Documents/ros2_projects/robot_car_V2/install/robot_car_v2_description/share/robot_car_v2_description/package.dsv'
[0.511s] INFO:colcon.colcon_core.shell:Creating package script '/home/shiva/Documents/ros2_projects/robot_car_V2/install/robot_car_v2_description/share/robot_car_v2_description/package.sh'
[0.513s] INFO:colcon.colcon_core.shell:Creating package script '/home/shiva/Documents/ros2_projects/robot_car_V2/install/robot_car_v2_description/share/robot_car_v2_description/package.bash'
[0.516s] INFO:colcon.colcon_core.shell:Creating package script '/home/shiva/Documents/ros2_projects/robot_car_V2/install/robot_car_v2_description/share/robot_car_v2_description/package.zsh'
[0.518s] Level 1:colcon.colcon_core.environment:create_file_with_runtime_dependencies(/home/shiva/Documents/ros2_projects/robot_car_V2/install/robot_car_v2_description/share/colcon-core/packages/robot_car_v2_description)
[0.524s] Level 1:colcon.colcon_core.environment:create_environment_scripts_only(robot_car_v2_bringup)
[0.524s] Level 1:colcon.colcon_core.environment:checking '/home/shiva/Documents/ros2_projects/robot_car_V2/install/robot_car_v2_bringup' for CMake module files
[0.526s] Level 1:colcon.colcon_core.environment:checking '/home/shiva/Documents/ros2_projects/robot_car_V2/install/robot_car_v2_bringup' for CMake config files
[0.536s] Level 1:colcon.colcon_core.shell:create_environment_hook('robot_car_v2_bringup', 'cmake_prefix_path')
[0.536s] INFO:colcon.colcon_core.shell:Creating environment hook '/home/shiva/Documents/ros2_projects/robot_car_V2/install/robot_car_v2_bringup/share/robot_car_v2_bringup/hook/cmake_prefix_path.ps1'
[0.537s] INFO:colcon.colcon_core.shell:Creating environment descriptor '/home/shiva/Documents/ros2_projects/robot_car_V2/install/robot_car_v2_bringup/share/robot_car_v2_bringup/hook/cmake_prefix_path.dsv'
[0.538s] INFO:colcon.colcon_core.shell:Creating environment hook '/home/shiva/Documents/ros2_projects/robot_car_V2/install/robot_car_v2_bringup/share/robot_car_v2_bringup/hook/cmake_prefix_path.sh'
[0.541s] Level 1:colcon.colcon_core.environment:checking '/home/shiva/Documents/ros2_projects/robot_car_V2/install/robot_car_v2_bringup/bin'
[0.542s] Level 1:colcon.colcon_core.environment:checking '/home/shiva/Documents/ros2_projects/robot_car_V2/install/robot_car_v2_bringup/lib/pkgconfig/robot_car_v2_bringup.pc'
[0.542s] Level 1:colcon.colcon_core.environment:checking '/home/shiva/Documents/ros2_projects/robot_car_V2/install/robot_car_v2_bringup/lib/python3.10/site-packages'
[0.542s] Level 1:colcon.colcon_core.environment:checking '/home/shiva/Documents/ros2_projects/robot_car_V2/install/robot_car_v2_bringup/bin'
[0.543s] INFO:colcon.colcon_core.shell:Creating package script '/home/shiva/Documents/ros2_projects/robot_car_V2/install/robot_car_v2_bringup/share/robot_car_v2_bringup/package.ps1'
[0.545s] INFO:colcon.colcon_core.shell:Creating package descriptor '/home/shiva/Documents/ros2_projects/robot_car_V2/install/robot_car_v2_bringup/share/robot_car_v2_bringup/package.dsv'
[0.547s] INFO:colcon.colcon_core.shell:Creating package script '/home/shiva/Documents/ros2_projects/robot_car_V2/install/robot_car_v2_bringup/share/robot_car_v2_bringup/package.sh'
[0.551s] INFO:colcon.colcon_core.shell:Creating package script '/home/shiva/Documents/ros2_projects/robot_car_V2/install/robot_car_v2_bringup/share/robot_car_v2_bringup/package.bash'
[0.555s] INFO:colcon.colcon_core.shell:Creating package script '/home/shiva/Documents/ros2_projects/robot_car_V2/install/robot_car_v2_bringup/share/robot_car_v2_bringup/package.zsh'
[0.558s] Level 1:colcon.colcon_core.environment:create_file_with_runtime_dependencies(/home/shiva/Documents/ros2_projects/robot_car_V2/install/robot_car_v2_bringup/share/colcon-core/packages/robot_car_v2_bringup)
[0.562s] Level 1:colcon.colcon_core.environment:create_environment_scripts_only(robot_car_v2_description)
[0.562s] Level 1:colcon.colcon_core.environment:checking '/home/shiva/Documents/ros2_projects/robot_car_V2/install/robot_car_v2_description' for CMake module files
[0.569s] Level 1:colcon.colcon_core.environment:checking '/home/shiva/Documents/ros2_projects/robot_car_V2/install/robot_car_v2_description' for CMake config files
[0.585s] Level 1:colcon.colcon_core.shell:create_environment_hook('robot_car_v2_description', 'cmake_prefix_path')
[0.586s] INFO:colcon.colcon_core.shell:Creating environment hook '/home/shiva/Documents/ros2_projects/robot_car_V2/install/robot_car_v2_description/share/robot_car_v2_description/hook/cmake_prefix_path.ps1'
[0.589s] INFO:colcon.colcon_core.shell:Creating environment descriptor '/home/shiva/Documents/ros2_projects/robot_car_V2/install/robot_car_v2_description/share/robot_car_v2_description/hook/cmake_prefix_path.dsv'
[0.589s] DEBUG:colcon.colcon_core.event_handler.log_command:Invoked command in '/home/shiva/Documents/ros2_projects/robot_car_V2/build/robot_car_v2_description' returned '0': CMAKE_PREFIX_PATH=${CMAKE_PREFIX_PATH}:/home/shiva/Documents/wrk_spc/install/my_pkg:/opt/ros/humble /usr/bin/cmake --install /home/shiva/Documents/ros2_projects/robot_car_V2/build/robot_car_v2_description
[0.590s] INFO:colcon.colcon_core.shell:Creating environment hook '/home/shiva/Documents/ros2_projects/robot_car_V2/install/robot_car_v2_description/share/robot_car_v2_description/hook/cmake_prefix_path.sh'
[0.591s] Level 1:colcon.colcon_core.environment:checking '/home/shiva/Documents/ros2_projects/robot_car_V2/install/robot_car_v2_description/bin'
[0.592s] Level 1:colcon.colcon_core.environment:checking '/home/shiva/Documents/ros2_projects/robot_car_V2/install/robot_car_v2_description/lib/pkgconfig/robot_car_v2_description.pc'
[0.592s] Level 1:colcon.colcon_core.environment:checking '/home/shiva/Documents/ros2_projects/robot_car_V2/install/robot_car_v2_description/lib/python3.10/site-packages'
[0.592s] Level 1:colcon.colcon_core.environment:checking '/home/shiva/Documents/ros2_projects/robot_car_V2/install/robot_car_v2_description/bin'
[0.593s] INFO:colcon.colcon_core.shell:Creating package script '/home/shiva/Documents/ros2_projects/robot_car_V2/install/robot_car_v2_description/share/robot_car_v2_description/package.ps1'
[0.594s] INFO:colcon.colcon_core.shell:Creating package descriptor '/home/shiva/Documents/ros2_projects/robot_car_V2/install/robot_car_v2_description/share/robot_car_v2_description/package.dsv'
[0.595s] INFO:colcon.colcon_core.shell:Creating package script '/home/shiva/Documents/ros2_projects/robot_car_V2/install/robot_car_v2_description/share/robot_car_v2_description/package.sh'
[0.596s] INFO:colcon.colcon_core.shell:Creating package script '/home/shiva/Documents/ros2_projects/robot_car_V2/install/robot_car_v2_description/share/robot_car_v2_description/package.bash'
[0.596s] INFO:colcon.colcon_core.shell:Creating package script '/home/shiva/Documents/ros2_projects/robot_car_V2/install/robot_car_v2_description/share/robot_car_v2_description/package.zsh'
[0.597s] Level 1:colcon.colcon_core.environment:create_file_with_runtime_dependencies(/home/shiva/Documents/ros2_projects/robot_car_V2/install/robot_car_v2_description/share/colcon-core/packages/robot_car_v2_description)
[0.945s] DEBUG:colcon.colcon_core.event_handler.log_command:Invoked command in '/home/shiva/Documents/ros2_projects/robot_car_V2/build/robot_car_v2_localization' returned '0': CMAKE_PREFIX_PATH=${CMAKE_PREFIX_PATH}:/home/shiva/Documents/wrk_spc/install/my_pkg:/opt/ros/humble /usr/bin/cmake --build /home/shiva/Documents/ros2_projects/robot_car_V2/build/robot_car_v2_localization -- -j8 -l8
[0.950s] DEBUG:colcon.colcon_core.event_handler.log_command:Invoked command in '/home/shiva/Documents/ros2_projects/robot_car_V2/build/robot_car_v2_controller' returned '0': CMAKE_PREFIX_PATH=${CMAKE_PREFIX_PATH}:/home/shiva/Documents/wrk_spc/install/my_pkg:/opt/ros/humble /usr/bin/cmake --build /home/shiva/Documents/ros2_projects/robot_car_V2/build/robot_car_v2_controller -- -j8 -l8
[0.967s] DEBUG:colcon.colcon_core.event_handler.log_command:Invoking command in '/home/shiva/Documents/ros2_projects/robot_car_V2/build/robot_car_v2_localization': CMAKE_PREFIX_PATH=${CMAKE_PREFIX_PATH}:/home/shiva/Documents/wrk_spc/install/my_pkg:/opt/ros/humble /usr/bin/cmake --install /home/shiva/Documents/ros2_projects/robot_car_V2/build/robot_car_v2_localization
[0.970s] DEBUG:colcon.colcon_core.event_handler.log_command:Invoking command in '/home/shiva/Documents/ros2_projects/robot_car_V2/build/robot_car_v2_controller': CMAKE_PREFIX_PATH=${CMAKE_PREFIX_PATH}:/home/shiva/Documents/wrk_spc/install/my_pkg:/opt/ros/humble /usr/bin/cmake --install /home/shiva/Documents/ros2_projects/robot_car_V2/build/robot_car_v2_controller
[1.076s] Level 1:colcon.colcon_core.environment:create_environment_scripts_only(robot_car_v2_localization)
[1.076s] Level 1:colcon.colcon_core.environment:checking '/home/shiva/Documents/ros2_projects/robot_car_V2/install/robot_car_v2_localization' for CMake module files
[1.079s] DEBUG:colcon.colcon_core.event_handler.log_command:Invoked command in '/home/shiva/Documents/ros2_projects/robot_car_V2/build/robot_car_v2_localization' returned '0': CMAKE_PREFIX_PATH=${CMAKE_PREFIX_PATH}:/home/shiva/Documents/wrk_spc/install/my_pkg:/opt/ros/humble /usr/bin/cmake --install /home/shiva/Documents/ros2_projects/robot_car_V2/build/robot_car_v2_localization
[1.079s] Level 1:colcon.colcon_core.environment:checking '/home/shiva/Documents/ros2_projects/robot_car_V2/install/robot_car_v2_localization' for CMake config files
[1.079s] Level 1:colcon.colcon_core.shell:create_environment_hook('robot_car_v2_localization', 'cmake_prefix_path')
[1.079s] INFO:colcon.colcon_core.shell:Creating environment hook '/home/shiva/Documents/ros2_projects/robot_car_V2/install/robot_car_v2_localization/share/robot_car_v2_localization/hook/cmake_prefix_path.ps1'
[1.080s] INFO:colcon.colcon_core.shell:Creating environment descriptor '/home/shiva/Documents/ros2_projects/robot_car_V2/install/robot_car_v2_localization/share/robot_car_v2_localization/hook/cmake_prefix_path.dsv'
[1.080s] INFO:colcon.colcon_core.shell:Creating environment hook '/home/shiva/Documents/ros2_projects/robot_car_V2/install/robot_car_v2_localization/share/robot_car_v2_localization/hook/cmake_prefix_path.sh'
[1.081s] Level 1:colcon.colcon_core.environment:checking '/home/shiva/Documents/ros2_projects/robot_car_V2/install/robot_car_v2_localization/lib'
[1.082s] Level 1:colcon.colcon_core.environment:checking '/home/shiva/Documents/ros2_projects/robot_car_V2/install/robot_car_v2_localization/bin'
[1.082s] Level 1:colcon.colcon_core.environment:checking '/home/shiva/Documents/ros2_projects/robot_car_V2/install/robot_car_v2_localization/lib/pkgconfig/robot_car_v2_localization.pc'
[1.082s] Level 1:colcon.colcon_core.environment:checking '/home/shiva/Documents/ros2_projects/robot_car_V2/install/robot_car_v2_localization/lib/python3.10/site-packages'
[1.082s] Level 1:colcon.colcon_core.shell:create_environment_hook('robot_car_v2_localization', 'pythonpath')
[1.083s] INFO:colcon.colcon_core.shell:Creating environment hook '/home/shiva/Documents/ros2_projects/robot_car_V2/install/robot_car_v2_localization/share/robot_car_v2_localization/hook/pythonpath.ps1'
[1.083s] INFO:colcon.colcon_core.shell:Creating environment descriptor '/home/shiva/Documents/ros2_projects/robot_car_V2/install/robot_car_v2_localization/share/robot_car_v2_localization/hook/pythonpath.dsv'
[1.084s] INFO:colcon.colcon_core.shell:Creating environment hook '/home/shiva/Documents/ros2_projects/robot_car_V2/install/robot_car_v2_localization/share/robot_car_v2_localization/hook/pythonpath.sh'
[1.085s] Level 1:colcon.colcon_core.environment:checking '/home/shiva/Documents/ros2_projects/robot_car_V2/install/robot_car_v2_localization/bin'
[1.085s] INFO:colcon.colcon_core.shell:Creating package script '/home/shiva/Documents/ros2_projects/robot_car_V2/install/robot_car_v2_localization/share/robot_car_v2_localization/package.ps1'
[1.086s] INFO:colcon.colcon_core.shell:Creating package descriptor '/home/shiva/Documents/ros2_projects/robot_car_V2/install/robot_car_v2_localization/share/robot_car_v2_localization/package.dsv'
[1.087s] INFO:colcon.colcon_core.shell:Creating package script '/home/shiva/Documents/ros2_projects/robot_car_V2/install/robot_car_v2_localization/share/robot_car_v2_localization/package.sh'
[1.087s] INFO:colcon.colcon_core.shell:Creating package script '/home/shiva/Documents/ros2_projects/robot_car_V2/install/robot_car_v2_localization/share/robot_car_v2_localization/package.bash'
[1.088s] INFO:colcon.colcon_core.shell:Creating package script '/home/shiva/Documents/ros2_projects/robot_car_V2/install/robot_car_v2_localization/share/robot_car_v2_localization/package.zsh'
[1.088s] Level 1:colcon.colcon_core.environment:create_file_with_runtime_dependencies(/home/shiva/Documents/ros2_projects/robot_car_V2/install/robot_car_v2_localization/share/colcon-core/packages/robot_car_v2_localization)
[1.090s] Level 1:colcon.colcon_core.environment:create_environment_scripts_only(robot_car_v2_controller)
[1.091s] Level 1:colcon.colcon_core.environment:checking '/home/shiva/Documents/ros2_projects/robot_car_V2/install/robot_car_v2_controller' for CMake module files
[1.092s] DEBUG:colcon.colcon_core.event_handler.log_command:Invoked command in '/home/shiva/Documents/ros2_projects/robot_car_V2/build/robot_car_v2_controller' returned '0': CMAKE_PREFIX_PATH=${CMAKE_PREFIX_PATH}:/home/shiva/Documents/wrk_spc/install/my_pkg:/opt/ros/humble /usr/bin/cmake --install /home/shiva/Documents/ros2_projects/robot_car_V2/build/robot_car_v2_controller
[1.092s] Level 1:colcon.colcon_core.environment:checking '/home/shiva/Documents/ros2_projects/robot_car_V2/install/robot_car_v2_controller' for CMake config files
[1.093s] Level 1:colcon.colcon_core.shell:create_environment_hook('robot_car_v2_controller', 'cmake_prefix_path')
[1.093s] INFO:colcon.colcon_core.shell:Creating environment hook '/home/shiva/Documents/ros2_projects/robot_car_V2/install/robot_car_v2_controller/share/robot_car_v2_controller/hook/cmake_prefix_path.ps1'
[1.094s] INFO:colcon.colcon_core.shell:Creating environment descriptor '/home/shiva/Documents/ros2_projects/robot_car_V2/install/robot_car_v2_controller/share/robot_car_v2_controller/hook/cmake_prefix_path.dsv'
[1.094s] INFO:colcon.colcon_core.shell:Creating environment hook '/home/shiva/Documents/ros2_projects/robot_car_V2/install/robot_car_v2_controller/share/robot_car_v2_controller/hook/cmake_prefix_path.sh'
[1.095s] Level 1:colcon.colcon_core.environment:checking '/home/shiva/Documents/ros2_projects/robot_car_V2/install/robot_car_v2_controller/lib'
[1.095s] Level 1:colcon.colcon_core.environment:checking '/home/shiva/Documents/ros2_projects/robot_car_V2/install/robot_car_v2_controller/bin'
[1.095s] Level 1:colcon.colcon_core.environment:checking '/home/shiva/Documents/ros2_projects/robot_car_V2/install/robot_car_v2_controller/lib/pkgconfig/robot_car_v2_controller.pc'
[1.096s] Level 1:colcon.colcon_core.environment:checking '/home/shiva/Documents/ros2_projects/robot_car_V2/install/robot_car_v2_controller/lib/python3.10/site-packages'
[1.096s] Level 1:colcon.colcon_core.shell:create_environment_hook('robot_car_v2_controller', 'pythonpath')
[1.096s] INFO:colcon.colcon_core.shell:Creating environment hook '/home/shiva/Documents/ros2_projects/robot_car_V2/install/robot_car_v2_controller/share/robot_car_v2_controller/hook/pythonpath.ps1'
[1.097s] INFO:colcon.colcon_core.shell:Creating environment descriptor '/home/shiva/Documents/ros2_projects/robot_car_V2/install/robot_car_v2_controller/share/robot_car_v2_controller/hook/pythonpath.dsv'
[1.097s] INFO:colcon.colcon_core.shell:Creating environment hook '/home/shiva/Documents/ros2_projects/robot_car_V2/install/robot_car_v2_controller/share/robot_car_v2_controller/hook/pythonpath.sh'
[1.098s] Level 1:colcon.colcon_core.environment:checking '/home/shiva/Documents/ros2_projects/robot_car_V2/install/robot_car_v2_controller/bin'
[1.099s] INFO:colcon.colcon_core.shell:Creating package script '/home/shiva/Documents/ros2_projects/robot_car_V2/install/robot_car_v2_controller/share/robot_car_v2_controller/package.ps1'
[1.100s] INFO:colcon.colcon_core.shell:Creating package descriptor '/home/shiva/Documents/ros2_projects/robot_car_V2/install/robot_car_v2_controller/share/robot_car_v2_controller/package.dsv'
[1.100s] INFO:colcon.colcon_core.shell:Creating package script '/home/shiva/Documents/ros2_projects/robot_car_V2/install/robot_car_v2_controller/share/robot_car_v2_controller/package.sh'
[1.101s] INFO:colcon.colcon_core.shell:Creating package script '/home/shiva/Documents/ros2_projects/robot_car_V2/install/robot_car_v2_controller/share/robot_car_v2_controller/package.bash'
[1.101s] INFO:colcon.colcon_core.shell:Creating package script '/home/shiva/Documents/ros2_projects/robot_car_V2/install/robot_car_v2_controller/share/robot_car_v2_controller/package.zsh'
[1.101s] Level 1:colcon.colcon_core.environment:create_file_with_runtime_dependencies(/home/shiva/Documents/ros2_projects/robot_car_V2/install/robot_car_v2_controller/share/colcon-core/packages/robot_car_v2_controller)
[1.114s] Level 1:colcon.colcon_core.environment:create_environment_scripts_only(robot_car_v2_localization)
[1.114s] Level 1:colcon.colcon_core.environment:checking '/home/shiva/Documents/ros2_projects/robot_car_V2/install/robot_car_v2_localization' for CMake module files
[1.115s] Level 1:colcon.colcon_core.environment:checking '/home/shiva/Documents/ros2_projects/robot_car_V2/install/robot_car_v2_localization' for CMake config files
[1.115s] Level 1:colcon.colcon_core.shell:create_environment_hook('robot_car_v2_localization', 'cmake_prefix_path')
[1.115s] INFO:colcon.colcon_core.shell:Creating environment hook '/home/shiva/Documents/ros2_projects/robot_car_V2/install/robot_car_v2_localization/share/robot_car_v2_localization/hook/cmake_prefix_path.ps1'
[1.116s] INFO:colcon.colcon_core.shell:Creating environment descriptor '/home/shiva/Documents/ros2_projects/robot_car_V2/install/robot_car_v2_localization/share/robot_car_v2_localization/hook/cmake_prefix_path.dsv'
[1.116s] INFO:colcon.colcon_core.shell:Creating environment hook '/home/shiva/Documents/ros2_projects/robot_car_V2/install/robot_car_v2_localization/share/robot_car_v2_localization/hook/cmake_prefix_path.sh'
[1.117s] Level 1:colcon.colcon_core.environment:checking '/home/shiva/Documents/ros2_projects/robot_car_V2/install/robot_car_v2_localization/lib'
[1.117s] Level 1:colcon.colcon_core.environment:checking '/home/shiva/Documents/ros2_projects/robot_car_V2/install/robot_car_v2_localization/bin'
[1.117s] Level 1:colcon.colcon_core.environment:checking '/home/shiva/Documents/ros2_projects/robot_car_V2/install/robot_car_v2_localization/lib/pkgconfig/robot_car_v2_localization.pc'
[1.117s] Level 1:colcon.colcon_core.environment:checking '/home/shiva/Documents/ros2_projects/robot_car_V2/install/robot_car_v2_localization/lib/python3.10/site-packages'
[1.117s] Level 1:colcon.colcon_core.shell:create_environment_hook('robot_car_v2_localization', 'pythonpath')
[1.118s] INFO:colcon.colcon_core.shell:Creating environment hook '/home/shiva/Documents/ros2_projects/robot_car_V2/install/robot_car_v2_localization/share/robot_car_v2_localization/hook/pythonpath.ps1'
[1.118s] INFO:colcon.colcon_core.shell:Creating environment descriptor '/home/shiva/Documents/ros2_projects/robot_car_V2/install/robot_car_v2_localization/share/robot_car_v2_localization/hook/pythonpath.dsv'
[1.119s] INFO:colcon.colcon_core.shell:Creating environment hook '/home/shiva/Documents/ros2_projects/robot_car_V2/install/robot_car_v2_localization/share/robot_car_v2_localization/hook/pythonpath.sh'
[1.120s] Level 1:colcon.colcon_core.environment:checking '/home/shiva/Documents/ros2_projects/robot_car_V2/install/robot_car_v2_localization/bin'
[1.120s] INFO:colcon.colcon_core.shell:Creating package script '/home/shiva/Documents/ros2_projects/robot_car_V2/install/robot_car_v2_localization/share/robot_car_v2_localization/package.ps1'
[1.121s] INFO:colcon.colcon_core.shell:Creating package descriptor '/home/shiva/Documents/ros2_projects/robot_car_V2/install/robot_car_v2_localization/share/robot_car_v2_localization/package.dsv'
[1.122s] INFO:colcon.colcon_core.shell:Creating package script '/home/shiva/Documents/ros2_projects/robot_car_V2/install/robot_car_v2_localization/share/robot_car_v2_localization/package.sh'
[1.122s] INFO:colcon.colcon_core.shell:Creating package script '/home/shiva/Documents/ros2_projects/robot_car_V2/install/robot_car_v2_localization/share/robot_car_v2_localization/package.bash'
[1.123s] INFO:colcon.colcon_core.shell:Creating package script '/home/shiva/Documents/ros2_projects/robot_car_V2/install/robot_car_v2_localization/share/robot_car_v2_localization/package.zsh'
[1.123s] Level 1:colcon.colcon_core.environment:create_file_with_runtime_dependencies(/home/shiva/Documents/ros2_projects/robot_car_V2/install/robot_car_v2_localization/share/colcon-core/packages/robot_car_v2_localization)
[1.126s] Level 1:colcon.colcon_core.environment:create_environment_scripts_only(robot_car_v2_controller)
[1.126s] Level 1:colcon.colcon_core.environment:checking '/home/shiva/Documents/ros2_projects/robot_car_V2/install/robot_car_v2_controller' for CMake module files
[1.127s] Level 1:colcon.colcon_core.environment:checking '/home/shiva/Documents/ros2_projects/robot_car_V2/install/robot_car_v2_controller' for CMake config files
[1.127s] Level 1:colcon.colcon_core.shell:create_environment_hook('robot_car_v2_controller', 'cmake_prefix_path')
[1.127s] INFO:colcon.colcon_core.shell:Creating environment hook '/home/shiva/Documents/ros2_projects/robot_car_V2/install/robot_car_v2_controller/share/robot_car_v2_controller/hook/cmake_prefix_path.ps1'
[1.128s] INFO:colcon.colcon_core.shell:Creating environment descriptor '/home/shiva/Documents/ros2_projects/robot_car_V2/install/robot_car_v2_controller/share/robot_car_v2_controller/hook/cmake_prefix_path.dsv'
[1.128s] INFO:colcon.colcon_core.shell:Creating environment hook '/home/shiva/Documents/ros2_projects/robot_car_V2/install/robot_car_v2_controller/share/robot_car_v2_controller/hook/cmake_prefix_path.sh'
[1.129s] Level 1:colcon.colcon_core.environment:checking '/home/shiva/Documents/ros2_projects/robot_car_V2/install/robot_car_v2_controller/lib'
[1.129s] Level 1:colcon.colcon_core.environment:checking '/home/shiva/Documents/ros2_projects/robot_car_V2/install/robot_car_v2_controller/bin'
[1.129s] Level 1:colcon.colcon_core.environment:checking '/home/shiva/Documents/ros2_projects/robot_car_V2/install/robot_car_v2_controller/lib/pkgconfig/robot_car_v2_controller.pc'
[1.130s] Level 1:colcon.colcon_core.environment:checking '/home/shiva/Documents/ros2_projects/robot_car_V2/install/robot_car_v2_controller/lib/python3.10/site-packages'
[1.130s] Level 1:colcon.colcon_core.shell:create_environment_hook('robot_car_v2_controller', 'pythonpath')
[1.130s] INFO:colcon.colcon_core.shell:Creating environment hook '/home/shiva/Documents/ros2_projects/robot_car_V2/install/robot_car_v2_controller/share/robot_car_v2_controller/hook/pythonpath.ps1'
[1.131s] INFO:colcon.colcon_core.shell:Creating environment descriptor '/home/shiva/Documents/ros2_projects/robot_car_V2/install/robot_car_v2_controller/share/robot_car_v2_controller/hook/pythonpath.dsv'
[1.131s] INFO:colcon.colcon_core.shell:Creating environment hook '/home/shiva/Documents/ros2_projects/robot_car_V2/install/robot_car_v2_controller/share/robot_car_v2_controller/hook/pythonpath.sh'
[1.132s] Level 1:colcon.colcon_core.environment:checking '/home/shiva/Documents/ros2_projects/robot_car_V2/install/robot_car_v2_controller/bin'
[1.133s] INFO:colcon.colcon_core.shell:Creating package script '/home/shiva/Documents/ros2_projects/robot_car_V2/install/robot_car_v2_controller/share/robot_car_v2_controller/package.ps1'
[1.133s] INFO:colcon.colcon_core.shell:Creating package descriptor '/home/shiva/Documents/ros2_projects/robot_car_V2/install/robot_car_v2_controller/share/robot_car_v2_controller/package.dsv'
[1.134s] INFO:colcon.colcon_core.shell:Creating package script '/home/shiva/Documents/ros2_projects/robot_car_V2/install/robot_car_v2_controller/share/robot_car_v2_controller/package.sh'
[1.135s] INFO:colcon.colcon_core.shell:Creating package script '/home/shiva/Documents/ros2_projects/robot_car_V2/install/robot_car_v2_controller/share/robot_car_v2_controller/package.bash'
[1.136s] INFO:colcon.colcon_core.shell:Creating package script '/home/shiva/Documents/ros2_projects/robot_car_V2/install/robot_car_v2_controller/share/robot_car_v2_controller/package.zsh'
[1.136s] Level 1:colcon.colcon_core.environment:create_file_with_runtime_dependencies(/home/shiva/Documents/ros2_projects/robot_car_V2/install/robot_car_v2_controller/share/colcon-core/packages/robot_car_v2_controller)
[1.137s] DEBUG:colcon.colcon_parallel_executor.executor.parallel:closing loop
[1.137s] DEBUG:colcon.colcon_parallel_executor.executor.parallel:loop closed
[1.137s] DEBUG:colcon.colcon_parallel_executor.executor.parallel:run_until_complete finished with '0'
[1.137s] DEBUG:colcon.colcon_core.event_reactor:joining thread
[1.145s] INFO:colcon.colcon_core.plugin_system:Skipping extension 'colcon_notification.desktop_notification.terminal_notifier': Not used on non-Darwin systems
[1.145s] INFO:colcon.colcon_core.plugin_system:Skipping extension 'colcon_notification.desktop_notification.win32': Not used on non-Windows systems
[1.145s] INFO:colcon.colcon_notification.desktop_notification:Sending desktop notification using 'notify2'
[1.159s] DEBUG:colcon.colcon_core.event_reactor:joined thread
[1.160s] INFO:colcon.colcon_core.shell:Creating prefix script '/home/shiva/Documents/ros2_projects/robot_car_V2/install/local_setup.ps1'
[1.162s] INFO:colcon.colcon_core.shell:Creating prefix util module '/home/shiva/Documents/ros2_projects/robot_car_V2/install/_local_setup_util_ps1.py'
[1.164s] INFO:colcon.colcon_core.shell:Creating prefix chain script '/home/shiva/Documents/ros2_projects/robot_car_V2/install/setup.ps1'
[1.166s] INFO:colcon.colcon_core.shell:Creating prefix script '/home/shiva/Documents/ros2_projects/robot_car_V2/install/local_setup.sh'
[1.167s] INFO:colcon.colcon_core.shell:Creating prefix util module '/home/shiva/Documents/ros2_projects/robot_car_V2/install/_local_setup_util_sh.py'
[1.168s] INFO:colcon.colcon_core.shell:Creating prefix chain script '/home/shiva/Documents/ros2_projects/robot_car_V2/install/setup.sh'
[1.170s] INFO:colcon.colcon_core.shell:Creating prefix script '/home/shiva/Documents/ros2_projects/robot_car_V2/install/local_setup.bash'
[1.170s] INFO:colcon.colcon_core.shell:Creating prefix chain script '/home/shiva/Documents/ros2_projects/robot_car_V2/install/setup.bash'
[1.172s] INFO:colcon.colcon_core.shell:Creating prefix script '/home/shiva/Documents/ros2_projects/robot_car_V2/install/local_setup.zsh'
[1.173s] INFO:colcon.colcon_core.shell:Creating prefix chain script '/home/shiva/Documents/ros2_projects/robot_car_V2/install/setup.zsh'
