[0.030s] Invoking command in '/home/shiva/Documents/ros2_projects/robot_car_V2/build/robot_car_v2_utils': CMAKE_PREFIX_PATH=${CMAKE_PREFIX_PATH}:/home/shiva/Documents/wrk_spc/install/my_pkg:/opt/ros/humble /usr/bin/cmake --build /home/shiva/Documents/ros2_projects/robot_car_V2/build/robot_car_v2_utils -- -j8 -l8
[0.104s] Built target ament_cmake_python_copy_robot_car_v2_utils
[0.676s] running egg_info
[0.713s] writing robot_car_v2_utils.egg-info/PKG-INFO
[0.714s] writing dependency_links to robot_car_v2_utils.egg-info/dependency_links.txt
[0.715s] writing top-level names to robot_car_v2_utils.egg-info/top_level.txt
[0.826s] reading manifest file 'robot_car_v2_utils.egg-info/SOURCES.txt'
[0.829s] writing manifest file 'robot_car_v2_utils.egg-info/SOURCES.txt'
[0.883s] Built target ament_cmake_python_build_robot_car_v2_utils_egg
[0.904s] Invoked command in '/home/shiva/Documents/ros2_projects/robot_car_V2/build/robot_car_v2_utils' returned '0': CMAKE_PREFIX_PATH=${CMAKE_PREFIX_PATH}:/home/shiva/Documents/wrk_spc/install/my_pkg:/opt/ros/humble /usr/bin/cmake --build /home/shiva/Documents/ros2_projects/robot_car_V2/build/robot_car_v2_utils -- -j8 -l8
[0.945s] Invoking command in '/home/shiva/Documents/ros2_projects/robot_car_V2/build/robot_car_v2_utils': CMAKE_PREFIX_PATH=${CMAKE_PREFIX_PATH}:/home/shiva/Documents/wrk_spc/install/my_pkg:/opt/ros/humble /usr/bin/cmake --install /home/shiva/Documents/ros2_projects/robot_car_V2/build/robot_car_v2_utils
[0.957s] -- Install configuration: ""
[0.958s] -- Up-to-date: /home/shiva/Documents/ros2_projects/robot_car_V2/install/robot_car_v2_utils/share/robot_car_v2_utils/environment/pythonpath.sh
[0.958s] -- Up-to-date: /home/shiva/Documents/ros2_projects/robot_car_V2/install/robot_car_v2_utils/share/robot_car_v2_utils/environment/pythonpath.dsv
[0.958s] -- Up-to-date: /home/shiva/Documents/ros2_projects/robot_car_V2/install/robot_car_v2_utils/lib/python3.10/site-packages/robot_car_v2_utils-0.0.0-py3.10.egg-info
[0.958s] -- Installing: /home/shiva/Documents/ros2_projects/robot_car_V2/install/robot_car_v2_utils/lib/python3.10/site-packages/robot_car_v2_utils-0.0.0-py3.10.egg-info/PKG-INFO
[0.958s] -- Installing: /home/shiva/Documents/ros2_projects/robot_car_V2/install/robot_car_v2_utils/lib/python3.10/site-packages/robot_car_v2_utils-0.0.0-py3.10.egg-info/top_level.txt
[0.958s] -- Installing: /home/shiva/Documents/ros2_projects/robot_car_V2/install/robot_car_v2_utils/lib/python3.10/site-packages/robot_car_v2_utils-0.0.0-py3.10.egg-info/SOURCES.txt
[0.959s] -- Installing: /home/shiva/Documents/ros2_projects/robot_car_V2/install/robot_car_v2_utils/lib/python3.10/site-packages/robot_car_v2_utils-0.0.0-py3.10.egg-info/dependency_links.txt
[0.959s] -- Up-to-date: /home/shiva/Documents/ros2_projects/robot_car_V2/install/robot_car_v2_utils/lib/python3.10/site-packages/robot_car_v2_utils
[0.959s] -- Up-to-date: /home/shiva/Documents/ros2_projects/robot_car_V2/install/robot_car_v2_utils/lib/python3.10/site-packages/robot_car_v2_utils/__init__.py
[0.959s] -- Up-to-date: /home/shiva/Documents/ros2_projects/robot_car_V2/install/robot_car_v2_utils/lib/python3.10/site-packages/robot_car_v2_utils/safety_stop.py
[0.959s] -- Up-to-date: /home/shiva/Documents/ros2_projects/robot_car_V2/install/robot_car_v2_utils/lib/python3.10/site-packages/robot_car_v2_utils/waypoint_navigator.py
[1.183s] Listing '/home/shiva/Documents/ros2_projects/robot_car_V2/install/robot_car_v2_utils/lib/python3.10/site-packages/robot_car_v2_utils'...
[1.183s] -- Up-to-date: /home/shiva/Documents/ros2_projects/robot_car_V2/install/robot_car_v2_utils/lib/robot_car_v2_utils/safety_stop.py
[1.183s] -- Up-to-date: /home/shiva/Documents/ros2_projects/robot_car_V2/install/robot_car_v2_utils/lib/robot_car_v2_utils/waypoint_navigator.py
[1.184s] -- Up-to-date: /home/shiva/Documents/ros2_projects/robot_car_V2/install/robot_car_v2_utils/share/ament_index/resource_index/package_run_dependencies/robot_car_v2_utils
[1.184s] -- Up-to-date: /home/shiva/Documents/ros2_projects/robot_car_V2/install/robot_car_v2_utils/share/ament_index/resource_index/parent_prefix_path/robot_car_v2_utils
[1.184s] -- Up-to-date: /home/shiva/Documents/ros2_projects/robot_car_V2/install/robot_car_v2_utils/share/robot_car_v2_utils/environment/ament_prefix_path.sh
[1.185s] -- Up-to-date: /home/shiva/Documents/ros2_projects/robot_car_V2/install/robot_car_v2_utils/share/robot_car_v2_utils/environment/ament_prefix_path.dsv
[1.185s] -- Up-to-date: /home/shiva/Documents/ros2_projects/robot_car_V2/install/robot_car_v2_utils/share/robot_car_v2_utils/environment/path.sh
[1.185s] -- Up-to-date: /home/shiva/Documents/ros2_projects/robot_car_V2/install/robot_car_v2_utils/share/robot_car_v2_utils/environment/path.dsv
[1.185s] -- Up-to-date: /home/shiva/Documents/ros2_projects/robot_car_V2/install/robot_car_v2_utils/share/robot_car_v2_utils/local_setup.bash
[1.185s] -- Up-to-date: /home/shiva/Documents/ros2_projects/robot_car_V2/install/robot_car_v2_utils/share/robot_car_v2_utils/local_setup.sh
[1.186s] -- Up-to-date: /home/shiva/Documents/ros2_projects/robot_car_V2/install/robot_car_v2_utils/share/robot_car_v2_utils/local_setup.zsh
[1.186s] -- Up-to-date: /home/shiva/Documents/ros2_projects/robot_car_V2/install/robot_car_v2_utils/share/robot_car_v2_utils/local_setup.dsv
[1.187s] -- Installing: /home/shiva/Documents/ros2_projects/robot_car_V2/install/robot_car_v2_utils/share/robot_car_v2_utils/package.dsv
[1.187s] -- Up-to-date: /home/shiva/Documents/ros2_projects/robot_car_V2/install/robot_car_v2_utils/share/ament_index/resource_index/packages/robot_car_v2_utils
[1.188s] -- Up-to-date: /home/shiva/Documents/ros2_projects/robot_car_V2/install/robot_car_v2_utils/share/robot_car_v2_utils/cmake/robot_car_v2_utilsConfig.cmake
[1.188s] -- Up-to-date: /home/shiva/Documents/ros2_projects/robot_car_V2/install/robot_car_v2_utils/share/robot_car_v2_utils/cmake/robot_car_v2_utilsConfig-version.cmake
[1.188s] -- Up-to-date: /home/shiva/Documents/ros2_projects/robot_car_V2/install/robot_car_v2_utils/share/robot_car_v2_utils/package.xml
[1.189s] Invoked command in '/home/shiva/Documents/ros2_projects/robot_car_V2/build/robot_car_v2_utils' returned '0': CMAKE_PREFIX_PATH=${CMAKE_PREFIX_PATH}:/home/shiva/Documents/wrk_spc/install/my_pkg:/opt/ros/humble /usr/bin/cmake --install /home/shiva/Documents/ros2_projects/robot_car_V2/build/robot_car_v2_utils
