[0.018s] Invoking command in '/home/shiva/Documents/ros2_projects/robot_car_V2/build/robot_car_v2_localization': CMAKE_PREFIX_PATH=${CMAKE_PREFIX_PATH}:/home/shiva/Documents/wrk_spc/install/my_pkg:/opt/ros/humble /usr/bin/cmake --build /home/shiva/Documents/ros2_projects/robot_car_V2/build/robot_car_v2_localization -- -j8 -l8
[0.062s] Built target ament_cmake_python_copy_robot_car_v2_localization
[0.319s] running egg_info
[0.334s] writing robot_car_v2_localization.egg-info/PKG-INFO
[0.334s] writing dependency_links to robot_car_v2_localization.egg-info/dependency_links.txt
[0.334s] writing top-level names to robot_car_v2_localization.egg-info/top_level.txt
[0.379s] reading manifest file 'robot_car_v2_localization.egg-info/SOURCES.txt'
[0.381s] writing manifest file 'robot_car_v2_localization.egg-info/SOURCES.txt'
[0.407s] Built target ament_cmake_python_build_robot_car_v2_localization_egg
[0.416s] Invoked command in '/home/shiva/Documents/ros2_projects/robot_car_V2/build/robot_car_v2_localization' returned '0': CMAKE_PREFIX_PATH=${CMAKE_PREFIX_PATH}:/home/shiva/Documents/wrk_spc/install/my_pkg:/opt/ros/humble /usr/bin/cmake --build /home/shiva/Documents/ros2_projects/robot_car_V2/build/robot_car_v2_localization -- -j8 -l8
[0.434s] Invoking command in '/home/shiva/Documents/ros2_projects/robot_car_V2/build/robot_car_v2_localization': CMAKE_PREFIX_PATH=${CMAKE_PREFIX_PATH}:/home/shiva/Documents/wrk_spc/install/my_pkg:/opt/ros/humble /usr/bin/cmake --install /home/shiva/Documents/ros2_projects/robot_car_V2/build/robot_car_v2_localization
[0.440s] -- Install configuration: ""
[0.440s] -- Up-to-date: /home/shiva/Documents/ros2_projects/robot_car_V2/install/robot_car_v2_localization/share/robot_car_v2_localization/environment/pythonpath.sh
[0.440s] -- Up-to-date: /home/shiva/Documents/ros2_projects/robot_car_V2/install/robot_car_v2_localization/share/robot_car_v2_localization/environment/pythonpath.dsv
[0.440s] -- Up-to-date: /home/shiva/Documents/ros2_projects/robot_car_V2/install/robot_car_v2_localization/lib/python3.10/site-packages/robot_car_v2_localization-0.0.0-py3.10.egg-info
[0.440s] -- Installing: /home/shiva/Documents/ros2_projects/robot_car_V2/install/robot_car_v2_localization/lib/python3.10/site-packages/robot_car_v2_localization-0.0.0-py3.10.egg-info/PKG-INFO
[0.441s] -- Installing: /home/shiva/Documents/ros2_projects/robot_car_V2/install/robot_car_v2_localization/lib/python3.10/site-packages/robot_car_v2_localization-0.0.0-py3.10.egg-info/top_level.txt
[0.441s] -- Installing: /home/shiva/Documents/ros2_projects/robot_car_V2/install/robot_car_v2_localization/lib/python3.10/site-packages/robot_car_v2_localization-0.0.0-py3.10.egg-info/SOURCES.txt
[0.441s] -- Installing: /home/shiva/Documents/ros2_projects/robot_car_V2/install/robot_car_v2_localization/lib/python3.10/site-packages/robot_car_v2_localization-0.0.0-py3.10.egg-info/dependency_links.txt
[0.441s] -- Up-to-date: /home/shiva/Documents/ros2_projects/robot_car_V2/install/robot_car_v2_localization/lib/python3.10/site-packages/robot_car_v2_localization
[0.441s] -- Up-to-date: /home/shiva/Documents/ros2_projects/robot_car_V2/install/robot_car_v2_localization/lib/python3.10/site-packages/robot_car_v2_localization/kalman_filter.py
[0.441s] -- Up-to-date: /home/shiva/Documents/ros2_projects/robot_car_V2/install/robot_car_v2_localization/lib/python3.10/site-packages/robot_car_v2_localization/__init__.py
[0.442s] -- Up-to-date: /home/shiva/Documents/ros2_projects/robot_car_V2/install/robot_car_v2_localization/lib/python3.10/site-packages/robot_car_v2_localization/imu_republisher.py
[0.442s] -- Installing: /home/shiva/Documents/ros2_projects/robot_car_V2/install/robot_car_v2_localization/lib/python3.10/site-packages/robot_car_v2_localization/odometry_motion_model.py
[0.520s] Listing '/home/shiva/Documents/ros2_projects/robot_car_V2/install/robot_car_v2_localization/lib/python3.10/site-packages/robot_car_v2_localization'...
[0.520s] Compiling '/home/shiva/Documents/ros2_projects/robot_car_V2/install/robot_car_v2_localization/lib/python3.10/site-packages/robot_car_v2_localization/odometry_motion_model.py'...
[0.525s] -- Up-to-date: /home/shiva/Documents/ros2_projects/robot_car_V2/install/robot_car_v2_localization/include/include
[0.525s] -- Up-to-date: /home/shiva/Documents/ros2_projects/robot_car_V2/install/robot_car_v2_localization/include/include/robot_car_v2_localization
[0.526s] -- Up-to-date: /home/shiva/Documents/ros2_projects/robot_car_V2/install/robot_car_v2_localization/share/robot_car_v2_localization/launch
[0.526s] -- Up-to-date: /home/shiva/Documents/ros2_projects/robot_car_V2/install/robot_car_v2_localization/share/robot_car_v2_localization/launch/local_localization.launch.py
[0.526s] -- Up-to-date: /home/shiva/Documents/ros2_projects/robot_car_V2/install/robot_car_v2_localization/share/robot_car_v2_localization/config
[0.526s] -- Up-to-date: /home/shiva/Documents/ros2_projects/robot_car_V2/install/robot_car_v2_localization/share/robot_car_v2_localization/config/ekf.yaml
[0.526s] -- Up-to-date: /home/shiva/Documents/ros2_projects/robot_car_V2/install/robot_car_v2_localization/lib/robot_car_v2_localization/kalman_filter.py
[0.526s] -- Up-to-date: /home/shiva/Documents/ros2_projects/robot_car_V2/install/robot_car_v2_localization/lib/robot_car_v2_localization/imu_republisher.py
[0.526s] -- Installing: /home/shiva/Documents/ros2_projects/robot_car_V2/install/robot_car_v2_localization/lib/robot_car_v2_localization/odometry_motion_model.py
[0.526s] -- Up-to-date: /home/shiva/Documents/ros2_projects/robot_car_V2/install/robot_car_v2_localization/share/ament_index/resource_index/package_run_dependencies/robot_car_v2_localization
[0.527s] -- Up-to-date: /home/shiva/Documents/ros2_projects/robot_car_V2/install/robot_car_v2_localization/share/ament_index/resource_index/parent_prefix_path/robot_car_v2_localization
[0.527s] -- Up-to-date: /home/shiva/Documents/ros2_projects/robot_car_V2/install/robot_car_v2_localization/share/robot_car_v2_localization/environment/ament_prefix_path.sh
[0.527s] -- Up-to-date: /home/shiva/Documents/ros2_projects/robot_car_V2/install/robot_car_v2_localization/share/robot_car_v2_localization/environment/ament_prefix_path.dsv
[0.528s] -- Up-to-date: /home/shiva/Documents/ros2_projects/robot_car_V2/install/robot_car_v2_localization/share/robot_car_v2_localization/environment/path.sh
[0.528s] -- Up-to-date: /home/shiva/Documents/ros2_projects/robot_car_V2/install/robot_car_v2_localization/share/robot_car_v2_localization/environment/path.dsv
[0.528s] -- Up-to-date: /home/shiva/Documents/ros2_projects/robot_car_V2/install/robot_car_v2_localization/share/robot_car_v2_localization/local_setup.bash
[0.528s] -- Up-to-date: /home/shiva/Documents/ros2_projects/robot_car_V2/install/robot_car_v2_localization/share/robot_car_v2_localization/local_setup.sh
[0.528s] -- Up-to-date: /home/shiva/Documents/ros2_projects/robot_car_V2/install/robot_car_v2_localization/share/robot_car_v2_localization/local_setup.zsh
[0.528s] -- Up-to-date: /home/shiva/Documents/ros2_projects/robot_car_V2/install/robot_car_v2_localization/share/robot_car_v2_localization/local_setup.dsv
[0.528s] -- Installing: /home/shiva/Documents/ros2_projects/robot_car_V2/install/robot_car_v2_localization/share/robot_car_v2_localization/package.dsv
[0.528s] -- Up-to-date: /home/shiva/Documents/ros2_projects/robot_car_V2/install/robot_car_v2_localization/share/ament_index/resource_index/packages/robot_car_v2_localization
[0.528s] -- Up-to-date: /home/shiva/Documents/ros2_projects/robot_car_V2/install/robot_car_v2_localization/share/robot_car_v2_localization/cmake/robot_car_v2_localizationConfig.cmake
[0.528s] -- Up-to-date: /home/shiva/Documents/ros2_projects/robot_car_V2/install/robot_car_v2_localization/share/robot_car_v2_localization/cmake/robot_car_v2_localizationConfig-version.cmake
[0.528s] -- Up-to-date: /home/shiva/Documents/ros2_projects/robot_car_V2/install/robot_car_v2_localization/share/robot_car_v2_localization/package.xml
[0.537s] Invoked command in '/home/shiva/Documents/ros2_projects/robot_car_V2/build/robot_car_v2_localization' returned '0': CMAKE_PREFIX_PATH=${CMAKE_PREFIX_PATH}:/home/shiva/Documents/wrk_spc/install/my_pkg:/opt/ros/humble /usr/bin/cmake --install /home/shiva/Documents/ros2_projects/robot_car_V2/build/robot_car_v2_localization
