[0.044s] Invoking command in '/home/shiva/Documents/ros2_projects/robot_car_V2/build/robot_car_v2_utils': CMAKE_PREFIX_PATH=${CMAKE_PREFIX_PATH}:/home/shiva/Documents/wrk_spc/install/my_pkg:/opt/ros/humble /usr/bin/cmake --build /home/shiva/Documents/ros2_projects/robot_car_V2/build/robot_car_v2_utils -- -j8 -l8
[0.178s] Built target ament_cmake_python_copy_robot_car_v2_utils
[0.776s] running egg_info
[0.805s] writing robot_car_v2_utils.egg-info/PKG-INFO
[0.806s] writing dependency_links to robot_car_v2_utils.egg-info/dependency_links.txt
[0.807s] writing top-level names to robot_car_v2_utils.egg-info/top_level.txt
[0.906s] reading manifest file 'robot_car_v2_utils.egg-info/SOURCES.txt'
[0.908s] writing manifest file 'robot_car_v2_utils.egg-info/SOURCES.txt'
[0.970s] Built target ament_cmake_python_build_robot_car_v2_utils_egg
[0.995s] Invoked command in '/home/shiva/Documents/ros2_projects/robot_car_V2/build/robot_car_v2_utils' returned '0': CMAKE_PREFIX_PATH=${CMAKE_PREFIX_PATH}:/home/shiva/Documents/wrk_spc/install/my_pkg:/opt/ros/humble /usr/bin/cmake --build /home/shiva/Documents/ros2_projects/robot_car_V2/build/robot_car_v2_utils -- -j8 -l8
[1.045s] Invoking command in '/home/shiva/Documents/ros2_projects/robot_car_V2/build/robot_car_v2_utils': CMAKE_PREFIX_PATH=${CMAKE_PREFIX_PATH}:/home/shiva/Documents/wrk_spc/install/my_pkg:/opt/ros/humble /usr/bin/cmake --install /home/shiva/Documents/ros2_projects/robot_car_V2/build/robot_car_v2_utils
[1.061s] -- Install configuration: ""
[1.064s] -- Up-to-date: /home/shiva/Documents/ros2_projects/robot_car_V2/install/robot_car_v2_utils/share/robot_car_v2_utils/environment/pythonpath.sh
[1.065s] -- Up-to-date: /home/shiva/Documents/ros2_projects/robot_car_V2/install/robot_car_v2_utils/share/robot_car_v2_utils/environment/pythonpath.dsv
[1.065s] -- Up-to-date: /home/shiva/Documents/ros2_projects/robot_car_V2/install/robot_car_v2_utils/lib/python3.10/site-packages/robot_car_v2_utils-0.0.0-py3.10.egg-info
[1.065s] -- Installing: /home/shiva/Documents/ros2_projects/robot_car_V2/install/robot_car_v2_utils/lib/python3.10/site-packages/robot_car_v2_utils-0.0.0-py3.10.egg-info/PKG-INFO
[1.065s] -- Installing: /home/shiva/Documents/ros2_projects/robot_car_V2/install/robot_car_v2_utils/lib/python3.10/site-packages/robot_car_v2_utils-0.0.0-py3.10.egg-info/top_level.txt
[1.065s] -- Installing: /home/shiva/Documents/ros2_projects/robot_car_V2/install/robot_car_v2_utils/lib/python3.10/site-packages/robot_car_v2_utils-0.0.0-py3.10.egg-info/SOURCES.txt
[1.066s] -- Installing: /home/shiva/Documents/ros2_projects/robot_car_V2/install/robot_car_v2_utils/lib/python3.10/site-packages/robot_car_v2_utils-0.0.0-py3.10.egg-info/dependency_links.txt
[1.066s] -- Up-to-date: /home/shiva/Documents/ros2_projects/robot_car_V2/install/robot_car_v2_utils/lib/python3.10/site-packages/robot_car_v2_utils
[1.066s] -- Up-to-date: /home/shiva/Documents/ros2_projects/robot_car_V2/install/robot_car_v2_utils/lib/python3.10/site-packages/robot_car_v2_utils/__init__.py
[1.066s] -- Up-to-date: /home/shiva/Documents/ros2_projects/robot_car_V2/install/robot_car_v2_utils/lib/python3.10/site-packages/robot_car_v2_utils/safety_stop.py
[1.066s] -- Up-to-date: /home/shiva/Documents/ros2_projects/robot_car_V2/install/robot_car_v2_utils/lib/python3.10/site-packages/robot_car_v2_utils/waypoint_navigator.py
[1.593s] Listing '/home/shiva/Documents/ros2_projects/robot_car_V2/install/robot_car_v2_utils/lib/python3.10/site-packages/robot_car_v2_utils'...
[1.598s] -- Up-to-date: /home/shiva/Documents/ros2_projects/robot_car_V2/install/robot_car_v2_utils/lib/robot_car_v2_utils/safety_stop.py
[1.598s] -- Up-to-date: /home/shiva/Documents/ros2_projects/robot_car_V2/install/robot_car_v2_utils/lib/robot_car_v2_utils/waypoint_navigator.py
[1.599s] -- Up-to-date: /home/shiva/Documents/ros2_projects/robot_car_V2/install/robot_car_v2_utils/share/ament_index/resource_index/package_run_dependencies/robot_car_v2_utils
[1.599s] -- Up-to-date: /home/shiva/Documents/ros2_projects/robot_car_V2/install/robot_car_v2_utils/share/ament_index/resource_index/parent_prefix_path/robot_car_v2_utils
[1.600s] -- Up-to-date: /home/shiva/Documents/ros2_projects/robot_car_V2/install/robot_car_v2_utils/share/robot_car_v2_utils/environment/ament_prefix_path.sh
[1.600s] -- Up-to-date: /home/shiva/Documents/ros2_projects/robot_car_V2/install/robot_car_v2_utils/share/robot_car_v2_utils/environment/ament_prefix_path.dsv
[1.601s] -- Up-to-date: /home/shiva/Documents/ros2_projects/robot_car_V2/install/robot_car_v2_utils/share/robot_car_v2_utils/environment/path.sh
[1.602s] -- Up-to-date: /home/shiva/Documents/ros2_projects/robot_car_V2/install/robot_car_v2_utils/share/robot_car_v2_utils/environment/path.dsv
[1.602s] -- Up-to-date: /home/shiva/Documents/ros2_projects/robot_car_V2/install/robot_car_v2_utils/share/robot_car_v2_utils/local_setup.bash
[1.602s] -- Up-to-date: /home/shiva/Documents/ros2_projects/robot_car_V2/install/robot_car_v2_utils/share/robot_car_v2_utils/local_setup.sh
[1.602s] -- Up-to-date: /home/shiva/Documents/ros2_projects/robot_car_V2/install/robot_car_v2_utils/share/robot_car_v2_utils/local_setup.zsh
[1.603s] -- Up-to-date: /home/shiva/Documents/ros2_projects/robot_car_V2/install/robot_car_v2_utils/share/robot_car_v2_utils/local_setup.dsv
[1.604s] -- Installing: /home/shiva/Documents/ros2_projects/robot_car_V2/install/robot_car_v2_utils/share/robot_car_v2_utils/package.dsv
[1.604s] -- Up-to-date: /home/shiva/Documents/ros2_projects/robot_car_V2/install/robot_car_v2_utils/share/ament_index/resource_index/packages/robot_car_v2_utils
[1.604s] -- Up-to-date: /home/shiva/Documents/ros2_projects/robot_car_V2/install/robot_car_v2_utils/share/robot_car_v2_utils/cmake/robot_car_v2_utilsConfig.cmake
[1.605s] -- Up-to-date: /home/shiva/Documents/ros2_projects/robot_car_V2/install/robot_car_v2_utils/share/robot_car_v2_utils/cmake/robot_car_v2_utilsConfig-version.cmake
[1.605s] -- Up-to-date: /home/shiva/Documents/ros2_projects/robot_car_V2/install/robot_car_v2_utils/share/robot_car_v2_utils/package.xml
[1.605s] Invoked command in '/home/shiva/Documents/ros2_projects/robot_car_V2/build/robot_car_v2_utils' returned '0': CMAKE_PREFIX_PATH=${CMAKE_PREFIX_PATH}:/home/shiva/Documents/wrk_spc/install/my_pkg:/opt/ros/humble /usr/bin/cmake --install /home/shiva/Documents/ros2_projects/robot_car_V2/build/robot_car_v2_utils
