[0.026s] Invoking command in '/home/shiva/Documents/ros2_projects/robot_car_V2/build/robot_car_v2_mapping': CMAKE_PREFIX_PATH=${CMAKE_PREFIX_PATH}:/home/shiva/Documents/wrk_spc/install/my_pkg:/opt/ros/humble /usr/bin/cmake --build /home/shiva/Documents/ros2_projects/robot_car_V2/build/robot_car_v2_mapping -- -j8 -l8
[0.094s] Built target ament_cmake_python_copy_robot_car_v2_mapping
[0.526s] running egg_info
[0.557s] writing robot_car_v2_mapping.egg-info/PKG-INFO
[0.557s] writing dependency_links to robot_car_v2_mapping.egg-info/dependency_links.txt
[0.558s] writing top-level names to robot_car_v2_mapping.egg-info/top_level.txt
[0.617s] reading manifest file 'robot_car_v2_mapping.egg-info/SOURCES.txt'
[0.619s] writing manifest file 'robot_car_v2_mapping.egg-info/SOURCES.txt'
[0.669s] Built target ament_cmake_python_build_robot_car_v2_mapping_egg
[0.685s] Invoked command in '/home/shiva/Documents/ros2_projects/robot_car_V2/build/robot_car_v2_mapping' returned '0': CMAKE_PREFIX_PATH=${CMAKE_PREFIX_PATH}:/home/shiva/Documents/wrk_spc/install/my_pkg:/opt/ros/humble /usr/bin/cmake --build /home/shiva/Documents/ros2_projects/robot_car_V2/build/robot_car_v2_mapping -- -j8 -l8
[0.729s] Invoking command in '/home/shiva/Documents/ros2_projects/robot_car_V2/build/robot_car_v2_mapping': CMAKE_PREFIX_PATH=${CMAKE_PREFIX_PATH}:/home/shiva/Documents/wrk_spc/install/my_pkg:/opt/ros/humble /usr/bin/cmake --install /home/shiva/Documents/ros2_projects/robot_car_V2/build/robot_car_v2_mapping
[0.743s] -- Install configuration: ""
[0.745s] -- Up-to-date: /home/shiva/Documents/ros2_projects/robot_car_V2/install/robot_car_v2_mapping/share/robot_car_v2_mapping/environment/pythonpath.sh
[0.746s] -- Up-to-date: /home/shiva/Documents/ros2_projects/robot_car_V2/install/robot_car_v2_mapping/share/robot_car_v2_mapping/environment/pythonpath.dsv
[0.746s] -- Up-to-date: /home/shiva/Documents/ros2_projects/robot_car_V2/install/robot_car_v2_mapping/lib/python3.10/site-packages/robot_car_v2_mapping-0.0.0-py3.10.egg-info
[0.746s] -- Installing: /home/shiva/Documents/ros2_projects/robot_car_V2/install/robot_car_v2_mapping/lib/python3.10/site-packages/robot_car_v2_mapping-0.0.0-py3.10.egg-info/PKG-INFO
[0.746s] -- Installing: /home/shiva/Documents/ros2_projects/robot_car_V2/install/robot_car_v2_mapping/lib/python3.10/site-packages/robot_car_v2_mapping-0.0.0-py3.10.egg-info/top_level.txt
[0.746s] -- Installing: /home/shiva/Documents/ros2_projects/robot_car_V2/install/robot_car_v2_mapping/lib/python3.10/site-packages/robot_car_v2_mapping-0.0.0-py3.10.egg-info/SOURCES.txt
[0.747s] -- Installing: /home/shiva/Documents/ros2_projects/robot_car_V2/install/robot_car_v2_mapping/lib/python3.10/site-packages/robot_car_v2_mapping-0.0.0-py3.10.egg-info/dependency_links.txt
[0.747s] -- Up-to-date: /home/shiva/Documents/ros2_projects/robot_car_V2/install/robot_car_v2_mapping/lib/python3.10/site-packages/robot_car_v2_mapping
[0.747s] -- Up-to-date: /home/shiva/Documents/ros2_projects/robot_car_V2/install/robot_car_v2_mapping/lib/python3.10/site-packages/robot_car_v2_mapping/mapping_with_known_poses.py
[0.747s] -- Up-to-date: /home/shiva/Documents/ros2_projects/robot_car_V2/install/robot_car_v2_mapping/lib/python3.10/site-packages/robot_car_v2_mapping/__init__.py
[0.909s] Listing '/home/shiva/Documents/ros2_projects/robot_car_V2/install/robot_car_v2_mapping/lib/python3.10/site-packages/robot_car_v2_mapping'...
[0.916s] -- Up-to-date: /home/shiva/Documents/ros2_projects/robot_car_V2/install/robot_car_v2_mapping/include/include
[0.917s] -- Up-to-date: /home/shiva/Documents/ros2_projects/robot_car_V2/install/robot_car_v2_mapping/include/include/robot_car_v2_mapping
[0.917s] -- Up-to-date: /home/shiva/Documents/ros2_projects/robot_car_V2/install/robot_car_v2_mapping/share/robot_car_v2_mapping/maps
[0.917s] -- Up-to-date: /home/shiva/Documents/ros2_projects/robot_car_V2/install/robot_car_v2_mapping/share/robot_car_v2_mapping/maps/small_house
[0.917s] -- Up-to-date: /home/shiva/Documents/ros2_projects/robot_car_V2/install/robot_car_v2_mapping/share/robot_car_v2_mapping/maps/small_house/map.pgm
[0.918s] -- Up-to-date: /home/shiva/Documents/ros2_projects/robot_car_V2/install/robot_car_v2_mapping/share/robot_car_v2_mapping/maps/small_house/map.yaml
[0.918s] -- Up-to-date: /home/shiva/Documents/ros2_projects/robot_car_V2/install/robot_car_v2_mapping/share/robot_car_v2_mapping/config
[0.919s] -- Up-to-date: /home/shiva/Documents/ros2_projects/robot_car_V2/install/robot_car_v2_mapping/share/robot_car_v2_mapping/config/slam_toobox.yaml
[0.919s] -- Up-to-date: /home/shiva/Documents/ros2_projects/robot_car_V2/install/robot_car_v2_mapping/share/robot_car_v2_mapping/config/slam.rviz
[0.919s] -- Up-to-date: /home/shiva/Documents/ros2_projects/robot_car_V2/install/robot_car_v2_mapping/share/robot_car_v2_mapping/launch
[0.919s] -- Up-to-date: /home/shiva/Documents/ros2_projects/robot_car_V2/install/robot_car_v2_mapping/share/robot_car_v2_mapping/launch/slam.launch.py
[0.919s] -- Up-to-date: /home/shiva/Documents/ros2_projects/robot_car_V2/install/robot_car_v2_mapping/lib/robot_car_v2_mapping/mapping_with_known_poses.py
[0.919s] -- Up-to-date: /home/shiva/Documents/ros2_projects/robot_car_V2/install/robot_car_v2_mapping/share/ament_index/resource_index/package_run_dependencies/robot_car_v2_mapping
[0.919s] -- Up-to-date: /home/shiva/Documents/ros2_projects/robot_car_V2/install/robot_car_v2_mapping/share/ament_index/resource_index/parent_prefix_path/robot_car_v2_mapping
[0.920s] -- Up-to-date: /home/shiva/Documents/ros2_projects/robot_car_V2/install/robot_car_v2_mapping/share/robot_car_v2_mapping/environment/ament_prefix_path.sh
[0.920s] -- Up-to-date: /home/shiva/Documents/ros2_projects/robot_car_V2/install/robot_car_v2_mapping/share/robot_car_v2_mapping/environment/ament_prefix_path.dsv
[0.920s] -- Up-to-date: /home/shiva/Documents/ros2_projects/robot_car_V2/install/robot_car_v2_mapping/share/robot_car_v2_mapping/environment/path.sh
[0.920s] -- Up-to-date: /home/shiva/Documents/ros2_projects/robot_car_V2/install/robot_car_v2_mapping/share/robot_car_v2_mapping/environment/path.dsv
[0.920s] -- Up-to-date: /home/shiva/Documents/ros2_projects/robot_car_V2/install/robot_car_v2_mapping/share/robot_car_v2_mapping/local_setup.bash
[0.920s] -- Up-to-date: /home/shiva/Documents/ros2_projects/robot_car_V2/install/robot_car_v2_mapping/share/robot_car_v2_mapping/local_setup.sh
[0.921s] -- Up-to-date: /home/shiva/Documents/ros2_projects/robot_car_V2/install/robot_car_v2_mapping/share/robot_car_v2_mapping/local_setup.zsh
[0.921s] -- Up-to-date: /home/shiva/Documents/ros2_projects/robot_car_V2/install/robot_car_v2_mapping/share/robot_car_v2_mapping/local_setup.dsv
[0.921s] -- Installing: /home/shiva/Documents/ros2_projects/robot_car_V2/install/robot_car_v2_mapping/share/robot_car_v2_mapping/package.dsv
[0.923s] -- Up-to-date: /home/shiva/Documents/ros2_projects/robot_car_V2/install/robot_car_v2_mapping/share/ament_index/resource_index/packages/robot_car_v2_mapping
[0.924s] -- Up-to-date: /home/shiva/Documents/ros2_projects/robot_car_V2/install/robot_car_v2_mapping/share/robot_car_v2_mapping/cmake/robot_car_v2_mappingConfig.cmake
[0.924s] -- Up-to-date: /home/shiva/Documents/ros2_projects/robot_car_V2/install/robot_car_v2_mapping/share/robot_car_v2_mapping/cmake/robot_car_v2_mappingConfig-version.cmake
[0.924s] -- Up-to-date: /home/shiva/Documents/ros2_projects/robot_car_V2/install/robot_car_v2_mapping/share/robot_car_v2_mapping/package.xml
[0.926s] Invoked command in '/home/shiva/Documents/ros2_projects/robot_car_V2/build/robot_car_v2_mapping' returned '0': CMAKE_PREFIX_PATH=${CMAKE_PREFIX_PATH}:/home/shiva/Documents/wrk_spc/install/my_pkg:/opt/ros/humble /usr/bin/cmake --install /home/shiva/Documents/ros2_projects/robot_car_V2/build/robot_car_v2_mapping
