[0.104s] DEBUG:colcon:Command line arguments: ['/usr/bin/colcon', 'build']
[0.104s] DEBUG:colcon:Parsed command line arguments: Namespace(log_base=None, log_level=None, verb_name='build', build_base='build', install_base='install', merge_install=False, symlink_install=False, test_result_base=None, continue_on_error=False, executor='parallel', parallel_workers=8, event_handlers=None, ignore_user_meta=False, metas=['./colcon.meta'], base_paths=['.'], packages_ignore=None, packages_ignore_regex=None, paths=None, packages_up_to=None, packages_up_to_regex=None, packages_above=None, packages_above_and_dependencies=None, packages_above_depth=None, packages_select_by_dep=None, packages_skip_by_dep=None, packages_skip_up_to=None, packages_select_build_failed=False, packages_skip_build_finished=False, packages_select_test_failures=False, packages_skip_test_passed=False, packages_select=None, packages_skip=None, packages_select_regex=None, packages_skip_regex=None, packages_start=None, packages_end=None, allow_overriding=[], cmake_args=None, cmake_target=None, cmake_target_skip_unavailable=False, cmake_clean_cache=False, cmake_clean_first=False, cmake_force_configure=False, ament_cmake_args=None, catkin_cmake_args=None, catkin_skip_building_tests=False, mixin_files=None, mixin=None, verb_parser=<colcon_mixin.mixin.mixin_argument.MixinArgumentDecorator object at 0x77a4ce7a7520>, verb_extension=<colcon_core.verb.build.BuildVerb object at 0x77a4ce7a6e90>, main=<bound method BuildVerb.main of <colcon_core.verb.build.BuildVerb object at 0x77a4ce7a6e90>>, mixin_verb=('build',))
[0.289s] Level 1:colcon.colcon_core.package_discovery:discover_packages(colcon_meta) check parameters
[0.289s] Level 1:colcon.colcon_core.package_discovery:discover_packages(recursive) check parameters
[0.289s] Level 1:colcon.colcon_core.package_discovery:discover_packages(ignore) check parameters
[0.289s] Level 1:colcon.colcon_core.package_discovery:discover_packages(path) check parameters
[0.289s] Level 1:colcon.colcon_core.package_discovery:discover_packages(colcon_meta) discover
[0.289s] Level 1:colcon.colcon_core.package_discovery:discover_packages(recursive) discover
[0.289s] INFO:colcon.colcon_core.package_discovery:Crawling recursively for packages in '/home/shiva/Documents/ros2_projects/robot_car_V2'
[0.290s] Level 1:colcon.colcon_core.package_identification:_identify(.) by extensions ['ignore', 'ignore_ament_install']
[0.290s] Level 1:colcon.colcon_core.package_identification:_identify(.) by extension 'ignore'
[0.290s] Level 1:colcon.colcon_core.package_identification:_identify(.) by extension 'ignore_ament_install'
[0.290s] Level 1:colcon.colcon_core.package_identification:_identify(.) by extensions ['colcon_pkg']
[0.290s] Level 1:colcon.colcon_core.package_identification:_identify(.) by extension 'colcon_pkg'
[0.290s] Level 1:colcon.colcon_core.package_identification:_identify(.) by extensions ['colcon_meta']
[0.290s] Level 1:colcon.colcon_core.package_identification:_identify(.) by extension 'colcon_meta'
[0.290s] Level 1:colcon.colcon_core.package_identification:_identify(.) by extensions ['ros']
[0.290s] Level 1:colcon.colcon_core.package_identification:_identify(.) by extension 'ros'
[0.301s] Level 1:colcon.colcon_core.package_identification:_identify(.) by extensions ['cmake', 'python']
[0.301s] Level 1:colcon.colcon_core.package_identification:_identify(.) by extension 'cmake'
[0.301s] Level 1:colcon.colcon_core.package_identification:_identify(.) by extension 'python'
[0.301s] Level 1:colcon.colcon_core.package_identification:_identify(.) by extensions ['python_setup_py']
[0.302s] Level 1:colcon.colcon_core.package_identification:_identify(.) by extension 'python_setup_py'
[0.302s] Level 1:colcon.colcon_core.package_identification:_identify(build) by extensions ['ignore', 'ignore_ament_install']
[0.302s] Level 1:colcon.colcon_core.package_identification:_identify(build) by extension 'ignore'
[0.302s] Level 1:colcon.colcon_core.package_identification:_identify(build) ignored
[0.302s] Level 1:colcon.colcon_core.package_identification:_identify(install) by extensions ['ignore', 'ignore_ament_install']
[0.302s] Level 1:colcon.colcon_core.package_identification:_identify(install) by extension 'ignore'
[0.302s] Level 1:colcon.colcon_core.package_identification:_identify(install) ignored
[0.303s] Level 1:colcon.colcon_core.package_identification:_identify(log) by extensions ['ignore', 'ignore_ament_install']
[0.303s] Level 1:colcon.colcon_core.package_identification:_identify(log) by extension 'ignore'
[0.303s] Level 1:colcon.colcon_core.package_identification:_identify(log) ignored
[0.303s] Level 1:colcon.colcon_core.package_identification:_identify(src) by extensions ['ignore', 'ignore_ament_install']
[0.303s] Level 1:colcon.colcon_core.package_identification:_identify(src) by extension 'ignore'
[0.303s] Level 1:colcon.colcon_core.package_identification:_identify(src) by extension 'ignore_ament_install'
[0.303s] Level 1:colcon.colcon_core.package_identification:_identify(src) by extensions ['colcon_pkg']
[0.303s] Level 1:colcon.colcon_core.package_identification:_identify(src) by extension 'colcon_pkg'
[0.303s] Level 1:colcon.colcon_core.package_identification:_identify(src) by extensions ['colcon_meta']
[0.303s] Level 1:colcon.colcon_core.package_identification:_identify(src) by extension 'colcon_meta'
[0.303s] Level 1:colcon.colcon_core.package_identification:_identify(src) by extensions ['ros']
[0.303s] Level 1:colcon.colcon_core.package_identification:_identify(src) by extension 'ros'
[0.304s] Level 1:colcon.colcon_core.package_identification:_identify(src) by extensions ['cmake', 'python']
[0.304s] Level 1:colcon.colcon_core.package_identification:_identify(src) by extension 'cmake'
[0.304s] Level 1:colcon.colcon_core.package_identification:_identify(src) by extension 'python'
[0.304s] Level 1:colcon.colcon_core.package_identification:_identify(src) by extensions ['python_setup_py']
[0.304s] Level 1:colcon.colcon_core.package_identification:_identify(src) by extension 'python_setup_py'
[0.304s] Level 1:colcon.colcon_core.package_identification:_identify(src/robot_car_v2_bringup) by extensions ['ignore', 'ignore_ament_install']
[0.304s] Level 1:colcon.colcon_core.package_identification:_identify(src/robot_car_v2_bringup) by extension 'ignore'
[0.304s] Level 1:colcon.colcon_core.package_identification:_identify(src/robot_car_v2_bringup) by extension 'ignore_ament_install'
[0.304s] Level 1:colcon.colcon_core.package_identification:_identify(src/robot_car_v2_bringup) by extensions ['colcon_pkg']
[0.304s] Level 1:colcon.colcon_core.package_identification:_identify(src/robot_car_v2_bringup) by extension 'colcon_pkg'
[0.304s] Level 1:colcon.colcon_core.package_identification:_identify(src/robot_car_v2_bringup) by extensions ['colcon_meta']
[0.305s] Level 1:colcon.colcon_core.package_identification:_identify(src/robot_car_v2_bringup) by extension 'colcon_meta'
[0.305s] Level 1:colcon.colcon_core.package_identification:_identify(src/robot_car_v2_bringup) by extensions ['ros']
[0.305s] Level 1:colcon.colcon_core.package_identification:_identify(src/robot_car_v2_bringup) by extension 'ros'
[0.307s] DEBUG:colcon.colcon_core.package_identification:Package 'src/robot_car_v2_bringup' with type 'ros.ament_cmake' and name 'robot_car_v2_bringup'
[0.307s] Level 1:colcon.colcon_core.package_identification:_identify(src/robot_car_v2_controller) by extensions ['ignore', 'ignore_ament_install']
[0.308s] Level 1:colcon.colcon_core.package_identification:_identify(src/robot_car_v2_controller) by extension 'ignore'
[0.308s] Level 1:colcon.colcon_core.package_identification:_identify(src/robot_car_v2_controller) by extension 'ignore_ament_install'
[0.308s] Level 1:colcon.colcon_core.package_identification:_identify(src/robot_car_v2_controller) by extensions ['colcon_pkg']
[0.308s] Level 1:colcon.colcon_core.package_identification:_identify(src/robot_car_v2_controller) by extension 'colcon_pkg'
[0.308s] Level 1:colcon.colcon_core.package_identification:_identify(src/robot_car_v2_controller) by extensions ['colcon_meta']
[0.308s] Level 1:colcon.colcon_core.package_identification:_identify(src/robot_car_v2_controller) by extension 'colcon_meta'
[0.308s] Level 1:colcon.colcon_core.package_identification:_identify(src/robot_car_v2_controller) by extensions ['ros']
[0.308s] Level 1:colcon.colcon_core.package_identification:_identify(src/robot_car_v2_controller) by extension 'ros'
[0.310s] DEBUG:colcon.colcon_core.package_identification:Package 'src/robot_car_v2_controller' with type 'ros.ament_cmake' and name 'robot_car_v2_controller'
[0.310s] Level 1:colcon.colcon_core.package_identification:_identify(src/robot_car_v2_description) by extensions ['ignore', 'ignore_ament_install']
[0.310s] Level 1:colcon.colcon_core.package_identification:_identify(src/robot_car_v2_description) by extension 'ignore'
[0.310s] Level 1:colcon.colcon_core.package_identification:_identify(src/robot_car_v2_description) by extension 'ignore_ament_install'
[0.310s] Level 1:colcon.colcon_core.package_identification:_identify(src/robot_car_v2_description) by extensions ['colcon_pkg']
[0.310s] Level 1:colcon.colcon_core.package_identification:_identify(src/robot_car_v2_description) by extension 'colcon_pkg'
[0.310s] Level 1:colcon.colcon_core.package_identification:_identify(src/robot_car_v2_description) by extensions ['colcon_meta']
[0.310s] Level 1:colcon.colcon_core.package_identification:_identify(src/robot_car_v2_description) by extension 'colcon_meta'
[0.310s] Level 1:colcon.colcon_core.package_identification:_identify(src/robot_car_v2_description) by extensions ['ros']
[0.310s] Level 1:colcon.colcon_core.package_identification:_identify(src/robot_car_v2_description) by extension 'ros'
[0.313s] DEBUG:colcon.colcon_core.package_identification:Package 'src/robot_car_v2_description' with type 'ros.ament_cmake' and name 'robot_car_v2_description'
[0.313s] Level 1:colcon.colcon_core.package_identification:_identify(src/robot_car_v2_localization_planning) by extensions ['ignore', 'ignore_ament_install']
[0.313s] Level 1:colcon.colcon_core.package_identification:_identify(src/robot_car_v2_localization_planning) by extension 'ignore'
[0.314s] Level 1:colcon.colcon_core.package_identification:_identify(src/robot_car_v2_localization_planning) by extension 'ignore_ament_install'
[0.314s] Level 1:colcon.colcon_core.package_identification:_identify(src/robot_car_v2_localization_planning) by extensions ['colcon_pkg']
[0.314s] Level 1:colcon.colcon_core.package_identification:_identify(src/robot_car_v2_localization_planning) by extension 'colcon_pkg'
[0.314s] Level 1:colcon.colcon_core.package_identification:_identify(src/robot_car_v2_localization_planning) by extensions ['colcon_meta']
[0.314s] Level 1:colcon.colcon_core.package_identification:_identify(src/robot_car_v2_localization_planning) by extension 'colcon_meta'
[0.314s] Level 1:colcon.colcon_core.package_identification:_identify(src/robot_car_v2_localization_planning) by extensions ['ros']
[0.314s] Level 1:colcon.colcon_core.package_identification:_identify(src/robot_car_v2_localization_planning) by extension 'ros'
[0.315s] DEBUG:colcon.colcon_core.package_identification:Package 'src/robot_car_v2_localization_planning' with type 'ros.ament_cmake' and name 'robot_car_v2_localization_planning'
[0.315s] Level 1:colcon.colcon_core.package_identification:_identify(src/robot_car_v2_mapping) by extensions ['ignore', 'ignore_ament_install']
[0.315s] Level 1:colcon.colcon_core.package_identification:_identify(src/robot_car_v2_mapping) by extension 'ignore'
[0.315s] Level 1:colcon.colcon_core.package_identification:_identify(src/robot_car_v2_mapping) by extension 'ignore_ament_install'
[0.316s] Level 1:colcon.colcon_core.package_identification:_identify(src/robot_car_v2_mapping) by extensions ['colcon_pkg']
[0.316s] Level 1:colcon.colcon_core.package_identification:_identify(src/robot_car_v2_mapping) by extension 'colcon_pkg'
[0.316s] Level 1:colcon.colcon_core.package_identification:_identify(src/robot_car_v2_mapping) by extensions ['colcon_meta']
[0.316s] Level 1:colcon.colcon_core.package_identification:_identify(src/robot_car_v2_mapping) by extension 'colcon_meta'
[0.316s] Level 1:colcon.colcon_core.package_identification:_identify(src/robot_car_v2_mapping) by extensions ['ros']
[0.316s] Level 1:colcon.colcon_core.package_identification:_identify(src/robot_car_v2_mapping) by extension 'ros'
[0.317s] DEBUG:colcon.colcon_core.package_identification:Package 'src/robot_car_v2_mapping' with type 'ros.ament_cmake' and name 'robot_car_v2_mapping'
[0.317s] Level 1:colcon.colcon_core.package_identification:_identify(src/robot_car_v2_utils) by extensions ['ignore', 'ignore_ament_install']
[0.317s] Level 1:colcon.colcon_core.package_identification:_identify(src/robot_car_v2_utils) by extension 'ignore'
[0.318s] Level 1:colcon.colcon_core.package_identification:_identify(src/robot_car_v2_utils) by extension 'ignore_ament_install'
[0.318s] Level 1:colcon.colcon_core.package_identification:_identify(src/robot_car_v2_utils) by extensions ['colcon_pkg']
[0.318s] Level 1:colcon.colcon_core.package_identification:_identify(src/robot_car_v2_utils) by extension 'colcon_pkg'
[0.318s] Level 1:colcon.colcon_core.package_identification:_identify(src/robot_car_v2_utils) by extensions ['colcon_meta']
[0.318s] Level 1:colcon.colcon_core.package_identification:_identify(src/robot_car_v2_utils) by extension 'colcon_meta'
[0.318s] Level 1:colcon.colcon_core.package_identification:_identify(src/robot_car_v2_utils) by extensions ['ros']
[0.318s] Level 1:colcon.colcon_core.package_identification:_identify(src/robot_car_v2_utils) by extension 'ros'
[0.319s] DEBUG:colcon.colcon_core.package_identification:Package 'src/robot_car_v2_utils' with type 'ros.ament_cmake' and name 'robot_car_v2_utils'
[0.319s] Level 1:colcon.colcon_core.package_discovery:discover_packages(recursive) using defaults
[0.319s] Level 1:colcon.colcon_core.package_discovery:discover_packages(ignore) discover
[0.319s] Level 1:colcon.colcon_core.package_discovery:discover_packages(ignore) using defaults
[0.320s] Level 1:colcon.colcon_core.package_discovery:discover_packages(path) discover
[0.320s] Level 1:colcon.colcon_core.package_discovery:discover_packages(path) using defaults
[0.351s] Level 1:colcon.colcon_core.package_discovery:discover_packages(prefix_path) check parameters
[0.351s] Level 1:colcon.colcon_core.package_discovery:discover_packages(prefix_path) discover
[0.352s] WARNING:colcon.colcon_ros.prefix_path.ament:The path '/home/shiva/Documents/ros2_projects/robot_car_V2/install/robot_car_v2_localization' in the environment variable AMENT_PREFIX_PATH doesn't exist
[0.353s] WARNING:colcon.colcon_ros.prefix_path.catkin:The path '/home/shiva/Documents/ros2_projects/robot_car_V2/install/robot_car_v2_localization' in the environment variable CMAKE_PREFIX_PATH doesn't exist
[0.354s] DEBUG:colcon.colcon_installed_package_information.package_discovery:Found 2 installed packages in /home/shiva/Documents/bumperbot_wrkspc/install
[0.354s] DEBUG:colcon.colcon_installed_package_information.package_discovery:Found 7 installed packages in /home/shiva/Documents/robot_arm/install
[0.355s] DEBUG:colcon.colcon_installed_package_information.package_discovery:Found 3 installed packages in /home/shiva/Documents/wrk_spc/install
[0.355s] DEBUG:colcon.colcon_installed_package_information.package_discovery:Found 6 installed packages in /home/shiva/Documents/ros2_projects/robot_car_V2/install
[0.356s] DEBUG:colcon.colcon_installed_package_information.package_discovery:Found 4 installed packages in /home/shiva/Documents/AGV_Kalman_Filter_Robot/robo_car/install
[0.358s] DEBUG:colcon.colcon_installed_package_information.package_discovery:Found 408 installed packages in /opt/ros/humble
[0.360s] Level 1:colcon.colcon_core.package_discovery:discover_packages(prefix_path) using defaults
[0.413s] Level 5:colcon.colcon_core.verb:set package 'robot_car_v2_bringup' build argument 'cmake_args' from command line to 'None'
[0.413s] Level 5:colcon.colcon_core.verb:set package 'robot_car_v2_bringup' build argument 'cmake_target' from command line to 'None'
[0.413s] Level 5:colcon.colcon_core.verb:set package 'robot_car_v2_bringup' build argument 'cmake_target_skip_unavailable' from command line to 'False'
[0.413s] Level 5:colcon.colcon_core.verb:set package 'robot_car_v2_bringup' build argument 'cmake_clean_cache' from command line to 'False'
[0.413s] Level 5:colcon.colcon_core.verb:set package 'robot_car_v2_bringup' build argument 'cmake_clean_first' from command line to 'False'
[0.413s] Level 5:colcon.colcon_core.verb:set package 'robot_car_v2_bringup' build argument 'cmake_force_configure' from command line to 'False'
[0.413s] Level 5:colcon.colcon_core.verb:set package 'robot_car_v2_bringup' build argument 'ament_cmake_args' from command line to 'None'
[0.413s] Level 5:colcon.colcon_core.verb:set package 'robot_car_v2_bringup' build argument 'catkin_cmake_args' from command line to 'None'
[0.413s] Level 5:colcon.colcon_core.verb:set package 'robot_car_v2_bringup' build argument 'catkin_skip_building_tests' from command line to 'False'
[0.413s] DEBUG:colcon.colcon_core.verb:Building package 'robot_car_v2_bringup' with the following arguments: {'ament_cmake_args': None, 'build_base': '/home/shiva/Documents/ros2_projects/robot_car_V2/build/robot_car_v2_bringup', 'catkin_cmake_args': None, 'catkin_skip_building_tests': False, 'cmake_args': None, 'cmake_clean_cache': False, 'cmake_clean_first': False, 'cmake_force_configure': False, 'cmake_target': None, 'cmake_target_skip_unavailable': False, 'install_base': '/home/shiva/Documents/ros2_projects/robot_car_V2/install/robot_car_v2_bringup', 'merge_install': False, 'path': '/home/shiva/Documents/ros2_projects/robot_car_V2/src/robot_car_v2_bringup', 'symlink_install': False, 'test_result_base': None}
[0.414s] Level 5:colcon.colcon_core.verb:set package 'robot_car_v2_controller' build argument 'cmake_args' from command line to 'None'
[0.414s] Level 5:colcon.colcon_core.verb:set package 'robot_car_v2_controller' build argument 'cmake_target' from command line to 'None'
[0.414s] Level 5:colcon.colcon_core.verb:set package 'robot_car_v2_controller' build argument 'cmake_target_skip_unavailable' from command line to 'False'
[0.414s] Level 5:colcon.colcon_core.verb:set package 'robot_car_v2_controller' build argument 'cmake_clean_cache' from command line to 'False'
[0.414s] Level 5:colcon.colcon_core.verb:set package 'robot_car_v2_controller' build argument 'cmake_clean_first' from command line to 'False'
[0.414s] Level 5:colcon.colcon_core.verb:set package 'robot_car_v2_controller' build argument 'cmake_force_configure' from command line to 'False'
[0.414s] Level 5:colcon.colcon_core.verb:set package 'robot_car_v2_controller' build argument 'ament_cmake_args' from command line to 'None'
[0.414s] Level 5:colcon.colcon_core.verb:set package 'robot_car_v2_controller' build argument 'catkin_cmake_args' from command line to 'None'
[0.414s] Level 5:colcon.colcon_core.verb:set package 'robot_car_v2_controller' build argument 'catkin_skip_building_tests' from command line to 'False'
[0.414s] DEBUG:colcon.colcon_core.verb:Building package 'robot_car_v2_controller' with the following arguments: {'ament_cmake_args': None, 'build_base': '/home/shiva/Documents/ros2_projects/robot_car_V2/build/robot_car_v2_controller', 'catkin_cmake_args': None, 'catkin_skip_building_tests': False, 'cmake_args': None, 'cmake_clean_cache': False, 'cmake_clean_first': False, 'cmake_force_configure': False, 'cmake_target': None, 'cmake_target_skip_unavailable': False, 'install_base': '/home/shiva/Documents/ros2_projects/robot_car_V2/install/robot_car_v2_controller', 'merge_install': False, 'path': '/home/shiva/Documents/ros2_projects/robot_car_V2/src/robot_car_v2_controller', 'symlink_install': False, 'test_result_base': None}
[0.414s] Level 5:colcon.colcon_core.verb:set package 'robot_car_v2_description' build argument 'cmake_args' from command line to 'None'
[0.414s] Level 5:colcon.colcon_core.verb:set package 'robot_car_v2_description' build argument 'cmake_target' from command line to 'None'
[0.415s] Level 5:colcon.colcon_core.verb:set package 'robot_car_v2_description' build argument 'cmake_target_skip_unavailable' from command line to 'False'
[0.415s] Level 5:colcon.colcon_core.verb:set package 'robot_car_v2_description' build argument 'cmake_clean_cache' from command line to 'False'
[0.415s] Level 5:colcon.colcon_core.verb:set package 'robot_car_v2_description' build argument 'cmake_clean_first' from command line to 'False'
[0.415s] Level 5:colcon.colcon_core.verb:set package 'robot_car_v2_description' build argument 'cmake_force_configure' from command line to 'False'
[0.415s] Level 5:colcon.colcon_core.verb:set package 'robot_car_v2_description' build argument 'ament_cmake_args' from command line to 'None'
[0.415s] Level 5:colcon.colcon_core.verb:set package 'robot_car_v2_description' build argument 'catkin_cmake_args' from command line to 'None'
[0.415s] Level 5:colcon.colcon_core.verb:set package 'robot_car_v2_description' build argument 'catkin_skip_building_tests' from command line to 'False'
[0.415s] DEBUG:colcon.colcon_core.verb:Building package 'robot_car_v2_description' with the following arguments: {'ament_cmake_args': None, 'build_base': '/home/shiva/Documents/ros2_projects/robot_car_V2/build/robot_car_v2_description', 'catkin_cmake_args': None, 'catkin_skip_building_tests': False, 'cmake_args': None, 'cmake_clean_cache': False, 'cmake_clean_first': False, 'cmake_force_configure': False, 'cmake_target': None, 'cmake_target_skip_unavailable': False, 'install_base': '/home/shiva/Documents/ros2_projects/robot_car_V2/install/robot_car_v2_description', 'merge_install': False, 'path': '/home/shiva/Documents/ros2_projects/robot_car_V2/src/robot_car_v2_description', 'symlink_install': False, 'test_result_base': None}
[0.415s] Level 5:colcon.colcon_core.verb:set package 'robot_car_v2_localization_planning' build argument 'cmake_args' from command line to 'None'
[0.415s] Level 5:colcon.colcon_core.verb:set package 'robot_car_v2_localization_planning' build argument 'cmake_target' from command line to 'None'
[0.415s] Level 5:colcon.colcon_core.verb:set package 'robot_car_v2_localization_planning' build argument 'cmake_target_skip_unavailable' from command line to 'False'
[0.416s] Level 5:colcon.colcon_core.verb:set package 'robot_car_v2_localization_planning' build argument 'cmake_clean_cache' from command line to 'False'
[0.416s] Level 5:colcon.colcon_core.verb:set package 'robot_car_v2_localization_planning' build argument 'cmake_clean_first' from command line to 'False'
[0.416s] Level 5:colcon.colcon_core.verb:set package 'robot_car_v2_localization_planning' build argument 'cmake_force_configure' from command line to 'False'
[0.416s] Level 5:colcon.colcon_core.verb:set package 'robot_car_v2_localization_planning' build argument 'ament_cmake_args' from command line to 'None'
[0.416s] Level 5:colcon.colcon_core.verb:set package 'robot_car_v2_localization_planning' build argument 'catkin_cmake_args' from command line to 'None'
[0.416s] Level 5:colcon.colcon_core.verb:set package 'robot_car_v2_localization_planning' build argument 'catkin_skip_building_tests' from command line to 'False'
[0.416s] DEBUG:colcon.colcon_core.verb:Building package 'robot_car_v2_localization_planning' with the following arguments: {'ament_cmake_args': None, 'build_base': '/home/shiva/Documents/ros2_projects/robot_car_V2/build/robot_car_v2_localization_planning', 'catkin_cmake_args': None, 'catkin_skip_building_tests': False, 'cmake_args': None, 'cmake_clean_cache': False, 'cmake_clean_first': False, 'cmake_force_configure': False, 'cmake_target': None, 'cmake_target_skip_unavailable': False, 'install_base': '/home/shiva/Documents/ros2_projects/robot_car_V2/install/robot_car_v2_localization_planning', 'merge_install': False, 'path': '/home/shiva/Documents/ros2_projects/robot_car_V2/src/robot_car_v2_localization_planning', 'symlink_install': False, 'test_result_base': None}
[0.416s] Level 5:colcon.colcon_core.verb:set package 'robot_car_v2_mapping' build argument 'cmake_args' from command line to 'None'
[0.416s] Level 5:colcon.colcon_core.verb:set package 'robot_car_v2_mapping' build argument 'cmake_target' from command line to 'None'
[0.416s] Level 5:colcon.colcon_core.verb:set package 'robot_car_v2_mapping' build argument 'cmake_target_skip_unavailable' from command line to 'False'
[0.416s] Level 5:colcon.colcon_core.verb:set package 'robot_car_v2_mapping' build argument 'cmake_clean_cache' from command line to 'False'
[0.417s] Level 5:colcon.colcon_core.verb:set package 'robot_car_v2_mapping' build argument 'cmake_clean_first' from command line to 'False'
[0.417s] Level 5:colcon.colcon_core.verb:set package 'robot_car_v2_mapping' build argument 'cmake_force_configure' from command line to 'False'
[0.417s] Level 5:colcon.colcon_core.verb:set package 'robot_car_v2_mapping' build argument 'ament_cmake_args' from command line to 'None'
[0.417s] Level 5:colcon.colcon_core.verb:set package 'robot_car_v2_mapping' build argument 'catkin_cmake_args' from command line to 'None'
[0.417s] Level 5:colcon.colcon_core.verb:set package 'robot_car_v2_mapping' build argument 'catkin_skip_building_tests' from command line to 'False'
[0.417s] DEBUG:colcon.colcon_core.verb:Building package 'robot_car_v2_mapping' with the following arguments: {'ament_cmake_args': None, 'build_base': '/home/shiva/Documents/ros2_projects/robot_car_V2/build/robot_car_v2_mapping', 'catkin_cmake_args': None, 'catkin_skip_building_tests': False, 'cmake_args': None, 'cmake_clean_cache': False, 'cmake_clean_first': False, 'cmake_force_configure': False, 'cmake_target': None, 'cmake_target_skip_unavailable': False, 'install_base': '/home/shiva/Documents/ros2_projects/robot_car_V2/install/robot_car_v2_mapping', 'merge_install': False, 'path': '/home/shiva/Documents/ros2_projects/robot_car_V2/src/robot_car_v2_mapping', 'symlink_install': False, 'test_result_base': None}
[0.417s] Level 5:colcon.colcon_core.verb:set package 'robot_car_v2_utils' build argument 'cmake_args' from command line to 'None'
[0.417s] Level 5:colcon.colcon_core.verb:set package 'robot_car_v2_utils' build argument 'cmake_target' from command line to 'None'
[0.417s] Level 5:colcon.colcon_core.verb:set package 'robot_car_v2_utils' build argument 'cmake_target_skip_unavailable' from command line to 'False'
[0.417s] Level 5:colcon.colcon_core.verb:set package 'robot_car_v2_utils' build argument 'cmake_clean_cache' from command line to 'False'
[0.417s] Level 5:colcon.colcon_core.verb:set package 'robot_car_v2_utils' build argument 'cmake_clean_first' from command line to 'False'
[0.418s] Level 5:colcon.colcon_core.verb:set package 'robot_car_v2_utils' build argument 'cmake_force_configure' from command line to 'False'
[0.418s] Level 5:colcon.colcon_core.verb:set package 'robot_car_v2_utils' build argument 'ament_cmake_args' from command line to 'None'
[0.418s] Level 5:colcon.colcon_core.verb:set package 'robot_car_v2_utils' build argument 'catkin_cmake_args' from command line to 'None'
[0.418s] Level 5:colcon.colcon_core.verb:set package 'robot_car_v2_utils' build argument 'catkin_skip_building_tests' from command line to 'False'
[0.418s] DEBUG:colcon.colcon_core.verb:Building package 'robot_car_v2_utils' with the following arguments: {'ament_cmake_args': None, 'build_base': '/home/shiva/Documents/ros2_projects/robot_car_V2/build/robot_car_v2_utils', 'catkin_cmake_args': None, 'catkin_skip_building_tests': False, 'cmake_args': None, 'cmake_clean_cache': False, 'cmake_clean_first': False, 'cmake_force_configure': False, 'cmake_target': None, 'cmake_target_skip_unavailable': False, 'install_base': '/home/shiva/Documents/ros2_projects/robot_car_V2/install/robot_car_v2_utils', 'merge_install': False, 'path': '/home/shiva/Documents/ros2_projects/robot_car_V2/src/robot_car_v2_utils', 'symlink_install': False, 'test_result_base': None}
[0.418s] INFO:colcon.colcon_core.executor:Executing jobs using 'parallel' executor
[0.419s] DEBUG:colcon.colcon_parallel_executor.executor.parallel:run_until_complete
[0.419s] INFO:colcon.colcon_ros.task.ament_cmake.build:Building ROS package in '/home/shiva/Documents/ros2_projects/robot_car_V2/src/robot_car_v2_bringup' with build type 'ament_cmake'
[0.420s] INFO:colcon.colcon_cmake.task.cmake.build:Building CMake package in '/home/shiva/Documents/ros2_projects/robot_car_V2/src/robot_car_v2_bringup'
[0.422s] INFO:colcon.colcon_core.plugin_system:Skipping extension 'colcon_core.shell.bat': Not used on non-Windows systems
[0.422s] INFO:colcon.colcon_core.shell:Skip shell extension 'powershell' for command environment: Not usable outside of PowerShell
[0.423s] DEBUG:colcon.colcon_core.shell:Skip shell extension 'dsv' for command environment
[0.429s] INFO:colcon.colcon_ros.task.ament_cmake.build:Building ROS package in '/home/shiva/Documents/ros2_projects/robot_car_V2/src/robot_car_v2_controller' with build type 'ament_cmake'
[0.429s] INFO:colcon.colcon_cmake.task.cmake.build:Building CMake package in '/home/shiva/Documents/ros2_projects/robot_car_V2/src/robot_car_v2_controller'
[0.430s] INFO:colcon.colcon_core.shell:Skip shell extension 'powershell' for command environment: Not usable outside of PowerShell
[0.430s] DEBUG:colcon.colcon_core.shell:Skip shell extension 'dsv' for command environment
[0.436s] INFO:colcon.colcon_ros.task.ament_cmake.build:Building ROS package in '/home/shiva/Documents/ros2_projects/robot_car_V2/src/robot_car_v2_description' with build type 'ament_cmake'
[0.436s] INFO:colcon.colcon_cmake.task.cmake.build:Building CMake package in '/home/shiva/Documents/ros2_projects/robot_car_V2/src/robot_car_v2_description'
[0.436s] INFO:colcon.colcon_core.shell:Skip shell extension 'powershell' for command environment: Not usable outside of PowerShell
[0.436s] DEBUG:colcon.colcon_core.shell:Skip shell extension 'dsv' for command environment
[0.442s] INFO:colcon.colcon_ros.task.ament_cmake.build:Building ROS package in '/home/shiva/Documents/ros2_projects/robot_car_V2/src/robot_car_v2_localization_planning' with build type 'ament_cmake'
[0.442s] INFO:colcon.colcon_cmake.task.cmake.build:Building CMake package in '/home/shiva/Documents/ros2_projects/robot_car_V2/src/robot_car_v2_localization_planning'
[0.443s] INFO:colcon.colcon_core.shell:Skip shell extension 'powershell' for command environment: Not usable outside of PowerShell
[0.443s] DEBUG:colcon.colcon_core.shell:Skip shell extension 'dsv' for command environment
[0.449s] INFO:colcon.colcon_ros.task.ament_cmake.build:Building ROS package in '/home/shiva/Documents/ros2_projects/robot_car_V2/src/robot_car_v2_mapping' with build type 'ament_cmake'
[0.449s] INFO:colcon.colcon_cmake.task.cmake.build:Building CMake package in '/home/shiva/Documents/ros2_projects/robot_car_V2/src/robot_car_v2_mapping'
[0.450s] INFO:colcon.colcon_core.shell:Skip shell extension 'powershell' for command environment: Not usable outside of PowerShell
[0.450s] DEBUG:colcon.colcon_core.shell:Skip shell extension 'dsv' for command environment
[0.456s] INFO:colcon.colcon_ros.task.ament_cmake.build:Building ROS package in '/home/shiva/Documents/ros2_projects/robot_car_V2/src/robot_car_v2_utils' with build type 'ament_cmake'
[0.456s] INFO:colcon.colcon_cmake.task.cmake.build:Building CMake package in '/home/shiva/Documents/ros2_projects/robot_car_V2/src/robot_car_v2_utils'
[0.456s] INFO:colcon.colcon_core.shell:Skip shell extension 'powershell' for command environment: Not usable outside of PowerShell
[0.456s] DEBUG:colcon.colcon_core.shell:Skip shell extension 'dsv' for command environment
[0.468s] DEBUG:colcon.colcon_core.event_handler.log_command:Invoking command in '/home/shiva/Documents/ros2_projects/robot_car_V2/build/robot_car_v2_bringup': CMAKE_PREFIX_PATH=${CMAKE_PREFIX_PATH}:/home/shiva/Documents/wrk_spc/install/my_pkg:/opt/ros/humble /usr/bin/cmake --build /home/shiva/Documents/ros2_projects/robot_car_V2/build/robot_car_v2_bringup -- -j8 -l8
[0.473s] DEBUG:colcon.colcon_core.event_handler.log_command:Invoking command in '/home/shiva/Documents/ros2_projects/robot_car_V2/build/robot_car_v2_controller': CMAKE_PREFIX_PATH=${CMAKE_PREFIX_PATH}:/home/shiva/Documents/wrk_spc/install/my_pkg:/opt/ros/humble /usr/bin/cmake --build /home/shiva/Documents/ros2_projects/robot_car_V2/build/robot_car_v2_controller -- -j8 -l8
[0.477s] DEBUG:colcon.colcon_core.event_handler.log_command:Invoking command in '/home/shiva/Documents/ros2_projects/robot_car_V2/build/robot_car_v2_description': CMAKE_PREFIX_PATH=${CMAKE_PREFIX_PATH}:/home/shiva/Documents/wrk_spc/install/my_pkg:/opt/ros/humble /usr/bin/cmake --build /home/shiva/Documents/ros2_projects/robot_car_V2/build/robot_car_v2_description -- -j8 -l8
[0.481s] DEBUG:colcon.colcon_core.event_handler.log_command:Invoking command in '/home/shiva/Documents/ros2_projects/robot_car_V2/build/robot_car_v2_localization_planning': CMAKE_PREFIX_PATH=${CMAKE_PREFIX_PATH}:/home/shiva/Documents/wrk_spc/install/my_pkg:/opt/ros/humble /usr/bin/cmake --build /home/shiva/Documents/ros2_projects/robot_car_V2/build/robot_car_v2_localization_planning -- -j8 -l8
[0.484s] DEBUG:colcon.colcon_core.event_handler.log_command:Invoking command in '/home/shiva/Documents/ros2_projects/robot_car_V2/build/robot_car_v2_mapping': CMAKE_PREFIX_PATH=${CMAKE_PREFIX_PATH}:/home/shiva/Documents/wrk_spc/install/my_pkg:/opt/ros/humble /usr/bin/cmake --build /home/shiva/Documents/ros2_projects/robot_car_V2/build/robot_car_v2_mapping -- -j8 -l8
[0.493s] DEBUG:colcon.colcon_core.event_handler.log_command:Invoking command in '/home/shiva/Documents/ros2_projects/robot_car_V2/build/robot_car_v2_utils': CMAKE_PREFIX_PATH=${CMAKE_PREFIX_PATH}:/home/shiva/Documents/wrk_spc/install/my_pkg:/opt/ros/humble /usr/bin/cmake --build /home/shiva/Documents/ros2_projects/robot_car_V2/build/robot_car_v2_utils -- -j8 -l8
[0.528s] DEBUG:colcon.colcon_core.event_handler.log_command:Invoked command in '/home/shiva/Documents/ros2_projects/robot_car_V2/build/robot_car_v2_bringup' returned '0': CMAKE_PREFIX_PATH=${CMAKE_PREFIX_PATH}:/home/shiva/Documents/wrk_spc/install/my_pkg:/opt/ros/humble /usr/bin/cmake --build /home/shiva/Documents/ros2_projects/robot_car_V2/build/robot_car_v2_bringup -- -j8 -l8
[0.570s] DEBUG:colcon.colcon_core.event_handler.log_command:Invoking command in '/home/shiva/Documents/ros2_projects/robot_car_V2/build/robot_car_v2_bringup': CMAKE_PREFIX_PATH=${CMAKE_PREFIX_PATH}:/home/shiva/Documents/wrk_spc/install/my_pkg:/opt/ros/humble /usr/bin/cmake --install /home/shiva/Documents/ros2_projects/robot_car_V2/build/robot_car_v2_bringup
[0.587s] Level 1:colcon.colcon_core.environment:create_environment_scripts_only(robot_car_v2_bringup)
[0.589s] DEBUG:colcon.colcon_core.event_handler.log_command:Invoked command in '/home/shiva/Documents/ros2_projects/robot_car_V2/build/robot_car_v2_bringup' returned '0': CMAKE_PREFIX_PATH=${CMAKE_PREFIX_PATH}:/home/shiva/Documents/wrk_spc/install/my_pkg:/opt/ros/humble /usr/bin/cmake --install /home/shiva/Documents/ros2_projects/robot_car_V2/build/robot_car_v2_bringup
[0.593s] Level 1:colcon.colcon_core.environment:checking '/home/shiva/Documents/ros2_projects/robot_car_V2/install/robot_car_v2_bringup' for CMake module files
[0.594s] Level 1:colcon.colcon_core.environment:checking '/home/shiva/Documents/ros2_projects/robot_car_V2/install/robot_car_v2_bringup' for CMake config files
[0.595s] Level 1:colcon.colcon_core.shell:create_environment_hook('robot_car_v2_bringup', 'cmake_prefix_path')
[0.595s] INFO:colcon.colcon_core.shell:Creating environment hook '/home/shiva/Documents/ros2_projects/robot_car_V2/install/robot_car_v2_bringup/share/robot_car_v2_bringup/hook/cmake_prefix_path.ps1'
[0.596s] INFO:colcon.colcon_core.shell:Creating environment descriptor '/home/shiva/Documents/ros2_projects/robot_car_V2/install/robot_car_v2_bringup/share/robot_car_v2_bringup/hook/cmake_prefix_path.dsv'
[0.597s] INFO:colcon.colcon_core.shell:Creating environment hook '/home/shiva/Documents/ros2_projects/robot_car_V2/install/robot_car_v2_bringup/share/robot_car_v2_bringup/hook/cmake_prefix_path.sh'
[0.599s] Level 1:colcon.colcon_core.environment:checking '/home/shiva/Documents/ros2_projects/robot_car_V2/install/robot_car_v2_bringup/bin'
[0.599s] Level 1:colcon.colcon_core.environment:checking '/home/shiva/Documents/ros2_projects/robot_car_V2/install/robot_car_v2_bringup/lib/pkgconfig/robot_car_v2_bringup.pc'
[0.600s] Level 1:colcon.colcon_core.environment:checking '/home/shiva/Documents/ros2_projects/robot_car_V2/install/robot_car_v2_bringup/lib/python3.10/site-packages'
[0.600s] Level 1:colcon.colcon_core.environment:checking '/home/shiva/Documents/ros2_projects/robot_car_V2/install/robot_car_v2_bringup/bin'
[0.601s] INFO:colcon.colcon_core.shell:Creating package script '/home/shiva/Documents/ros2_projects/robot_car_V2/install/robot_car_v2_bringup/share/robot_car_v2_bringup/package.ps1'
[0.603s] INFO:colcon.colcon_core.shell:Creating package descriptor '/home/shiva/Documents/ros2_projects/robot_car_V2/install/robot_car_v2_bringup/share/robot_car_v2_bringup/package.dsv'
[0.604s] INFO:colcon.colcon_core.shell:Creating package script '/home/shiva/Documents/ros2_projects/robot_car_V2/install/robot_car_v2_bringup/share/robot_car_v2_bringup/package.sh'
[0.605s] INFO:colcon.colcon_core.shell:Creating package script '/home/shiva/Documents/ros2_projects/robot_car_V2/install/robot_car_v2_bringup/share/robot_car_v2_bringup/package.bash'
[0.607s] INFO:colcon.colcon_core.shell:Creating package script '/home/shiva/Documents/ros2_projects/robot_car_V2/install/robot_car_v2_bringup/share/robot_car_v2_bringup/package.zsh'
[0.608s] Level 1:colcon.colcon_core.environment:create_file_with_runtime_dependencies(/home/shiva/Documents/ros2_projects/robot_car_V2/install/robot_car_v2_bringup/share/colcon-core/packages/robot_car_v2_bringup)
[0.642s] Level 1:colcon.colcon_core.environment:create_environment_scripts_only(robot_car_v2_bringup)
[0.643s] Level 1:colcon.colcon_core.environment:checking '/home/shiva/Documents/ros2_projects/robot_car_V2/install/robot_car_v2_bringup' for CMake module files
[0.643s] Level 1:colcon.colcon_core.environment:checking '/home/shiva/Documents/ros2_projects/robot_car_V2/install/robot_car_v2_bringup' for CMake config files
[0.644s] Level 1:colcon.colcon_core.shell:create_environment_hook('robot_car_v2_bringup', 'cmake_prefix_path')
[0.644s] INFO:colcon.colcon_core.shell:Creating environment hook '/home/shiva/Documents/ros2_projects/robot_car_V2/install/robot_car_v2_bringup/share/robot_car_v2_bringup/hook/cmake_prefix_path.ps1'
[0.645s] INFO:colcon.colcon_core.shell:Creating environment descriptor '/home/shiva/Documents/ros2_projects/robot_car_V2/install/robot_car_v2_bringup/share/robot_car_v2_bringup/hook/cmake_prefix_path.dsv'
[0.646s] INFO:colcon.colcon_core.shell:Creating environment hook '/home/shiva/Documents/ros2_projects/robot_car_V2/install/robot_car_v2_bringup/share/robot_car_v2_bringup/hook/cmake_prefix_path.sh'
[0.647s] Level 1:colcon.colcon_core.environment:checking '/home/shiva/Documents/ros2_projects/robot_car_V2/install/robot_car_v2_bringup/bin'
[0.647s] Level 1:colcon.colcon_core.environment:checking '/home/shiva/Documents/ros2_projects/robot_car_V2/install/robot_car_v2_bringup/lib/pkgconfig/robot_car_v2_bringup.pc'
[0.647s] Level 1:colcon.colcon_core.environment:checking '/home/shiva/Documents/ros2_projects/robot_car_V2/install/robot_car_v2_bringup/lib/python3.10/site-packages'
[0.648s] Level 1:colcon.colcon_core.environment:checking '/home/shiva/Documents/ros2_projects/robot_car_V2/install/robot_car_v2_bringup/bin'
[0.648s] INFO:colcon.colcon_core.shell:Creating package script '/home/shiva/Documents/ros2_projects/robot_car_V2/install/robot_car_v2_bringup/share/robot_car_v2_bringup/package.ps1'
[0.649s] INFO:colcon.colcon_core.shell:Creating package descriptor '/home/shiva/Documents/ros2_projects/robot_car_V2/install/robot_car_v2_bringup/share/robot_car_v2_bringup/package.dsv'
[0.650s] INFO:colcon.colcon_core.shell:Creating package script '/home/shiva/Documents/ros2_projects/robot_car_V2/install/robot_car_v2_bringup/share/robot_car_v2_bringup/package.sh'
[0.651s] INFO:colcon.colcon_core.shell:Creating package script '/home/shiva/Documents/ros2_projects/robot_car_V2/install/robot_car_v2_bringup/share/robot_car_v2_bringup/package.bash'
[0.652s] INFO:colcon.colcon_core.shell:Creating package script '/home/shiva/Documents/ros2_projects/robot_car_V2/install/robot_car_v2_bringup/share/robot_car_v2_bringup/package.zsh'
[0.653s] Level 1:colcon.colcon_core.environment:create_file_with_runtime_dependencies(/home/shiva/Documents/ros2_projects/robot_car_V2/install/robot_car_v2_bringup/share/colcon-core/packages/robot_car_v2_bringup)
[1.182s] DEBUG:colcon.colcon_core.event_handler.log_command:Invoked command in '/home/shiva/Documents/ros2_projects/robot_car_V2/build/robot_car_v2_mapping' returned '0': CMAKE_PREFIX_PATH=${CMAKE_PREFIX_PATH}:/home/shiva/Documents/wrk_spc/install/my_pkg:/opt/ros/humble /usr/bin/cmake --build /home/shiva/Documents/ros2_projects/robot_car_V2/build/robot_car_v2_mapping -- -j8 -l8
[1.214s] DEBUG:colcon.colcon_core.event_handler.log_command:Invoking command in '/home/shiva/Documents/ros2_projects/robot_car_V2/build/robot_car_v2_mapping': CMAKE_PREFIX_PATH=${CMAKE_PREFIX_PATH}:/home/shiva/Documents/wrk_spc/install/my_pkg:/opt/ros/humble /usr/bin/cmake --install /home/shiva/Documents/ros2_projects/robot_car_V2/build/robot_car_v2_mapping
[1.250s] DEBUG:colcon.colcon_core.event_handler.log_command:Invoked command in '/home/shiva/Documents/ros2_projects/robot_car_V2/build/robot_car_v2_localization_planning' returned '0': CMAKE_PREFIX_PATH=${CMAKE_PREFIX_PATH}:/home/shiva/Documents/wrk_spc/install/my_pkg:/opt/ros/humble /usr/bin/cmake --build /home/shiva/Documents/ros2_projects/robot_car_V2/build/robot_car_v2_localization_planning -- -j8 -l8
[1.252s] DEBUG:colcon.colcon_core.event_handler.log_command:Invoked command in '/home/shiva/Documents/ros2_projects/robot_car_V2/build/robot_car_v2_description' returned '0': CMAKE_PREFIX_PATH=${CMAKE_PREFIX_PATH}:/home/shiva/Documents/wrk_spc/install/my_pkg:/opt/ros/humble /usr/bin/cmake --build /home/shiva/Documents/ros2_projects/robot_car_V2/build/robot_car_v2_description -- -j8 -l8
[1.280s] DEBUG:colcon.colcon_core.event_handler.log_command:Invoking command in '/home/shiva/Documents/ros2_projects/robot_car_V2/build/robot_car_v2_localization_planning': CMAKE_PREFIX_PATH=${CMAKE_PREFIX_PATH}:/home/shiva/Documents/wrk_spc/install/my_pkg:/opt/ros/humble /usr/bin/cmake --install /home/shiva/Documents/ros2_projects/robot_car_V2/build/robot_car_v2_localization_planning
[1.286s] DEBUG:colcon.colcon_core.event_handler.log_command:Invoking command in '/home/shiva/Documents/ros2_projects/robot_car_V2/build/robot_car_v2_description': CMAKE_PREFIX_PATH=${CMAKE_PREFIX_PATH}:/home/shiva/Documents/wrk_spc/install/my_pkg:/opt/ros/humble /usr/bin/cmake --install /home/shiva/Documents/ros2_projects/robot_car_V2/build/robot_car_v2_description
[1.402s] Level 1:colcon.colcon_core.environment:create_environment_scripts_only(robot_car_v2_mapping)
[1.403s] Level 1:colcon.colcon_core.environment:checking '/home/shiva/Documents/ros2_projects/robot_car_V2/install/robot_car_v2_mapping' for CMake module files
[1.404s] DEBUG:colcon.colcon_core.event_handler.log_command:Invoked command in '/home/shiva/Documents/ros2_projects/robot_car_V2/build/robot_car_v2_mapping' returned '0': CMAKE_PREFIX_PATH=${CMAKE_PREFIX_PATH}:/home/shiva/Documents/wrk_spc/install/my_pkg:/opt/ros/humble /usr/bin/cmake --install /home/shiva/Documents/ros2_projects/robot_car_V2/build/robot_car_v2_mapping
[1.405s] Level 1:colcon.colcon_core.environment:checking '/home/shiva/Documents/ros2_projects/robot_car_V2/install/robot_car_v2_mapping' for CMake config files
[1.406s] Level 1:colcon.colcon_core.shell:create_environment_hook('robot_car_v2_mapping', 'cmake_prefix_path')
[1.406s] INFO:colcon.colcon_core.shell:Creating environment hook '/home/shiva/Documents/ros2_projects/robot_car_V2/install/robot_car_v2_mapping/share/robot_car_v2_mapping/hook/cmake_prefix_path.ps1'
[1.407s] INFO:colcon.colcon_core.shell:Creating environment descriptor '/home/shiva/Documents/ros2_projects/robot_car_V2/install/robot_car_v2_mapping/share/robot_car_v2_mapping/hook/cmake_prefix_path.dsv'
[1.408s] INFO:colcon.colcon_core.shell:Creating environment hook '/home/shiva/Documents/ros2_projects/robot_car_V2/install/robot_car_v2_mapping/share/robot_car_v2_mapping/hook/cmake_prefix_path.sh'
[1.410s] Level 1:colcon.colcon_core.environment:checking '/home/shiva/Documents/ros2_projects/robot_car_V2/install/robot_car_v2_mapping/lib'
[1.410s] Level 1:colcon.colcon_core.environment:checking '/home/shiva/Documents/ros2_projects/robot_car_V2/install/robot_car_v2_mapping/bin'
[1.410s] Level 1:colcon.colcon_core.environment:checking '/home/shiva/Documents/ros2_projects/robot_car_V2/install/robot_car_v2_mapping/lib/pkgconfig/robot_car_v2_mapping.pc'
[1.411s] Level 1:colcon.colcon_core.environment:checking '/home/shiva/Documents/ros2_projects/robot_car_V2/install/robot_car_v2_mapping/lib/python3.10/site-packages'
[1.411s] Level 1:colcon.colcon_core.shell:create_environment_hook('robot_car_v2_mapping', 'pythonpath')
[1.412s] INFO:colcon.colcon_core.shell:Creating environment hook '/home/shiva/Documents/ros2_projects/robot_car_V2/install/robot_car_v2_mapping/share/robot_car_v2_mapping/hook/pythonpath.ps1'
[1.413s] INFO:colcon.colcon_core.shell:Creating environment descriptor '/home/shiva/Documents/ros2_projects/robot_car_V2/install/robot_car_v2_mapping/share/robot_car_v2_mapping/hook/pythonpath.dsv'
[1.413s] INFO:colcon.colcon_core.shell:Creating environment hook '/home/shiva/Documents/ros2_projects/robot_car_V2/install/robot_car_v2_mapping/share/robot_car_v2_mapping/hook/pythonpath.sh'
[1.415s] Level 1:colcon.colcon_core.environment:checking '/home/shiva/Documents/ros2_projects/robot_car_V2/install/robot_car_v2_mapping/bin'
[1.416s] INFO:colcon.colcon_core.shell:Creating package script '/home/shiva/Documents/ros2_projects/robot_car_V2/install/robot_car_v2_mapping/share/robot_car_v2_mapping/package.ps1'
[1.417s] INFO:colcon.colcon_core.shell:Creating package descriptor '/home/shiva/Documents/ros2_projects/robot_car_V2/install/robot_car_v2_mapping/share/robot_car_v2_mapping/package.dsv'
[1.419s] INFO:colcon.colcon_core.shell:Creating package script '/home/shiva/Documents/ros2_projects/robot_car_V2/install/robot_car_v2_mapping/share/robot_car_v2_mapping/package.sh'
[1.420s] INFO:colcon.colcon_core.shell:Creating package script '/home/shiva/Documents/ros2_projects/robot_car_V2/install/robot_car_v2_mapping/share/robot_car_v2_mapping/package.bash'
[1.421s] INFO:colcon.colcon_core.shell:Creating package script '/home/shiva/Documents/ros2_projects/robot_car_V2/install/robot_car_v2_mapping/share/robot_car_v2_mapping/package.zsh'
[1.422s] Level 1:colcon.colcon_core.environment:create_file_with_runtime_dependencies(/home/shiva/Documents/ros2_projects/robot_car_V2/install/robot_car_v2_mapping/share/colcon-core/packages/robot_car_v2_mapping)
[1.463s] Level 1:colcon.colcon_core.environment:create_environment_scripts_only(robot_car_v2_mapping)
[1.464s] Level 1:colcon.colcon_core.environment:checking '/home/shiva/Documents/ros2_projects/robot_car_V2/install/robot_car_v2_mapping' for CMake module files
[1.465s] Level 1:colcon.colcon_core.environment:checking '/home/shiva/Documents/ros2_projects/robot_car_V2/install/robot_car_v2_mapping' for CMake config files
[1.466s] Level 1:colcon.colcon_core.shell:create_environment_hook('robot_car_v2_mapping', 'cmake_prefix_path')
[1.467s] INFO:colcon.colcon_core.shell:Creating environment hook '/home/shiva/Documents/ros2_projects/robot_car_V2/install/robot_car_v2_mapping/share/robot_car_v2_mapping/hook/cmake_prefix_path.ps1'
[1.468s] INFO:colcon.colcon_core.shell:Creating environment descriptor '/home/shiva/Documents/ros2_projects/robot_car_V2/install/robot_car_v2_mapping/share/robot_car_v2_mapping/hook/cmake_prefix_path.dsv'
[1.468s] INFO:colcon.colcon_core.shell:Creating environment hook '/home/shiva/Documents/ros2_projects/robot_car_V2/install/robot_car_v2_mapping/share/robot_car_v2_mapping/hook/cmake_prefix_path.sh'
[1.470s] Level 1:colcon.colcon_core.environment:checking '/home/shiva/Documents/ros2_projects/robot_car_V2/install/robot_car_v2_mapping/lib'
[1.470s] Level 1:colcon.colcon_core.environment:checking '/home/shiva/Documents/ros2_projects/robot_car_V2/install/robot_car_v2_mapping/bin'
[1.470s] Level 1:colcon.colcon_core.environment:checking '/home/shiva/Documents/ros2_projects/robot_car_V2/install/robot_car_v2_mapping/lib/pkgconfig/robot_car_v2_mapping.pc'
[1.471s] Level 1:colcon.colcon_core.environment:checking '/home/shiva/Documents/ros2_projects/robot_car_V2/install/robot_car_v2_mapping/lib/python3.10/site-packages'
[1.471s] Level 1:colcon.colcon_core.shell:create_environment_hook('robot_car_v2_mapping', 'pythonpath')
[1.471s] INFO:colcon.colcon_core.shell:Creating environment hook '/home/shiva/Documents/ros2_projects/robot_car_V2/install/robot_car_v2_mapping/share/robot_car_v2_mapping/hook/pythonpath.ps1'
[1.472s] INFO:colcon.colcon_core.shell:Creating environment descriptor '/home/shiva/Documents/ros2_projects/robot_car_V2/install/robot_car_v2_mapping/share/robot_car_v2_mapping/hook/pythonpath.dsv'
[1.473s] INFO:colcon.colcon_core.shell:Creating environment hook '/home/shiva/Documents/ros2_projects/robot_car_V2/install/robot_car_v2_mapping/share/robot_car_v2_mapping/hook/pythonpath.sh'
[1.474s] Level 1:colcon.colcon_core.environment:checking '/home/shiva/Documents/ros2_projects/robot_car_V2/install/robot_car_v2_mapping/bin'
[1.475s] INFO:colcon.colcon_core.shell:Creating package script '/home/shiva/Documents/ros2_projects/robot_car_V2/install/robot_car_v2_mapping/share/robot_car_v2_mapping/package.ps1'
[1.476s] INFO:colcon.colcon_core.shell:Creating package descriptor '/home/shiva/Documents/ros2_projects/robot_car_V2/install/robot_car_v2_mapping/share/robot_car_v2_mapping/package.dsv'
[1.477s] INFO:colcon.colcon_core.shell:Creating package script '/home/shiva/Documents/ros2_projects/robot_car_V2/install/robot_car_v2_mapping/share/robot_car_v2_mapping/package.sh'
[1.479s] INFO:colcon.colcon_core.shell:Creating package script '/home/shiva/Documents/ros2_projects/robot_car_V2/install/robot_car_v2_mapping/share/robot_car_v2_mapping/package.bash'
[1.479s] INFO:colcon.colcon_core.shell:Creating package script '/home/shiva/Documents/ros2_projects/robot_car_V2/install/robot_car_v2_mapping/share/robot_car_v2_mapping/package.zsh'
[1.480s] Level 1:colcon.colcon_core.environment:create_file_with_runtime_dependencies(/home/shiva/Documents/ros2_projects/robot_car_V2/install/robot_car_v2_mapping/share/colcon-core/packages/robot_car_v2_mapping)
[1.483s] DEBUG:colcon.colcon_core.event_handler.log_command:Invoked command in '/home/shiva/Documents/ros2_projects/robot_car_V2/build/robot_car_v2_controller' returned '0': CMAKE_PREFIX_PATH=${CMAKE_PREFIX_PATH}:/home/shiva/Documents/wrk_spc/install/my_pkg:/opt/ros/humble /usr/bin/cmake --build /home/shiva/Documents/ros2_projects/robot_car_V2/build/robot_car_v2_controller -- -j8 -l8
[1.485s] DEBUG:colcon.colcon_core.event_handler.log_command:Invoked command in '/home/shiva/Documents/ros2_projects/robot_car_V2/build/robot_car_v2_utils' returned '0': CMAKE_PREFIX_PATH=${CMAKE_PREFIX_PATH}:/home/shiva/Documents/wrk_spc/install/my_pkg:/opt/ros/humble /usr/bin/cmake --build /home/shiva/Documents/ros2_projects/robot_car_V2/build/robot_car_v2_utils -- -j8 -l8
[1.505s] Level 1:colcon.colcon_core.environment:create_environment_scripts_only(robot_car_v2_localization_planning)
[1.506s] Level 1:colcon.colcon_core.environment:checking '/home/shiva/Documents/ros2_projects/robot_car_V2/install/robot_car_v2_localization_planning' for CMake module files
[1.510s] Level 1:colcon.colcon_core.environment:checking '/home/shiva/Documents/ros2_projects/robot_car_V2/install/robot_car_v2_localization_planning' for CMake config files
[1.515s] DEBUG:colcon.colcon_core.event_handler.log_command:Invoked command in '/home/shiva/Documents/ros2_projects/robot_car_V2/build/robot_car_v2_localization_planning' returned '0': CMAKE_PREFIX_PATH=${CMAKE_PREFIX_PATH}:/home/shiva/Documents/wrk_spc/install/my_pkg:/opt/ros/humble /usr/bin/cmake --install /home/shiva/Documents/ros2_projects/robot_car_V2/build/robot_car_v2_localization_planning
[1.517s] Level 1:colcon.colcon_core.shell:create_environment_hook('robot_car_v2_localization_planning', 'cmake_prefix_path')
[1.518s] INFO:colcon.colcon_core.shell:Creating environment hook '/home/shiva/Documents/ros2_projects/robot_car_V2/install/robot_car_v2_localization_planning/share/robot_car_v2_localization_planning/hook/cmake_prefix_path.ps1'
[1.520s] INFO:colcon.colcon_core.shell:Creating environment descriptor '/home/shiva/Documents/ros2_projects/robot_car_V2/install/robot_car_v2_localization_planning/share/robot_car_v2_localization_planning/hook/cmake_prefix_path.dsv'
[1.522s] INFO:colcon.colcon_core.shell:Creating environment hook '/home/shiva/Documents/ros2_projects/robot_car_V2/install/robot_car_v2_localization_planning/share/robot_car_v2_localization_planning/hook/cmake_prefix_path.sh'
[1.525s] Level 1:colcon.colcon_core.environment:checking '/home/shiva/Documents/ros2_projects/robot_car_V2/install/robot_car_v2_localization_planning/lib'
[1.526s] Level 1:colcon.colcon_core.environment:checking '/home/shiva/Documents/ros2_projects/robot_car_V2/install/robot_car_v2_localization_planning/bin'
[1.526s] Level 1:colcon.colcon_core.environment:checking '/home/shiva/Documents/ros2_projects/robot_car_V2/install/robot_car_v2_localization_planning/lib/pkgconfig/robot_car_v2_localization_planning.pc'
[1.527s] Level 1:colcon.colcon_core.environment:checking '/home/shiva/Documents/ros2_projects/robot_car_V2/install/robot_car_v2_localization_planning/lib/python3.10/site-packages'
[1.527s] Level 1:colcon.colcon_core.shell:create_environment_hook('robot_car_v2_localization_planning', 'pythonpath')
[1.527s] INFO:colcon.colcon_core.shell:Creating environment hook '/home/shiva/Documents/ros2_projects/robot_car_V2/install/robot_car_v2_localization_planning/share/robot_car_v2_localization_planning/hook/pythonpath.ps1'
[1.530s] INFO:colcon.colcon_core.shell:Creating environment descriptor '/home/shiva/Documents/ros2_projects/robot_car_V2/install/robot_car_v2_localization_planning/share/robot_car_v2_localization_planning/hook/pythonpath.dsv'
[1.533s] INFO:colcon.colcon_core.shell:Creating environment hook '/home/shiva/Documents/ros2_projects/robot_car_V2/install/robot_car_v2_localization_planning/share/robot_car_v2_localization_planning/hook/pythonpath.sh'
[1.535s] Level 1:colcon.colcon_core.environment:checking '/home/shiva/Documents/ros2_projects/robot_car_V2/install/robot_car_v2_localization_planning/bin'
[1.535s] INFO:colcon.colcon_core.shell:Creating package script '/home/shiva/Documents/ros2_projects/robot_car_V2/install/robot_car_v2_localization_planning/share/robot_car_v2_localization_planning/package.ps1'
[1.537s] INFO:colcon.colcon_core.shell:Creating package descriptor '/home/shiva/Documents/ros2_projects/robot_car_V2/install/robot_car_v2_localization_planning/share/robot_car_v2_localization_planning/package.dsv'
[1.539s] INFO:colcon.colcon_core.shell:Creating package script '/home/shiva/Documents/ros2_projects/robot_car_V2/install/robot_car_v2_localization_planning/share/robot_car_v2_localization_planning/package.sh'
[1.541s] INFO:colcon.colcon_core.shell:Creating package script '/home/shiva/Documents/ros2_projects/robot_car_V2/install/robot_car_v2_localization_planning/share/robot_car_v2_localization_planning/package.bash'
[1.543s] INFO:colcon.colcon_core.shell:Creating package script '/home/shiva/Documents/ros2_projects/robot_car_V2/install/robot_car_v2_localization_planning/share/robot_car_v2_localization_planning/package.zsh'
[1.545s] Level 1:colcon.colcon_core.environment:create_file_with_runtime_dependencies(/home/shiva/Documents/ros2_projects/robot_car_V2/install/robot_car_v2_localization_planning/share/colcon-core/packages/robot_car_v2_localization_planning)
[1.556s] Level 1:colcon.colcon_core.environment:create_environment_scripts_only(robot_car_v2_description)
[1.557s] Level 1:colcon.colcon_core.environment:checking '/home/shiva/Documents/ros2_projects/robot_car_V2/install/robot_car_v2_description' for CMake module files
[1.562s] Level 1:colcon.colcon_core.environment:checking '/home/shiva/Documents/ros2_projects/robot_car_V2/install/robot_car_v2_description' for CMake config files
[1.575s] Level 1:colcon.colcon_core.shell:create_environment_hook('robot_car_v2_description', 'cmake_prefix_path')
[1.575s] INFO:colcon.colcon_core.shell:Creating environment hook '/home/shiva/Documents/ros2_projects/robot_car_V2/install/robot_car_v2_description/share/robot_car_v2_description/hook/cmake_prefix_path.ps1'
[1.577s] INFO:colcon.colcon_core.shell:Creating environment descriptor '/home/shiva/Documents/ros2_projects/robot_car_V2/install/robot_car_v2_description/share/robot_car_v2_description/hook/cmake_prefix_path.dsv'
[1.579s] INFO:colcon.colcon_core.shell:Creating environment hook '/home/shiva/Documents/ros2_projects/robot_car_V2/install/robot_car_v2_description/share/robot_car_v2_description/hook/cmake_prefix_path.sh'
[1.582s] Level 1:colcon.colcon_core.environment:checking '/home/shiva/Documents/ros2_projects/robot_car_V2/install/robot_car_v2_description/lib'
[1.583s] Level 1:colcon.colcon_core.environment:checking '/home/shiva/Documents/ros2_projects/robot_car_V2/install/robot_car_v2_description/bin'
[1.583s] Level 1:colcon.colcon_core.environment:checking '/home/shiva/Documents/ros2_projects/robot_car_V2/install/robot_car_v2_description/lib/pkgconfig/robot_car_v2_description.pc'
[1.583s] Level 1:colcon.colcon_core.environment:checking '/home/shiva/Documents/ros2_projects/robot_car_V2/install/robot_car_v2_description/lib/python3.10/site-packages'
[1.583s] Level 1:colcon.colcon_core.shell:create_environment_hook('robot_car_v2_description', 'pythonpath')
[1.584s] INFO:colcon.colcon_core.shell:Creating environment hook '/home/shiva/Documents/ros2_projects/robot_car_V2/install/robot_car_v2_description/share/robot_car_v2_description/hook/pythonpath.ps1'
[1.586s] INFO:colcon.colcon_core.shell:Creating environment descriptor '/home/shiva/Documents/ros2_projects/robot_car_V2/install/robot_car_v2_description/share/robot_car_v2_description/hook/pythonpath.dsv'
[1.586s] INFO:colcon.colcon_core.shell:Creating environment hook '/home/shiva/Documents/ros2_projects/robot_car_V2/install/robot_car_v2_description/share/robot_car_v2_description/hook/pythonpath.sh'
[1.589s] Level 1:colcon.colcon_core.environment:checking '/home/shiva/Documents/ros2_projects/robot_car_V2/install/robot_car_v2_description/bin'
[1.590s] INFO:colcon.colcon_core.shell:Creating package script '/home/shiva/Documents/ros2_projects/robot_car_V2/install/robot_car_v2_description/share/robot_car_v2_description/package.ps1'
[1.592s] INFO:colcon.colcon_core.shell:Creating package descriptor '/home/shiva/Documents/ros2_projects/robot_car_V2/install/robot_car_v2_description/share/robot_car_v2_description/package.dsv'
[1.594s] INFO:colcon.colcon_core.shell:Creating package script '/home/shiva/Documents/ros2_projects/robot_car_V2/install/robot_car_v2_description/share/robot_car_v2_description/package.sh'
[1.599s] INFO:colcon.colcon_core.shell:Creating package script '/home/shiva/Documents/ros2_projects/robot_car_V2/install/robot_car_v2_description/share/robot_car_v2_description/package.bash'
[1.600s] INFO:colcon.colcon_core.shell:Creating package script '/home/shiva/Documents/ros2_projects/robot_car_V2/install/robot_car_v2_description/share/robot_car_v2_description/package.zsh'
[1.602s] Level 1:colcon.colcon_core.environment:create_file_with_runtime_dependencies(/home/shiva/Documents/ros2_projects/robot_car_V2/install/robot_car_v2_description/share/colcon-core/packages/robot_car_v2_description)
[1.606s] Level 1:colcon.colcon_core.environment:create_environment_scripts_only(robot_car_v2_localization_planning)
[1.606s] Level 1:colcon.colcon_core.environment:checking '/home/shiva/Documents/ros2_projects/robot_car_V2/install/robot_car_v2_localization_planning' for CMake module files
[1.613s] Level 1:colcon.colcon_core.environment:checking '/home/shiva/Documents/ros2_projects/robot_car_V2/install/robot_car_v2_localization_planning' for CMake config files
[1.621s] Level 1:colcon.colcon_core.shell:create_environment_hook('robot_car_v2_localization_planning', 'cmake_prefix_path')
[1.622s] INFO:colcon.colcon_core.shell:Creating environment hook '/home/shiva/Documents/ros2_projects/robot_car_V2/install/robot_car_v2_localization_planning/share/robot_car_v2_localization_planning/hook/cmake_prefix_path.ps1'
[1.625s] INFO:colcon.colcon_core.shell:Creating environment descriptor '/home/shiva/Documents/ros2_projects/robot_car_V2/install/robot_car_v2_localization_planning/share/robot_car_v2_localization_planning/hook/cmake_prefix_path.dsv'
[1.626s] INFO:colcon.colcon_core.shell:Creating environment hook '/home/shiva/Documents/ros2_projects/robot_car_V2/install/robot_car_v2_localization_planning/share/robot_car_v2_localization_planning/hook/cmake_prefix_path.sh'
[1.631s] Level 1:colcon.colcon_core.environment:checking '/home/shiva/Documents/ros2_projects/robot_car_V2/install/robot_car_v2_localization_planning/lib'
[1.634s] Level 1:colcon.colcon_core.environment:checking '/home/shiva/Documents/ros2_projects/robot_car_V2/install/robot_car_v2_localization_planning/bin'
[1.634s] Level 1:colcon.colcon_core.environment:checking '/home/shiva/Documents/ros2_projects/robot_car_V2/install/robot_car_v2_localization_planning/lib/pkgconfig/robot_car_v2_localization_planning.pc'
[1.634s] Level 1:colcon.colcon_core.environment:checking '/home/shiva/Documents/ros2_projects/robot_car_V2/install/robot_car_v2_localization_planning/lib/python3.10/site-packages'
[1.635s] Level 1:colcon.colcon_core.shell:create_environment_hook('robot_car_v2_localization_planning', 'pythonpath')
[1.635s] INFO:colcon.colcon_core.shell:Creating environment hook '/home/shiva/Documents/ros2_projects/robot_car_V2/install/robot_car_v2_localization_planning/share/robot_car_v2_localization_planning/hook/pythonpath.ps1'
[1.638s] INFO:colcon.colcon_core.shell:Creating environment descriptor '/home/shiva/Documents/ros2_projects/robot_car_V2/install/robot_car_v2_localization_planning/share/robot_car_v2_localization_planning/hook/pythonpath.dsv'
[1.641s] INFO:colcon.colcon_core.shell:Creating environment hook '/home/shiva/Documents/ros2_projects/robot_car_V2/install/robot_car_v2_localization_planning/share/robot_car_v2_localization_planning/hook/pythonpath.sh'
[1.645s] Level 1:colcon.colcon_core.environment:checking '/home/shiva/Documents/ros2_projects/robot_car_V2/install/robot_car_v2_localization_planning/bin'
[1.646s] INFO:colcon.colcon_core.shell:Creating package script '/home/shiva/Documents/ros2_projects/robot_car_V2/install/robot_car_v2_localization_planning/share/robot_car_v2_localization_planning/package.ps1'
[1.647s] INFO:colcon.colcon_core.shell:Creating package descriptor '/home/shiva/Documents/ros2_projects/robot_car_V2/install/robot_car_v2_localization_planning/share/robot_car_v2_localization_planning/package.dsv'
[1.650s] INFO:colcon.colcon_core.shell:Creating package script '/home/shiva/Documents/ros2_projects/robot_car_V2/install/robot_car_v2_localization_planning/share/robot_car_v2_localization_planning/package.sh'
[1.653s] INFO:colcon.colcon_core.shell:Creating package script '/home/shiva/Documents/ros2_projects/robot_car_V2/install/robot_car_v2_localization_planning/share/robot_car_v2_localization_planning/package.bash'
[1.655s] INFO:colcon.colcon_core.shell:Creating package script '/home/shiva/Documents/ros2_projects/robot_car_V2/install/robot_car_v2_localization_planning/share/robot_car_v2_localization_planning/package.zsh'
[1.658s] Level 1:colcon.colcon_core.environment:create_file_with_runtime_dependencies(/home/shiva/Documents/ros2_projects/robot_car_V2/install/robot_car_v2_localization_planning/share/colcon-core/packages/robot_car_v2_localization_planning)
[1.662s] Level 1:colcon.colcon_core.environment:create_environment_scripts_only(robot_car_v2_description)
[1.663s] Level 1:colcon.colcon_core.environment:checking '/home/shiva/Documents/ros2_projects/robot_car_V2/install/robot_car_v2_description' for CMake module files
[1.668s] Level 1:colcon.colcon_core.environment:checking '/home/shiva/Documents/ros2_projects/robot_car_V2/install/robot_car_v2_description' for CMake config files
[1.680s] Level 1:colcon.colcon_core.shell:create_environment_hook('robot_car_v2_description', 'cmake_prefix_path')
[1.681s] INFO:colcon.colcon_core.shell:Creating environment hook '/home/shiva/Documents/ros2_projects/robot_car_V2/install/robot_car_v2_description/share/robot_car_v2_description/hook/cmake_prefix_path.ps1'
[1.683s] INFO:colcon.colcon_core.shell:Creating environment descriptor '/home/shiva/Documents/ros2_projects/robot_car_V2/install/robot_car_v2_description/share/robot_car_v2_description/hook/cmake_prefix_path.dsv'
[1.684s] INFO:colcon.colcon_core.shell:Creating environment hook '/home/shiva/Documents/ros2_projects/robot_car_V2/install/robot_car_v2_description/share/robot_car_v2_description/hook/cmake_prefix_path.sh'
[1.686s] Level 1:colcon.colcon_core.environment:checking '/home/shiva/Documents/ros2_projects/robot_car_V2/install/robot_car_v2_description/lib'
[1.686s] Level 1:colcon.colcon_core.environment:checking '/home/shiva/Documents/ros2_projects/robot_car_V2/install/robot_car_v2_description/bin'
[1.686s] Level 1:colcon.colcon_core.environment:checking '/home/shiva/Documents/ros2_projects/robot_car_V2/install/robot_car_v2_description/lib/pkgconfig/robot_car_v2_description.pc'
[1.686s] Level 1:colcon.colcon_core.environment:checking '/home/shiva/Documents/ros2_projects/robot_car_V2/install/robot_car_v2_description/lib/python3.10/site-packages'
[1.687s] Level 1:colcon.colcon_core.shell:create_environment_hook('robot_car_v2_description', 'pythonpath')
[1.687s] INFO:colcon.colcon_core.shell:Creating environment hook '/home/shiva/Documents/ros2_projects/robot_car_V2/install/robot_car_v2_description/share/robot_car_v2_description/hook/pythonpath.ps1'
[1.688s] INFO:colcon.colcon_core.shell:Creating environment descriptor '/home/shiva/Documents/ros2_projects/robot_car_V2/install/robot_car_v2_description/share/robot_car_v2_description/hook/pythonpath.dsv'
[1.689s] INFO:colcon.colcon_core.shell:Creating environment hook '/home/shiva/Documents/ros2_projects/robot_car_V2/install/robot_car_v2_description/share/robot_car_v2_description/hook/pythonpath.sh'
[1.691s] Level 1:colcon.colcon_core.environment:checking '/home/shiva/Documents/ros2_projects/robot_car_V2/install/robot_car_v2_description/bin'
[1.691s] INFO:colcon.colcon_core.shell:Creating package script '/home/shiva/Documents/ros2_projects/robot_car_V2/install/robot_car_v2_description/share/robot_car_v2_description/package.ps1'
[1.693s] INFO:colcon.colcon_core.shell:Creating package descriptor '/home/shiva/Documents/ros2_projects/robot_car_V2/install/robot_car_v2_description/share/robot_car_v2_description/package.dsv'
[1.694s] INFO:colcon.colcon_core.shell:Creating package script '/home/shiva/Documents/ros2_projects/robot_car_V2/install/robot_car_v2_description/share/robot_car_v2_description/package.sh'
[1.695s] INFO:colcon.colcon_core.shell:Creating package script '/home/shiva/Documents/ros2_projects/robot_car_V2/install/robot_car_v2_description/share/robot_car_v2_description/package.bash'
[1.697s] INFO:colcon.colcon_core.shell:Creating package script '/home/shiva/Documents/ros2_projects/robot_car_V2/install/robot_car_v2_description/share/robot_car_v2_description/package.zsh'
[1.698s] Level 1:colcon.colcon_core.environment:create_file_with_runtime_dependencies(/home/shiva/Documents/ros2_projects/robot_car_V2/install/robot_car_v2_description/share/colcon-core/packages/robot_car_v2_description)
[1.712s] DEBUG:colcon.colcon_core.event_handler.log_command:Invoking command in '/home/shiva/Documents/ros2_projects/robot_car_V2/build/robot_car_v2_utils': CMAKE_PREFIX_PATH=${CMAKE_PREFIX_PATH}:/home/shiva/Documents/wrk_spc/install/my_pkg:/opt/ros/humble /usr/bin/cmake --install /home/shiva/Documents/ros2_projects/robot_car_V2/build/robot_car_v2_utils
[1.712s] DEBUG:colcon.colcon_core.event_handler.log_command:Invoking command in '/home/shiva/Documents/ros2_projects/robot_car_V2/build/robot_car_v2_controller': CMAKE_PREFIX_PATH=${CMAKE_PREFIX_PATH}:/home/shiva/Documents/wrk_spc/install/my_pkg:/opt/ros/humble /usr/bin/cmake --install /home/shiva/Documents/ros2_projects/robot_car_V2/build/robot_car_v2_controller
[1.713s] DEBUG:colcon.colcon_core.event_handler.log_command:Invoked command in '/home/shiva/Documents/ros2_projects/robot_car_V2/build/robot_car_v2_description' returned '0': CMAKE_PREFIX_PATH=${CMAKE_PREFIX_PATH}:/home/shiva/Documents/wrk_spc/install/my_pkg:/opt/ros/humble /usr/bin/cmake --install /home/shiva/Documents/ros2_projects/robot_car_V2/build/robot_car_v2_description
[1.741s] Level 1:colcon.colcon_core.environment:create_environment_scripts_only(robot_car_v2_utils)
[1.742s] DEBUG:colcon.colcon_core.event_handler.log_command:Invoked command in '/home/shiva/Documents/ros2_projects/robot_car_V2/build/robot_car_v2_utils' returned '0': CMAKE_PREFIX_PATH=${CMAKE_PREFIX_PATH}:/home/shiva/Documents/wrk_spc/install/my_pkg:/opt/ros/humble /usr/bin/cmake --install /home/shiva/Documents/ros2_projects/robot_car_V2/build/robot_car_v2_utils
[1.742s] Level 1:colcon.colcon_core.environment:checking '/home/shiva/Documents/ros2_projects/robot_car_V2/install/robot_car_v2_utils' for CMake module files
[1.743s] Level 1:colcon.colcon_core.environment:checking '/home/shiva/Documents/ros2_projects/robot_car_V2/install/robot_car_v2_utils' for CMake config files
[1.743s] Level 1:colcon.colcon_core.shell:create_environment_hook('robot_car_v2_utils', 'cmake_prefix_path')
[1.744s] INFO:colcon.colcon_core.shell:Creating environment hook '/home/shiva/Documents/ros2_projects/robot_car_V2/install/robot_car_v2_utils/share/robot_car_v2_utils/hook/cmake_prefix_path.ps1'
[1.744s] INFO:colcon.colcon_core.shell:Creating environment descriptor '/home/shiva/Documents/ros2_projects/robot_car_V2/install/robot_car_v2_utils/share/robot_car_v2_utils/hook/cmake_prefix_path.dsv'
[1.745s] INFO:colcon.colcon_core.shell:Creating environment hook '/home/shiva/Documents/ros2_projects/robot_car_V2/install/robot_car_v2_utils/share/robot_car_v2_utils/hook/cmake_prefix_path.sh'
[1.746s] Level 1:colcon.colcon_core.environment:checking '/home/shiva/Documents/ros2_projects/robot_car_V2/install/robot_car_v2_utils/lib'
[1.746s] Level 1:colcon.colcon_core.environment:checking '/home/shiva/Documents/ros2_projects/robot_car_V2/install/robot_car_v2_utils/bin'
[1.746s] Level 1:colcon.colcon_core.environment:checking '/home/shiva/Documents/ros2_projects/robot_car_V2/install/robot_car_v2_utils/lib/pkgconfig/robot_car_v2_utils.pc'
[1.746s] Level 1:colcon.colcon_core.environment:checking '/home/shiva/Documents/ros2_projects/robot_car_V2/install/robot_car_v2_utils/lib/python3.10/site-packages'
[1.747s] Level 1:colcon.colcon_core.shell:create_environment_hook('robot_car_v2_utils', 'pythonpath')
[1.747s] INFO:colcon.colcon_core.shell:Creating environment hook '/home/shiva/Documents/ros2_projects/robot_car_V2/install/robot_car_v2_utils/share/robot_car_v2_utils/hook/pythonpath.ps1'
[1.748s] INFO:colcon.colcon_core.shell:Creating environment descriptor '/home/shiva/Documents/ros2_projects/robot_car_V2/install/robot_car_v2_utils/share/robot_car_v2_utils/hook/pythonpath.dsv'
[1.748s] INFO:colcon.colcon_core.shell:Creating environment hook '/home/shiva/Documents/ros2_projects/robot_car_V2/install/robot_car_v2_utils/share/robot_car_v2_utils/hook/pythonpath.sh'
[1.749s] Level 1:colcon.colcon_core.environment:checking '/home/shiva/Documents/ros2_projects/robot_car_V2/install/robot_car_v2_utils/bin'
[1.750s] INFO:colcon.colcon_core.shell:Creating package script '/home/shiva/Documents/ros2_projects/robot_car_V2/install/robot_car_v2_utils/share/robot_car_v2_utils/package.ps1'
[1.751s] INFO:colcon.colcon_core.shell:Creating package descriptor '/home/shiva/Documents/ros2_projects/robot_car_V2/install/robot_car_v2_utils/share/robot_car_v2_utils/package.dsv'
[1.751s] INFO:colcon.colcon_core.shell:Creating package script '/home/shiva/Documents/ros2_projects/robot_car_V2/install/robot_car_v2_utils/share/robot_car_v2_utils/package.sh'
[1.752s] INFO:colcon.colcon_core.shell:Creating package script '/home/shiva/Documents/ros2_projects/robot_car_V2/install/robot_car_v2_utils/share/robot_car_v2_utils/package.bash'
[1.752s] INFO:colcon.colcon_core.shell:Creating package script '/home/shiva/Documents/ros2_projects/robot_car_V2/install/robot_car_v2_utils/share/robot_car_v2_utils/package.zsh'
[1.753s] Level 1:colcon.colcon_core.environment:create_file_with_runtime_dependencies(/home/shiva/Documents/ros2_projects/robot_car_V2/install/robot_car_v2_utils/share/colcon-core/packages/robot_car_v2_utils)
[1.772s] Level 1:colcon.colcon_core.environment:create_environment_scripts_only(robot_car_v2_controller)
[1.772s] Level 1:colcon.colcon_core.environment:checking '/home/shiva/Documents/ros2_projects/robot_car_V2/install/robot_car_v2_controller' for CMake module files
[1.774s] DEBUG:colcon.colcon_core.event_handler.log_command:Invoked command in '/home/shiva/Documents/ros2_projects/robot_car_V2/build/robot_car_v2_controller' returned '0': CMAKE_PREFIX_PATH=${CMAKE_PREFIX_PATH}:/home/shiva/Documents/wrk_spc/install/my_pkg:/opt/ros/humble /usr/bin/cmake --install /home/shiva/Documents/ros2_projects/robot_car_V2/build/robot_car_v2_controller
[1.774s] Level 1:colcon.colcon_core.environment:checking '/home/shiva/Documents/ros2_projects/robot_car_V2/install/robot_car_v2_controller' for CMake config files
[1.775s] Level 1:colcon.colcon_core.shell:create_environment_hook('robot_car_v2_controller', 'cmake_prefix_path')
[1.775s] INFO:colcon.colcon_core.shell:Creating environment hook '/home/shiva/Documents/ros2_projects/robot_car_V2/install/robot_car_v2_controller/share/robot_car_v2_controller/hook/cmake_prefix_path.ps1'
[1.776s] INFO:colcon.colcon_core.shell:Creating environment descriptor '/home/shiva/Documents/ros2_projects/robot_car_V2/install/robot_car_v2_controller/share/robot_car_v2_controller/hook/cmake_prefix_path.dsv'
[1.776s] INFO:colcon.colcon_core.shell:Creating environment hook '/home/shiva/Documents/ros2_projects/robot_car_V2/install/robot_car_v2_controller/share/robot_car_v2_controller/hook/cmake_prefix_path.sh'
[1.777s] Level 1:colcon.colcon_core.environment:checking '/home/shiva/Documents/ros2_projects/robot_car_V2/install/robot_car_v2_controller/lib'
[1.777s] Level 1:colcon.colcon_core.environment:checking '/home/shiva/Documents/ros2_projects/robot_car_V2/install/robot_car_v2_controller/bin'
[1.777s] Level 1:colcon.colcon_core.environment:checking '/home/shiva/Documents/ros2_projects/robot_car_V2/install/robot_car_v2_controller/lib/pkgconfig/robot_car_v2_controller.pc'
[1.777s] Level 1:colcon.colcon_core.environment:checking '/home/shiva/Documents/ros2_projects/robot_car_V2/install/robot_car_v2_controller/lib/python3.10/site-packages'
[1.778s] Level 1:colcon.colcon_core.shell:create_environment_hook('robot_car_v2_controller', 'pythonpath')
[1.778s] INFO:colcon.colcon_core.shell:Creating environment hook '/home/shiva/Documents/ros2_projects/robot_car_V2/install/robot_car_v2_controller/share/robot_car_v2_controller/hook/pythonpath.ps1'
[1.779s] INFO:colcon.colcon_core.shell:Creating environment descriptor '/home/shiva/Documents/ros2_projects/robot_car_V2/install/robot_car_v2_controller/share/robot_car_v2_controller/hook/pythonpath.dsv'
[1.779s] INFO:colcon.colcon_core.shell:Creating environment hook '/home/shiva/Documents/ros2_projects/robot_car_V2/install/robot_car_v2_controller/share/robot_car_v2_controller/hook/pythonpath.sh'
[1.780s] Level 1:colcon.colcon_core.environment:checking '/home/shiva/Documents/ros2_projects/robot_car_V2/install/robot_car_v2_controller/bin'
[1.781s] INFO:colcon.colcon_core.shell:Creating package script '/home/shiva/Documents/ros2_projects/robot_car_V2/install/robot_car_v2_controller/share/robot_car_v2_controller/package.ps1'
[1.781s] INFO:colcon.colcon_core.shell:Creating package descriptor '/home/shiva/Documents/ros2_projects/robot_car_V2/install/robot_car_v2_controller/share/robot_car_v2_controller/package.dsv'
[1.782s] INFO:colcon.colcon_core.shell:Creating package script '/home/shiva/Documents/ros2_projects/robot_car_V2/install/robot_car_v2_controller/share/robot_car_v2_controller/package.sh'
[1.783s] INFO:colcon.colcon_core.shell:Creating package script '/home/shiva/Documents/ros2_projects/robot_car_V2/install/robot_car_v2_controller/share/robot_car_v2_controller/package.bash'
[1.783s] INFO:colcon.colcon_core.shell:Creating package script '/home/shiva/Documents/ros2_projects/robot_car_V2/install/robot_car_v2_controller/share/robot_car_v2_controller/package.zsh'
[1.784s] Level 1:colcon.colcon_core.environment:create_file_with_runtime_dependencies(/home/shiva/Documents/ros2_projects/robot_car_V2/install/robot_car_v2_controller/share/colcon-core/packages/robot_car_v2_controller)
[1.786s] Level 1:colcon.colcon_core.environment:create_environment_scripts_only(robot_car_v2_utils)
[1.786s] Level 1:colcon.colcon_core.environment:checking '/home/shiva/Documents/ros2_projects/robot_car_V2/install/robot_car_v2_utils' for CMake module files
[1.787s] Level 1:colcon.colcon_core.environment:checking '/home/shiva/Documents/ros2_projects/robot_car_V2/install/robot_car_v2_utils' for CMake config files
[1.787s] Level 1:colcon.colcon_core.shell:create_environment_hook('robot_car_v2_utils', 'cmake_prefix_path')
[1.787s] INFO:colcon.colcon_core.shell:Creating environment hook '/home/shiva/Documents/ros2_projects/robot_car_V2/install/robot_car_v2_utils/share/robot_car_v2_utils/hook/cmake_prefix_path.ps1'
[1.788s] INFO:colcon.colcon_core.shell:Creating environment descriptor '/home/shiva/Documents/ros2_projects/robot_car_V2/install/robot_car_v2_utils/share/robot_car_v2_utils/hook/cmake_prefix_path.dsv'
[1.788s] INFO:colcon.colcon_core.shell:Creating environment hook '/home/shiva/Documents/ros2_projects/robot_car_V2/install/robot_car_v2_utils/share/robot_car_v2_utils/hook/cmake_prefix_path.sh'
[1.789s] Level 1:colcon.colcon_core.environment:checking '/home/shiva/Documents/ros2_projects/robot_car_V2/install/robot_car_v2_utils/lib'
[1.789s] Level 1:colcon.colcon_core.environment:checking '/home/shiva/Documents/ros2_projects/robot_car_V2/install/robot_car_v2_utils/bin'
[1.789s] Level 1:colcon.colcon_core.environment:checking '/home/shiva/Documents/ros2_projects/robot_car_V2/install/robot_car_v2_utils/lib/pkgconfig/robot_car_v2_utils.pc'
[1.790s] Level 1:colcon.colcon_core.environment:checking '/home/shiva/Documents/ros2_projects/robot_car_V2/install/robot_car_v2_utils/lib/python3.10/site-packages'
[1.790s] Level 1:colcon.colcon_core.shell:create_environment_hook('robot_car_v2_utils', 'pythonpath')
[1.790s] INFO:colcon.colcon_core.shell:Creating environment hook '/home/shiva/Documents/ros2_projects/robot_car_V2/install/robot_car_v2_utils/share/robot_car_v2_utils/hook/pythonpath.ps1'
[1.790s] INFO:colcon.colcon_core.shell:Creating environment descriptor '/home/shiva/Documents/ros2_projects/robot_car_V2/install/robot_car_v2_utils/share/robot_car_v2_utils/hook/pythonpath.dsv'
[1.791s] INFO:colcon.colcon_core.shell:Creating environment hook '/home/shiva/Documents/ros2_projects/robot_car_V2/install/robot_car_v2_utils/share/robot_car_v2_utils/hook/pythonpath.sh'
[1.792s] Level 1:colcon.colcon_core.environment:checking '/home/shiva/Documents/ros2_projects/robot_car_V2/install/robot_car_v2_utils/bin'
[1.792s] INFO:colcon.colcon_core.shell:Creating package script '/home/shiva/Documents/ros2_projects/robot_car_V2/install/robot_car_v2_utils/share/robot_car_v2_utils/package.ps1'
[1.793s] INFO:colcon.colcon_core.shell:Creating package descriptor '/home/shiva/Documents/ros2_projects/robot_car_V2/install/robot_car_v2_utils/share/robot_car_v2_utils/package.dsv'
[1.794s] INFO:colcon.colcon_core.shell:Creating package script '/home/shiva/Documents/ros2_projects/robot_car_V2/install/robot_car_v2_utils/share/robot_car_v2_utils/package.sh'
[1.794s] INFO:colcon.colcon_core.shell:Creating package script '/home/shiva/Documents/ros2_projects/robot_car_V2/install/robot_car_v2_utils/share/robot_car_v2_utils/package.bash'
[1.795s] INFO:colcon.colcon_core.shell:Creating package script '/home/shiva/Documents/ros2_projects/robot_car_V2/install/robot_car_v2_utils/share/robot_car_v2_utils/package.zsh'
[1.795s] Level 1:colcon.colcon_core.environment:create_file_with_runtime_dependencies(/home/shiva/Documents/ros2_projects/robot_car_V2/install/robot_car_v2_utils/share/colcon-core/packages/robot_car_v2_utils)
[1.814s] Level 1:colcon.colcon_core.environment:create_environment_scripts_only(robot_car_v2_controller)
[1.815s] Level 1:colcon.colcon_core.environment:checking '/home/shiva/Documents/ros2_projects/robot_car_V2/install/robot_car_v2_controller' for CMake module files
[1.815s] Level 1:colcon.colcon_core.environment:checking '/home/shiva/Documents/ros2_projects/robot_car_V2/install/robot_car_v2_controller' for CMake config files
[1.816s] Level 1:colcon.colcon_core.shell:create_environment_hook('robot_car_v2_controller', 'cmake_prefix_path')
[1.816s] INFO:colcon.colcon_core.shell:Creating environment hook '/home/shiva/Documents/ros2_projects/robot_car_V2/install/robot_car_v2_controller/share/robot_car_v2_controller/hook/cmake_prefix_path.ps1'
[1.817s] INFO:colcon.colcon_core.shell:Creating environment descriptor '/home/shiva/Documents/ros2_projects/robot_car_V2/install/robot_car_v2_controller/share/robot_car_v2_controller/hook/cmake_prefix_path.dsv'
[1.817s] INFO:colcon.colcon_core.shell:Creating environment hook '/home/shiva/Documents/ros2_projects/robot_car_V2/install/robot_car_v2_controller/share/robot_car_v2_controller/hook/cmake_prefix_path.sh'
[1.818s] Level 1:colcon.colcon_core.environment:checking '/home/shiva/Documents/ros2_projects/robot_car_V2/install/robot_car_v2_controller/lib'
[1.818s] Level 1:colcon.colcon_core.environment:checking '/home/shiva/Documents/ros2_projects/robot_car_V2/install/robot_car_v2_controller/bin'
[1.818s] Level 1:colcon.colcon_core.environment:checking '/home/shiva/Documents/ros2_projects/robot_car_V2/install/robot_car_v2_controller/lib/pkgconfig/robot_car_v2_controller.pc'
[1.818s] Level 1:colcon.colcon_core.environment:checking '/home/shiva/Documents/ros2_projects/robot_car_V2/install/robot_car_v2_controller/lib/python3.10/site-packages'
[1.819s] Level 1:colcon.colcon_core.shell:create_environment_hook('robot_car_v2_controller', 'pythonpath')
[1.819s] INFO:colcon.colcon_core.shell:Creating environment hook '/home/shiva/Documents/ros2_projects/robot_car_V2/install/robot_car_v2_controller/share/robot_car_v2_controller/hook/pythonpath.ps1'
[1.819s] INFO:colcon.colcon_core.shell:Creating environment descriptor '/home/shiva/Documents/ros2_projects/robot_car_V2/install/robot_car_v2_controller/share/robot_car_v2_controller/hook/pythonpath.dsv'
[1.820s] INFO:colcon.colcon_core.shell:Creating environment hook '/home/shiva/Documents/ros2_projects/robot_car_V2/install/robot_car_v2_controller/share/robot_car_v2_controller/hook/pythonpath.sh'
[1.820s] Level 1:colcon.colcon_core.environment:checking '/home/shiva/Documents/ros2_projects/robot_car_V2/install/robot_car_v2_controller/bin'
[1.821s] INFO:colcon.colcon_core.shell:Creating package script '/home/shiva/Documents/ros2_projects/robot_car_V2/install/robot_car_v2_controller/share/robot_car_v2_controller/package.ps1'
[1.822s] INFO:colcon.colcon_core.shell:Creating package descriptor '/home/shiva/Documents/ros2_projects/robot_car_V2/install/robot_car_v2_controller/share/robot_car_v2_controller/package.dsv'
[1.823s] INFO:colcon.colcon_core.shell:Creating package script '/home/shiva/Documents/ros2_projects/robot_car_V2/install/robot_car_v2_controller/share/robot_car_v2_controller/package.sh'
[1.823s] INFO:colcon.colcon_core.shell:Creating package script '/home/shiva/Documents/ros2_projects/robot_car_V2/install/robot_car_v2_controller/share/robot_car_v2_controller/package.bash'
[1.824s] INFO:colcon.colcon_core.shell:Creating package script '/home/shiva/Documents/ros2_projects/robot_car_V2/install/robot_car_v2_controller/share/robot_car_v2_controller/package.zsh'
[1.824s] Level 1:colcon.colcon_core.environment:create_file_with_runtime_dependencies(/home/shiva/Documents/ros2_projects/robot_car_V2/install/robot_car_v2_controller/share/colcon-core/packages/robot_car_v2_controller)
[1.825s] DEBUG:colcon.colcon_parallel_executor.executor.parallel:closing loop
[1.825s] DEBUG:colcon.colcon_parallel_executor.executor.parallel:loop closed
[1.825s] DEBUG:colcon.colcon_parallel_executor.executor.parallel:run_until_complete finished with '0'
[1.825s] DEBUG:colcon.colcon_core.event_reactor:joining thread
[1.836s] INFO:colcon.colcon_core.plugin_system:Skipping extension 'colcon_notification.desktop_notification.terminal_notifier': Not used on non-Darwin systems
[1.836s] INFO:colcon.colcon_core.plugin_system:Skipping extension 'colcon_notification.desktop_notification.win32': Not used on non-Windows systems
[1.836s] INFO:colcon.colcon_notification.desktop_notification:Sending desktop notification using 'notify2'
[1.850s] DEBUG:colcon.colcon_core.event_reactor:joined thread
[1.851s] INFO:colcon.colcon_core.shell:Creating prefix script '/home/shiva/Documents/ros2_projects/robot_car_V2/install/local_setup.ps1'
[1.852s] INFO:colcon.colcon_core.shell:Creating prefix util module '/home/shiva/Documents/ros2_projects/robot_car_V2/install/_local_setup_util_ps1.py'
[1.854s] INFO:colcon.colcon_core.shell:Creating prefix chain script '/home/shiva/Documents/ros2_projects/robot_car_V2/install/setup.ps1'
[1.857s] INFO:colcon.colcon_core.shell:Creating prefix script '/home/shiva/Documents/ros2_projects/robot_car_V2/install/local_setup.sh'
[1.858s] INFO:colcon.colcon_core.shell:Creating prefix util module '/home/shiva/Documents/ros2_projects/robot_car_V2/install/_local_setup_util_sh.py'
[1.859s] INFO:colcon.colcon_core.shell:Creating prefix chain script '/home/shiva/Documents/ros2_projects/robot_car_V2/install/setup.sh'
[1.861s] INFO:colcon.colcon_core.shell:Creating prefix script '/home/shiva/Documents/ros2_projects/robot_car_V2/install/local_setup.bash'
[1.862s] INFO:colcon.colcon_core.shell:Creating prefix chain script '/home/shiva/Documents/ros2_projects/robot_car_V2/install/setup.bash'
[1.865s] INFO:colcon.colcon_core.shell:Creating prefix script '/home/shiva/Documents/ros2_projects/robot_car_V2/install/local_setup.zsh'
[1.866s] INFO:colcon.colcon_core.shell:Creating prefix chain script '/home/shiva/Documents/ros2_projects/robot_car_V2/install/setup.zsh'
