[0.029s] Invoking command in '/home/shiva/Documents/ros2_projects/robot_car_V2/build/robot_car_v2_utils': CMAKE_PREFIX_PATH=${CMAKE_PREFIX_PATH}:/home/shiva/Documents/wrk_spc/install/my_pkg:/opt/ros/humble /usr/bin/cmake --build /home/shiva/Documents/ros2_projects/robot_car_V2/build/robot_car_v2_utils -- -j8 -l8
[0.115s] Built target ament_cmake_python_copy_robot_car_v2_utils
[0.688s] running egg_info
[0.716s] writing robot_car_v2_utils.egg-info/PKG-INFO
[0.716s] writing dependency_links to robot_car_v2_utils.egg-info/dependency_links.txt
[0.717s] writing top-level names to robot_car_v2_utils.egg-info/top_level.txt
[0.795s] reading manifest file 'robot_car_v2_utils.egg-info/SOURCES.txt'
[0.797s] writing manifest file 'robot_car_v2_utils.egg-info/SOURCES.txt'
[0.848s] Built target ament_cmake_python_build_robot_car_v2_utils_egg
[0.872s] Invoked command in '/home/shiva/Documents/ros2_projects/robot_car_V2/build/robot_car_v2_utils' returned '0': CMAKE_PREFIX_PATH=${CMAKE_PREFIX_PATH}:/home/shiva/Documents/wrk_spc/install/my_pkg:/opt/ros/humble /usr/bin/cmake --build /home/shiva/Documents/ros2_projects/robot_car_V2/build/robot_car_v2_utils -- -j8 -l8
[0.922s] Invoking command in '/home/shiva/Documents/ros2_projects/robot_car_V2/build/robot_car_v2_utils': CMAKE_PREFIX_PATH=${CMAKE_PREFIX_PATH}:/home/shiva/Documents/wrk_spc/install/my_pkg:/opt/ros/humble /usr/bin/cmake --install /home/shiva/Documents/ros2_projects/robot_car_V2/build/robot_car_v2_utils
[0.936s] -- Install configuration: ""
[0.936s] -- Up-to-date: /home/shiva/Documents/ros2_projects/robot_car_V2/install/robot_car_v2_utils/share/robot_car_v2_utils/environment/pythonpath.sh
[0.937s] -- Up-to-date: /home/shiva/Documents/ros2_projects/robot_car_V2/install/robot_car_v2_utils/share/robot_car_v2_utils/environment/pythonpath.dsv
[0.937s] -- Up-to-date: /home/shiva/Documents/ros2_projects/robot_car_V2/install/robot_car_v2_utils/lib/python3.10/site-packages/robot_car_v2_utils-0.0.0-py3.10.egg-info
[0.937s] -- Installing: /home/shiva/Documents/ros2_projects/robot_car_V2/install/robot_car_v2_utils/lib/python3.10/site-packages/robot_car_v2_utils-0.0.0-py3.10.egg-info/PKG-INFO
[0.937s] -- Installing: /home/shiva/Documents/ros2_projects/robot_car_V2/install/robot_car_v2_utils/lib/python3.10/site-packages/robot_car_v2_utils-0.0.0-py3.10.egg-info/top_level.txt
[0.938s] -- Installing: /home/shiva/Documents/ros2_projects/robot_car_V2/install/robot_car_v2_utils/lib/python3.10/site-packages/robot_car_v2_utils-0.0.0-py3.10.egg-info/SOURCES.txt
[0.938s] -- Installing: /home/shiva/Documents/ros2_projects/robot_car_V2/install/robot_car_v2_utils/lib/python3.10/site-packages/robot_car_v2_utils-0.0.0-py3.10.egg-info/dependency_links.txt
[0.938s] -- Up-to-date: /home/shiva/Documents/ros2_projects/robot_car_V2/install/robot_car_v2_utils/lib/python3.10/site-packages/robot_car_v2_utils
[0.938s] -- Up-to-date: /home/shiva/Documents/ros2_projects/robot_car_V2/install/robot_car_v2_utils/lib/python3.10/site-packages/robot_car_v2_utils/__init__.py
[0.939s] -- Up-to-date: /home/shiva/Documents/ros2_projects/robot_car_V2/install/robot_car_v2_utils/lib/python3.10/site-packages/robot_car_v2_utils/safety_stop.py
[0.939s] -- Installing: /home/shiva/Documents/ros2_projects/robot_car_V2/install/robot_car_v2_utils/lib/python3.10/site-packages/robot_car_v2_utils/waypoint_navigator.py
[1.355s] Listing '/home/shiva/Documents/ros2_projects/robot_car_V2/install/robot_car_v2_utils/lib/python3.10/site-packages/robot_car_v2_utils'...
[1.356s] Compiling '/home/shiva/Documents/ros2_projects/robot_car_V2/install/robot_car_v2_utils/lib/python3.10/site-packages/robot_car_v2_utils/waypoint_navigator.py'...
[1.358s] -- Up-to-date: /home/shiva/Documents/ros2_projects/robot_car_V2/install/robot_car_v2_utils/lib/robot_car_v2_utils/safety_stop.py
[1.358s] -- Installing: /home/shiva/Documents/ros2_projects/robot_car_V2/install/robot_car_v2_utils/lib/robot_car_v2_utils/waypoint_navigator.py
[1.358s] -- Up-to-date: /home/shiva/Documents/ros2_projects/robot_car_V2/install/robot_car_v2_utils/share/ament_index/resource_index/package_run_dependencies/robot_car_v2_utils
[1.359s] -- Up-to-date: /home/shiva/Documents/ros2_projects/robot_car_V2/install/robot_car_v2_utils/share/ament_index/resource_index/parent_prefix_path/robot_car_v2_utils
[1.359s] -- Up-to-date: /home/shiva/Documents/ros2_projects/robot_car_V2/install/robot_car_v2_utils/share/robot_car_v2_utils/environment/ament_prefix_path.sh
[1.359s] -- Up-to-date: /home/shiva/Documents/ros2_projects/robot_car_V2/install/robot_car_v2_utils/share/robot_car_v2_utils/environment/ament_prefix_path.dsv
[1.359s] -- Up-to-date: /home/shiva/Documents/ros2_projects/robot_car_V2/install/robot_car_v2_utils/share/robot_car_v2_utils/environment/path.sh
[1.360s] -- Up-to-date: /home/shiva/Documents/ros2_projects/robot_car_V2/install/robot_car_v2_utils/share/robot_car_v2_utils/environment/path.dsv
[1.360s] -- Up-to-date: /home/shiva/Documents/ros2_projects/robot_car_V2/install/robot_car_v2_utils/share/robot_car_v2_utils/local_setup.bash
[1.360s] -- Up-to-date: /home/shiva/Documents/ros2_projects/robot_car_V2/install/robot_car_v2_utils/share/robot_car_v2_utils/local_setup.sh
[1.360s] -- Up-to-date: /home/shiva/Documents/ros2_projects/robot_car_V2/install/robot_car_v2_utils/share/robot_car_v2_utils/local_setup.zsh
[1.360s] -- Up-to-date: /home/shiva/Documents/ros2_projects/robot_car_V2/install/robot_car_v2_utils/share/robot_car_v2_utils/local_setup.dsv
[1.361s] -- Installing: /home/shiva/Documents/ros2_projects/robot_car_V2/install/robot_car_v2_utils/share/robot_car_v2_utils/package.dsv
[1.362s] -- Up-to-date: /home/shiva/Documents/ros2_projects/robot_car_V2/install/robot_car_v2_utils/share/ament_index/resource_index/packages/robot_car_v2_utils
[1.363s] -- Up-to-date: /home/shiva/Documents/ros2_projects/robot_car_V2/install/robot_car_v2_utils/share/robot_car_v2_utils/cmake/robot_car_v2_utilsConfig.cmake
[1.363s] -- Up-to-date: /home/shiva/Documents/ros2_projects/robot_car_V2/install/robot_car_v2_utils/share/robot_car_v2_utils/cmake/robot_car_v2_utilsConfig-version.cmake
[1.363s] -- Up-to-date: /home/shiva/Documents/ros2_projects/robot_car_V2/install/robot_car_v2_utils/share/robot_car_v2_utils/package.xml
[1.364s] Invoked command in '/home/shiva/Documents/ros2_projects/robot_car_V2/build/robot_car_v2_utils' returned '0': CMAKE_PREFIX_PATH=${CMAKE_PREFIX_PATH}:/home/shiva/Documents/wrk_spc/install/my_pkg:/opt/ros/humble /usr/bin/cmake --install /home/shiva/Documents/ros2_projects/robot_car_V2/build/robot_car_v2_utils
