[0.014s] Invoking command in '/home/shiva/Documents/ros2_projects/robot_car_V2/build/robot_car_v2_controller': CMAKE_PREFIX_PATH=${CMAKE_PREFIX_PATH}:/home/shiva/Documents/wrk_spc/install/my_pkg:/opt/ros/humble /usr/bin/cmake --build /home/shiva/Documents/ros2_projects/robot_car_V2/build/robot_car_v2_controller -- -j8 -l8
[0.035s] -- Found ament_cmake: 1.3.10 (/opt/ros/humble/share/ament_cmake/cmake)
[0.231s] -- Found rclcpp: 16.0.10 (/opt/ros/humble/share/rclcpp/cmake)
[0.256s] -- Found rosidl_generator_c: 3.1.5 (/opt/ros/humble/share/rosidl_generator_c/cmake)
[0.258s] -- Found rosidl_adapter: 3.1.5 (/opt/ros/humble/share/rosidl_adapter/cmake)
[0.263s] -- Found rosidl_generator_cpp: 3.1.5 (/opt/ros/humble/share/rosidl_generator_cpp/cmake)
[0.271s] -- Using all available rosidl_typesupport_c: rosidl_typesupport_fastrtps_c;rosidl_typesupport_introspection_c
[0.282s] -- Using all available rosidl_typesupport_cpp: rosidl_typesupport_fastrtps_cpp;rosidl_typesupport_introspection_cpp
[0.310s] -- Found rmw_implementation_cmake: 6.1.2 (/opt/ros/humble/share/rmw_implementation_cmake/cmake)
[0.311s] -- Found rmw_cyclonedds_cpp: 1.3.4 (/opt/ros/humble/share/rmw_cyclonedds_cpp/cmake)
[0.327s] -- Using RMW implementation 'rmw_cyclonedds_cpp' as default
[0.376s] -- Found rclpy: 3.3.14 (/opt/ros/humble/share/rclpy/cmake)
[0.376s] -- Found geometry_msgs: 4.2.4 (/opt/ros/humble/share/geometry_msgs/cmake)
[0.394s] -- Found sensor_msgs: 4.2.4 (/opt/ros/humble/share/sensor_msgs/cmake)
[0.414s] -- Found nav_msgs: 4.2.4 (/opt/ros/humble/share/nav_msgs/cmake)
[0.430s] -- Found tf2_ros: 0.25.8 (/opt/ros/humble/share/tf2_ros/cmake)
[0.626s] -- Found ament_lint_auto: 0.12.11 (/opt/ros/humble/share/ament_lint_auto/cmake)
[0.753s] -- Added test 'flake8' to check Python code syntax and style conventions
[0.753s] -- Added test 'lint_cmake' to check CMake code style
[0.753s] -- Added test 'pep257' to check Python code against some of the docstring style conventions in PEP 257
[0.754s] -- Added test 'xmllint' to check XML markup files
[0.755s] -- Configuring done
[0.759s] -- Generating done
[0.760s] -- Build files have been written to: /home/shiva/Documents/ros2_projects/robot_car_V2/build/robot_car_v2_controller
[0.792s] Built target ament_cmake_python_copy_robot_car_v2_controller
[1.027s] running egg_info
[1.041s] writing robot_car_v2_controller.egg-info/PKG-INFO
[1.041s] writing dependency_links to robot_car_v2_controller.egg-info/dependency_links.txt
[1.042s] writing top-level names to robot_car_v2_controller.egg-info/top_level.txt
[1.079s] reading manifest file 'robot_car_v2_controller.egg-info/SOURCES.txt'
[1.080s] writing manifest file 'robot_car_v2_controller.egg-info/SOURCES.txt'
[1.101s] Built target ament_cmake_python_build_robot_car_v2_controller_egg
[1.109s] Invoked command in '/home/shiva/Documents/ros2_projects/robot_car_V2/build/robot_car_v2_controller' returned '0': CMAKE_PREFIX_PATH=${CMAKE_PREFIX_PATH}:/home/shiva/Documents/wrk_spc/install/my_pkg:/opt/ros/humble /usr/bin/cmake --build /home/shiva/Documents/ros2_projects/robot_car_V2/build/robot_car_v2_controller -- -j8 -l8
[1.127s] Invoking command in '/home/shiva/Documents/ros2_projects/robot_car_V2/build/robot_car_v2_controller': CMAKE_PREFIX_PATH=${CMAKE_PREFIX_PATH}:/home/shiva/Documents/wrk_spc/install/my_pkg:/opt/ros/humble /usr/bin/cmake --install /home/shiva/Documents/ros2_projects/robot_car_V2/build/robot_car_v2_controller
[1.133s] -- Install configuration: ""
[1.133s] -- Up-to-date: /home/shiva/Documents/ros2_projects/robot_car_V2/install/robot_car_v2_controller/share/robot_car_v2_controller/environment/pythonpath.sh
[1.133s] -- Installing: /home/shiva/Documents/ros2_projects/robot_car_V2/install/robot_car_v2_controller/share/robot_car_v2_controller/environment/pythonpath.dsv
[1.133s] -- Up-to-date: /home/shiva/Documents/ros2_projects/robot_car_V2/install/robot_car_v2_controller/lib/python3.10/site-packages/robot_car_v2_controller-0.0.0-py3.10.egg-info
[1.133s] -- Installing: /home/shiva/Documents/ros2_projects/robot_car_V2/install/robot_car_v2_controller/lib/python3.10/site-packages/robot_car_v2_controller-0.0.0-py3.10.egg-info/PKG-INFO
[1.133s] -- Installing: /home/shiva/Documents/ros2_projects/robot_car_V2/install/robot_car_v2_controller/lib/python3.10/site-packages/robot_car_v2_controller-0.0.0-py3.10.egg-info/top_level.txt
[1.133s] -- Installing: /home/shiva/Documents/ros2_projects/robot_car_V2/install/robot_car_v2_controller/lib/python3.10/site-packages/robot_car_v2_controller-0.0.0-py3.10.egg-info/SOURCES.txt
[1.133s] -- Installing: /home/shiva/Documents/ros2_projects/robot_car_V2/install/robot_car_v2_controller/lib/python3.10/site-packages/robot_car_v2_controller-0.0.0-py3.10.egg-info/dependency_links.txt
[1.134s] -- Up-to-date: /home/shiva/Documents/ros2_projects/robot_car_V2/install/robot_car_v2_controller/lib/python3.10/site-packages/robot_car_v2_controller
[1.134s] -- Up-to-date: /home/shiva/Documents/ros2_projects/robot_car_V2/install/robot_car_v2_controller/lib/python3.10/site-packages/robot_car_v2_controller/noisy_controller.py
[1.134s] -- Up-to-date: /home/shiva/Documents/ros2_projects/robot_car_V2/install/robot_car_v2_controller/lib/python3.10/site-packages/robot_car_v2_controller/__init__.py
[1.134s] -- Up-to-date: /home/shiva/Documents/ros2_projects/robot_car_V2/install/robot_car_v2_controller/lib/python3.10/site-packages/robot_car_v2_controller/robot_car_v2_controller.py
[1.204s] Listing '/home/shiva/Documents/ros2_projects/robot_car_V2/install/robot_car_v2_controller/lib/python3.10/site-packages/robot_car_v2_controller'...
[1.208s] -- Up-to-date: /home/shiva/Documents/ros2_projects/robot_car_V2/install/robot_car_v2_controller/share/robot_car_v2_controller/launch
[1.208s] -- Up-to-date: /home/shiva/Documents/ros2_projects/robot_car_V2/install/robot_car_v2_controller/share/robot_car_v2_controller/launch/robot_car_controller.launch.py
[1.208s] -- Up-to-date: /home/shiva/Documents/ros2_projects/robot_car_V2/install/robot_car_v2_controller/share/robot_car_v2_controller/launch/joystick_teleop.launch.py
[1.208s] -- Up-to-date: /home/shiva/Documents/ros2_projects/robot_car_V2/install/robot_car_v2_controller/share/robot_car_v2_controller/config
[1.208s] -- Up-to-date: /home/shiva/Documents/ros2_projects/robot_car_V2/install/robot_car_v2_controller/share/robot_car_v2_controller/config/joy_config.yaml
[1.208s] -- Up-to-date: /home/shiva/Documents/ros2_projects/robot_car_V2/install/robot_car_v2_controller/share/robot_car_v2_controller/config/robot_car_v2_controllers.yaml
[1.208s] -- Up-to-date: /home/shiva/Documents/ros2_projects/robot_car_V2/install/robot_car_v2_controller/share/robot_car_v2_controller/config/joy_teleop.yaml
[1.208s] -- Installing: /home/shiva/Documents/ros2_projects/robot_car_V2/install/robot_car_v2_controller/lib/robot_car_v2_controller/robot_car_v2_controller.py
[1.208s] -- Installing: /home/shiva/Documents/ros2_projects/robot_car_V2/install/robot_car_v2_controller/lib/robot_car_v2_controller/noisy_controller.py
[1.208s] -- Installing: /home/shiva/Documents/ros2_projects/robot_car_V2/install/robot_car_v2_controller/share/ament_index/resource_index/package_run_dependencies/robot_car_v2_controller
[1.208s] -- Up-to-date: /home/shiva/Documents/ros2_projects/robot_car_V2/install/robot_car_v2_controller/share/ament_index/resource_index/parent_prefix_path/robot_car_v2_controller
[1.209s] -- Up-to-date: /home/shiva/Documents/ros2_projects/robot_car_V2/install/robot_car_v2_controller/share/robot_car_v2_controller/environment/ament_prefix_path.sh
[1.209s] -- Installing: /home/shiva/Documents/ros2_projects/robot_car_V2/install/robot_car_v2_controller/share/robot_car_v2_controller/environment/ament_prefix_path.dsv
[1.209s] -- Up-to-date: /home/shiva/Documents/ros2_projects/robot_car_V2/install/robot_car_v2_controller/share/robot_car_v2_controller/environment/path.sh
[1.209s] -- Installing: /home/shiva/Documents/ros2_projects/robot_car_V2/install/robot_car_v2_controller/share/robot_car_v2_controller/environment/path.dsv
[1.209s] -- Up-to-date: /home/shiva/Documents/ros2_projects/robot_car_V2/install/robot_car_v2_controller/share/robot_car_v2_controller/local_setup.bash
[1.209s] -- Installing: /home/shiva/Documents/ros2_projects/robot_car_V2/install/robot_car_v2_controller/share/robot_car_v2_controller/local_setup.sh
[1.209s] -- Up-to-date: /home/shiva/Documents/ros2_projects/robot_car_V2/install/robot_car_v2_controller/share/robot_car_v2_controller/local_setup.zsh
[1.209s] -- Installing: /home/shiva/Documents/ros2_projects/robot_car_V2/install/robot_car_v2_controller/share/robot_car_v2_controller/local_setup.dsv
[1.209s] -- Installing: /home/shiva/Documents/ros2_projects/robot_car_V2/install/robot_car_v2_controller/share/robot_car_v2_controller/package.dsv
[1.209s] -- Up-to-date: /home/shiva/Documents/ros2_projects/robot_car_V2/install/robot_car_v2_controller/share/ament_index/resource_index/packages/robot_car_v2_controller
[1.209s] -- Up-to-date: /home/shiva/Documents/ros2_projects/robot_car_V2/install/robot_car_v2_controller/share/robot_car_v2_controller/cmake/robot_car_v2_controllerConfig.cmake
[1.210s] -- Up-to-date: /home/shiva/Documents/ros2_projects/robot_car_V2/install/robot_car_v2_controller/share/robot_car_v2_controller/cmake/robot_car_v2_controllerConfig-version.cmake
[1.210s] -- Installing: /home/shiva/Documents/ros2_projects/robot_car_V2/install/robot_car_v2_controller/share/robot_car_v2_controller/package.xml
[1.211s] Invoked command in '/home/shiva/Documents/ros2_projects/robot_car_V2/build/robot_car_v2_controller' returned '0': CMAKE_PREFIX_PATH=${CMAKE_PREFIX_PATH}:/home/shiva/Documents/wrk_spc/install/my_pkg:/opt/ros/humble /usr/bin/cmake --install /home/shiva/Documents/ros2_projects/robot_car_V2/build/robot_car_v2_controller
